Run finished at Wed Oct 21 14:43:15 2020
Global runtime       = 144623ms / 144.623s
Number of processors = 1
# Rank: 0

                                             Event |      Count |  Total[ms] |    Max[ms] |    Min[ms] |    Avg[ms] | Time Ratio |
----------------------------------------------------------------------------------------------------------------------------------
                                           _GLOBAL |          1 |     144623 |     144623 |     144623 |     144623 |          1 |
                                           advance |        195 |     136587 |       1693 |        190 |        700 |      0.944 |
              advance/cpl.computeQuasiNewtonUpdate |        145 |       8026 |         97 |          0 |         55 |     0.0555 |
                           advance/m2n.receiveData |        195 |     126792 |       1641 |        165 |        650 |      0.877 |
                              advance/m2n.sendData |        195 |        316 |         14 |          0 |          1 |    0.00218 |
                                         configure |          1 |          3 |          3 |          3 |          3 |   2.07e-05 |
                                          finalize |          1 |         26 |         26 |         26 |         26 |    0.00018 |
                                        initialize |          1 |         81 |         81 |         81 |         81 |    0.00056 |
             initialize/m2n.acceptMasterConnection |          1 |         11 |         11 |         11 |         11 |   7.61e-05 |
             initialize/m2n.acceptSlavesConnection |          1 |         29 |         29 |         29 |         29 |   0.000201 |
       initialize/m2n.broadcastVertexDistributions |          1 |          0 |          0 |          0 |          0 |          0 |
              initialize/m2n.buildCommunicationMap |          1 |          1 |          1 |          1 |          1 |   6.91e-06 |
               initialize/m2n.createCommunications |          1 |          9 |          9 |          9 |          9 |   6.22e-05 |
         initialize/m2n.exchangeVertexDistribution |          1 |         15 |         15 |         15 |         15 |   0.000104 |
     initialize/partition.gatherMesh.Calculix_Mesh |          1 |          4 |          4 |          4 |          4 |   2.77e-05 |
    initialize/partition.prepareMesh.Calculix_Mesh |          1 |          0 |          0 |          0 |          0 |          0 |
 initialize/partition.sendGlobalMesh.Calculix_Mesh |          1 |         11 |         11 |         11 |         11 |   7.61e-05 |
                                    initializeData |          1 |         14 |         14 |         14 |         14 |   9.68e-05 |
                                    solver.advance |        195 |       7747 |        110 |          8 |         39 |     0.0536 |
                                 solver.initialize |          1 |        124 |        124 |        124 |        124 |   0.000857 |


                                              Name |        Max |  MaxOnRank |        Min |  MinOnRank |    Min/Max |
---------------------------------------------------------------------------------------------------------------------
                                           _GLOBAL |     144623 |          0 |     144623 |          0 |          1 |
                                           advance |       1693 |          0 |        190 |          0 |   0.112227 |
              advance/cpl.computeQuasiNewtonUpdate |         97 |          0 |          0 |          0 |          0 |
                           advance/m2n.receiveData |       1641 |          0 |        165 |          0 |   0.100548 |
                              advance/m2n.sendData |         14 |          0 |          0 |          0 |          0 |
                                         configure |          3 |          0 |          3 |          0 |          1 |
                                          finalize |         26 |          0 |         26 |          0 |          1 |
                                        initialize |         81 |          0 |         81 |          0 |          1 |
             initialize/m2n.acceptMasterConnection |         11 |          0 |         11 |          0 |          1 |
             initialize/m2n.acceptSlavesConnection |         29 |          0 |         29 |          0 |          1 |
       initialize/m2n.broadcastVertexDistributions |          0 |          0 |          0 |          0 |          0 |
              initialize/m2n.buildCommunicationMap |          1 |          0 |          1 |          0 |          1 |
               initialize/m2n.createCommunications |          9 |          0 |          9 |          0 |          1 |
         initialize/m2n.exchangeVertexDistribution |         15 |          0 |         15 |          0 |          1 |
     initialize/partition.gatherMesh.Calculix_Mesh |          4 |          0 |          4 |          0 |          1 |
    initialize/partition.prepareMesh.Calculix_Mesh |          0 |          0 |          0 |          0 |          0 |
 initialize/partition.sendGlobalMesh.Calculix_Mesh |         11 |          0 |         11 |          0 |          1 |
                                    initializeData |         14 |          0 |         14 |          0 |          1 |
                                    solver.advance |        110 |          0 |          8 |          0 |  0.0727273 |
                                 solver.initialize |        124 |          0 |        124 |          0 |          1 |
