	linux-vdso.so.1 (0x00007fff4cfd4000)
	libfiniteVolume.so => /usr/lib/openfoam/openfoam2006/platforms/linux64GccDPInt32Opt/lib/libfiniteVolume.so (0x00007fa11e6bf000)
	libmeshTools.so => /usr/lib/openfoam/openfoam2006/platforms/linux64GccDPInt32Opt/lib/libmeshTools.so (0x00007fa11dfc1000)
	libcompressibleTurbulenceModels.so => /usr/lib/openfoam/openfoam2006/platforms/linux64GccDPInt32Opt/lib/libcompressibleTurbulenceModels.so (0x00007fa11dc8a000)
	libincompressibleTurbulenceModels.so => /usr/lib/openfoam/openfoam2006/platforms/linux64GccDPInt32Opt/lib/libincompressibleTurbulenceModels.so (0x00007fa11d9a9000)
	libimmiscibleIncompressibleTwoPhaseMixture.so => /usr/lib/openfoam/openfoam2006/platforms/linux64GccDPInt32Opt/lib/libimmiscibleIncompressibleTwoPhaseMixture.so (0x00007fa11d982000)
	libprecice.so.2 => /lib/x86_64-linux-gnu/libprecice.so.2 (0x00007fa11c4c2000)
	libstdc++.so.6 => /lib/x86_64-linux-gnu/libstdc++.so.6 (0x00007fa11c2e1000)
	libm.so.6 => /lib/x86_64-linux-gnu/libm.so.6 (0x00007fa11c192000)
	libgcc_s.so.1 => /lib/x86_64-linux-gnu/libgcc_s.so.1 (0x00007fa11c177000)
	libpthread.so.0 => /lib/x86_64-linux-gnu/libpthread.so.0 (0x00007fa11c154000)
	libc.so.6 => /lib/x86_64-linux-gnu/libc.so.6 (0x00007fa11bf60000)
	libOpenFOAM.so => /usr/lib/openfoam/openfoam2006/platforms/linux64GccDPInt32Opt/lib/libOpenFOAM.so (0x00007fa11b420000)
	libPstream.so => /usr/lib/openfoam/openfoam2006/platforms/linux64GccDPInt32Opt/lib/openmpi-system/libPstream.so (0x00007fa11b40d000)
	libturbulenceModels.so => /usr/lib/openfoam/openfoam2006/platforms/linux64GccDPInt32Opt/lib/libturbulenceModels.so (0x00007fa11b1ba000)
	libincompressibleTransportModels.so => /usr/lib/openfoam/openfoam2006/platforms/linux64GccDPInt32Opt/lib/libincompressibleTransportModels.so (0x00007fa11b0e6000)
	libfileFormats.so => /usr/lib/openfoam/openfoam2006/platforms/linux64GccDPInt32Opt/lib/libfileFormats.so (0x00007fa11af42000)
	libsurfMesh.so => /usr/lib/openfoam/openfoam2006/platforms/linux64GccDPInt32Opt/lib/libsurfMesh.so (0x00007fa11ad13000)
	libcompressibleTransportModels.so => /usr/lib/openfoam/openfoam2006/platforms/linux64GccDPInt32Opt/lib/libcompressibleTransportModels.so (0x00007fa11ad0d000)
	libradiationModels.so => /usr/lib/openfoam/openfoam2006/platforms/linux64GccDPInt32Opt/lib/libradiationModels.so (0x00007fa11ab42000)
	libfluidThermophysicalModels.so => /usr/lib/openfoam/openfoam2006/platforms/linux64GccDPInt32Opt/lib/libfluidThermophysicalModels.so (0x00007fa11a612000)
	libsolidThermo.so => /usr/lib/openfoam/openfoam2006/platforms/linux64GccDPInt32Opt/lib/libsolidThermo.so (0x00007fa11a4c1000)
	libsolidSpecie.so => /usr/lib/openfoam/openfoam2006/platforms/linux64GccDPInt32Opt/lib/libsolidSpecie.so (0x00007fa11a487000)
	libspecie.so => /usr/lib/openfoam/openfoam2006/platforms/linux64GccDPInt32Opt/lib/libspecie.so (0x00007fa119fb8000)
	libtwoPhaseMixture.so => /usr/lib/openfoam/openfoam2006/platforms/linux64GccDPInt32Opt/lib/libtwoPhaseMixture.so (0x00007fa119f88000)
	libinterfaceProperties.so => /usr/lib/openfoam/openfoam2006/platforms/linux64GccDPInt32Opt/lib/libinterfaceProperties.so (0x00007fa119ee0000)
	libtwoPhaseProperties.so => /usr/lib/openfoam/openfoam2006/platforms/linux64GccDPInt32Opt/lib/libtwoPhaseProperties.so (0x00007fa119e8f000)
	libboost_filesystem.so.1.71.0 => /lib/x86_64-linux-gnu/libboost_filesystem.so.1.71.0 (0x00007fa119e6f000)
	libboost_log.so.1.71.0 => /lib/x86_64-linux-gnu/libboost_log.so.1.71.0 (0x00007fa119d75000)
	libboost_log_setup.so.1.71.0 => /lib/x86_64-linux-gnu/libboost_log_setup.so.1.71.0 (0x00007fa119cb6000)
	libboost_program_options.so.1.71.0 => /lib/x86_64-linux-gnu/libboost_program_options.so.1.71.0 (0x00007fa119c27000)
	libboost_thread.so.1.71.0 => /lib/x86_64-linux-gnu/libboost_thread.so.1.71.0 (0x00007fa119bfb000)
	libdl.so.2 => /lib/x86_64-linux-gnu/libdl.so.2 (0x00007fa119bf5000)
	libxml2.so.2 => /lib/x86_64-linux-gnu/libxml2.so.2 (0x00007fa119a39000)
	libmpi_cxx.so.40 => /lib/x86_64-linux-gnu/libmpi_cxx.so.40 (0x00007fa119a1b000)
	libmpi.so.40 => /lib/x86_64-linux-gnu/libmpi.so.40 (0x00007fa1198f6000)
	libpetsc_real.so.3.12 => /lib/x86_64-linux-gnu/libpetsc_real.so.3.12 (0x00007fa1185c1000)
	/lib64/ld-linux-x86-64.so.2 (0x00007fa120621000)
	libz.so.1 => /lib/x86_64-linux-gnu/libz.so.1 (0x00007fa1185a5000)
	libSLGThermo.so => /usr/lib/openfoam/openfoam2006/platforms/linux64GccDPInt32Opt/lib/libSLGThermo.so (0x00007fa118597000)
	libthermophysicalProperties.so => /usr/lib/openfoam/openfoam2006/platforms/linux64GccDPInt32Opt/lib/libthermophysicalProperties.so (0x00007fa1184b7000)
	libdistributed.so => /usr/lib/openfoam/openfoam2006/platforms/linux64GccDPInt32Opt/lib/libdistributed.so (0x00007fa118410000)
	libreactionThermophysicalModels.so => /usr/lib/openfoam/openfoam2006/platforms/linux64GccDPInt32Opt/lib/libreactionThermophysicalModels.so (0x00007fa1176bc000)
	librt.so.1 => /lib/x86_64-linux-gnu/librt.so.1 (0x00007fa1176af000)
	libboost_regex.so.1.71.0 => /lib/x86_64-linux-gnu/libboost_regex.so.1.71.0 (0x00007fa1175af000)
	libicuuc.so.66 => /lib/x86_64-linux-gnu/libicuuc.so.66 (0x00007fa1173c9000)
	liblzma.so.5 => /lib/x86_64-linux-gnu/liblzma.so.5 (0x00007fa1173a0000)
	libopen-rte.so.40 => /lib/x86_64-linux-gnu/libopen-rte.so.40 (0x00007fa1172e6000)
	libopen-pal.so.40 => /lib/x86_64-linux-gnu/libopen-pal.so.40 (0x00007fa117236000)
	libhwloc.so.15 => /lib/x86_64-linux-gnu/libhwloc.so.15 (0x00007fa1171e5000)
	libHYPRE_core-2.18.2.so => /lib/x86_64-linux-gnu/libHYPRE_core-2.18.2.so (0x00007fa116e0e000)
	libdmumps-5.2.1.so => /lib/x86_64-linux-gnu/libdmumps-5.2.1.so (0x00007fa116c00000)
	libumfpack.so.5 => /lib/x86_64-linux-gnu/libumfpack.so.5 (0x00007fa116b53000)
	libamd.so.2 => /lib/x86_64-linux-gnu/libamd.so.2 (0x00007fa116b48000)
	libcholmod.so.3 => /lib/x86_64-linux-gnu/libcholmod.so.3 (0x00007fa116a63000)
	libklu.so.1 => /lib/x86_64-linux-gnu/libklu.so.1 (0x00007fa116a34000)
	libsuperlu.so.5 => /lib/x86_64-linux-gnu/libsuperlu.so.5 (0x00007fa1169c4000)
	libsuperlu_dist.so.6 => /lib/x86_64-linux-gnu/libsuperlu_dist.so.6 (0x00007fa11688b000)
	libfftw3.so.3 => /lib/x86_64-linux-gnu/libfftw3.so.3 (0x00007fa116685000)
	libfftw3_mpi.so.3 => /lib/x86_64-linux-gnu/libfftw3_mpi.so.3 (0x00007fa11666d000)
	liblapack.so.3 => /lib/x86_64-linux-gnu/liblapack.so.3 (0x00007fa115fc7000)
	libblas.so.3 => /lib/x86_64-linux-gnu/libblas.so.3 (0x00007fa115f5a000)
	libptscotch-6.so => /lib/x86_64-linux-gnu/libptscotch-6.so (0x00007fa115e7d000)
	libhdf5_openmpi.so.103 => /lib/x86_64-linux-gnu/libhdf5_openmpi.so.103 (0x00007fa115ae0000)
	libOpenCL.so.1 => /lib/x86_64-linux-gnu/libOpenCL.so.1 (0x00007fa1158d5000)
	libmpi_mpifh.so.40 => /lib/x86_64-linux-gnu/libmpi_mpifh.so.40 (0x00007fa115870000)
	libgfortran.so.5 => /lib/x86_64-linux-gnu/libgfortran.so.5 (0x00007fa1155a6000)
	libdecompositionMethods.so => /usr/lib/openfoam/openfoam2006/platforms/linux64GccDPInt32Opt/lib/libdecompositionMethods.so (0x00007fa1154e4000)
	libicui18n.so.66 => /lib/x86_64-linux-gnu/libicui18n.so.66 (0x00007fa1151e5000)
	libicudata.so.66 => /lib/x86_64-linux-gnu/libicudata.so.66 (0x00007fa113724000)
	libevent-2.1.so.7 => /lib/x86_64-linux-gnu/libevent-2.1.so.7 (0x00007fa1136cc000)
	libutil.so.1 => /lib/x86_64-linux-gnu/libutil.so.1 (0x00007fa1136c7000)
	libevent_pthreads-2.1.so.7 => /lib/x86_64-linux-gnu/libevent_pthreads-2.1.so.7 (0x00007fa1136c2000)
	libudev.so.1 => /lib/x86_64-linux-gnu/libudev.so.1 (0x00007fa113695000)
	libltdl.so.7 => /lib/x86_64-linux-gnu/libltdl.so.7 (0x00007fa11368a000)
	libmumps_common-5.2.1.so => /lib/x86_64-linux-gnu/libmumps_common-5.2.1.so (0x00007fa113638000)
	libscalapack-openmpi.so.2.1 => /lib/x86_64-linux-gnu/libscalapack-openmpi.so.2.1 (0x00007fa11305b000)
	libsuitesparseconfig.so.5 => /lib/x86_64-linux-gnu/libsuitesparseconfig.so.5 (0x00007fa113056000)
	libcolamd.so.2 => /lib/x86_64-linux-gnu/libcolamd.so.2 (0x00007fa11304d000)
	libccolamd.so.2 => /lib/x86_64-linux-gnu/libccolamd.so.2 (0x00007fa113040000)
	libcamd.so.2 => /lib/x86_64-linux-gnu/libcamd.so.2 (0x00007fa113034000)
	libmetis.so.5 => /lib/x86_64-linux-gnu/libmetis.so.5 (0x00007fa112dc4000)
	libgomp.so.1 => /lib/x86_64-linux-gnu/libgomp.so.1 (0x00007fa112d82000)
	libbtf.so.1 => /lib/x86_64-linux-gnu/libbtf.so.1 (0x00007fa112d7c000)
	libCombBLAS.so.1.16.0 => /lib/x86_64-linux-gnu/libCombBLAS.so.1.16.0 (0x00007fa112d5f000)
	libptscotcherr-6.so => /lib/x86_64-linux-gnu/libptscotcherr-6.so (0x00007fa112d5a000)
	libbz2.so.1.0 => /lib/x86_64-linux-gnu/libbz2.so.1.0 (0x00007fa112d45000)
	libsz.so.2 => /lib/x86_64-linux-gnu/libsz.so.2 (0x00007fa112d40000)
	libquadmath.so.0 => /lib/x86_64-linux-gnu/libquadmath.so.0 (0x00007fa112cf6000)
	libdynamicMesh.so => /usr/lib/openfoam/openfoam2006/platforms/linux64GccDPInt32Opt/lib/libdynamicMesh.so (0x00007fa11278a000)
	libpord-5.2.1.so => /lib/x86_64-linux-gnu/libpord-5.2.1.so (0x00007fa112771000)
	libaec.so.0 => /lib/x86_64-linux-gnu/libaec.so.0 (0x00007fa112766000)
	libextrudeModel.so => /usr/lib/openfoam/openfoam2006/platforms/linux64GccDPInt32Opt/lib/libextrudeModel.so (0x00007fa112739000)
