Run finished at Thu Oct 22 22:37:17 2020
Global runtime       = 23209ms / 23.209s
Number of processors = 1
# Rank: 0

                                       Event |      Count |  Total[ms] |    Max[ms] |    Min[ms] |    Avg[ms] | Time Ratio |
----------------------------------------------------------------------------------------------------------------------------
                                     _GLOBAL |          1 |      23209 |      23209 |      23209 |      23209 |          1 |
                                     advance |        100 |      18926 |        415 |         18 |        189 |      0.815 |
                     advance/m2n.receiveData |         99 |      17501 |        413 |        120 |        176 |      0.754 |
                        advance/m2n.sendData |        100 |        878 |         34 |          0 |          8 |     0.0378 |
                                   configure |          1 |          0 |          0 |          0 |          0 |          0 |
                                    finalize |          1 |         19 |         19 |         19 |         19 |   0.000819 |
                                  initialize |          1 |       1883 |       1883 |       1883 |       1883 |     0.0811 |
       initialize/m2n.acceptMasterConnection |          1 |       1590 |       1590 |       1590 |       1590 |     0.0685 |
       initialize/m2n.acceptSlavesConnection |          1 |         18 |         18 |         18 |         18 |   0.000776 |
 initialize/m2n.broadcastVertexDistributions |          1 |          0 |          0 |          0 |          0 |          0 |
        initialize/m2n.buildCommunicationMap |          1 |          0 |          0 |          0 |          0 |          0 |
         initialize/m2n.createCommunications |          1 |          7 |          7 |          7 |          7 |   0.000302 |
   initialize/m2n.exchangeVertexDistribution |          1 |         10 |         10 |         10 |         10 |   0.000431 |
                  initialize/m2n.receiveData |          1 |        265 |        265 |        265 |        265 |     0.0114 |
       initialize/partition.gatherMesh.Solid |          1 |          0 |          0 |          0 |          0 |          0 |
      initialize/partition.prepareMesh.Solid |          1 |          0 |          0 |          0 |          0 |          0 |
   initialize/partition.sendGlobalMesh.Solid |          1 |          0 |          0 |          0 |          0 |          0 |
                              initializeData |          1 |          3 |          3 |          3 |          3 |   0.000129 |
                              solver.advance |        100 |       2333 |         49 |          2 |         23 |      0.101 |
                           solver.initialize |          1 |         24 |         24 |         24 |         24 |    0.00103 |


                                        Name |        Max |  MaxOnRank |        Min |  MinOnRank |    Min/Max |
---------------------------------------------------------------------------------------------------------------
                                     _GLOBAL |      23209 |          0 |      23209 |          0 |          1 |
                                     advance |        415 |          0 |         18 |          0 |  0.0433735 |
                     advance/m2n.receiveData |        413 |          0 |        120 |          0 |   0.290557 |
                        advance/m2n.sendData |         34 |          0 |          0 |          0 |          0 |
                                   configure |          0 |          0 |          0 |          0 |          0 |
                                    finalize |         19 |          0 |         19 |          0 |          1 |
                                  initialize |       1883 |          0 |       1883 |          0 |          1 |
       initialize/m2n.acceptMasterConnection |       1590 |          0 |       1590 |          0 |          1 |
       initialize/m2n.acceptSlavesConnection |         18 |          0 |         18 |          0 |          1 |
 initialize/m2n.broadcastVertexDistributions |          0 |          0 |          0 |          0 |          0 |
        initialize/m2n.buildCommunicationMap |          0 |          0 |          0 |          0 |          0 |
         initialize/m2n.createCommunications |          7 |          0 |          7 |          0 |          1 |
   initialize/m2n.exchangeVertexDistribution |         10 |          0 |         10 |          0 |          1 |
                  initialize/m2n.receiveData |        265 |          0 |        265 |          0 |          1 |
       initialize/partition.gatherMesh.Solid |          0 |          0 |          0 |          0 |          0 |
      initialize/partition.prepareMesh.Solid |          0 |          0 |          0 |          0 |          0 |
   initialize/partition.sendGlobalMesh.Solid |          0 |          0 |          0 |          0 |          0 |
                              initializeData |          3 |          0 |          3 |          0 |          1 |
                              solver.advance |         49 |          0 |          2 |          0 |  0.0408163 |
                           solver.initialize |         24 |          0 |         24 |          0 |          1 |
