	linux-vdso.so.1 (0x00007ffff3f0e000)
	libfiniteVolume.so => /opt/openfoam5/platforms/linux64GccDPInt32Opt/lib/libfiniteVolume.so (0x00007f87e4068000)
	libmeshTools.so => /opt/openfoam5/platforms/linux64GccDPInt32Opt/lib/libmeshTools.so (0x00007f87e39d9000)
	libcompressibleTurbulenceModels.so => /opt/openfoam5/platforms/linux64GccDPInt32Opt/lib/libcompressibleTurbulenceModels.so (0x00007f87e3511000)
	libincompressibleTurbulenceModels.so => /opt/openfoam5/platforms/linux64GccDPInt32Opt/lib/libincompressibleTurbulenceModels.so (0x00007f87e3022000)
	libimmiscibleIncompressibleTwoPhaseMixture.so => /opt/openfoam5/platforms/linux64GccDPInt32Opt/lib/libimmiscibleIncompressibleTwoPhaseMixture.so (0x00007f87e2e01000)
	libprecice.so.2 => /home/precice/precice-install/lib/libprecice.so.2 (0x00007f87e1aff000)
	libstdc++.so.6 => /usr/lib/x86_64-linux-gnu/libstdc++.so.6 (0x00007f87e1776000)
	libm.so.6 => /lib/x86_64-linux-gnu/libm.so.6 (0x00007f87e13d8000)
	libgcc_s.so.1 => /lib/x86_64-linux-gnu/libgcc_s.so.1 (0x00007f87e11c0000)
	libc.so.6 => /lib/x86_64-linux-gnu/libc.so.6 (0x00007f87e0dcf000)
	libOpenFOAM.so => /opt/openfoam5/platforms/linux64GccDPInt32Opt/lib/libOpenFOAM.so (0x00007f87e0254000)
	libtriSurface.so => /opt/openfoam5/platforms/linux64GccDPInt32Opt/lib/libtriSurface.so (0x00007f87dffb5000)
	libPstream.so => /opt/openfoam5/platforms/linux64GccDPInt32Opt/lib/openmpi-system/libPstream.so (0x00007f87dfda6000)
	libturbulenceModels.so => /opt/openfoam5/platforms/linux64GccDPInt32Opt/lib/libturbulenceModels.so (0x00007f87df93e000)
	libincompressibleTransportModels.so => /opt/openfoam5/platforms/linux64GccDPInt32Opt/lib/libincompressibleTransportModels.so (0x00007f87df67f000)
	libsurfMesh.so => /opt/openfoam5/platforms/linux64GccDPInt32Opt/lib/libsurfMesh.so (0x00007f87df370000)
	libfileFormats.so => /opt/openfoam5/platforms/linux64GccDPInt32Opt/lib/libfileFormats.so (0x00007f87df0da000)
	libcompressibleTransportModels.so => /opt/openfoam5/platforms/linux64GccDPInt32Opt/lib/libcompressibleTransportModels.so (0x00007f87deed6000)
	libfluidThermophysicalModels.so => /opt/openfoam5/platforms/linux64GccDPInt32Opt/lib/libfluidThermophysicalModels.so (0x00007f87de96b000)
	libsolidThermo.so => /opt/openfoam5/platforms/linux64GccDPInt32Opt/lib/libsolidThermo.so (0x00007f87de66a000)
	libsolidSpecie.so => /opt/openfoam5/platforms/linux64GccDPInt32Opt/lib/libsolidSpecie.so (0x00007f87de43a000)
	libspecie.so => /opt/openfoam5/platforms/linux64GccDPInt32Opt/lib/libspecie.so (0x00007f87ddf4a000)
	libtwoPhaseMixture.so => /opt/openfoam5/platforms/linux64GccDPInt32Opt/lib/libtwoPhaseMixture.so (0x00007f87ddd22000)
	libinterfaceProperties.so => /opt/openfoam5/platforms/linux64GccDPInt32Opt/lib/libinterfaceProperties.so (0x00007f87dda93000)
	libtwoPhaseProperties.so => /opt/openfoam5/platforms/linux64GccDPInt32Opt/lib/libtwoPhaseProperties.so (0x00007f87dd842000)
	libboost_filesystem.so.1.65.1 => /usr/lib/x86_64-linux-gnu/libboost_filesystem.so.1.65.1 (0x00007f87dd628000)
	libboost_log.so.1.65.1 => /usr/lib/x86_64-linux-gnu/libboost_log.so.1.65.1 (0x00007f87dd34b000)
	libboost_log_setup.so.1.65.1 => /usr/lib/x86_64-linux-gnu/libboost_log_setup.so.1.65.1 (0x00007f87dd0a5000)
	libboost_program_options.so.1.65.1 => /usr/lib/x86_64-linux-gnu/libboost_program_options.so.1.65.1 (0x00007f87dce24000)
	libboost_system.so.1.65.1 => /usr/lib/x86_64-linux-gnu/libboost_system.so.1.65.1 (0x00007f87dcc1f000)
	libboost_thread.so.1.65.1 => /usr/lib/x86_64-linux-gnu/libboost_thread.so.1.65.1 (0x00007f87dc9fa000)
	libdl.so.2 => /lib/x86_64-linux-gnu/libdl.so.2 (0x00007f87dc7f6000)
	libxml2.so.2 => /usr/lib/x86_64-linux-gnu/libxml2.so.2 (0x00007f87dc435000)
	libpthread.so.0 => /lib/x86_64-linux-gnu/libpthread.so.0 (0x00007f87dc216000)
	libmpi_cxx.so.20 => /usr/lib/x86_64-linux-gnu/libmpi_cxx.so.20 (0x00007f87dbffc000)
	libmpi.so.20 => /usr/lib/x86_64-linux-gnu/libmpi.so.20 (0x00007f87dbd0a000)
	/lib64/ld-linux-x86-64.so.2 (0x00007f87e638c000)
	libz.so.1 => /lib/x86_64-linux-gnu/libz.so.1 (0x00007f87dbaed000)
	libthermophysicalProperties.so => /opt/openfoam5/platforms/linux64GccDPInt32Opt/lib/libthermophysicalProperties.so (0x00007f87db7df000)
	libreactionThermophysicalModels.so => /opt/openfoam5/platforms/linux64GccDPInt32Opt/lib/libreactionThermophysicalModels.so (0x00007f87daeba000)
	librt.so.1 => /lib/x86_64-linux-gnu/librt.so.1 (0x00007f87dacb2000)
	libboost_regex.so.1.65.1 => /usr/lib/x86_64-linux-gnu/libboost_regex.so.1.65.1 (0x00007f87da9aa000)
	libicuuc.so.60 => /usr/lib/x86_64-linux-gnu/libicuuc.so.60 (0x00007f87da5f2000)
	liblzma.so.5 => /lib/x86_64-linux-gnu/liblzma.so.5 (0x00007f87da3cc000)
	libopen-rte.so.20 => /usr/lib/x86_64-linux-gnu/libopen-rte.so.20 (0x00007f87da144000)
	libopen-pal.so.20 => /usr/lib/x86_64-linux-gnu/libopen-pal.so.20 (0x00007f87d9e92000)
	libhwloc.so.5 => /usr/lib/x86_64-linux-gnu/libhwloc.so.5 (0x00007f87d9c55000)
	libicui18n.so.60 => /usr/lib/x86_64-linux-gnu/libicui18n.so.60 (0x00007f87d97b4000)
	libicudata.so.60 => /usr/lib/x86_64-linux-gnu/libicudata.so.60 (0x00007f87d7c0b000)
	libutil.so.1 => /lib/x86_64-linux-gnu/libutil.so.1 (0x00007f87d7a08000)
	libnuma.so.1 => /usr/lib/x86_64-linux-gnu/libnuma.so.1 (0x00007f87d77fd000)
	libltdl.so.7 => /usr/lib/x86_64-linux-gnu/libltdl.so.7 (0x00007f87d75f3000)
