Run finished at Sat Oct 24 04:13:12 2020
Global runtime       = 145163ms / 145.163s
Number of processors = 1
# Rank: 0

                                             Event |      Count |  Total[ms] |    Max[ms] |    Min[ms] |    Avg[ms] | Time Ratio |
----------------------------------------------------------------------------------------------------------------------------------
                                           _GLOBAL |          1 |     145163 |     145163 |     145163 |     145163 |          1 |
                                           advance |        195 |     137176 |       1679 |        191 |        703 |      0.945 |
              advance/cpl.computeQuasiNewtonUpdate |        145 |       8187 |        123 |          0 |         56 |     0.0564 |
                           advance/m2n.receiveData |        195 |     127144 |       1600 |        160 |        652 |      0.876 |
                              advance/m2n.sendData |        195 |        270 |         15 |          0 |          1 |    0.00186 |
                                         configure |          1 |          4 |          4 |          4 |          4 |   2.76e-05 |
                                          finalize |          1 |         27 |         27 |         27 |         27 |   0.000186 |
                                        initialize |          1 |         64 |         64 |         64 |         64 |   0.000441 |
             initialize/m2n.acceptMasterConnection |          1 |         13 |         13 |         13 |         13 |   8.96e-05 |
             initialize/m2n.acceptSlavesConnection |          1 |         17 |         17 |         17 |         17 |   0.000117 |
       initialize/m2n.broadcastVertexDistributions |          1 |          0 |          0 |          0 |          0 |          0 |
              initialize/m2n.buildCommunicationMap |          1 |          0 |          0 |          0 |          0 |          0 |
               initialize/m2n.createCommunications |          1 |          3 |          3 |          3 |          3 |   2.07e-05 |
         initialize/m2n.exchangeVertexDistribution |          1 |         13 |         13 |         13 |         13 |   8.96e-05 |
     initialize/partition.gatherMesh.Calculix_Mesh |          1 |          2 |          2 |          2 |          2 |   1.38e-05 |
    initialize/partition.prepareMesh.Calculix_Mesh |          1 |          0 |          0 |          0 |          0 |          0 |
 initialize/partition.sendGlobalMesh.Calculix_Mesh |          1 |          4 |          4 |          4 |          4 |   2.76e-05 |
                                    initializeData |          1 |          4 |          4 |          4 |          4 |   2.76e-05 |
                                    solver.advance |        195 |       7811 |         98 |          3 |         40 |     0.0538 |
                                 solver.initialize |          1 |         44 |         44 |         44 |         44 |   0.000303 |


                                              Name |        Max |  MaxOnRank |        Min |  MinOnRank |    Min/Max |
---------------------------------------------------------------------------------------------------------------------
                                           _GLOBAL |     145163 |          0 |     145163 |          0 |          1 |
                                           advance |       1679 |          0 |        191 |          0 |   0.113758 |
              advance/cpl.computeQuasiNewtonUpdate |        123 |          0 |          0 |          0 |          0 |
                           advance/m2n.receiveData |       1600 |          0 |        160 |          0 |        0.1 |
                              advance/m2n.sendData |         15 |          0 |          0 |          0 |          0 |
                                         configure |          4 |          0 |          4 |          0 |          1 |
                                          finalize |         27 |          0 |         27 |          0 |          1 |
                                        initialize |         64 |          0 |         64 |          0 |          1 |
             initialize/m2n.acceptMasterConnection |         13 |          0 |         13 |          0 |          1 |
             initialize/m2n.acceptSlavesConnection |         17 |          0 |         17 |          0 |          1 |
       initialize/m2n.broadcastVertexDistributions |          0 |          0 |          0 |          0 |          0 |
              initialize/m2n.buildCommunicationMap |          0 |          0 |          0 |          0 |          0 |
               initialize/m2n.createCommunications |          3 |          0 |          3 |          0 |          1 |
         initialize/m2n.exchangeVertexDistribution |         13 |          0 |         13 |          0 |          1 |
     initialize/partition.gatherMesh.Calculix_Mesh |          2 |          0 |          2 |          0 |          1 |
    initialize/partition.prepareMesh.Calculix_Mesh |          0 |          0 |          0 |          0 |          0 |
 initialize/partition.sendGlobalMesh.Calculix_Mesh |          4 |          0 |          4 |          0 |          1 |
                                    initializeData |          4 |          0 |          4 |          0 |          1 |
                                    solver.advance |         98 |          0 |          3 |          0 |  0.0306122 |
                                 solver.initialize |         44 |          0 |         44 |          0 |          1 |
