	linux-vdso.so.1 (0x00007ffc3adac000)
	libfiniteVolume.so => /opt/openfoam5/platforms/linux64GccDPInt32Opt/lib/libfiniteVolume.so (0x00007fac76f7c000)
	libmeshTools.so => /opt/openfoam5/platforms/linux64GccDPInt32Opt/lib/libmeshTools.so (0x00007fac768ed000)
	libcompressibleTurbulenceModels.so => /opt/openfoam5/platforms/linux64GccDPInt32Opt/lib/libcompressibleTurbulenceModels.so (0x00007fac76425000)
	libincompressibleTurbulenceModels.so => /opt/openfoam5/platforms/linux64GccDPInt32Opt/lib/libincompressibleTurbulenceModels.so (0x00007fac75f36000)
	libimmiscibleIncompressibleTwoPhaseMixture.so => /opt/openfoam5/platforms/linux64GccDPInt32Opt/lib/libimmiscibleIncompressibleTwoPhaseMixture.so (0x00007fac75d15000)
	libprecice.so.2 => /home/precice/precice-install/lib/libprecice.so.2 (0x00007fac74817000)
	libstdc++.so.6 => /usr/lib/x86_64-linux-gnu/libstdc++.so.6 (0x00007fac7448e000)
	libm.so.6 => /lib/x86_64-linux-gnu/libm.so.6 (0x00007fac740f0000)
	libgcc_s.so.1 => /lib/x86_64-linux-gnu/libgcc_s.so.1 (0x00007fac73ed8000)
	libc.so.6 => /lib/x86_64-linux-gnu/libc.so.6 (0x00007fac73ae7000)
	libOpenFOAM.so => /opt/openfoam5/platforms/linux64GccDPInt32Opt/lib/libOpenFOAM.so (0x00007fac72f6c000)
	libtriSurface.so => /opt/openfoam5/platforms/linux64GccDPInt32Opt/lib/libtriSurface.so (0x00007fac72ccd000)
	libPstream.so => /opt/openfoam5/platforms/linux64GccDPInt32Opt/lib/openmpi-system/libPstream.so (0x00007fac72abe000)
	libturbulenceModels.so => /opt/openfoam5/platforms/linux64GccDPInt32Opt/lib/libturbulenceModels.so (0x00007fac72656000)
	libincompressibleTransportModels.so => /opt/openfoam5/platforms/linux64GccDPInt32Opt/lib/libincompressibleTransportModels.so (0x00007fac72397000)
	libsurfMesh.so => /opt/openfoam5/platforms/linux64GccDPInt32Opt/lib/libsurfMesh.so (0x00007fac72088000)
	libfileFormats.so => /opt/openfoam5/platforms/linux64GccDPInt32Opt/lib/libfileFormats.so (0x00007fac71df2000)
	libcompressibleTransportModels.so => /opt/openfoam5/platforms/linux64GccDPInt32Opt/lib/libcompressibleTransportModels.so (0x00007fac71bee000)
	libfluidThermophysicalModels.so => /opt/openfoam5/platforms/linux64GccDPInt32Opt/lib/libfluidThermophysicalModels.so (0x00007fac71683000)
	libsolidThermo.so => /opt/openfoam5/platforms/linux64GccDPInt32Opt/lib/libsolidThermo.so (0x00007fac71382000)
	libsolidSpecie.so => /opt/openfoam5/platforms/linux64GccDPInt32Opt/lib/libsolidSpecie.so (0x00007fac71152000)
	libspecie.so => /opt/openfoam5/platforms/linux64GccDPInt32Opt/lib/libspecie.so (0x00007fac70c62000)
	libtwoPhaseMixture.so => /opt/openfoam5/platforms/linux64GccDPInt32Opt/lib/libtwoPhaseMixture.so (0x00007fac70a3a000)
	libinterfaceProperties.so => /opt/openfoam5/platforms/linux64GccDPInt32Opt/lib/libinterfaceProperties.so (0x00007fac707ab000)
	libtwoPhaseProperties.so => /opt/openfoam5/platforms/linux64GccDPInt32Opt/lib/libtwoPhaseProperties.so (0x00007fac7055a000)
	libboost_filesystem.so.1.65.1 => /usr/lib/x86_64-linux-gnu/libboost_filesystem.so.1.65.1 (0x00007fac70340000)
	libboost_log.so.1.65.1 => /usr/lib/x86_64-linux-gnu/libboost_log.so.1.65.1 (0x00007fac70063000)
	libboost_log_setup.so.1.65.1 => /usr/lib/x86_64-linux-gnu/libboost_log_setup.so.1.65.1 (0x00007fac6fdbd000)
	libboost_program_options.so.1.65.1 => /usr/lib/x86_64-linux-gnu/libboost_program_options.so.1.65.1 (0x00007fac6fb3c000)
	libboost_system.so.1.65.1 => /usr/lib/x86_64-linux-gnu/libboost_system.so.1.65.1 (0x00007fac6f937000)
	libboost_thread.so.1.65.1 => /usr/lib/x86_64-linux-gnu/libboost_thread.so.1.65.1 (0x00007fac6f712000)
	libdl.so.2 => /lib/x86_64-linux-gnu/libdl.so.2 (0x00007fac6f50e000)
	libxml2.so.2 => /usr/lib/x86_64-linux-gnu/libxml2.so.2 (0x00007fac6f14d000)
	libpthread.so.0 => /lib/x86_64-linux-gnu/libpthread.so.0 (0x00007fac6ef2e000)
	libmpi_cxx.so.20 => /usr/lib/x86_64-linux-gnu/libmpi_cxx.so.20 (0x00007fac6ed14000)
	libmpi.so.20 => /usr/lib/x86_64-linux-gnu/libmpi.so.20 (0x00007fac6ea22000)
	libpetsc.so.3.12 => /petsc/petsc-3.12.5/arch-linux2-c-debug/lib/libpetsc.so.3.12 (0x00007fac6c672000)
	/lib64/ld-linux-x86-64.so.2 (0x00007fac792a0000)
	libz.so.1 => /lib/x86_64-linux-gnu/libz.so.1 (0x00007fac6c455000)
	libthermophysicalProperties.so => /opt/openfoam5/platforms/linux64GccDPInt32Opt/lib/libthermophysicalProperties.so (0x00007fac6c147000)
	libreactionThermophysicalModels.so => /opt/openfoam5/platforms/linux64GccDPInt32Opt/lib/libreactionThermophysicalModels.so (0x00007fac6b822000)
	librt.so.1 => /lib/x86_64-linux-gnu/librt.so.1 (0x00007fac6b61a000)
	libboost_regex.so.1.65.1 => /usr/lib/x86_64-linux-gnu/libboost_regex.so.1.65.1 (0x00007fac6b312000)
	libicuuc.so.60 => /usr/lib/x86_64-linux-gnu/libicuuc.so.60 (0x00007fac6af5a000)
	liblzma.so.5 => /lib/x86_64-linux-gnu/liblzma.so.5 (0x00007fac6ad34000)
	libopen-rte.so.20 => /usr/lib/x86_64-linux-gnu/libopen-rte.so.20 (0x00007fac6aaac000)
	libopen-pal.so.20 => /usr/lib/x86_64-linux-gnu/libopen-pal.so.20 (0x00007fac6a7fa000)
	libhwloc.so.5 => /usr/lib/x86_64-linux-gnu/libhwloc.so.5 (0x00007fac6a5bd000)
	liblapack.so.3 => /usr/lib/x86_64-linux-gnu/liblapack.so.3 (0x00007fac69d1f000)
	libblas.so.3 => /usr/lib/x86_64-linux-gnu/libblas.so.3 (0x00007fac69ab2000)
	libmpi_mpifh.so.20 => /usr/lib/x86_64-linux-gnu/libmpi_mpifh.so.20 (0x00007fac6985b000)
	libgfortran.so.4 => /usr/lib/x86_64-linux-gnu/libgfortran.so.4 (0x00007fac6947c000)
	libicui18n.so.60 => /usr/lib/x86_64-linux-gnu/libicui18n.so.60 (0x00007fac68fdb000)
	libicudata.so.60 => /usr/lib/x86_64-linux-gnu/libicudata.so.60 (0x00007fac67432000)
	libutil.so.1 => /lib/x86_64-linux-gnu/libutil.so.1 (0x00007fac6722f000)
	libnuma.so.1 => /usr/lib/x86_64-linux-gnu/libnuma.so.1 (0x00007fac67024000)
	libltdl.so.7 => /usr/lib/x86_64-linux-gnu/libltdl.so.7 (0x00007fac66e1a000)
	libquadmath.so.0 => /usr/lib/x86_64-linux-gnu/libquadmath.so.0 (0x00007fac66bda000)
