	linux-vdso.so.1 (0x00007ffec1498000)
	libfiniteVolume.so => /usr/lib/openfoam/openfoam2006/platforms/linux64GccDPInt32Opt/lib/libfiniteVolume.so (0x00007f574153a000)
	libmeshTools.so => /usr/lib/openfoam/openfoam2006/platforms/linux64GccDPInt32Opt/lib/libmeshTools.so (0x00007f5740be6000)
	libcompressibleTurbulenceModels.so => /usr/lib/openfoam/openfoam2006/platforms/linux64GccDPInt32Opt/lib/libcompressibleTurbulenceModels.so (0x00007f57406c8000)
	libincompressibleTurbulenceModels.so => /usr/lib/openfoam/openfoam2006/platforms/linux64GccDPInt32Opt/lib/libincompressibleTurbulenceModels.so (0x00007f57401a7000)
	libimmiscibleIncompressibleTwoPhaseMixture.so => /usr/lib/openfoam/openfoam2006/platforms/linux64GccDPInt32Opt/lib/libimmiscibleIncompressibleTwoPhaseMixture.so (0x00007f573ff85000)
	libprecice.so.2 => /home/precice/precice-install/lib/libprecice.so.2 (0x00007f573ea87000)
	libstdc++.so.6 => /usr/lib/x86_64-linux-gnu/libstdc++.so.6 (0x00007f573e6fe000)
	libm.so.6 => /lib/x86_64-linux-gnu/libm.so.6 (0x00007f573e360000)
	libgcc_s.so.1 => /lib/x86_64-linux-gnu/libgcc_s.so.1 (0x00007f573e148000)
	libpthread.so.0 => /lib/x86_64-linux-gnu/libpthread.so.0 (0x00007f573df29000)
	libc.so.6 => /lib/x86_64-linux-gnu/libc.so.6 (0x00007f573db38000)
	libOpenFOAM.so => /usr/lib/openfoam/openfoam2006/platforms/linux64GccDPInt32Opt/lib/libOpenFOAM.so (0x00007f573cdb4000)
	libPstream.so => /usr/lib/openfoam/openfoam2006/platforms/linux64GccDPInt32Opt/lib/openmpi-system/libPstream.so (0x00007f573cba3000)
	libturbulenceModels.so => /usr/lib/openfoam/openfoam2006/platforms/linux64GccDPInt32Opt/lib/libturbulenceModels.so (0x00007f573c725000)
	libincompressibleTransportModels.so => /usr/lib/openfoam/openfoam2006/platforms/linux64GccDPInt32Opt/lib/libincompressibleTransportModels.so (0x00007f573c442000)
	libfileFormats.so => /usr/lib/openfoam/openfoam2006/platforms/linux64GccDPInt32Opt/lib/libfileFormats.so (0x00007f573c09b000)
	libsurfMesh.so => /usr/lib/openfoam/openfoam2006/platforms/linux64GccDPInt32Opt/lib/libsurfMesh.so (0x00007f573bc4e000)
	libcompressibleTransportModels.so => /usr/lib/openfoam/openfoam2006/platforms/linux64GccDPInt32Opt/lib/libcompressibleTransportModels.so (0x00007f573ba4a000)
	libradiationModels.so => /usr/lib/openfoam/openfoam2006/platforms/linux64GccDPInt32Opt/lib/libradiationModels.so (0x00007f573b642000)
	libfluidThermophysicalModels.so => /usr/lib/openfoam/openfoam2006/platforms/linux64GccDPInt32Opt/lib/libfluidThermophysicalModels.so (0x00007f573af6b000)
	libsolidThermo.so => /usr/lib/openfoam/openfoam2006/platforms/linux64GccDPInt32Opt/lib/libsolidThermo.so (0x00007f573ac29000)
	libsolidSpecie.so => /usr/lib/openfoam/openfoam2006/platforms/linux64GccDPInt32Opt/lib/libsolidSpecie.so (0x00007f573a9f7000)
	libspecie.so => /usr/lib/openfoam/openfoam2006/platforms/linux64GccDPInt32Opt/lib/libspecie.so (0x00007f573a368000)
	libtwoPhaseMixture.so => /usr/lib/openfoam/openfoam2006/platforms/linux64GccDPInt32Opt/lib/libtwoPhaseMixture.so (0x00007f573a13d000)
	libinterfaceProperties.so => /usr/lib/openfoam/openfoam2006/platforms/linux64GccDPInt32Opt/lib/libinterfaceProperties.so (0x00007f5739e9a000)
	libtwoPhaseProperties.so => /usr/lib/openfoam/openfoam2006/platforms/linux64GccDPInt32Opt/lib/libtwoPhaseProperties.so (0x00007f5739c48000)
	libboost_filesystem.so.1.65.1 => /usr/lib/x86_64-linux-gnu/libboost_filesystem.so.1.65.1 (0x00007f5739a2e000)
	libboost_log.so.1.65.1 => /usr/lib/x86_64-linux-gnu/libboost_log.so.1.65.1 (0x00007f5739751000)
	libboost_log_setup.so.1.65.1 => /usr/lib/x86_64-linux-gnu/libboost_log_setup.so.1.65.1 (0x00007f57394ab000)
	libboost_program_options.so.1.65.1 => /usr/lib/x86_64-linux-gnu/libboost_program_options.so.1.65.1 (0x00007f573922a000)
	libboost_system.so.1.65.1 => /usr/lib/x86_64-linux-gnu/libboost_system.so.1.65.1 (0x00007f5739025000)
	libboost_thread.so.1.65.1 => /usr/lib/x86_64-linux-gnu/libboost_thread.so.1.65.1 (0x00007f5738e00000)
	libdl.so.2 => /lib/x86_64-linux-gnu/libdl.so.2 (0x00007f5738bfc000)
	libxml2.so.2 => /usr/lib/x86_64-linux-gnu/libxml2.so.2 (0x00007f573883b000)
	libmpi_cxx.so.20 => /usr/lib/x86_64-linux-gnu/libmpi_cxx.so.20 (0x00007f5738621000)
	libmpi.so.20 => /usr/lib/x86_64-linux-gnu/libmpi.so.20 (0x00007f573832f000)
	libpetsc.so.3.12 => /petsc/petsc-3.12.5/arch-linux2-c-debug/lib/libpetsc.so.3.12 (0x00007f5735f7f000)
	/lib64/ld-linux-x86-64.so.2 (0x00007f57440ff000)
	libz.so.1 => /lib/x86_64-linux-gnu/libz.so.1 (0x00007f5735d62000)
	libSLGThermo.so => /usr/lib/openfoam/openfoam2006/platforms/linux64GccDPInt32Opt/lib/libSLGThermo.so (0x00007f5735b59000)
	libthermophysicalProperties.so => /usr/lib/openfoam/openfoam2006/platforms/linux64GccDPInt32Opt/lib/libthermophysicalProperties.so (0x00007f5735849000)
	libdistributed.so => /usr/lib/openfoam/openfoam2006/platforms/linux64GccDPInt32Opt/lib/libdistributed.so (0x00007f57355ad000)
	libreactionThermophysicalModels.so => /usr/lib/openfoam/openfoam2006/platforms/linux64GccDPInt32Opt/lib/libreactionThermophysicalModels.so (0x00007f5734714000)
	librt.so.1 => /lib/x86_64-linux-gnu/librt.so.1 (0x00007f573450c000)
	libboost_regex.so.1.65.1 => /usr/lib/x86_64-linux-gnu/libboost_regex.so.1.65.1 (0x00007f5734204000)
	libicuuc.so.60 => /usr/lib/x86_64-linux-gnu/libicuuc.so.60 (0x00007f5733e4c000)
	liblzma.so.5 => /lib/x86_64-linux-gnu/liblzma.so.5 (0x00007f5733c26000)
	libopen-rte.so.20 => /usr/lib/x86_64-linux-gnu/libopen-rte.so.20 (0x00007f573399e000)
	libopen-pal.so.20 => /usr/lib/x86_64-linux-gnu/libopen-pal.so.20 (0x00007f57336ec000)
	libhwloc.so.5 => /usr/lib/x86_64-linux-gnu/libhwloc.so.5 (0x00007f57334af000)
	liblapack.so.3 => /usr/lib/x86_64-linux-gnu/liblapack.so.3 (0x00007f5732c11000)
	libblas.so.3 => /usr/lib/x86_64-linux-gnu/libblas.so.3 (0x00007f57329a4000)
	libmpi_mpifh.so.20 => /usr/lib/x86_64-linux-gnu/libmpi_mpifh.so.20 (0x00007f573274d000)
	libgfortran.so.4 => /usr/lib/x86_64-linux-gnu/libgfortran.so.4 (0x00007f573236e000)
	libdecompositionMethods.so => /usr/lib/openfoam/openfoam2006/platforms/linux64GccDPInt32Opt/lib/libdecompositionMethods.so (0x00007f57320ad000)
	libicui18n.so.60 => /usr/lib/x86_64-linux-gnu/libicui18n.so.60 (0x00007f5731c0c000)
	libicudata.so.60 => /usr/lib/x86_64-linux-gnu/libicudata.so.60 (0x00007f5730063000)
	libutil.so.1 => /lib/x86_64-linux-gnu/libutil.so.1 (0x00007f572fe60000)
	libnuma.so.1 => /usr/lib/x86_64-linux-gnu/libnuma.so.1 (0x00007f572fc55000)
	libltdl.so.7 => /usr/lib/x86_64-linux-gnu/libltdl.so.7 (0x00007f572fa4b000)
	libquadmath.so.0 => /usr/lib/x86_64-linux-gnu/libquadmath.so.0 (0x00007f572f80b000)
	libdynamicMesh.so => /usr/lib/openfoam/openfoam2006/platforms/linux64GccDPInt32Opt/lib/libdynamicMesh.so (0x00007f572f049000)
	libextrudeModel.so => /usr/lib/openfoam/openfoam2006/platforms/linux64GccDPInt32Opt/lib/libextrudeModel.so (0x00007f572ee1d000)
