Run finished at Wed Oct 21 22:16:18 2020
Global runtime       = 143362ms / 143.362s
Number of processors = 1
# Rank: 0

                                             Event |      Count |  Total[ms] |    Max[ms] |    Min[ms] |    Avg[ms] | Time Ratio |
----------------------------------------------------------------------------------------------------------------------------------
                                           _GLOBAL |          1 |     143362 |     143362 |     143362 |     143362 |          1 |
                                           advance |        195 |     134785 |       1636 |        187 |        691 |       0.94 |
              advance/cpl.computeQuasiNewtonUpdate |        145 |       7862 |         99 |          0 |         54 |     0.0548 |
                           advance/m2n.receiveData |        195 |     125243 |       1554 |        155 |        642 |      0.874 |
                              advance/m2n.sendData |        195 |        276 |         13 |          0 |          1 |    0.00193 |
                                         configure |          1 |          0 |          0 |          0 |          0 |          0 |
                                          finalize |          1 |          7 |          7 |          7 |          7 |   4.88e-05 |
                                        initialize |          1 |       1277 |       1277 |       1277 |       1277 |    0.00891 |
             initialize/m2n.acceptMasterConnection |          1 |       1258 |       1258 |       1258 |       1258 |    0.00877 |
             initialize/m2n.acceptSlavesConnection |          1 |          9 |          9 |          9 |          9 |   6.28e-05 |
       initialize/m2n.broadcastVertexDistributions |          1 |          0 |          0 |          0 |          0 |          0 |
              initialize/m2n.buildCommunicationMap |          1 |          0 |          0 |          0 |          0 |          0 |
               initialize/m2n.createCommunications |          1 |          3 |          3 |          3 |          3 |   2.09e-05 |
         initialize/m2n.exchangeVertexDistribution |          1 |          5 |          5 |          5 |          5 |   3.49e-05 |
     initialize/partition.gatherMesh.Calculix_Mesh |          1 |          0 |          0 |          0 |          0 |          0 |
    initialize/partition.prepareMesh.Calculix_Mesh |          1 |          0 |          0 |          0 |          0 |          0 |
 initialize/partition.sendGlobalMesh.Calculix_Mesh |          1 |          0 |          0 |          0 |          0 |          0 |
                                    initializeData |          1 |          1 |          1 |          1 |          1 |   6.98e-06 |
                                    solver.advance |        195 |       7185 |         98 |          7 |         36 |     0.0501 |
                                 solver.initialize |          1 |         79 |         79 |         79 |         79 |   0.000551 |


                                              Name |        Max |  MaxOnRank |        Min |  MinOnRank |    Min/Max |
---------------------------------------------------------------------------------------------------------------------
                                           _GLOBAL |     143362 |          0 |     143362 |          0 |          1 |
                                           advance |       1636 |          0 |        187 |          0 |   0.114303 |
              advance/cpl.computeQuasiNewtonUpdate |         99 |          0 |          0 |          0 |          0 |
                           advance/m2n.receiveData |       1554 |          0 |        155 |          0 |  0.0997426 |
                              advance/m2n.sendData |         13 |          0 |          0 |          0 |          0 |
                                         configure |          0 |          0 |          0 |          0 |          0 |
                                          finalize |          7 |          0 |          7 |          0 |          1 |
                                        initialize |       1277 |          0 |       1277 |          0 |          1 |
             initialize/m2n.acceptMasterConnection |       1258 |          0 |       1258 |          0 |          1 |
             initialize/m2n.acceptSlavesConnection |          9 |          0 |          9 |          0 |          1 |
       initialize/m2n.broadcastVertexDistributions |          0 |          0 |          0 |          0 |          0 |
              initialize/m2n.buildCommunicationMap |          0 |          0 |          0 |          0 |          0 |
               initialize/m2n.createCommunications |          3 |          0 |          3 |          0 |          1 |
         initialize/m2n.exchangeVertexDistribution |          5 |          0 |          5 |          0 |          1 |
     initialize/partition.gatherMesh.Calculix_Mesh |          0 |          0 |          0 |          0 |          0 |
    initialize/partition.prepareMesh.Calculix_Mesh |          0 |          0 |          0 |          0 |          0 |
 initialize/partition.sendGlobalMesh.Calculix_Mesh |          0 |          0 |          0 |          0 |          0 |
                                    initializeData |          1 |          0 |          1 |          0 |          1 |
                                    solver.advance |         98 |          0 |          7 |          0 |  0.0714286 |
                                 solver.initialize |         79 |          0 |         79 |          0 |          1 |
