Run finished at Thu Oct 22 22:17:22 2020
Global runtime       = 144935ms / 144.935s
Number of processors = 1
# Rank: 0

                                             Event |      Count |  Total[ms] |    Max[ms] |    Min[ms] |    Avg[ms] | Time Ratio |
----------------------------------------------------------------------------------------------------------------------------------
                                           _GLOBAL |          1 |     144935 |     144935 |     144935 |     144935 |          1 |
                                           advance |        195 |     135756 |       1608 |        189 |        696 |      0.937 |
              advance/cpl.computeQuasiNewtonUpdate |        145 |       7934 |         81 |          0 |         54 |     0.0547 |
                           advance/m2n.receiveData |        195 |     126107 |       1558 |        172 |        646 |       0.87 |
                              advance/m2n.sendData |        195 |        249 |         11 |          0 |          1 |    0.00172 |
                                         configure |          1 |          0 |          0 |          0 |          0 |          0 |
                                          finalize |          1 |          4 |          4 |          4 |          4 |   2.76e-05 |
                                        initialize |          1 |       1305 |       1305 |       1305 |       1305 |      0.009 |
             initialize/m2n.acceptMasterConnection |          1 |       1269 |       1269 |       1269 |       1269 |    0.00876 |
             initialize/m2n.acceptSlavesConnection |          1 |         15 |         15 |         15 |         15 |   0.000103 |
       initialize/m2n.broadcastVertexDistributions |          1 |          0 |          0 |          0 |          0 |          0 |
              initialize/m2n.buildCommunicationMap |          1 |          0 |          0 |          0 |          0 |          0 |
               initialize/m2n.createCommunications |          1 |          3 |          3 |          3 |          3 |   2.07e-05 |
         initialize/m2n.exchangeVertexDistribution |          1 |         11 |         11 |         11 |         11 |   7.59e-05 |
     initialize/partition.gatherMesh.Calculix_Mesh |          1 |          2 |          2 |          2 |          2 |   1.38e-05 |
    initialize/partition.prepareMesh.Calculix_Mesh |          1 |          0 |          0 |          0 |          0 |          0 |
 initialize/partition.sendGlobalMesh.Calculix_Mesh |          1 |          0 |          0 |          0 |          0 |          0 |
                                    initializeData |          1 |          6 |          6 |          6 |          6 |   4.14e-05 |
                                    solver.advance |        195 |       7796 |        101 |          9 |         39 |     0.0538 |
                                 solver.initialize |          1 |         40 |         40 |         40 |         40 |   0.000276 |


                                              Name |        Max |  MaxOnRank |        Min |  MinOnRank |    Min/Max |
---------------------------------------------------------------------------------------------------------------------
                                           _GLOBAL |     144935 |          0 |     144935 |          0 |          1 |
                                           advance |       1608 |          0 |        189 |          0 |   0.117537 |
              advance/cpl.computeQuasiNewtonUpdate |         81 |          0 |          0 |          0 |          0 |
                           advance/m2n.receiveData |       1558 |          0 |        172 |          0 |   0.110398 |
                              advance/m2n.sendData |         11 |          0 |          0 |          0 |          0 |
                                         configure |          0 |          0 |          0 |          0 |          0 |
                                          finalize |          4 |          0 |          4 |          0 |          1 |
                                        initialize |       1305 |          0 |       1305 |          0 |          1 |
             initialize/m2n.acceptMasterConnection |       1269 |          0 |       1269 |          0 |          1 |
             initialize/m2n.acceptSlavesConnection |         15 |          0 |         15 |          0 |          1 |
       initialize/m2n.broadcastVertexDistributions |          0 |          0 |          0 |          0 |          0 |
              initialize/m2n.buildCommunicationMap |          0 |          0 |          0 |          0 |          0 |
               initialize/m2n.createCommunications |          3 |          0 |          3 |          0 |          1 |
         initialize/m2n.exchangeVertexDistribution |         11 |          0 |         11 |          0 |          1 |
     initialize/partition.gatherMesh.Calculix_Mesh |          2 |          0 |          2 |          0 |          1 |
    initialize/partition.prepareMesh.Calculix_Mesh |          0 |          0 |          0 |          0 |          0 |
 initialize/partition.sendGlobalMesh.Calculix_Mesh |          0 |          0 |          0 |          0 |          0 |
                                    initializeData |          6 |          0 |          6 |          0 |          1 |
                                    solver.advance |        101 |          0 |          9 |          0 |  0.0891089 |
                                 solver.initialize |         40 |          0 |         40 |          0 |          1 |
