	linux-vdso.so.1 (0x00007ffc6e022000)
	libfiniteVolume.so => /usr/lib/openfoam/openfoam2006/platforms/linux64GccDPInt32Opt/lib/libfiniteVolume.so (0x00007f6a40599000)
	libmeshTools.so => /usr/lib/openfoam/openfoam2006/platforms/linux64GccDPInt32Opt/lib/libmeshTools.so (0x00007f6a3fe9b000)
	libcompressibleTurbulenceModels.so => /usr/lib/openfoam/openfoam2006/platforms/linux64GccDPInt32Opt/lib/libcompressibleTurbulenceModels.so (0x00007f6a3fb64000)
	libincompressibleTurbulenceModels.so => /usr/lib/openfoam/openfoam2006/platforms/linux64GccDPInt32Opt/lib/libincompressibleTurbulenceModels.so (0x00007f6a3f883000)
	libimmiscibleIncompressibleTwoPhaseMixture.so => /usr/lib/openfoam/openfoam2006/platforms/linux64GccDPInt32Opt/lib/libimmiscibleIncompressibleTwoPhaseMixture.so (0x00007f6a3f85c000)
	libprecice.so.2 => /lib/x86_64-linux-gnu/libprecice.so.2 (0x00007f6a3e373000)
	libstdc++.so.6 => /lib/x86_64-linux-gnu/libstdc++.so.6 (0x00007f6a3e192000)
	libm.so.6 => /lib/x86_64-linux-gnu/libm.so.6 (0x00007f6a3e043000)
	libgcc_s.so.1 => /lib/x86_64-linux-gnu/libgcc_s.so.1 (0x00007f6a3e028000)
	libpthread.so.0 => /lib/x86_64-linux-gnu/libpthread.so.0 (0x00007f6a3e005000)
	libc.so.6 => /lib/x86_64-linux-gnu/libc.so.6 (0x00007f6a3de11000)
	libOpenFOAM.so => /usr/lib/openfoam/openfoam2006/platforms/linux64GccDPInt32Opt/lib/libOpenFOAM.so (0x00007f6a3d2d1000)
	libPstream.so => /usr/lib/openfoam/openfoam2006/platforms/linux64GccDPInt32Opt/lib/openmpi-system/libPstream.so (0x00007f6a3d2be000)
	libturbulenceModels.so => /usr/lib/openfoam/openfoam2006/platforms/linux64GccDPInt32Opt/lib/libturbulenceModels.so (0x00007f6a3d06b000)
	libincompressibleTransportModels.so => /usr/lib/openfoam/openfoam2006/platforms/linux64GccDPInt32Opt/lib/libincompressibleTransportModels.so (0x00007f6a3cf97000)
	libfileFormats.so => /usr/lib/openfoam/openfoam2006/platforms/linux64GccDPInt32Opt/lib/libfileFormats.so (0x00007f6a3cdf3000)
	libsurfMesh.so => /usr/lib/openfoam/openfoam2006/platforms/linux64GccDPInt32Opt/lib/libsurfMesh.so (0x00007f6a3cbc4000)
	libcompressibleTransportModels.so => /usr/lib/openfoam/openfoam2006/platforms/linux64GccDPInt32Opt/lib/libcompressibleTransportModels.so (0x00007f6a3cbbe000)
	libradiationModels.so => /usr/lib/openfoam/openfoam2006/platforms/linux64GccDPInt32Opt/lib/libradiationModels.so (0x00007f6a3c9f3000)
	libfluidThermophysicalModels.so => /usr/lib/openfoam/openfoam2006/platforms/linux64GccDPInt32Opt/lib/libfluidThermophysicalModels.so (0x00007f6a3c4c3000)
	libsolidThermo.so => /usr/lib/openfoam/openfoam2006/platforms/linux64GccDPInt32Opt/lib/libsolidThermo.so (0x00007f6a3c372000)
	libsolidSpecie.so => /usr/lib/openfoam/openfoam2006/platforms/linux64GccDPInt32Opt/lib/libsolidSpecie.so (0x00007f6a3c338000)
	libspecie.so => /usr/lib/openfoam/openfoam2006/platforms/linux64GccDPInt32Opt/lib/libspecie.so (0x00007f6a3be69000)
	libtwoPhaseMixture.so => /usr/lib/openfoam/openfoam2006/platforms/linux64GccDPInt32Opt/lib/libtwoPhaseMixture.so (0x00007f6a3be39000)
	libinterfaceProperties.so => /usr/lib/openfoam/openfoam2006/platforms/linux64GccDPInt32Opt/lib/libinterfaceProperties.so (0x00007f6a3bd91000)
	libtwoPhaseProperties.so => /usr/lib/openfoam/openfoam2006/platforms/linux64GccDPInt32Opt/lib/libtwoPhaseProperties.so (0x00007f6a3bd40000)
	libboost_filesystem.so.1.71.0 => /lib/x86_64-linux-gnu/libboost_filesystem.so.1.71.0 (0x00007f6a3bd20000)
	libboost_log.so.1.71.0 => /lib/x86_64-linux-gnu/libboost_log.so.1.71.0 (0x00007f6a3bc26000)
	libboost_log_setup.so.1.71.0 => /lib/x86_64-linux-gnu/libboost_log_setup.so.1.71.0 (0x00007f6a3bb67000)
	libboost_program_options.so.1.71.0 => /lib/x86_64-linux-gnu/libboost_program_options.so.1.71.0 (0x00007f6a3bad8000)
	libboost_thread.so.1.71.0 => /lib/x86_64-linux-gnu/libboost_thread.so.1.71.0 (0x00007f6a3baac000)
	libdl.so.2 => /lib/x86_64-linux-gnu/libdl.so.2 (0x00007f6a3baa6000)
	libxml2.so.2 => /lib/x86_64-linux-gnu/libxml2.so.2 (0x00007f6a3b8ea000)
	libmpi_cxx.so.40 => /lib/x86_64-linux-gnu/libmpi_cxx.so.40 (0x00007f6a3b8cc000)
	libmpi.so.40 => /lib/x86_64-linux-gnu/libmpi.so.40 (0x00007f6a3b7a7000)
	libpetsc_real.so.3.12 => /lib/x86_64-linux-gnu/libpetsc_real.so.3.12 (0x00007f6a3a472000)
	/lib64/ld-linux-x86-64.so.2 (0x00007f6a424fe000)
	libz.so.1 => /lib/x86_64-linux-gnu/libz.so.1 (0x00007f6a3a456000)
	libSLGThermo.so => /usr/lib/openfoam/openfoam2006/platforms/linux64GccDPInt32Opt/lib/libSLGThermo.so (0x00007f6a3a448000)
	libthermophysicalProperties.so => /usr/lib/openfoam/openfoam2006/platforms/linux64GccDPInt32Opt/lib/libthermophysicalProperties.so (0x00007f6a3a368000)
	libdistributed.so => /usr/lib/openfoam/openfoam2006/platforms/linux64GccDPInt32Opt/lib/libdistributed.so (0x00007f6a3a2c1000)
	libreactionThermophysicalModels.so => /usr/lib/openfoam/openfoam2006/platforms/linux64GccDPInt32Opt/lib/libreactionThermophysicalModels.so (0x00007f6a3956d000)
	librt.so.1 => /lib/x86_64-linux-gnu/librt.so.1 (0x00007f6a39560000)
	libboost_regex.so.1.71.0 => /lib/x86_64-linux-gnu/libboost_regex.so.1.71.0 (0x00007f6a39460000)
	libicuuc.so.66 => /lib/x86_64-linux-gnu/libicuuc.so.66 (0x00007f6a3927a000)
	liblzma.so.5 => /lib/x86_64-linux-gnu/liblzma.so.5 (0x00007f6a39251000)
	libopen-rte.so.40 => /lib/x86_64-linux-gnu/libopen-rte.so.40 (0x00007f6a39197000)
	libopen-pal.so.40 => /lib/x86_64-linux-gnu/libopen-pal.so.40 (0x00007f6a390e7000)
	libhwloc.so.15 => /lib/x86_64-linux-gnu/libhwloc.so.15 (0x00007f6a39096000)
	libHYPRE_core-2.18.2.so => /lib/x86_64-linux-gnu/libHYPRE_core-2.18.2.so (0x00007f6a38cbf000)
	libdmumps-5.2.1.so => /lib/x86_64-linux-gnu/libdmumps-5.2.1.so (0x00007f6a38ab1000)
	libumfpack.so.5 => /lib/x86_64-linux-gnu/libumfpack.so.5 (0x00007f6a38a04000)
	libamd.so.2 => /lib/x86_64-linux-gnu/libamd.so.2 (0x00007f6a389f9000)
	libcholmod.so.3 => /lib/x86_64-linux-gnu/libcholmod.so.3 (0x00007f6a38914000)
	libklu.so.1 => /lib/x86_64-linux-gnu/libklu.so.1 (0x00007f6a388e5000)
	libsuperlu.so.5 => /lib/x86_64-linux-gnu/libsuperlu.so.5 (0x00007f6a38875000)
	libsuperlu_dist.so.6 => /lib/x86_64-linux-gnu/libsuperlu_dist.so.6 (0x00007f6a3873c000)
	libfftw3.so.3 => /lib/x86_64-linux-gnu/libfftw3.so.3 (0x00007f6a38536000)
	libfftw3_mpi.so.3 => /lib/x86_64-linux-gnu/libfftw3_mpi.so.3 (0x00007f6a3851e000)
	liblapack.so.3 => /lib/x86_64-linux-gnu/liblapack.so.3 (0x00007f6a37e78000)
	libblas.so.3 => /lib/x86_64-linux-gnu/libblas.so.3 (0x00007f6a37e0b000)
	libptscotch-6.so => /lib/x86_64-linux-gnu/libptscotch-6.so (0x00007f6a37d2e000)
	libhdf5_openmpi.so.103 => /lib/x86_64-linux-gnu/libhdf5_openmpi.so.103 (0x00007f6a37991000)
	libOpenCL.so.1 => /lib/x86_64-linux-gnu/libOpenCL.so.1 (0x00007f6a37786000)
	libmpi_mpifh.so.40 => /lib/x86_64-linux-gnu/libmpi_mpifh.so.40 (0x00007f6a37721000)
	libgfortran.so.5 => /lib/x86_64-linux-gnu/libgfortran.so.5 (0x00007f6a37457000)
	libdecompositionMethods.so => /usr/lib/openfoam/openfoam2006/platforms/linux64GccDPInt32Opt/lib/libdecompositionMethods.so (0x00007f6a37395000)
	libicui18n.so.66 => /lib/x86_64-linux-gnu/libicui18n.so.66 (0x00007f6a37096000)
	libicudata.so.66 => /lib/x86_64-linux-gnu/libicudata.so.66 (0x00007f6a355d5000)
	libevent-2.1.so.7 => /lib/x86_64-linux-gnu/libevent-2.1.so.7 (0x00007f6a3557d000)
	libutil.so.1 => /lib/x86_64-linux-gnu/libutil.so.1 (0x00007f6a35578000)
	libevent_pthreads-2.1.so.7 => /lib/x86_64-linux-gnu/libevent_pthreads-2.1.so.7 (0x00007f6a35573000)
	libudev.so.1 => /lib/x86_64-linux-gnu/libudev.so.1 (0x00007f6a35546000)
	libltdl.so.7 => /lib/x86_64-linux-gnu/libltdl.so.7 (0x00007f6a3553b000)
	libmumps_common-5.2.1.so => /lib/x86_64-linux-gnu/libmumps_common-5.2.1.so (0x00007f6a354e9000)
	libscalapack-openmpi.so.2.1 => /lib/x86_64-linux-gnu/libscalapack-openmpi.so.2.1 (0x00007f6a34f0c000)
	libsuitesparseconfig.so.5 => /lib/x86_64-linux-gnu/libsuitesparseconfig.so.5 (0x00007f6a34f07000)
	libcolamd.so.2 => /lib/x86_64-linux-gnu/libcolamd.so.2 (0x00007f6a34efe000)
	libccolamd.so.2 => /lib/x86_64-linux-gnu/libccolamd.so.2 (0x00007f6a34ef1000)
	libcamd.so.2 => /lib/x86_64-linux-gnu/libcamd.so.2 (0x00007f6a34ee5000)
	libmetis.so.5 => /lib/x86_64-linux-gnu/libmetis.so.5 (0x00007f6a34c75000)
	libgomp.so.1 => /lib/x86_64-linux-gnu/libgomp.so.1 (0x00007f6a34c33000)
	libbtf.so.1 => /lib/x86_64-linux-gnu/libbtf.so.1 (0x00007f6a34c2d000)
	libCombBLAS.so.1.16.0 => /lib/x86_64-linux-gnu/libCombBLAS.so.1.16.0 (0x00007f6a34c10000)
	libptscotcherr-6.so => /lib/x86_64-linux-gnu/libptscotcherr-6.so (0x00007f6a34c0b000)
	libbz2.so.1.0 => /lib/x86_64-linux-gnu/libbz2.so.1.0 (0x00007f6a34bf6000)
	libsz.so.2 => /lib/x86_64-linux-gnu/libsz.so.2 (0x00007f6a34bf1000)
	libquadmath.so.0 => /lib/x86_64-linux-gnu/libquadmath.so.0 (0x00007f6a34ba7000)
	libdynamicMesh.so => /usr/lib/openfoam/openfoam2006/platforms/linux64GccDPInt32Opt/lib/libdynamicMesh.so (0x00007f6a3463b000)
	libpord-5.2.1.so => /lib/x86_64-linux-gnu/libpord-5.2.1.so (0x00007f6a34622000)
	libaec.so.0 => /lib/x86_64-linux-gnu/libaec.so.0 (0x00007f6a34617000)
	libextrudeModel.so => /usr/lib/openfoam/openfoam2006/platforms/linux64GccDPInt32Opt/lib/libextrudeModel.so (0x00007f6a345ea000)
