Run finished at Wed Oct 21 21:34:33 2020
Global runtime       = 144095ms / 144.095s
Number of processors = 1
# Rank: 0

                                             Event |      Count |  Total[ms] |    Max[ms] |    Min[ms] |    Avg[ms] | Time Ratio |
----------------------------------------------------------------------------------------------------------------------------------
                                           _GLOBAL |          1 |     144095 |     144095 |     144095 |     144095 |          1 |
                                           advance |        195 |     136169 |       1618 |        173 |        698 |      0.945 |
              advance/cpl.computeQuasiNewtonUpdate |        145 |       8071 |         90 |          0 |         55 |      0.056 |
                           advance/m2n.receiveData |        195 |     126325 |       1544 |        164 |        647 |      0.877 |
                              advance/m2n.sendData |        195 |        314 |         12 |          0 |          1 |    0.00218 |
                                         configure |          1 |          3 |          3 |          3 |          3 |   2.08e-05 |
                                          finalize |          1 |          3 |          3 |          3 |          3 |   2.08e-05 |
                                        initialize |          1 |        241 |        241 |        241 |        241 |    0.00167 |
             initialize/m2n.acceptMasterConnection |          1 |        217 |        217 |        217 |        217 |    0.00151 |
             initialize/m2n.acceptSlavesConnection |          1 |         13 |         13 |         13 |         13 |   9.02e-05 |
       initialize/m2n.broadcastVertexDistributions |          1 |          0 |          0 |          0 |          0 |          0 |
              initialize/m2n.buildCommunicationMap |          1 |          0 |          0 |          0 |          0 |          0 |
               initialize/m2n.createCommunications |          1 |          5 |          5 |          5 |          5 |   3.47e-05 |
         initialize/m2n.exchangeVertexDistribution |          1 |          6 |          6 |          6 |          6 |   4.16e-05 |
     initialize/partition.gatherMesh.Calculix_Mesh |          1 |          0 |          0 |          0 |          0 |          0 |
    initialize/partition.prepareMesh.Calculix_Mesh |          1 |          0 |          0 |          0 |          0 |          0 |
 initialize/partition.sendGlobalMesh.Calculix_Mesh |          1 |          0 |          0 |          0 |          0 |          0 |
                                    initializeData |          1 |         13 |         13 |         13 |         13 |   9.02e-05 |
                                    solver.advance |        195 |       7556 |        105 |         12 |         38 |     0.0524 |
                                 solver.initialize |          1 |         78 |         78 |         78 |         78 |   0.000541 |


                                              Name |        Max |  MaxOnRank |        Min |  MinOnRank |    Min/Max |
---------------------------------------------------------------------------------------------------------------------
                                           _GLOBAL |     144095 |          0 |     144095 |          0 |          1 |
                                           advance |       1618 |          0 |        173 |          0 |   0.106922 |
              advance/cpl.computeQuasiNewtonUpdate |         90 |          0 |          0 |          0 |          0 |
                           advance/m2n.receiveData |       1544 |          0 |        164 |          0 |   0.106218 |
                              advance/m2n.sendData |         12 |          0 |          0 |          0 |          0 |
                                         configure |          3 |          0 |          3 |          0 |          1 |
                                          finalize |          3 |          0 |          3 |          0 |          1 |
                                        initialize |        241 |          0 |        241 |          0 |          1 |
             initialize/m2n.acceptMasterConnection |        217 |          0 |        217 |          0 |          1 |
             initialize/m2n.acceptSlavesConnection |         13 |          0 |         13 |          0 |          1 |
       initialize/m2n.broadcastVertexDistributions |          0 |          0 |          0 |          0 |          0 |
              initialize/m2n.buildCommunicationMap |          0 |          0 |          0 |          0 |          0 |
               initialize/m2n.createCommunications |          5 |          0 |          5 |          0 |          1 |
         initialize/m2n.exchangeVertexDistribution |          6 |          0 |          6 |          0 |          1 |
     initialize/partition.gatherMesh.Calculix_Mesh |          0 |          0 |          0 |          0 |          0 |
    initialize/partition.prepareMesh.Calculix_Mesh |          0 |          0 |          0 |          0 |          0 |
 initialize/partition.sendGlobalMesh.Calculix_Mesh |          0 |          0 |          0 |          0 |          0 |
                                    initializeData |         13 |          0 |         13 |          0 |          1 |
                                    solver.advance |        105 |          0 |         12 |          0 |   0.114286 |
                                 solver.initialize |         78 |          0 |         78 |          0 |          1 |
