Attaching to nutils-adapter, openfoam-adapter-outer, tutorial-data
[36mnutils-adapter            |[0m ASSERTION FAILED
[36mnutils-adapter            |[0m   Location:          bool precice::xml::XMLTag::getBooleanAttributeValue(const string&) const
[36mnutils-adapter            |[0m   File:              /home/precice/precice/src/xml/XMLTag.cpp:133
[36mnutils-adapter            |[0m   Rank:              0
[36mnutils-adapter            |[0m   Failed expression: iter != _booleanAttributes.end()
[36mnutils-adapter            |[0m  0# getStacktrace[abi:cxx11]() in /home/precice/precice-install/lib/libprecice.so.2
[36mnutils-adapter            |[0m  1# precice::xml::XMLTag::getBooleanAttributeValue(std::__cxx11::basic_string<char, std::char_traits<char>, std::allocator<char> > const&) const in /home/precice/precice-install/lib/libprecice.so.2
[36mnutils-adapter            |[0m  2# precice::acceleration::AccelerationConfiguration::xmlTagCallback(precice::xml::ConfigurationContext const&, precice::xml::XMLTag&) in /home/precice/precice-install/lib/libprecice.so.2
[36mnutils-adapter            |[0m  3# precice::xml::ConfigParser::connectTags(precice::xml::ConfigurationContext const&, std::vector<std::shared_ptr<precice::xml::XMLTag>, std::allocator<std::shared_ptr<precice::xml::XMLTag> > >&, std::vector<std::shared_ptr<precice::xml::ConfigParser::CTag>, std::allocator<std::shared_ptr<precice::xml::ConfigParser::CTag> > >&) in /home/precice/precice-install/lib/libprecice.so.2
[36mnutils-adapter            |[0m  4# precice::xml::ConfigParser::connectTags(precice::xml::ConfigurationContext const&, std::vector<std::shared_ptr<precice::xml::XMLTag>, std::allocator<std::shared_ptr<precice::xml::XMLTag> > >&, std::vector<std::shared_ptr<precice::xml::ConfigParser::CTag>, std::allocator<std::shared_ptr<precice::xml::ConfigParser::CTag> > >&) in /home/precice/precice-install/lib/libprecice.so.2
[36mnutils-adapter            |[0m  5# precice::xml::ConfigParser::connectTags(precice::xml::ConfigurationContext const&, std::vector<std::shared_ptr<precice::xml::XMLTag>, std::allocator<std::shared_ptr<precice::xml::XMLTag> > >&, std::vector<std::shared_ptr<precice::xml::ConfigParser::CTag>, std::allocator<std::shared_ptr<precice::xml::ConfigParser::CTag> > >&) in /home/precice/precice-install/lib/libprecice.so.2
[36mnutils-adapter            |[0m  6# precice::xml::ConfigParser::connectTags(precice::xml::ConfigurationContext const&, std::vector<std::shared_ptr<precice::xml::XMLTag>, std::allocator<std::shared_ptr<precice::xml::XMLTag> > >&, std::vector<std::shared_ptr<precice::xml::ConfigParser::CTag>, std::allocator<std::shared_ptr<precice::xml::ConfigParser::CTag> > >&) in /home/precice/precice-install/lib/libprecice.so.2
[36mnutils-adapter            |[0m  7# precice::xml::ConfigParser::connectTags(precice::xml::ConfigurationContext const&, std::vector<std::shared_ptr<precice::xml::XMLTag>, std::allocator<std::shared_ptr<precice::xml::XMLTag> > >&, std::vector<std::shared_ptr<precice::xml::ConfigParser::CTag>, std::allocator<std::shared_ptr<precice::xml::ConfigParser::CTag> > >&) in /home/precice/precice-install/lib/libprecice.so.2
[36mnutils-adapter            |[0m  8# precice::xml::ConfigParser::ConfigParser(std::__cxx11::basic_string<char, std::char_traits<char>, std::allocator<char> > const&, precice::xml::ConfigurationContext const&, std::shared_ptr<precice::xml::XMLTag>) in /home/precice/precice-install/lib/libprecice.so.2
[36mnutils-adapter            |[0m  9# precice::xml::configure(precice::xml::XMLTag&, precice::xml::ConfigurationContext const&, std::__cxx11::basic_string<char, std::char_traits<char>, std::allocator<char> > const&) in /home/precice/precice-install/lib/libprecice.so.2
[36mnutils-adapter            |[0m 10# precice::impl::SolverInterfaceImpl::configure(std::__cxx11::basic_string<char, std::char_traits<char>, std::allocator<char> > const&) in /home/precice/precice-install/lib/libprecice.so.2
[36mnutils-adapter            |[0m 11# precice::impl::SolverInterfaceImpl::SolverInterfaceImpl(std::__cxx11::basic_string<char, std::char_traits<char>, std::allocator<char> >, std::__cxx11::basic_string<char, std::char_traits<char>, std::allocator<char> > const&, int, int, void*) in /home/precice/precice-install/lib/libprecice.so.2
[33mopenfoam-adapter-outer    |[0m /*---------------------------------------------------------------------------*\
[36mnutils-adapter            |[0m 12# precice::impl::SolverInterfaceImpl::SolverInterfaceImpl(std::__cxx11::basic_string<char, std::char_traits<char>, std::allocator<char> >, std::__cxx11::basic_string<char, std::char_traits<char>, std::allocator<char> > const&, int, int) in /home/precice/precice-install/lib/libprecice.so.2
[33mopenfoam-adapter-outer    |[0m | =========                 |                                                 |
[33mopenfoam-adapter-outer    |[0m | \\      /  F ield         | OpenFOAM: The Open Source CFD Toolbox           |
[33mopenfoam-adapter-outer    |[0m |  \\    /   O peration     | Version:  5.x                                   |
[33mopenfoam-adapter-outer    |[0m |   \\  /    A nd           | Web:      www.OpenFOAM.org                      |
[33mopenfoam-adapter-outer    |[0m |    \\/     M anipulation  |                                                 |
[33mopenfoam-adapter-outer    |[0m \*---------------------------------------------------------------------------*/
[33mopenfoam-adapter-outer    |[0m Build  : 5.x-68e8507efb72
[33mopenfoam-adapter-outer    |[0m Exec   : blockMesh -case /home/precice/Data/Input
[33mopenfoam-adapter-outer    |[0m Date   : Nov 12 2020
[33mopenfoam-adapter-outer    |[0m Time   : 10:28:27
[33mopenfoam-adapter-outer    |[0m Host   : "2dd4eb2f6457"
[33mopenfoam-adapter-outer    |[0m PID    : 160
[33mopenfoam-adapter-outer    |[0m I/O    : uncollated
[33mopenfoam-adapter-outer    |[0m Case   : /home/precice/Data/Input
[33mopenfoam-adapter-outer    |[0m nProcs : 1
[33mopenfoam-adapter-outer    |[0m sigFpe : Enabling floating point exception trapping (FOAM_SIGFPE).
[33mopenfoam-adapter-outer    |[0m fileModificationChecking : Monitoring run-time modified files using timeStampMaster (fileModificationSkew 10)
[33mopenfoam-adapter-outer    |[0m allowSystemOperations : Allowing user-supplied system call operations
[33mopenfoam-adapter-outer    |[0m 
[33mopenfoam-adapter-outer    |[0m // * * * * * * * * * * * * * * * * * * * * * * * * * * * * * * * * * * * * * //
[33mopenfoam-adapter-outer    |[0m Create time
[33mopenfoam-adapter-outer    |[0m 
[33mopenfoam-adapter-outer    |[0m Creating block mesh from
[33mopenfoam-adapter-outer    |[0m     "/home/precice/Data/Input/system/blockMeshDict"
[33mopenfoam-adapter-outer    |[0m Creating block edges
[33mopenfoam-adapter-outer    |[0m No non-planar block faces defined
[33mopenfoam-adapter-outer    |[0m Creating topology blocks
[33mopenfoam-adapter-outer    |[0m Creating topology patches
[33mopenfoam-adapter-outer    |[0m 
[33mopenfoam-adapter-outer    |[0m Creating block mesh topology
[33mopenfoam-adapter-outer    |[0m --> FOAM Warning : 
[33mopenfoam-adapter-outer    |[0m     From function Foam::polyMesh::polyMesh(const Foam::IOobject&, const Foam::Xfer<Foam::Field<Foam::Vector<double> > >&, const cellShapeList&, const faceListList&, const wordList&, const Foam::PtrList<Foam::dictionary>&, const Foam::word&, const Foam::word&, bool)
[33mopenfoam-adapter-outer    |[0m     in file meshes/polyMesh/polyMeshFromShapeMesh.C at line 871
[36mnutils-adapter            |[0m 13# precice::SolverInterface::SolverInterface(std::__cxx11::basic_string<char, std::char_traits<char>, std::allocator<char> > const&, std::__cxx11::basic_string<char, std::char_traits<char>, std::allocator<char> > const&, int, int) in /home/precice/precice-install/lib/libprecice.so.2
[33mopenfoam-adapter-outer    |[0m     Found 6 undefined faces in mesh; adding to default patch.
[36mnutils-adapter            |[0m 14# 0x00007F0DCEF30803 in /home/precice/.local/lib/python3.6/site-packages/precice.cpython-36m-x86_64-linux-gnu.so
[33mopenfoam-adapter-outer    |[0m 
[36mnutils-adapter            |[0m 15# 0x0000000000551555 in python3
[36mnutils-adapter            |[0m 16# _PyObject_FastCallKeywords in python3
[36mnutils-adapter            |[0m 17# 0x000000000050A433 in python3
[36mnutils-adapter            |[0m 18# _PyEval_EvalFrameDefault in python3
[36mnutils-adapter            |[0m 19# 0x0000000000507BE4 in python3
[36mnutils-adapter            |[0m 20# 0x0000000000588D41 in python3
[36mnutils-adapter            |[0m 21# PyObject_Call in python3
[36mnutils-adapter            |[0m 22# _PyEval_EvalFrameDefault in python3
[36mnutils-adapter            |[0m 23# 0x0000000000507BE4 in python3
[36mnutils-adapter            |[0m 24# 0x0000000000509900 in python3
[36mnutils-adapter            |[0m 25# 0x000000000050A2FD in python3
[36mnutils-adapter            |[0m 26# _PyEval_EvalFrameDefault in python3
[36mnutils-adapter            |[0m 27# 0x0000000000507BE4 in python3
[36mnutils-adapter            |[0m 28# PyEval_EvalCode in python3
[36mnutils-adapter            |[0m 29# 0x0000000000634E72 in python3
[36mnutils-adapter            |[0m 30# PyRun_FileExFlags in python3
[36mnutils-adapter            |[0m 31# PyRun_SimpleFileExFlags in python3
[36mnutils-adapter            |[0m 32# Py_Main in python3
[36mnutils-adapter            |[0m 33# main in python3
[36mnutils-adapter            |[0m 34# __libc_start_main in /lib/x86_64-linux-gnu/libc.so.6
[33mopenfoam-adapter-outer    |[0m Check topology
[36mnutils-adapter            |[0m 35# _start in python3
[36mnutils-adapter            |[0m 
[36mnutils-adapter            |[0m python3: /home/precice/precice/src/xml/XMLTag.cpp:133: bool precice::xml::XMLTag::getBooleanAttributeValue(const string&) const: Assertion `false' failed.
[36mnutils-adapter            |[0m [deb33d0222a8:00006] *** Process received signal ***
[36mnutils-adapter            |[0m [deb33d0222a8:00006] Signal: Aborted (6)
[36mnutils-adapter            |[0m [deb33d0222a8:00006] Signal code:  (-6)
[36mnutils-adapter            |[0m [deb33d0222a8:00006] [ 0] /lib/x86_64-linux-gnu/libc.so.6(+0x3f040)[0x7f0dda25d040]
[36mnutils-adapter            |[0m [deb33d0222a8:00006] [ 1] /lib/x86_64-linux-gnu/libc.so.6(gsignal+0xc7)[0x7f0dda25cfb7]
[36mnutils-adapter            |[0m [deb33d0222a8:00006] [ 2] /lib/x86_64-linux-gnu/libc.so.6(abort+0x141)[0x7f0dda25e921]
[36mnutils-adapter            |[0m [deb33d0222a8:00006] [ 3] /lib/x86_64-linux-gnu/libc.so.6(+0x3048a)[0x7f0dda24e48a]
[33mopenfoam-adapter-outer    |[0m 
[36mnutils-adapter            |[0m [deb33d0222a8:00006] [ 4] /lib/x86_64-linux-gnu/libc.so.6(+0x30502)[0x7f0dda24e502]
[36mnutils-adapter            |[0m [deb33d0222a8:00006] [ 5] /home/precice/precice-install/lib/libprecice.so.2(_ZNK7precice3xml6XMLTag24getBooleanAttributeValueERKNSt7__cxx1112basic_stringIcSt11char_traitsIcESaIcEEE+0x1d7)[0x7f0dce9fb349]
[36mnutils-adapter            |[0m [deb33d0222a8:00006] [ 6] /home/precice/precice-install/lib/libprecice.so.2(_ZN7precice12acceleration25AccelerationConfiguration14xmlTagCallbackERKNS_3xml20ConfigurationContextERNS2_6XMLTagE+0x95b)[0x7f0dce64d7f3]
[36mnutils-adapter            |[0m [deb33d0222a8:00006] [ 7] /home/precice/precice-install/lib/libprecice.so.2(_ZN7precice3xml12ConfigParser11connectTagsERKNS0_20ConfigurationContextERSt6vectorISt10shared_ptrINS0_6XMLTagEESaIS8_EERS5_IS6_INS1_4CTagEESaISD_EE+0x4ad)[0x7f0dce9c0399]
[36mnutils-adapter            |[0m [deb33d0222a8:00006] [ 8] /home/precice/precice-install/lib/libprecice.so.2(_ZN7precice3xml12ConfigParser11connectTagsERKNS0_20ConfigurationContextERSt6vectorISt10shared_ptrINS0_6XMLTagEESaIS8_EERS5_IS6_INS1_4CTagEESaISD_EE+0x505)[0x7f0dce9c03f1]
[36mnutils-adapter            |[0m [deb33d0222a8:00006] [ 9] /home/precice/precice-install/lib/libprecice.so.2(_ZN7precice3xml12ConfigParser11connectTagsERKNS0_20ConfigurationContextERSt6vectorISt10shared_ptrINS0_6XMLTagEESaIS8_EERS5_IS6_INS1_4CTagEESaISD_EE+0x505)[0x7f0dce9c03f1]
[33mopenfoam-adapter-outer    |[0m 	Basic statistics
[33mopenfoam-adapter-outer    |[0m 		Number of internal faces : 2
[36mnutils-adapter            |[0m [deb33d0222a8:00006] [10] /home/precice/precice-install/lib/libprecice.so.2(_ZN7precice3xml12ConfigParser11connectTagsERKNS0_20ConfigurationContextERSt6vectorISt10shared_ptrINS0_6XMLTagEESaIS8_EERS5_IS6_INS1_4CTagEESaISD_EE+0x505)[0x7f0dce9c03f1]
[33mopenfoam-adapter-outer    |[0m 		Number of boundary faces : 14
[33mopenfoam-adapter-outer    |[0m 		Number of defined boundary faces : 14
[36mnutils-adapter            |[0m [deb33d0222a8:00006] [11] /home/precice/precice-install/lib/libprecice.so.2(_ZN7precice3xml12ConfigParser11connectTagsERKNS0_20ConfigurationContextERSt6vectorISt10shared_ptrINS0_6XMLTagEESaIS8_EERS5_IS6_INS1_4CTagEESaISD_EE+0x505)[0x7f0dce9c03f1]
[33mopenfoam-adapter-outer    |[0m 		Number of undefined boundary faces : 0
[36mnutils-adapter            |[0m [deb33d0222a8:00006] [12] /home/precice/precice-install/lib/libprecice.so.2(_ZN7precice3xml12ConfigParserC1ERKNSt7__cxx1112basic_stringIcSt11char_traitsIcESaIcEEERKNS0_20ConfigurationContextESt10shared_ptrINS0_6XMLTagEE+0x193)[0x7f0dce9bf1dd]
[33mopenfoam-adapter-outer    |[0m 	Checking patch -> block consistency
[36mnutils-adapter            |[0m [deb33d0222a8:00006] [13] /home/precice/precice-install/lib/libprecice.so.2(_ZN7precice3xml9configureERNS0_6XMLTagERKNS0_20ConfigurationContextERKNSt7__cxx1112basic_stringIcSt11char_traitsIcESaIcEEE+0x298)[0x7f0dce9fd5d9]
[33mopenfoam-adapter-outer    |[0m 
[36mnutils-adapter            |[0m [deb33d0222a8:00006] [14] /home/precice/precice-install/lib/libprecice.so.2(_ZN7precice4impl19SolverInterfaceImpl9configureERKNSt7__cxx1112basic_stringIcSt11char_traitsIcESaIcEEE+0xeb)[0x7f0dce92cf0d]
[36mnutils-adapter            |[0m [deb33d0222a8:00006] [15] /home/precice/precice-install/lib/libprecice.so.2(_ZN7precice4impl19SolverInterfaceImplC2ENSt7__cxx1112basic_stringIcSt11char_traitsIcESaIcEEERKS7_iiPv+0x4ad)[0x7f0dce92c4cd]
[36mnutils-adapter            |[0m [deb33d0222a8:00006] [16] /home/precice/precice-install/lib/libprecice.so.2(_ZN7precice4impl19SolverInterfaceImplC2ENSt7__cxx1112basic_stringIcSt11char_traitsIcESaIcEEERKS7_ii+0x6c)[0x7f0dce92c858]
[36mnutils-adapter            |[0m [deb33d0222a8:00006] [17] /home/precice/precice-install/lib/libprecice.so.2(_ZN7precice15SolverInterfaceC2ERKNSt7__cxx1112basic_stringIcSt11char_traitsIcESaIcEEES8_ii+0x74)[0x7f0dce90c79a]
[36mnutils-adapter            |[0m [deb33d0222a8:00006] [18] /home/precice/.local/lib/python3.6/site-packages/precice.cpython-36m-x86_64-linux-gnu.so(+0xe803)[0x7f0dcef30803]
[36mnutils-adapter            |[0m [deb33d0222a8:00006] [19] python3[0x551555]
[36mnutils-adapter            |[0m [deb33d0222a8:00006] [20] python3(_PyObject_FastCallKeywords+0x19c)[0x5a9dac]
[36mnutils-adapter            |[0m [deb33d0222a8:00006] [21] python3[0x50a433]
[36mnutils-adapter            |[0m [deb33d0222a8:00006] [22] python3(_PyEval_EvalFrameDefault+0x444)[0x50beb4]
[36mnutils-adapter            |[0m [deb33d0222a8:00006] [23] python3[0x507be4]
[36mnutils-adapter            |[0m [deb33d0222a8:00006] [24] python3[0x588d41]
[36mnutils-adapter            |[0m [deb33d0222a8:00006] [25] python3(PyObject_Call+0x3e)[0x59fd0e]
[36mnutils-adapter            |[0m [deb33d0222a8:00006] [26] python3(_PyEval_EvalFrameDefault+0x17e6)[0x50d256]
[36mnutils-adapter            |[0m [deb33d0222a8:00006] [27] python3[0x507be4]
[36mnutils-adapter            |[0m [deb33d0222a8:00006] [28] python3[0x509900]
[36mnutils-adapter            |[0m [deb33d0222a8:00006] [29] python3[0x50a2fd]
[36mnutils-adapter            |[0m [deb33d0222a8:00006] *** End of error message ***
[33mopenfoam-adapter-outer    |[0m Creating block offsets
[36mnutils-adapter            |[0m /bin/bash: line 1:     6 Aborted                 (core dumped) python3 cht.py
[33mopenfoam-adapter-outer    |[0m Creating merge list .
[33mopenfoam-adapter-outer    |[0m 
[33mopenfoam-adapter-outer    |[0m Creating polyMesh from blockMesh
[33mopenfoam-adapter-outer    |[0m Creating patches
[33mopenfoam-adapter-outer    |[0m Creating cells
[33mopenfoam-adapter-outer    |[0m Creating points with scale 1
[33mopenfoam-adapter-outer    |[0m     Block 0 cell size :
[33mopenfoam-adapter-outer    |[0m         i : 0.0123864 .. 0.00247728
[33mopenfoam-adapter-outer    |[0m         j : 0.00232699 .. 0.0349049
[33mopenfoam-adapter-outer    |[0m         k : 0.05 .. 0.05
[33mopenfoam-adapter-outer    |[0m 
[33mopenfoam-adapter-outer    |[0m     Block 1 cell size :
[33mopenfoam-adapter-outer    |[0m         i : 0.0024959 .. 0.0124795
[33mopenfoam-adapter-outer    |[0m         j : 0.00232699 .. 0.0349049
[33mopenfoam-adapter-outer    |[0m         k : 0.05 .. 0.05
[33mopenfoam-adapter-outer    |[0m 
[33mopenfoam-adapter-outer    |[0m     Block 2 cell size :
[33mopenfoam-adapter-outer    |[0m         i : 0.0392157 .. 0.0392157
[33mopenfoam-adapter-outer    |[0m         j : 0.00232699 .. 0.0349049
[33mopenfoam-adapter-outer    |[0m         k : 0.05 .. 0.05
[33mopenfoam-adapter-outer    |[0m 
[33mopenfoam-adapter-outer    |[0m 
[33mopenfoam-adapter-outer    |[0m Writing polyMesh
[33mopenfoam-adapter-outer    |[0m ----------------
[33mopenfoam-adapter-outer    |[0m Mesh Information
[33mopenfoam-adapter-outer    |[0m ----------------
[33mopenfoam-adapter-outer    |[0m   boundingBox: (-0.5 0 0) (3 0.5 0.05)
[33mopenfoam-adapter-outer    |[0m   nPoints: 24696
[33mopenfoam-adapter-outer    |[0m   nCells: 12013
[33mopenfoam-adapter-outer    |[0m   nFaces: 48386
[33mopenfoam-adapter-outer    |[0m   nInternalFaces: 23692
[33mopenfoam-adapter-outer    |[0m ----------------
[33mopenfoam-adapter-outer    |[0m Patches
[33mopenfoam-adapter-outer    |[0m ----------------
[33mopenfoam-adapter-outer    |[0m   patch 0 (start: 23692 size: 41) name: inlet
[33mopenfoam-adapter-outer    |[0m   patch 1 (start: 23733 size: 41) name: outlet
[33mopenfoam-adapter-outer    |[0m   patch 2 (start: 23774 size: 293) name: top
[33mopenfoam-adapter-outer    |[0m   patch 3 (start: 24067 size: 81) name: slip-bottom
[33mopenfoam-adapter-outer    |[0m   patch 4 (start: 24148 size: 51) name: bottom
[33mopenfoam-adapter-outer    |[0m   patch 5 (start: 24199 size: 161) name: interface
[33mopenfoam-adapter-outer    |[0m   patch 6 (start: 24360 size: 24026) name: defaultFaces
[33mopenfoam-adapter-outer    |[0m 
[33mopenfoam-adapter-outer    |[0m End
[33mopenfoam-adapter-outer    |[0m 
[33mopenfoam-adapter-outer    |[0m /*---------------------------------------------------------------------------*\
[33mopenfoam-adapter-outer    |[0m | =========                 |                                                 |
[33mopenfoam-adapter-outer    |[0m | \\      /  F ield         | OpenFOAM: The Open Source CFD Toolbox           |
[33mopenfoam-adapter-outer    |[0m |  \\    /   O peration     | Version:  5.x                                   |
[33mopenfoam-adapter-outer    |[0m |   \\  /    A nd           | Web:      www.OpenFOAM.org                      |
[33mopenfoam-adapter-outer    |[0m |    \\/     M anipulation  |                                                 |
[33mopenfoam-adapter-outer    |[0m \*---------------------------------------------------------------------------*/
[33mopenfoam-adapter-outer    |[0m Build  : 5.x-68e8507efb72
[33mopenfoam-adapter-outer    |[0m Exec   : buoyantPimpleFoam -case /home/precice/Data/Input
[33mopenfoam-adapter-outer    |[0m Date   : Nov 12 2020
[33mopenfoam-adapter-outer    |[0m Time   : 10:28:27
[33mopenfoam-adapter-outer    |[0m Host   : "2dd4eb2f6457"
[33mopenfoam-adapter-outer    |[0m PID    : 161
[33mopenfoam-adapter-outer    |[0m I/O    : uncollated
[33mopenfoam-adapter-outer    |[0m Case   : /home/precice/Data/Input
[33mopenfoam-adapter-outer    |[0m nProcs : 1
[33mopenfoam-adapter-outer    |[0m sigFpe : Enabling floating point exception trapping (FOAM_SIGFPE).
[33mopenfoam-adapter-outer    |[0m fileModificationChecking : Monitoring run-time modified files using timeStampMaster (fileModificationSkew 10)
[33mopenfoam-adapter-outer    |[0m allowSystemOperations : Allowing user-supplied system call operations
[33mopenfoam-adapter-outer    |[0m 
[33mopenfoam-adapter-outer    |[0m // * * * * * * * * * * * * * * * * * * * * * * * * * * * * * * * * * * * * * //
[33mopenfoam-adapter-outer    |[0m Create time
[33mopenfoam-adapter-outer    |[0m 
[33mopenfoam-adapter-outer    |[0m Create mesh for time = 0
[33mopenfoam-adapter-outer    |[0m 
[33mopenfoam-adapter-outer    |[0m 
[33mopenfoam-adapter-outer    |[0m PIMPLE: Operating solver in PISO mode
[33mopenfoam-adapter-outer    |[0m 
[33mopenfoam-adapter-outer    |[0m Reading thermophysical properties
[33mopenfoam-adapter-outer    |[0m 
[33mopenfoam-adapter-outer    |[0m Selecting thermodynamics package 
[33mopenfoam-adapter-outer    |[0m {
[33mopenfoam-adapter-outer    |[0m     type            heRhoThermo;
[33mopenfoam-adapter-outer    |[0m     mixture         pureMixture;
[33mopenfoam-adapter-outer    |[0m     transport       const;
[33mopenfoam-adapter-outer    |[0m     thermo          hConst;
[33mopenfoam-adapter-outer    |[0m     equationOfState perfectGas;
[33mopenfoam-adapter-outer    |[0m     specie          specie;
[33mopenfoam-adapter-outer    |[0m     energy          sensibleEnthalpy;
[33mopenfoam-adapter-outer    |[0m }
[33mopenfoam-adapter-outer    |[0m 
[33mopenfoam-adapter-outer    |[0m Reading field U
[33mopenfoam-adapter-outer    |[0m 
[33mopenfoam-adapter-outer    |[0m Reading/calculating face flux field phi
[33mopenfoam-adapter-outer    |[0m 
[33mopenfoam-adapter-outer    |[0m Creating turbulence model
[33mopenfoam-adapter-outer    |[0m 
[33mopenfoam-adapter-outer    |[0m Selecting turbulence model type laminar
[33mopenfoam-adapter-outer    |[0m Selecting laminar stress model Stokes
[33mopenfoam-adapter-outer    |[0m 
[33mopenfoam-adapter-outer    |[0m Reading g
[33mopenfoam-adapter-outer    |[0m 
[33mopenfoam-adapter-outer    |[0m Reading hRef
[33mopenfoam-adapter-outer    |[0m Calculating field g.h
[33mopenfoam-adapter-outer    |[0m 
[33mopenfoam-adapter-outer    |[0m Reading field p_rgh
[33mopenfoam-adapter-outer    |[0m 
[33mopenfoam-adapter-outer    |[0m Creating field dpdt
[33mopenfoam-adapter-outer    |[0m 
[33mopenfoam-adapter-outer    |[0m Creating field kinetic energy K
[33mopenfoam-adapter-outer    |[0m 
[33mopenfoam-adapter-outer    |[0m No MRF models present
[33mopenfoam-adapter-outer    |[0m 
[33mopenfoam-adapter-outer    |[0m Radiation model not active: radiationProperties not found
[33mopenfoam-adapter-outer    |[0m Selecting radiationModel none
[33mopenfoam-adapter-outer    |[0m No finite volume options present
[33mopenfoam-adapter-outer    |[0m 
[33mopenfoam-adapter-outer    |[0m Courant Number mean: 0.0837143 max: 0.403668
[33mopenfoam-adapter-outer    |[0m 
[33mopenfoam-adapter-outer    |[0m Starting time loop
[33mopenfoam-adapter-outer    |[0m 
[33mopenfoam-adapter-outer    |[0m ---[preciceAdapter] The preciceAdapter was loaded.
[33mopenfoam-adapter-outer    |[0m ---[preciceAdapter] Reading preciceDict...
[33mopenfoam-adapter-outer    |[0m ---[preciceAdapter] [DEBUG]   precice-config-file : configs/precice-config.xml
[33mopenfoam-adapter-outer    |[0m ---[preciceAdapter] [DEBUG]   participant name    : OpenFOAM
[33mopenfoam-adapter-outer    |[0m ---[preciceAdapter] [DEBUG]   modules requested   : 
[33mopenfoam-adapter-outer    |[0m ---[preciceAdapter] [DEBUG]   - CHT
[33mopenfoam-adapter-outer    |[0m 
[33mopenfoam-adapter-outer    |[0m ---[preciceAdapter] [DEBUG]   interfaces : 
[33mopenfoam-adapter-outer    |[0m ---[preciceAdapter] [DEBUG]   - mesh         : OpenFOAM-Mesh
[33mopenfoam-adapter-outer    |[0m ---[preciceAdapter] [DEBUG]     locations    : faceCenters
[33mopenfoam-adapter-outer    |[0m ---[preciceAdapter] [DEBUG]     connectivity : 0
[33mopenfoam-adapter-outer    |[0m ---[preciceAdapter] [DEBUG]     patches      : 
[33mopenfoam-adapter-outer    |[0m ---[preciceAdapter] [DEBUG]       - interface
[33mopenfoam-adapter-outer    |[0m ---[preciceAdapter] [DEBUG]     writeData    : 
[33mopenfoam-adapter-outer    |[0m ---[preciceAdapter] [DEBUG]       - Temperature
[33mopenfoam-adapter-outer    |[0m ---[preciceAdapter] [DEBUG]     readData     : 
[33mopenfoam-adapter-outer    |[0m ---[preciceAdapter] [DEBUG]       - Heat-Flux
[33mopenfoam-adapter-outer    |[0m ---[preciceAdapter] [DEBUG] Configuring the CHT module...
[33mopenfoam-adapter-outer    |[0m ---[preciceAdapter] [DEBUG]     user-defined solver type : 
[33mopenfoam-adapter-outer    |[0m ---[preciceAdapter] [DEBUG]     temperature field name : T
[33mopenfoam-adapter-outer    |[0m ---[preciceAdapter] [DEBUG]     conductivity name for basic solvers : k
[33mopenfoam-adapter-outer    |[0m ---[preciceAdapter] [DEBUG]     density name for incompressible solvers : rho
[33mopenfoam-adapter-outer    |[0m ---[preciceAdapter] [DEBUG]     heat capacity name for incompressible solvers : Cp
[33mopenfoam-adapter-outer    |[0m ---[preciceAdapter] [DEBUG]     Prandtl number name for incompressible solvers : Pr
[33mopenfoam-adapter-outer    |[0m ---[preciceAdapter] [DEBUG]     Turbulent thermal diffusivity field name for incompressible solvers : alphat
[33mopenfoam-adapter-outer    |[0m ---[preciceAdapter] [DEBUG] Determining the solver type for the CHT module... (override by setting solverType to one of {compressible, incompressible, basic})
[33mopenfoam-adapter-outer    |[0m ---[preciceAdapter] [DEBUG] Automatically determined solver type : compressible
[33mopenfoam-adapter-outer    |[0m ---[preciceAdapter] [DEBUG] Checking the timestep type (fixed vs adjustable)...
[33mopenfoam-adapter-outer    |[0m ---[preciceAdapter] [DEBUG]   Timestep type: fixed.
[33mopenfoam-adapter-outer    |[0m ---[preciceAdapter] [DEBUG] Creating the preCICE solver interface...
[33mopenfoam-adapter-outer    |[0m ---[preciceAdapter] [DEBUG]   Number of processes: 1
[33mopenfoam-adapter-outer    |[0m ---[preciceAdapter] [DEBUG]   MPI rank: 0
[33mopenfoam-adapter-outer    |[0m ASSERTION FAILED
[33mopenfoam-adapter-outer    |[0m   Location:          bool precice::xml::XMLTag::getBooleanAttributeValue(const string&) const
[33mopenfoam-adapter-outer    |[0m   File:              /home/precice/precice/src/xml/XMLTag.cpp:133
[33mopenfoam-adapter-outer    |[0m   Rank:              0
[33mopenfoam-adapter-outer    |[0m   Failed expression: iter != _booleanAttributes.end()
[33mopenfoam-adapter-outer    |[0m  0# getStacktrace[abi:cxx11]() in /home/precice/precice-install/lib/libprecice.so.2
[33mopenfoam-adapter-outer    |[0m  1# precice::xml::XMLTag::getBooleanAttributeValue(std::__cxx11::basic_string<char, std::char_traits<char>, std::allocator<char> > const&) const in /home/precice/precice-install/lib/libprecice.so.2
[33mopenfoam-adapter-outer    |[0m  2# precice::acceleration::AccelerationConfiguration::xmlTagCallback(precice::xml::ConfigurationContext const&, precice::xml::XMLTag&) in /home/precice/precice-install/lib/libprecice.so.2
[33mopenfoam-adapter-outer    |[0m  3# precice::xml::ConfigParser::connectTags(precice::xml::ConfigurationContext const&, std::vector<std::shared_ptr<precice::xml::XMLTag>, std::allocator<std::shared_ptr<precice::xml::XMLTag> > >&, std::vector<std::shared_ptr<precice::xml::ConfigParser::CTag>, std::allocator<std::shared_ptr<precice::xml::ConfigParser::CTag> > >&) in /home/precice/precice-install/lib/libprecice.so.2
[33mopenfoam-adapter-outer    |[0m  4# precice::xml::ConfigParser::connectTags(precice::xml::ConfigurationContext const&, std::vector<std::shared_ptr<precice::xml::XMLTag>, std::allocator<std::shared_ptr<precice::xml::XMLTag> > >&, std::vector<std::shared_ptr<precice::xml::ConfigParser::CTag>, std::allocator<std::shared_ptr<precice::xml::ConfigParser::CTag> > >&) in /home/precice/precice-install/lib/libprecice.so.2
[33mopenfoam-adapter-outer    |[0m  5# precice::xml::ConfigParser::connectTags(precice::xml::ConfigurationContext const&, std::vector<std::shared_ptr<precice::xml::XMLTag>, std::allocator<std::shared_ptr<precice::xml::XMLTag> > >&, std::vector<std::shared_ptr<precice::xml::ConfigParser::CTag>, std::allocator<std::shared_ptr<precice::xml::ConfigParser::CTag> > >&) in /home/precice/precice-install/lib/libprecice.so.2
[33mopenfoam-adapter-outer    |[0m  6# precice::xml::ConfigParser::connectTags(precice::xml::ConfigurationContext const&, std::vector<std::shared_ptr<precice::xml::XMLTag>, std::allocator<std::shared_ptr<precice::xml::XMLTag> > >&, std::vector<std::shared_ptr<precice::xml::ConfigParser::CTag>, std::allocator<std::shared_ptr<precice::xml::ConfigParser::CTag> > >&) in /home/precice/precice-install/lib/libprecice.so.2
[33mopenfoam-adapter-outer    |[0m  7# precice::xml::ConfigParser::connectTags(precice::xml::ConfigurationContext const&, std::vector<std::shared_ptr<precice::xml::XMLTag>, std::allocator<std::shared_ptr<precice::xml::XMLTag> > >&, std::vector<std::shared_ptr<precice::xml::ConfigParser::CTag>, std::allocator<std::shared_ptr<precice::xml::ConfigParser::CTag> > >&) in /home/precice/precice-install/lib/libprecice.so.2
[33mopenfoam-adapter-outer    |[0m  8# precice::xml::ConfigParser::ConfigParser(std::__cxx11::basic_string<char, std::char_traits<char>, std::allocator<char> > const&, precice::xml::ConfigurationContext const&, std::shared_ptr<precice::xml::XMLTag>) in /home/precice/precice-install/lib/libprecice.so.2
[33mopenfoam-adapter-outer    |[0m  9# precice::xml::configure(precice::xml::XMLTag&, precice::xml::ConfigurationContext const&, std::__cxx11::basic_string<char, std::char_traits<char>, std::allocator<char> > const&) in /home/precice/precice-install/lib/libprecice.so.2
[33mopenfoam-adapter-outer    |[0m 10# precice::impl::SolverInterfaceImpl::configure(std::__cxx11::basic_string<char, std::char_traits<char>, std::allocator<char> > const&) in /home/precice/precice-install/lib/libprecice.so.2
[33mopenfoam-adapter-outer    |[0m 11# precice::impl::SolverInterfaceImpl::SolverInterfaceImpl(std::__cxx11::basic_string<char, std::char_traits<char>, std::allocator<char> >, std::__cxx11::basic_string<char, std::char_traits<char>, std::allocator<char> > const&, int, int, void*) in /home/precice/precice-install/lib/libprecice.so.2
[33mopenfoam-adapter-outer    |[0m 12# precice::impl::SolverInterfaceImpl::SolverInterfaceImpl(std::__cxx11::basic_string<char, std::char_traits<char>, std::allocator<char> >, std::__cxx11::basic_string<char, std::char_traits<char>, std::allocator<char> > const&, int, int) in /home/precice/precice-install/lib/libprecice.so.2
[33mopenfoam-adapter-outer    |[0m 13# precice::SolverInterface::SolverInterface(std::__cxx11::basic_string<char, std::char_traits<char>, std::allocator<char> > const&, std::__cxx11::basic_string<char, std::char_traits<char>, std::allocator<char> > const&, int, int) in /home/precice/precice-install/lib/libprecice.so.2
[33mopenfoam-adapter-outer    |[0m 14# preciceAdapter::Adapter::configure() in /home/precice/OpenFOAM/root-5.0/platforms/linux64GccDPInt32Opt/lib/libpreciceAdapterFunctionObject.so
[33mopenfoam-adapter-outer    |[0m 15# Foam::functionObjects::preciceAdapterFunctionObject::read(Foam::dictionary const&) in /home/precice/OpenFOAM/root-5.0/platforms/linux64GccDPInt32Opt/lib/libpreciceAdapterFunctionObject.so
[33mopenfoam-adapter-outer    |[0m 16# Foam::functionObjects::preciceAdapterFunctionObject::preciceAdapterFunctionObject(Foam::word const&, Foam::Time const&, Foam::dictionary const&) in /home/precice/OpenFOAM/root-5.0/platforms/linux64GccDPInt32Opt/lib/libpreciceAdapterFunctionObject.so
[33mopenfoam-adapter-outer    |[0m 17# Foam::functionObject::adddictionaryConstructorToTable<Foam::functionObjects::preciceAdapterFunctionObject>::New(Foam::word const&, Foam::Time const&, Foam::dictionary const&) in /home/precice/OpenFOAM/root-5.0/platforms/linux64GccDPInt32Opt/lib/libpreciceAdapterFunctionObject.so
[33mopenfoam-adapter-outer    |[0m 18# Foam::functionObject::New(Foam::word const&, Foam::Time const&, Foam::dictionary const&) in /opt/openfoam5/platforms/linux64GccDPInt32Opt/lib/libOpenFOAM.so
[33mopenfoam-adapter-outer    |[0m 19# Foam::functionObjectList::read() in /opt/openfoam5/platforms/linux64GccDPInt32Opt/lib/libOpenFOAM.so
[33mopenfoam-adapter-outer    |[0m 20# Foam::Time::run() const in /opt/openfoam5/platforms/linux64GccDPInt32Opt/lib/libOpenFOAM.so
[33mopenfoam-adapter-outer    |[0m 21# 0x00005575350D8188 in buoyantPimpleFoam
[33mopenfoam-adapter-outer    |[0m 22# __libc_start_main in /lib/x86_64-linux-gnu/libc.so.6
[33mopenfoam-adapter-outer    |[0m 23# 0x00005575350DEAAA in buoyantPimpleFoam
[33mopenfoam-adapter-outer    |[0m [2dd4eb2f6457:00161] *** Process received signal ***
[33mopenfoam-adapter-outer    |[0m [2dd4eb2f6457:00161] Signal: Aborted (6)
[33mopenfoam-adapter-outer    |[0m [2dd4eb2f6457:00161] Signal code:  (-6)
[33mopenfoam-adapter-outer    |[0m [2dd4eb2f6457:00161] [ 0] /lib/x86_64-linux-gnu/libc.so.6(+0x3f040)[0x7f735a599040]
[33mopenfoam-adapter-outer    |[0m 
[33mopenfoam-adapter-outer    |[0m buoyantPimpleFoam: /home/precice/precice/src/xml/XMLTag.cpp:133: bool precice::xml::XMLTag::getBooleanAttributeValue(const string&) const: Assertion `false' failed.
[33mopenfoam-adapter-outer    |[0m [2dd4eb2f6457:00161] [ 1] /lib/x86_64-linux-gnu/libc.so.6(gsignal+0xc7)[0x7f735a598fb7]
[33mopenfoam-adapter-outer    |[0m [2dd4eb2f6457:00161] [ 2] /lib/x86_64-linux-gnu/libc.so.6(abort+0x141)[0x7f735a59a921]
[33mopenfoam-adapter-outer    |[0m [2dd4eb2f6457:00161] [ 3] /lib/x86_64-linux-gnu/libc.so.6(+0x3048a)[0x7f735a58a48a]
[33mopenfoam-adapter-outer    |[0m [2dd4eb2f6457:00161] [ 4] /lib/x86_64-linux-gnu/libc.so.6(+0x30502)[0x7f735a58a502]
[33mopenfoam-adapter-outer    |[0m [2dd4eb2f6457:00161] [ 5] /home/precice/precice-install/lib/libprecice.so.2(_ZNK7precice3xml6XMLTag24getBooleanAttributeValueERKNSt7__cxx1112basic_stringIcSt11char_traitsIcESaIcEEE+0x1d7)[0x7f73548eb349]
[33mopenfoam-adapter-outer    |[0m [2dd4eb2f6457:00161] [ 6] /home/precice/precice-install/lib/libprecice.so.2(_ZN7precice12acceleration25AccelerationConfiguration14xmlTagCallbackERKNS_3xml20ConfigurationContextERNS2_6XMLTagE+0x95b)[0x7f735453d7f3]
[33mopenfoam-adapter-outer    |[0m [2dd4eb2f6457:00161] [ 7] /home/precice/precice-install/lib/libprecice.so.2(_ZN7precice3xml12ConfigParser11connectTagsERKNS0_20ConfigurationContextERSt6vectorISt10shared_ptrINS0_6XMLTagEESaIS8_EERS5_IS6_INS1_4CTagEESaISD_EE+0x4ad)[0x7f73548b0399]
[33mopenfoam-adapter-outer    |[0m [2dd4eb2f6457:00161] [ 8] /home/precice/precice-install/lib/libprecice.so.2(_ZN7precice3xml12ConfigParser11connectTagsERKNS0_20ConfigurationContextERSt6vectorISt10shared_ptrINS0_6XMLTagEESaIS8_EERS5_IS6_INS1_4CTagEESaISD_EE+0x505)[0x7f73548b03f1]
[33mopenfoam-adapter-outer    |[0m [2dd4eb2f6457:00161] [ 9] /home/precice/precice-install/lib/libprecice.so.2(_ZN7precice3xml12ConfigParser11connectTagsERKNS0_20ConfigurationContextERSt6vectorISt10shared_ptrINS0_6XMLTagEESaIS8_EERS5_IS6_INS1_4CTagEESaISD_EE+0x505)[0x7f73548b03f1]
[33mopenfoam-adapter-outer    |[0m [2dd4eb2f6457:00161] [10] /home/precice/precice-install/lib/libprecice.so.2(_ZN7precice3xml12ConfigParser11connectTagsERKNS0_20ConfigurationContextERSt6vectorISt10shared_ptrINS0_6XMLTagEESaIS8_EERS5_IS6_INS1_4CTagEESaISD_EE+0x505)[0x7f73548b03f1]
[33mopenfoam-adapter-outer    |[0m [2dd4eb2f6457:00161] [11] /home/precice/precice-install/lib/libprecice.so.2(_ZN7precice3xml12ConfigParser11connectTagsERKNS0_20ConfigurationContextERSt6vectorISt10shared_ptrINS0_6XMLTagEESaIS8_EERS5_IS6_INS1_4CTagEESaISD_EE+0x505)[0x7f73548b03f1]
[33mopenfoam-adapter-outer    |[0m [2dd4eb2f6457:00161] [12] /home/precice/precice-install/lib/libprecice.so.2(_ZN7precice3xml12ConfigParserC1ERKNSt7__cxx1112basic_stringIcSt11char_traitsIcESaIcEEERKNS0_20ConfigurationContextESt10shared_ptrINS0_6XMLTagEE+0x193)[0x7f73548af1dd]
[33mopenfoam-adapter-outer    |[0m [2dd4eb2f6457:00161] [13] /home/precice/precice-install/lib/libprecice.so.2(_ZN7precice3xml9configureERNS0_6XMLTagERKNS0_20ConfigurationContextERKNSt7__cxx1112basic_stringIcSt11char_traitsIcESaIcEEE+0x298)[0x7f73548ed5d9]
[33mopenfoam-adapter-outer    |[0m [2dd4eb2f6457:00161] [14] /home/precice/precice-install/lib/libprecice.so.2(_ZN7precice4impl19SolverInterfaceImpl9configureERKNSt7__cxx1112basic_stringIcSt11char_traitsIcESaIcEEE+0xeb)[0x7f735481cf0d]
[33mopenfoam-adapter-outer    |[0m [2dd4eb2f6457:00161] [15] /home/precice/precice-install/lib/libprecice.so.2(_ZN7precice4impl19SolverInterfaceImplC2ENSt7__cxx1112basic_stringIcSt11char_traitsIcESaIcEEERKS7_iiPv+0x4ad)[0x7f735481c4cd]
[33mopenfoam-adapter-outer    |[0m [2dd4eb2f6457:00161] [16] /home/precice/precice-install/lib/libprecice.so.2(_ZN7precice4impl19SolverInterfaceImplC2ENSt7__cxx1112basic_stringIcSt11char_traitsIcESaIcEEERKS7_ii+0x6c)[0x7f735481c858]
[33mopenfoam-adapter-outer    |[0m [2dd4eb2f6457:00161] [17] /home/precice/precice-install/lib/libprecice.so.2(_ZN7precice15SolverInterfaceC2ERKNSt7__cxx1112basic_stringIcSt11char_traitsIcESaIcEEES8_ii+0x74)[0x7f73547fc79a]
[33mopenfoam-adapter-outer    |[0m [2dd4eb2f6457:00161] [18] /home/precice/OpenFOAM/root-5.0/platforms/linux64GccDPInt32Opt/lib/libpreciceAdapterFunctionObject.so(_ZN14preciceAdapter7Adapter9configureEv+0x354)[0x7f73555d99d4]
[33mopenfoam-adapter-outer    |[0m [2dd4eb2f6457:00161] [19] /home/precice/OpenFOAM/root-5.0/platforms/linux64GccDPInt32Opt/lib/libpreciceAdapterFunctionObject.so(_ZN4Foam15functionObjects28preciceAdapterFunctionObject4readERKNS_10dictionaryE+0xd)[0x7f735560fa4d]
[33mopenfoam-adapter-outer    |[0m [2dd4eb2f6457:00161] [20] /home/precice/OpenFOAM/root-5.0/platforms/linux64GccDPInt32Opt/lib/libpreciceAdapterFunctionObject.so(_ZN4Foam15functionObjects28preciceAdapterFunctionObjectC2ERKNS_4wordERKNS_4TimeERKNS_10dictionaryE+0x44)[0x7f735560fb04]
[33mopenfoam-adapter-outer    |[0m [2dd4eb2f6457:00161] [21] /home/precice/OpenFOAM/root-5.0/platforms/linux64GccDPInt32Opt/lib/libpreciceAdapterFunctionObject.so(_ZN4Foam14functionObject31adddictionaryConstructorToTableINS_15functionObjects28preciceAdapterFunctionObjectEE3NewERKNS_4wordERKNS_4TimeERKNS_10dictionaryE+0x32)[0x7f735560ff52]
[33mopenfoam-adapter-outer    |[0m [2dd4eb2f6457:00161] [22] /opt/openfoam5/platforms/linux64GccDPInt32Opt/lib/libOpenFOAM.so(_ZN4Foam14functionObject3NewERKNS_4wordERKNS_4TimeERKNS_10dictionaryE+0x6d5)[0x7f735b8b37f5]
[33mopenfoam-adapter-outer    |[0m [2dd4eb2f6457:00161] [23] /opt/openfoam5/platforms/linux64GccDPInt32Opt/lib/libOpenFOAM.so(_ZN4Foam18functionObjectList4readEv+0x985)[0x7f735b8b6485]
[33mopenfoam-adapter-outer    |[0m [2dd4eb2f6457:00161] [24] /opt/openfoam5/platforms/linux64GccDPInt32Opt/lib/libOpenFOAM.so(_ZNK4Foam4Time3runEv+0xe5)[0x7f735b8c75c5]
[33mopenfoam-adapter-outer    |[0m [2dd4eb2f6457:00161] [25] buoyantPimpleFoam(+0x36188)[0x5575350d8188]
[33mopenfoam-adapter-outer    |[0m [2dd4eb2f6457:00161] [26] /lib/x86_64-linux-gnu/libc.so.6(__libc_start_main+0xe7)[0x7f735a57bbf7]
[33mopenfoam-adapter-outer    |[0m [2dd4eb2f6457:00161] [27] buoyantPimpleFoam(+0x3caaa)[0x5575350deaaa]
[33mopenfoam-adapter-outer    |[0m [2dd4eb2f6457:00161] *** End of error message ***
[33mopenfoam-adapter-outer    |[0m /bin/bash: line 1:   161 Aborted                 (core dumped) buoyantPimpleFoam -case /home/precice/Data/Input
