Attaching to calculix-adapter-solid, openfoam-adapter-fluid, tutorial-data
[36mcalculix-adapter-solid    |[0m 
[36mcalculix-adapter-solid    |[0m ************************************************************
[36mcalculix-adapter-solid    |[0m 
[36mcalculix-adapter-solid    |[0m CalculiX Version 2.16, Copyright(C) 1998-2019 Guido Dhondt
[36mcalculix-adapter-solid    |[0m CalculiX comes with ABSOLUTELY NO WARRANTY. This is free
[36mcalculix-adapter-solid    |[0m software, and you are welcome to redistribute it under
[36mcalculix-adapter-solid    |[0m certain conditions, see gpl.htm
[36mcalculix-adapter-solid    |[0m 
[36mcalculix-adapter-solid    |[0m ************************************************************
[36mcalculix-adapter-solid    |[0m 
[36mcalculix-adapter-solid    |[0m You are using an executable made on Mo 25. Nov 18:56:47 CET 2019
[36mcalculix-adapter-solid    |[0m 
[36mcalculix-adapter-solid    |[0m   The numbers below are estimated upper bounds
[36mcalculix-adapter-solid    |[0m 
[36mcalculix-adapter-solid    |[0m   number of:
[36mcalculix-adapter-solid    |[0m 
[36mcalculix-adapter-solid    |[0m    nodes:          126
[36mcalculix-adapter-solid    |[0m    elements:           40
[36mcalculix-adapter-solid    |[0m    one-dimensional elements:            0
[36mcalculix-adapter-solid    |[0m    two-dimensional elements:            0
[36mcalculix-adapter-solid    |[0m    integration points per element:           27
[36mcalculix-adapter-solid    |[0m    degrees of freedom per node:            3
[36mcalculix-adapter-solid    |[0m    layers per element:            1
[36mcalculix-adapter-solid    |[0m 
[36mcalculix-adapter-solid    |[0m    distributed facial loads:            0
[36mcalculix-adapter-solid    |[0m    distributed volumetric loads:            0
[36mcalculix-adapter-solid    |[0m    concentrated loads:          258
[36mcalculix-adapter-solid    |[0m    single point constraints:          396
[36mcalculix-adapter-solid    |[0m    multiple point constraints:            1
[36mcalculix-adapter-solid    |[0m    terms in all multiple point constraints:            1
[36mcalculix-adapter-solid    |[0m    tie constraints:            0
[36mcalculix-adapter-solid    |[0m    dependent nodes tied by cyclic constraints:            0
[36mcalculix-adapter-solid    |[0m    dependent nodes in pre-tension constraints:            0
[36mcalculix-adapter-solid    |[0m 
[36mcalculix-adapter-solid    |[0m    sets:            4
[36mcalculix-adapter-solid    |[0m    terms in all sets:          384
[36mcalculix-adapter-solid    |[0m 
[36mcalculix-adapter-solid    |[0m    materials:            1
[36mcalculix-adapter-solid    |[0m    constants per material and temperature:            2
[36mcalculix-adapter-solid    |[0m    temperature points per material:            1
[36mcalculix-adapter-solid    |[0m    plastic data points per material:            0
[36mcalculix-adapter-solid    |[0m 
[36mcalculix-adapter-solid    |[0m    orientations:            0
[36mcalculix-adapter-solid    |[0m    amplitudes:            3
[36mcalculix-adapter-solid    |[0m    data points in all amplitudes:            3
[36mcalculix-adapter-solid    |[0m    print requests:            0
[36mcalculix-adapter-solid    |[0m    transformations:            0
[36mcalculix-adapter-solid    |[0m    property cards:            0
[36mcalculix-adapter-solid    |[0m 
[36mcalculix-adapter-solid    |[0m  *INFO reading *STEP: nonlinear geometric
[36mcalculix-adapter-solid    |[0m        effects are turned on
[36mcalculix-adapter-solid    |[0m 
[36mcalculix-adapter-solid    |[0m 
[36mcalculix-adapter-solid    |[0m  STEP            1
[36mcalculix-adapter-solid    |[0m 
[36mcalculix-adapter-solid    |[0m  Dynamic analysis was selected
[36mcalculix-adapter-solid    |[0m 
[36mcalculix-adapter-solid    |[0m  Newton-Raphson iterative procedure is active
[36mcalculix-adapter-solid    |[0m 
[36mcalculix-adapter-solid    |[0m  Nonlinear geometric effects are taken into account
[36mcalculix-adapter-solid    |[0m 
[36mcalculix-adapter-solid    |[0m  Decascading the MPC's
[36mcalculix-adapter-solid    |[0m 
[36mcalculix-adapter-solid    |[0m  Determining the structure of the matrix:
[36mcalculix-adapter-solid    |[0m  number of equations
[36mcalculix-adapter-solid    |[0m  240
[36mcalculix-adapter-solid    |[0m  number of nonzero lower triangular matrix elements
[36mcalculix-adapter-solid    |[0m  3128
[36mcalculix-adapter-solid    |[0m 
[36mcalculix-adapter-solid    |[0m Starting FSI analysis via preCICE using the geometrically non-linear CalculiX solver...
[36mcalculix-adapter-solid    |[0m  Using up to 1 cpu(s) for the stress calculation.
[36mcalculix-adapter-solid    |[0m 
[36mcalculix-adapter-solid    |[0m  Using up to 1 cpu(s) for the energy calculation.
[36mcalculix-adapter-solid    |[0m 
[36mcalculix-adapter-solid    |[0m  Using up to 1 cpu(s) for the symmetric stiffness/mass contributions.
[36mcalculix-adapter-solid    |[0m 
[36mcalculix-adapter-solid    |[0m  Factoring the system of equations using the symmetric spooles solver
[36mcalculix-adapter-solid    |[0m  Using 1 cpu for spooles.
[36mcalculix-adapter-solid    |[0m 
[36mcalculix-adapter-solid    |[0m  Using up to 1 cpu(s) for the stress calculation.
[36mcalculix-adapter-solid    |[0m 
[36mcalculix-adapter-solid    |[0m  Using up to 1 cpu(s) for the energy calculation.
[36mcalculix-adapter-solid    |[0m 
[36mcalculix-adapter-solid    |[0m Setting up preCICE participant Calculix, using config file: config.yml
[36mcalculix-adapter-solid    |[0m --------------------------------------------------------------------------
[36mcalculix-adapter-solid    |[0m [[26668,1],0]: A high-performance Open MPI point-to-point messaging module
[36mcalculix-adapter-solid    |[0m was unable to find any relevant network interfaces:
[36mcalculix-adapter-solid    |[0m 
[36mcalculix-adapter-solid    |[0m Module: OpenFabrics (openib)
[36mcalculix-adapter-solid    |[0m   Host: 77cd5dc9512d
[36mcalculix-adapter-solid    |[0m 
[36mcalculix-adapter-solid    |[0m Another transport will be used instead, although this may result in
[36mcalculix-adapter-solid    |[0m lower performance.
[36mcalculix-adapter-solid    |[0m 
[36mcalculix-adapter-solid    |[0m NOTE: You can disable this warning by setting the MCA parameter
[36mcalculix-adapter-solid    |[0m btl_base_warn_component_unused to 0.
[36mcalculix-adapter-solid    |[0m --------------------------------------------------------------------------
[36mcalculix-adapter-solid    |[0m ---[precice] [0m This is preCICE version 2.2.0
[36mcalculix-adapter-solid    |[0m ---[precice] [0m Revision info: no-info [Git failed/Not a repository]
[36mcalculix-adapter-solid    |[0m ---[precice] [0m Configuration: Debug
[36mcalculix-adapter-solid    |[0m ---[precice] [0m Configuring preCICE with configuration "./precice-config.xml"
[36mcalculix-adapter-solid    |[0m ---[precice] [0m I am participant "Calculix"
[36mcalculix-adapter-solid    |[0m Set ID Found 
[36mcalculix-adapter-solid    |[0m Read data 'Forces0' found with ID # '2'.
[36mcalculix-adapter-solid    |[0m Write data 'Displacements0' found with ID # '3'.
[36mcalculix-adapter-solid    |[0m ---[precice] [0m Setting up master communication to coupling partner/s
[36mcalculix-adapter-solid    |[0m ---[precice] [0m Masters are connected
[36mcalculix-adapter-solid    |[0m ---[precice] [0m Setting up preliminary slaves communication to coupling partner/s
[36mcalculix-adapter-solid    |[0m ---[precice] [0m Prepare partition for mesh Solid
[36mcalculix-adapter-solid    |[0m ---[precice] [0m Gather mesh Solid
[36mcalculix-adapter-solid    |[0m ---[precice] [0m Send global mesh Solid
[36mcalculix-adapter-solid    |[0m ---[precice] [0m Setting up slaves communication to coupling partner/s
[36mcalculix-adapter-solid    |[0m ---[precice] [0m Slaves are connected
[36mcalculix-adapter-solid    |[0m ---[precice] [0m iteration: 1, time-window: 1, time: 0 of 1, time-window-size: 0.01, max-timestep-length: 0.01, ongoing: yes, time-window-complete: no, 
[36mcalculix-adapter-solid    |[0m Initializing coupling data
[36mcalculix-adapter-solid    |[0m Adapter writing coupling data...
[36mcalculix-adapter-solid    |[0m ---[precice] [0m initializeData is skipped since no data has to be initialized.
[36mcalculix-adapter-solid    |[0m Adapter reading coupling data...
[36mcalculix-adapter-solid    |[0m Reading FORCES coupling data with ID '2'. 
[36mcalculix-adapter-solid    |[0m Adjusting time step for transient step
[36mcalculix-adapter-solid    |[0m precice_dt dtheta = 0.001000, dtheta = 0.001000, solver_dt = 0.010000
[36mcalculix-adapter-solid    |[0m Adapter reading coupling data...
[36mcalculix-adapter-solid    |[0m Reading FORCES coupling data with ID '2'. 
[36mcalculix-adapter-solid    |[0m  increment 1 attempt 1 
[36mcalculix-adapter-solid    |[0m  increment size= 1.000000e-02
[36mcalculix-adapter-solid    |[0m  sum of previous increments=0.000000e+00
[36mcalculix-adapter-solid    |[0m  actual step time=1.000000e-02
[36mcalculix-adapter-solid    |[0m  actual total time=1.000000e-02
[36mcalculix-adapter-solid    |[0m 
[36mcalculix-adapter-solid    |[0m  iteration 1
[36mcalculix-adapter-solid    |[0m 
[36mcalculix-adapter-solid    |[0m  Using up to 1 cpu(s) for the stress calculation.
[36mcalculix-adapter-solid    |[0m 
[36mcalculix-adapter-solid    |[0m  Using up to 1 cpu(s) for the energy calculation.
[36mcalculix-adapter-solid    |[0m 
[36mcalculix-adapter-solid    |[0m  Using up to 1 cpu(s) for the symmetric stiffness/mass contributions.
[36mcalculix-adapter-solid    |[0m 
[36mcalculix-adapter-solid    |[0m  Factoring the system of equations using the symmetric spooles solver
[36mcalculix-adapter-solid    |[0m  Using 1 cpu for spooles.
[36mcalculix-adapter-solid    |[0m 
[36mcalculix-adapter-solid    |[0m  Using up to 1 cpu(s) for the stress calculation.
[36mcalculix-adapter-solid    |[0m 
[36mcalculix-adapter-solid    |[0m  Using up to 1 cpu(s) for the energy calculation.
[36mcalculix-adapter-solid    |[0m 
[36mcalculix-adapter-solid    |[0m  average force= 0.881979
[36mcalculix-adapter-solid    |[0m  time avg. forc= 0.881979
[36mcalculix-adapter-solid    |[0m  largest residual force= 0.029513 in node 88 and dof 1
[36mcalculix-adapter-solid    |[0m  largest increment of disp= 2.532072e-04
[36mcalculix-adapter-solid    |[0m  largest correction to disp= 2.532072e-04 in node 98 and dof 1
[36mcalculix-adapter-solid    |[0m 
[36mcalculix-adapter-solid    |[0m  no convergence
[36mcalculix-adapter-solid    |[0m 
[36mcalculix-adapter-solid    |[0m  iteration 2
[36mcalculix-adapter-solid    |[0m 
[36mcalculix-adapter-solid    |[0m  Using up to 1 cpu(s) for the symmetric stiffness/mass contributions.
[36mcalculix-adapter-solid    |[0m 
[36mcalculix-adapter-solid    |[0m  Factoring the system of equations using the symmetric spooles solver
[36mcalculix-adapter-solid    |[0m  Using 1 cpu for spooles.
[36mcalculix-adapter-solid    |[0m 
[36mcalculix-adapter-solid    |[0m  Using up to 1 cpu(s) for the stress calculation.
[36mcalculix-adapter-solid    |[0m 
[36mcalculix-adapter-solid    |[0m  Using up to 1 cpu(s) for the energy calculation.
[36mcalculix-adapter-solid    |[0m 
[36mcalculix-adapter-solid    |[0m  average force= 0.883003
[36mcalculix-adapter-solid    |[0m  time avg. forc= 0.883003
[36mcalculix-adapter-solid    |[0m  largest residual force= 0.000000 in node 86 and dof 1
[36mcalculix-adapter-solid    |[0m  largest increment of disp= 2.532072e-04
[36mcalculix-adapter-solid    |[0m  largest correction to disp= 3.571416e-07 in node 88 and dof 1
[36mcalculix-adapter-solid    |[0m 
[36mcalculix-adapter-solid    |[0m  convergence
[36mcalculix-adapter-solid    |[0m 
[36mcalculix-adapter-solid    |[0m Adapter writing coupling data...
[36mcalculix-adapter-solid    |[0m Writing DISPLACEMENTS coupling data with ID '3'. 
[36mcalculix-adapter-solid    |[0m Adapter calling advance()...
[36mcalculix-adapter-solid    |[0m ---[precice] [0m Time window completed
[36mcalculix-adapter-solid    |[0m ---[precice] [0m iteration: 1, time-window: 2, time: 0.01 of 1, time-window-size: 0.01, max-timestep-length: 0.01, ongoing: yes, time-window-complete: yes, 
[36mcalculix-adapter-solid    |[0m  initial energy (at start of step) = 0.000000e+00
[36mcalculix-adapter-solid    |[0m 
[36mcalculix-adapter-solid    |[0m  since start of the step: 
[36mcalculix-adapter-solid    |[0m  external work = 5.463611e-02
[36mcalculix-adapter-solid    |[0m  work performed by the damping forces = 0.000000e+00
[36mcalculix-adapter-solid    |[0m  netto work = 5.463611e-02
[36mcalculix-adapter-solid    |[0m 
[36mcalculix-adapter-solid    |[0m  actual energy: 
[36mcalculix-adapter-solid    |[0m  internal energy = 8.472973e-03
[36mcalculix-adapter-solid    |[0m  kinetic energy = 4.813633e-02
[36mcalculix-adapter-solid    |[0m  elastic contact energy = 0.000000e+00
[36mcalculix-adapter-solid    |[0m  energy lost due to friction = 0.000000e+00
[36mcalculix-adapter-solid    |[0m  total energy  = 5.660930e-02
[36mcalculix-adapter-solid    |[0m 
[36mcalculix-adapter-solid    |[0m  energy increase = 5.660930e-02
[36mcalculix-adapter-solid    |[0m 
[36mcalculix-adapter-solid    |[0m  energy balance (absolute) = 1.973185e-03 
[36mcalculix-adapter-solid    |[0m  energy balance (relative) = 3.611504 % 
[36mcalculix-adapter-solid    |[0m 
[36mcalculix-adapter-solid    |[0m  Using up to 1 cpu(s) for the stress calculation.
[36mcalculix-adapter-solid    |[0m 
[36mcalculix-adapter-solid    |[0m Adjusting time step for transient step
[36mcalculix-adapter-solid    |[0m precice_dt dtheta = 0.001000, dtheta = 0.001000, solver_dt = 0.010000
[36mcalculix-adapter-solid    |[0m Adapter reading coupling data...
[36mcalculix-adapter-solid    |[0m Reading FORCES coupling data with ID '2'. 
[36mcalculix-adapter-solid    |[0m  increment 2 attempt 1 
[36mcalculix-adapter-solid    |[0m  increment size= 1.000000e-02
[36mcalculix-adapter-solid    |[0m  sum of previous increments=1.000000e-02
[36mcalculix-adapter-solid    |[0m  actual step time=2.000000e-02
[36mcalculix-adapter-solid    |[0m  actual total time=2.000000e-02
[36mcalculix-adapter-solid    |[0m 
[36mcalculix-adapter-solid    |[0m  iteration 1
[36mcalculix-adapter-solid    |[0m 
[36mcalculix-adapter-solid    |[0m  Using up to 1 cpu(s) for the stress calculation.
[36mcalculix-adapter-solid    |[0m 
[36mcalculix-adapter-solid    |[0m  Using up to 1 cpu(s) for the energy calculation.
[36mcalculix-adapter-solid    |[0m 
[36mcalculix-adapter-solid    |[0m  Using up to 1 cpu(s) for the symmetric stiffness/mass contributions.
[36mcalculix-adapter-solid    |[0m 
[36mcalculix-adapter-solid    |[0m  Factoring the system of equations using the symmetric spooles solver
[36mcalculix-adapter-solid    |[0m  Using 1 cpu for spooles.
[36mcalculix-adapter-solid    |[0m 
[33mopenfoam-adapter-fluid    |[0m /*---------------------------------------------------------------------------*\
[33mopenfoam-adapter-fluid    |[0m | =========                 |                                                 |
[33mopenfoam-adapter-fluid    |[0m | \\      /  F ield         | OpenFOAM: The Open Source CFD Toolbox           |
[33mopenfoam-adapter-fluid    |[0m |  \\    /   O peration     | Version:  2006                                  |
[33mopenfoam-adapter-fluid    |[0m |   \\  /    A nd           | Website:  www.openfoam.com                      |
[33mopenfoam-adapter-fluid    |[0m |    \\/     M anipulation  |                                                 |
[33mopenfoam-adapter-fluid    |[0m \*---------------------------------------------------------------------------*/
[33mopenfoam-adapter-fluid    |[0m Build  : 295eef47-20201012 OPENFOAM=2006 patch=201012
[33mopenfoam-adapter-fluid    |[0m Arch   : "LSB;label=32;scalar=64"
[33mopenfoam-adapter-fluid    |[0m Exec   : blockMesh -case /home/precice/Data/Input
[33mopenfoam-adapter-fluid    |[0m Date   : Jan 28 2021
[33mopenfoam-adapter-fluid    |[0m Time   : 17:09:36
[33mopenfoam-adapter-fluid    |[0m Host   : f527afef0f49
[33mopenfoam-adapter-fluid    |[0m PID    : 277
[33mopenfoam-adapter-fluid    |[0m I/O    : uncollated
[33mopenfoam-adapter-fluid    |[0m Case   : /home/precice/Data/Input
[33mopenfoam-adapter-fluid    |[0m nProcs : 1
[33mopenfoam-adapter-fluid    |[0m trapFpe: Floating point exception trapping enabled (FOAM_SIGFPE).
[33mopenfoam-adapter-fluid    |[0m fileModificationChecking : Monitoring run-time modified files using timeStampMaster (fileModificationSkew 5, maxFileModificationPolls 20)
[33mopenfoam-adapter-fluid    |[0m allowSystemOperations : Allowing user-supplied system call operations
[33mopenfoam-adapter-fluid    |[0m 
[33mopenfoam-adapter-fluid    |[0m // * * * * * * * * * * * * * * * * * * * * * * * * * * * * * * * * * * * * * //
[33mopenfoam-adapter-fluid    |[0m Create time
[33mopenfoam-adapter-fluid    |[0m 
[33mopenfoam-adapter-fluid    |[0m Creating block mesh from "system/blockMeshDict"
[33mopenfoam-adapter-fluid    |[0m Creating block edges
[33mopenfoam-adapter-fluid    |[0m No non-planar block faces defined
[33mopenfoam-adapter-fluid    |[0m Creating topology blocks
[33mopenfoam-adapter-fluid    |[0m Creating topology patches
[33mopenfoam-adapter-fluid    |[0m 
[33mopenfoam-adapter-fluid    |[0m Creating block mesh topology
[33mopenfoam-adapter-fluid    |[0m 
[33mopenfoam-adapter-fluid    |[0m Check topology
[33mopenfoam-adapter-fluid    |[0m 
[33mopenfoam-adapter-fluid    |[0m 	Basic statistics
[33mopenfoam-adapter-fluid    |[0m 		Number of internal faces : 4
[33mopenfoam-adapter-fluid    |[0m 		Number of boundary faces : 22
[33mopenfoam-adapter-fluid    |[0m 		Number of defined boundary faces : 22
[33mopenfoam-adapter-fluid    |[0m 		Number of undefined boundary faces : 0
[33mopenfoam-adapter-fluid    |[0m 	Checking patch -> block consistency
[33mopenfoam-adapter-fluid    |[0m 
[33mopenfoam-adapter-fluid    |[0m Creating block offsets
[33mopenfoam-adapter-fluid    |[0m Creating merge list (topological search)...
[33mopenfoam-adapter-fluid    |[0m 
[33mopenfoam-adapter-fluid    |[0m Creating polyMesh from blockMesh
[33mopenfoam-adapter-fluid    |[0m Creating patches
[33mopenfoam-adapter-fluid    |[0m Creating cells
[33mopenfoam-adapter-fluid    |[0m Creating points with scale 1
[33mopenfoam-adapter-fluid    |[0m     Block 0 cell size :
[33mopenfoam-adapter-fluid    |[0m         i : 0.136132 .. 0.0680662
[33mopenfoam-adapter-fluid    |[0m         j : 0.0666667 .. 0.0666667
[33mopenfoam-adapter-fluid    |[0m         k : 0.3 .. 0.3
[33mopenfoam-adapter-fluid    |[0m 
[33mopenfoam-adapter-fluid    |[0m     Block 1 cell size :
[33mopenfoam-adapter-fluid    |[0m         i : 0.0680662 .. 0.136132
[33mopenfoam-adapter-fluid    |[0m         j : 0.0666667 .. 0.0666667
[33mopenfoam-adapter-fluid    |[0m         k : 0.3 .. 0.3
[33mopenfoam-adapter-fluid    |[0m 
[33mopenfoam-adapter-fluid    |[0m     Block 2 cell size :
[33mopenfoam-adapter-fluid    |[0m         i : 0.136132 .. 0.0680662
[33mopenfoam-adapter-fluid    |[0m         j : 0.0692199 .. 0.13844
[33mopenfoam-adapter-fluid    |[0m         k : 0.3 .. 0.3
[33mopenfoam-adapter-fluid    |[0m 
[33mopenfoam-adapter-fluid    |[0m     Block 3 cell size :
[33mopenfoam-adapter-fluid    |[0m         i : 0.0333333 .. 0.0333333
[33mopenfoam-adapter-fluid    |[0m         j : 0.0692199 .. 0.13844
[33mopenfoam-adapter-fluid    |[0m         k : 0.3 .. 0.3
[33mopenfoam-adapter-fluid    |[0m 
[33mopenfoam-adapter-fluid    |[0m     Block 4 cell size :
[33mopenfoam-adapter-fluid    |[0m         i : 0.0680662 .. 0.136132
[33mopenfoam-adapter-fluid    |[0m         j : 0.0692199 .. 0.13844
[33mopenfoam-adapter-fluid    |[0m         k : 0.3 .. 0.3
[33mopenfoam-adapter-fluid    |[0m 
[33mopenfoam-adapter-fluid    |[0m 
[33mopenfoam-adapter-fluid    |[0m There are no merge patch pairs
[33mopenfoam-adapter-fluid    |[0m 
[33mopenfoam-adapter-fluid    |[0m Writing polyMesh with 0 cellZones
[33mopenfoam-adapter-fluid    |[0m ----------------
[33mopenfoam-adapter-fluid    |[0m Mesh Information
[33mopenfoam-adapter-fluid    |[0m ----------------
[33mopenfoam-adapter-fluid    |[0m   boundingBox: (-3 0 0) (3 0.3 4)
[33mopenfoam-adapter-fluid    |[0m   nPoints: 5828
[33mopenfoam-adapter-fluid    |[0m   nCells: 2790
[33mopenfoam-adapter-fluid    |[0m   nFaces: 11283
[33mopenfoam-adapter-fluid    |[0m   nInternalFaces: 5457
[33mopenfoam-adapter-fluid    |[0m ----------------
[33mopenfoam-adapter-fluid    |[0m Patches
[33mopenfoam-adapter-fluid    |[0m ----------------
[33mopenfoam-adapter-fluid    |[0m   patch 0 (start: 5457 size: 45) name: inlet
[33mopenfoam-adapter-fluid    |[0m   patch 1 (start: 5502 size: 45) name: outlet
[33mopenfoam-adapter-fluid    |[0m   patch 2 (start: 5547 size: 33) name: flap
[33mopenfoam-adapter-fluid    |[0m   patch 3 (start: 5580 size: 63) name: upperWall
[33mopenfoam-adapter-fluid    |[0m   patch 4 (start: 5643 size: 60) name: lowerWall
[33mopenfoam-adapter-fluid    |[0m   patch 5 (start: 5703 size: 5580) name: frontAndBack
[33mopenfoam-adapter-fluid    |[0m 
[33mopenfoam-adapter-fluid    |[0m End
[33mopenfoam-adapter-fluid    |[0m 
[33mopenfoam-adapter-fluid    |[0m /*---------------------------------------------------------------------------*\
[33mopenfoam-adapter-fluid    |[0m | =========                 |                                                 |
[33mopenfoam-adapter-fluid    |[0m | \\      /  F ield         | OpenFOAM: The Open Source CFD Toolbox           |
[33mopenfoam-adapter-fluid    |[0m |  \\    /   O peration     | Version:  2006                                  |
[33mopenfoam-adapter-fluid    |[0m |   \\  /    A nd           | Website:  www.openfoam.com                      |
[33mopenfoam-adapter-fluid    |[0m |    \\/     M anipulation  |                                                 |
[33mopenfoam-adapter-fluid    |[0m \*---------------------------------------------------------------------------*/
[33mopenfoam-adapter-fluid    |[0m Build  : 295eef47-20201012 OPENFOAM=2006 patch=201012
[33mopenfoam-adapter-fluid    |[0m Arch   : "LSB;label=32;scalar=64"
[33mopenfoam-adapter-fluid    |[0m Exec   : pimpleFoam -case /home/precice/Data/Input
[33mopenfoam-adapter-fluid    |[0m Date   : Jan 28 2021
[33mopenfoam-adapter-fluid    |[0m Time   : 17:09:36
[33mopenfoam-adapter-fluid    |[0m Host   : f527afef0f49
[33mopenfoam-adapter-fluid    |[0m PID    : 278
[33mopenfoam-adapter-fluid    |[0m I/O    : uncollated
[33mopenfoam-adapter-fluid    |[0m Case   : /home/precice/Data/Input
[33mopenfoam-adapter-fluid    |[0m nProcs : 1
[33mopenfoam-adapter-fluid    |[0m trapFpe: Floating point exception trapping enabled (FOAM_SIGFPE).
[33mopenfoam-adapter-fluid    |[0m fileModificationChecking : Monitoring run-time modified files using timeStampMaster (fileModificationSkew 5, maxFileModificationPolls 20)
[33mopenfoam-adapter-fluid    |[0m allowSystemOperations : Allowing user-supplied system call operations
[33mopenfoam-adapter-fluid    |[0m 
[33mopenfoam-adapter-fluid    |[0m // * * * * * * * * * * * * * * * * * * * * * * * * * * * * * * * * * * * * * //
[33mopenfoam-adapter-fluid    |[0m Create time
[33mopenfoam-adapter-fluid    |[0m 
[33mopenfoam-adapter-fluid    |[0m Create mesh for time = 0
[33mopenfoam-adapter-fluid    |[0m 
[33mopenfoam-adapter-fluid    |[0m Selecting dynamicFvMesh dynamicMotionSolverFvMesh
[33mopenfoam-adapter-fluid    |[0m Selecting motion solver: displacementLaplacian
[33mopenfoam-adapter-fluid    |[0m Applying solid body motion to entire mesh
[33mopenfoam-adapter-fluid    |[0m Selecting motion diffusion: quadratic
[33mopenfoam-adapter-fluid    |[0m Selecting motion diffusion: inverseDistance
[33mopenfoam-adapter-fluid    |[0m Selecting patchDistMethod meshWave
[33mopenfoam-adapter-fluid    |[0m 
[33mopenfoam-adapter-fluid    |[0m PIMPLE: Operating solver in PISO mode
[33mopenfoam-adapter-fluid    |[0m 
[33mopenfoam-adapter-fluid    |[0m Reading field p
[33mopenfoam-adapter-fluid    |[0m 
[33mopenfoam-adapter-fluid    |[0m Reading field U
[33mopenfoam-adapter-fluid    |[0m 
[33mopenfoam-adapter-fluid    |[0m Reading/calculating face flux field phi
[33mopenfoam-adapter-fluid    |[0m 
[33mopenfoam-adapter-fluid    |[0m Selecting incompressible transport model Newtonian
[33mopenfoam-adapter-fluid    |[0m Selecting turbulence model type laminar
[33mopenfoam-adapter-fluid    |[0m Selecting laminar stress model Stokes
[33mopenfoam-adapter-fluid    |[0m No MRF models present
[33mopenfoam-adapter-fluid    |[0m 
[33mopenfoam-adapter-fluid    |[0m No finite volume options present
[33mopenfoam-adapter-fluid    |[0m Constructing face velocity Uf
[33mopenfoam-adapter-fluid    |[0m 
[33mopenfoam-adapter-fluid    |[0m Courant Number mean: 0 max: 0
[33mopenfoam-adapter-fluid    |[0m 
[33mopenfoam-adapter-fluid    |[0m Starting time loop
[33mopenfoam-adapter-fluid    |[0m 
[33mopenfoam-adapter-fluid    |[0m --------------------------------------------------------------------------
[33mopenfoam-adapter-fluid    |[0m [[19392,1],0]: A high-performance Open MPI point-to-point messaging module
[33mopenfoam-adapter-fluid    |[0m was unable to find any relevant network interfaces:
[33mopenfoam-adapter-fluid    |[0m 
[33mopenfoam-adapter-fluid    |[0m Module: OpenFabrics (openib)
[33mopenfoam-adapter-fluid    |[0m   Host: f527afef0f49
[33mopenfoam-adapter-fluid    |[0m 
[33mopenfoam-adapter-fluid    |[0m Another transport will be used instead, although this may result in
[33mopenfoam-adapter-fluid    |[0m lower performance.
[33mopenfoam-adapter-fluid    |[0m 
[33mopenfoam-adapter-fluid    |[0m NOTE: You can disable this warning by setting the MCA parameter
[33mopenfoam-adapter-fluid    |[0m btl_base_warn_component_unused to 0.
[33mopenfoam-adapter-fluid    |[0m --------------------------------------------------------------------------
[33mopenfoam-adapter-fluid    |[0m ---[preciceAdapter] The preciceAdapter was loaded.
[33mopenfoam-adapter-fluid    |[0m ---[preciceAdapter] Reading preciceDict...
[33mopenfoam-adapter-fluid    |[0m ---[preciceAdapter] [DEBUG]   precice-config-file : precice-config.xml
[33mopenfoam-adapter-fluid    |[0m ---[preciceAdapter] [DEBUG]   participant name    : Fluid
[33mopenfoam-adapter-fluid    |[0m ---[preciceAdapter] [DEBUG]   modules requested   : 
[33mopenfoam-adapter-fluid    |[0m ---[preciceAdapter] [DEBUG]   - FSI
[33mopenfoam-adapter-fluid    |[0m 
[33mopenfoam-adapter-fluid    |[0m ---[preciceAdapter] [DEBUG]   interfaces : 
[33mopenfoam-adapter-fluid    |[0m ---[preciceAdapter] [DEBUG]   - mesh         : Fluid-Mesh-Faces
[33mopenfoam-adapter-fluid    |[0m ---[preciceAdapter] [DEBUG]     locations    : faceCenters
[33mopenfoam-adapter-fluid    |[0m ---[preciceAdapter] [DEBUG]     connectivity : 0
[33mopenfoam-adapter-fluid    |[0m ---[preciceAdapter] [DEBUG]     patches      : 
[33mopenfoam-adapter-fluid    |[0m ---[preciceAdapter] [DEBUG]       - flap
[33mopenfoam-adapter-fluid    |[0m ---[preciceAdapter] [DEBUG]     writeData    : 
[33mopenfoam-adapter-fluid    |[0m ---[preciceAdapter] [DEBUG]       - Forces0
[33mopenfoam-adapter-fluid    |[0m ---[preciceAdapter] [DEBUG]     readData     : 
[33mopenfoam-adapter-fluid    |[0m ---[preciceAdapter] [DEBUG]   - mesh         : Fluid-Mesh-Nodes
[33mopenfoam-adapter-fluid    |[0m ---[preciceAdapter] [DEBUG]     locations    : faceNodes
[33mopenfoam-adapter-fluid    |[0m ---[preciceAdapter] [DEBUG]     connectivity : 0
[33mopenfoam-adapter-fluid    |[0m ---[preciceAdapter] [DEBUG]     patches      : 
[33mopenfoam-adapter-fluid    |[0m ---[preciceAdapter] [DEBUG]       - flap
[33mopenfoam-adapter-fluid    |[0m ---[preciceAdapter] [DEBUG]     writeData    : 
[33mopenfoam-adapter-fluid    |[0m ---[preciceAdapter] [DEBUG]     readData     : 
[33mopenfoam-adapter-fluid    |[0m ---[preciceAdapter] [DEBUG]       - Displacements0
[33mopenfoam-adapter-fluid    |[0m ---[preciceAdapter] [DEBUG] Configuring the FSI module...
[33mopenfoam-adapter-fluid    |[0m ---[preciceAdapter] [DEBUG]     user-defined solver type : 
[33mopenfoam-adapter-fluid    |[0m ---[preciceAdapter] [DEBUG]     pointDisplacement field name : pointDisplacement
[33mopenfoam-adapter-fluid    |[0m ---[preciceAdapter] [DEBUG]     cellDisplacement field name : cellDisplacement
[33mopenfoam-adapter-fluid    |[0m ---[preciceAdapter] [DEBUG] Determining the solver type for the FSI module... (override by setting solverType to one of {compressible, incompressible})
[33mopenfoam-adapter-fluid    |[0m ---[preciceAdapter] [DEBUG] Automatically determined solver type : incompressible
[33mopenfoam-adapter-fluid    |[0m ---[preciceAdapter] [DEBUG] Checking the timestep type (fixed vs adjustable)...
[33mopenfoam-adapter-fluid    |[0m ---[preciceAdapter] [DEBUG]   Timestep type: fixed.
[33mopenfoam-adapter-fluid    |[0m ---[preciceAdapter] [DEBUG] Creating the preCICE solver interface...
[33mopenfoam-adapter-fluid    |[0m ---[preciceAdapter] [DEBUG]   Number of processes: 1
[33mopenfoam-adapter-fluid    |[0m ---[preciceAdapter] [DEBUG]   MPI rank: 0
[33mopenfoam-adapter-fluid    |[0m ---[precice] [0m This is preCICE version 2.2.0
[33mopenfoam-adapter-fluid    |[0m ---[precice] [0m Revision info: no-info [Git failed/Not a repository]
[33mopenfoam-adapter-fluid    |[0m ---[precice] [0m Configuration: Debug
[33mopenfoam-adapter-fluid    |[0m ---[precice] [0m Configuring preCICE with configuration "precice-config.xml"
[33mopenfoam-adapter-fluid    |[0m ---[precice] [0m I am participant "Fluid"
[33mopenfoam-adapter-fluid    |[0m ---[preciceAdapter] [DEBUG]   preCICE solver interface was created.
[33mopenfoam-adapter-fluid    |[0m ---[preciceAdapter] [DEBUG] Creating interfaces...
[33mopenfoam-adapter-fluid    |[0m ---[preciceAdapter] [DEBUG] Number of face centres: 33
[33mopenfoam-adapter-fluid    |[0m ---[preciceAdapter] [DEBUG] Interface created on mesh Fluid-Mesh-Faces
[33mopenfoam-adapter-fluid    |[0m ---[preciceAdapter] [DEBUG] Adding coupling data writers...
[33mopenfoam-adapter-fluid    |[0m ---[preciceAdapter] [DEBUG] Added writer: Force.
[33mopenfoam-adapter-fluid    |[0m ---[preciceAdapter] [DEBUG] Adding coupling data readers...
[33mopenfoam-adapter-fluid    |[0m ---[preciceAdapter] [DEBUG] Number of face nodes: 68
[33mopenfoam-adapter-fluid    |[0m ---[preciceAdapter] [DEBUG] Interface created on mesh Fluid-Mesh-Nodes
[33mopenfoam-adapter-fluid    |[0m ---[preciceAdapter] [DEBUG] Adding coupling data writers...
[33mopenfoam-adapter-fluid    |[0m ---[preciceAdapter] [DEBUG] Adding coupling data readers...
[33mopenfoam-adapter-fluid    |[0m ---[preciceAdapter] [DEBUG] Added reader: Displacement.
[33mopenfoam-adapter-fluid    |[0m ---[preciceAdapter] [DEBUG] Initalizing the preCICE solver interface...
[33mopenfoam-adapter-fluid    |[0m ---[precice] [0m Setting up master communication to coupling partner/s
[33mopenfoam-adapter-fluid    |[0m ---[precice] [0m Masters are connected
[33mopenfoam-adapter-fluid    |[0m ---[precice] [0m Setting up preliminary slaves communication to coupling partner/s
[33mopenfoam-adapter-fluid    |[0m ---[precice] [0m Prepare partition for mesh Fluid-Mesh-Faces
[33mopenfoam-adapter-fluid    |[0m ---[precice] [0m Prepare partition for mesh Fluid-Mesh-Nodes
[33mopenfoam-adapter-fluid    |[0m ---[precice] [0m Receive global mesh Solid
[33mopenfoam-adapter-fluid    |[0m ---[precice] [0m Setting up slaves communication to coupling partner/s
[33mopenfoam-adapter-fluid    |[0m ---[precice] [0m Slaves are connected
[33mopenfoam-adapter-fluid    |[0m ---[precice] [0m iteration: 1, time-window: 1, time: 0 of 1, time-window-size: 0.01, max-timestep-length: 0.01, ongoing: yes, time-window-complete: no, 
[33mopenfoam-adapter-fluid    |[0m ---[preciceAdapter] [DEBUG] Initializing preCICE data...
[33mopenfoam-adapter-fluid    |[0m ---[precice] [0m Compute write mapping from mesh "Fluid-Mesh-Faces" to mesh "Solid".
[33mopenfoam-adapter-fluid    |[0m ---[precice] [0m Using tree-based preallocation for matrix C
[33mopenfoam-adapter-fluid    |[0m ---[precice] [0m Using tree-based preallocation for matrix A
[33mopenfoam-adapter-fluid    |[0m ---[precice] [0m Mapping Forces0 conservative from Fluid-Mesh-Faces (ID 0) to Solid (ID 2) for dimension 0) with polynomial set to separate
[33mopenfoam-adapter-fluid    |[0m ---[precice] [0m Mapping Forces0 conservative from Fluid-Mesh-Faces (ID 0) to Solid (ID 2) for dimension 1) with polynomial set to separate
[33mopenfoam-adapter-fluid    |[0m ---[precice] [0m Mapping Forces0 conservative from Fluid-Mesh-Faces (ID 0) to Solid (ID 2) for dimension 2) with polynomial set to separate
[33mopenfoam-adapter-fluid    |[0m ---[precice] [0m initializeData is skipped since no data has to be initialized.
[33mopenfoam-adapter-fluid    |[0m ---[preciceAdapter] preCICE was configured and initialized
[33mopenfoam-adapter-fluid    |[0m ---[preciceAdapter] [DEBUG] Reading coupling data...
[33mopenfoam-adapter-fluid    |[0m ---[preciceAdapter] [DEBUG] Adjusting the solver's timestep...
[33mopenfoam-adapter-fluid    |[0m ---[preciceAdapter] [DEBUG] The solver's timestep is the same as the coupling timestep.
[33mopenfoam-adapter-fluid    |[0m ---[preciceAdapter] Setting the solver's endTime to infinity to prevent early exits. Only preCICE will control the simulation's endTime. Any functionObject's end() method will be triggered by the adapter. You may disable this behavior in the adapter's configuration.
[33mopenfoam-adapter-fluid    |[0m Courant Number mean: 0 max: 0
[33mopenfoam-adapter-fluid    |[0m Time = 0.01
[33mopenfoam-adapter-fluid    |[0m 
[33mopenfoam-adapter-fluid    |[0m PIMPLE: iteration 1
[33mopenfoam-adapter-fluid    |[0m smoothSolver:  Solving for cellDisplacementx, Initial residual = 0, Final residual = 0, No Iterations 2
[33mopenfoam-adapter-fluid    |[0m smoothSolver:  Solving for cellDisplacementz, Initial residual = 0, Final residual = 0, No Iterations 2
[33mopenfoam-adapter-fluid    |[0m DICPCG:  Solving for pcorr, Initial residual = 1, Final residual = 0.000727924, No Iterations 68
[33mopenfoam-adapter-fluid    |[0m DICPCG:  Solving for pcorr, Initial residual = 4.4971e-05, Final residual = 9.23793e-09, No Iterations 39
[33mopenfoam-adapter-fluid    |[0m time step continuity errors : sum local = 1.2513e-09, global = -1.1523e-10, cumulative = -1.1523e-10
[33mopenfoam-adapter-fluid    |[0m smoothSolver:  Solving for Ux, Initial residual = 1, Final residual = 3.1995e-07, No Iterations 7
[33mopenfoam-adapter-fluid    |[0m smoothSolver:  Solving for Uz, Initial residual = 1, Final residual = 1.23994e-07, No Iterations 8
[33mopenfoam-adapter-fluid    |[0m DICPCG:  Solving for p, Initial residual = 1, Final residual = 0.000938192, No Iterations 68
[33mopenfoam-adapter-fluid    |[0m DICPCG:  Solving for p, Initial residual = 5.74401e-05, Final residual = 5.65438e-08, No Iterations 30
[33mopenfoam-adapter-fluid    |[0m time step continuity errors : sum local = 7.72947e-09, global = -3.94014e-10, cumulative = -5.09244e-10
[33mopenfoam-adapter-fluid    |[0m DICPCG:  Solving for p, Initial residual = 0.0356447, Final residual = 3.53461e-05, No Iterations 60
[33mopenfoam-adapter-fluid    |[0m DICPCG:  Solving for p, Initial residual = 3.37846e-05, Final residual = 2.5015e-08, No Iterations 61
[33mopenfoam-adapter-fluid    |[0m time step continuity errors : sum local = 3.70834e-09, global = 1.1249e-10, cumulative = -3.96753e-10
[33mopenfoam-adapter-fluid    |[0m DICPCG:  Solving for p, Initial residual = 0.0238885, Final residual = 1.92215e-05, No Iterations 62
[33mopenfoam-adapter-fluid    |[0m DICPCG:  Solving for p, Initial residual = 1.85709e-05, Final residual = 1.59106e-08, No Iterations 62
[33mopenfoam-adapter-fluid    |[0m time step continuity errors : sum local = 2.4969e-09, global = -3.73381e-11, cumulative = -4.34092e-10
[33mopenfoam-adapter-fluid    |[0m DICPCG:  Solving for p, Initial residual = 0.0176941, Final residual = 1.7318e-05, No Iterations 60
[33mopenfoam-adapter-fluid    |[0m DICPCG:  Solving for p, Initial residual = 1.68816e-05, Final residual = 7.68363e-09, No Iterations 62
[33mopenfoam-adapter-fluid    |[0m time step continuity errors : sum local = 1.25725e-09, global = 6.35692e-11, cumulative = -3.70522e-10
[33mopenfoam-adapter-fluid    |[0m ExecutionTime = 0.28 s  ClockTime = 1 s
[33mopenfoam-adapter-fluid    |[0m 
[33mopenfoam-adapter-fluid    |[0m ---[preciceAdapter] [DEBUG] Writing coupling data...
[33mopenfoam-adapter-fluid    |[0m ---[preciceAdapter] [DEBUG] Advancing preCICE...
[33mopenfoam-adapter-fluid    |[0m ---[precice] [0m Mapping Forces0 conservative from Fluid-Mesh-Faces (ID 0) to Solid (ID 2) for dimension 0) with polynomial set to separate
[33mopenfoam-adapter-fluid    |[0m ---[precice] [0m Mapping Forces0 conservative from Fluid-Mesh-Faces (ID 0) to Solid (ID 2) for dimension 1) with polynomial set to separate
[33mopenfoam-adapter-fluid    |[0m ---[precice] [0m Mapping Forces0 conservative from Fluid-Mesh-Faces (ID 0) to Solid (ID 2) for dimension 2) with polynomial set to separate
[33mopenfoam-adapter-fluid    |[0m ---[precice] [0m Time window completed
[33mopenfoam-adapter-fluid    |[0m ---[precice] [0m Compute read mapping from mesh "Solid" to mesh "Fluid-Mesh-Nodes".
[33mopenfoam-adapter-fluid    |[0m ---[precice] [0m Using tree-based preallocation for matrix C
[33mopenfoam-adapter-fluid    |[0m ---[precice] [0m Using tree-based preallocation for matrix A
[33mopenfoam-adapter-fluid    |[0m ---[precice] [0m Mapping Displacements0 consistent from Solid (ID 2) to Fluid-Mesh-Nodes (ID 1) for dimension 0) with polynomial set to separate
[33mopenfoam-adapter-fluid    |[0m KSP Object: QR Solver 1 MPI processes
[33mopenfoam-adapter-fluid    |[0m   type: lsqr
[33mopenfoam-adapter-fluid    |[0m     standard error not computed
[33mopenfoam-adapter-fluid    |[0m     using inexact matrix norm
[33mopenfoam-adapter-fluid    |[0m   maximum iterations=10000, initial guess is zero
[33mopenfoam-adapter-fluid    |[0m   tolerances:  relative=1e-05, absolute=1e-50, divergence=10000.
[33mopenfoam-adapter-fluid    |[0m   left preconditioning
[33mopenfoam-adapter-fluid    |[0m   using UNPRECONDITIONED norm type for convergence test
[33mopenfoam-adapter-fluid    |[0m PC Object: 1 MPI processes
[33mopenfoam-adapter-fluid    |[0m   type: none
[33mopenfoam-adapter-fluid    |[0m   linear system matrix = precond matrix:
[33mopenfoam-adapter-fluid    |[0m   Mat Object: Q 1 MPI processes
[33mopenfoam-adapter-fluid    |[0m     type: seqdense
[33mopenfoam-adapter-fluid    |[0m     rows=86, cols=4
[33mopenfoam-adapter-fluid    |[0m     total: nonzeros=344, allocated nonzeros=344
[33mopenfoam-adapter-fluid    |[0m     total number of mallocs used during MatSetValues calls=0
[33mopenfoam-adapter-fluid    |[0m ---[precice] [31mERROR: [0m The polynomial QR system of the RBF mapping from mesh Solid to mesh Fluid-Mesh-Nodes has not converged. This means most probably that the mapping problem is not well-posed. Please check if your coupling meshes are correct. Maybe you need to fix axis-aligned mapping setups by marking perpendicular axes as dead?
