Run finished at Sat Oct 24 10:21:13 2020
Global runtime       = 145264ms / 145.264s
Number of processors = 1
# Rank: 0

                                             Event |      Count |  Total[ms] |    Max[ms] |    Min[ms] |    Avg[ms] | Time Ratio |
----------------------------------------------------------------------------------------------------------------------------------
                                           _GLOBAL |          1 |     145264 |     145264 |     145264 |     145264 |          1 |
                                           advance |        195 |     136308 |       1669 |        193 |        699 |      0.938 |
              advance/cpl.computeQuasiNewtonUpdate |        145 |       7775 |         88 |          0 |         53 |     0.0535 |
                           advance/m2n.receiveData |        195 |     126820 |       1585 |        175 |        650 |      0.873 |
                              advance/m2n.sendData |        195 |        259 |         13 |          0 |          1 |    0.00178 |
                                         configure |          1 |          0 |          0 |          0 |          0 |          0 |
                                          finalize |          1 |         27 |         27 |         27 |         27 |   0.000186 |
                                        initialize |          1 |       1277 |       1277 |       1277 |       1277 |    0.00879 |
             initialize/m2n.acceptMasterConnection |          1 |       1249 |       1249 |       1249 |       1249 |     0.0086 |
             initialize/m2n.acceptSlavesConnection |          1 |         17 |         17 |         17 |         17 |   0.000117 |
       initialize/m2n.broadcastVertexDistributions |          1 |          0 |          0 |          0 |          0 |          0 |
              initialize/m2n.buildCommunicationMap |          1 |          0 |          0 |          0 |          0 |          0 |
               initialize/m2n.createCommunications |          1 |          2 |          2 |          2 |          2 |   1.38e-05 |
         initialize/m2n.exchangeVertexDistribution |          1 |         14 |         14 |         14 |         14 |   9.64e-05 |
     initialize/partition.gatherMesh.Calculix_Mesh |          1 |          0 |          0 |          0 |          0 |          0 |
    initialize/partition.prepareMesh.Calculix_Mesh |          1 |          0 |          0 |          0 |          0 |          0 |
 initialize/partition.sendGlobalMesh.Calculix_Mesh |          1 |          0 |          0 |          0 |          0 |          0 |
                                    initializeData |          1 |          3 |          3 |          3 |          3 |   2.07e-05 |
                                    solver.advance |        195 |       7545 |        109 |          2 |         38 |     0.0519 |
                                 solver.initialize |          1 |         59 |         59 |         59 |         59 |   0.000406 |


                                              Name |        Max |  MaxOnRank |        Min |  MinOnRank |    Min/Max |
---------------------------------------------------------------------------------------------------------------------
                                           _GLOBAL |     145264 |          0 |     145264 |          0 |          1 |
                                           advance |       1669 |          0 |        193 |          0 |   0.115638 |
              advance/cpl.computeQuasiNewtonUpdate |         88 |          0 |          0 |          0 |          0 |
                           advance/m2n.receiveData |       1585 |          0 |        175 |          0 |    0.11041 |
                              advance/m2n.sendData |         13 |          0 |          0 |          0 |          0 |
                                         configure |          0 |          0 |          0 |          0 |          0 |
                                          finalize |         27 |          0 |         27 |          0 |          1 |
                                        initialize |       1277 |          0 |       1277 |          0 |          1 |
             initialize/m2n.acceptMasterConnection |       1249 |          0 |       1249 |          0 |          1 |
             initialize/m2n.acceptSlavesConnection |         17 |          0 |         17 |          0 |          1 |
       initialize/m2n.broadcastVertexDistributions |          0 |          0 |          0 |          0 |          0 |
              initialize/m2n.buildCommunicationMap |          0 |          0 |          0 |          0 |          0 |
               initialize/m2n.createCommunications |          2 |          0 |          2 |          0 |          1 |
         initialize/m2n.exchangeVertexDistribution |         14 |          0 |         14 |          0 |          1 |
     initialize/partition.gatherMesh.Calculix_Mesh |          0 |          0 |          0 |          0 |          0 |
    initialize/partition.prepareMesh.Calculix_Mesh |          0 |          0 |          0 |          0 |          0 |
 initialize/partition.sendGlobalMesh.Calculix_Mesh |          0 |          0 |          0 |          0 |          0 |
                                    initializeData |          3 |          0 |          3 |          0 |          1 |
                                    solver.advance |        109 |          0 |          2 |          0 |  0.0183486 |
                                 solver.initialize |         59 |          0 |         59 |          0 |          1 |
