Run finished at Wed Oct 21 22:00:03 2020
Global runtime       = 124268ms / 124.268s
Number of processors = 1
# Rank: 0

                                             Event |      Count |  Total[ms] |    Max[ms] |    Min[ms] |    Avg[ms] | Time Ratio |
----------------------------------------------------------------------------------------------------------------------------------
                                           _GLOBAL |          1 |     124268 |     124268 |     124268 |     124268 |          1 |
                                           advance |        204 |      88343 |        786 |        385 |        433 |      0.711 |
                           advance/m2n.receiveData |        204 |        108 |          3 |          0 |          0 |   0.000869 |
                              advance/m2n.sendData |        204 |       1517 |         13 |          0 |          7 |     0.0122 |
                                         configure |          1 |          1 |          1 |          1 |          1 |   8.05e-06 |
                                          finalize |          1 |         13 |         13 |         13 |         13 |   0.000105 |
                                        initialize |          1 |       1385 |       1385 |       1385 |       1385 |     0.0111 |
       initialize/m2n.broadcastVertexDistributions |          1 |          0 |          0 |          0 |          0 |          0 |
              initialize/m2n.buildCommunicationMap |          1 |          0 |          0 |          0 |          0 |          0 |
               initialize/m2n.createCommunications |          1 |          3 |          3 |          3 |          3 |   2.41e-05 |
         initialize/m2n.exchangeVertexDistribution |          1 |          6 |          6 |          6 |          6 |   4.83e-05 |
            initialize/m2n.requestMasterConnection |          1 |       1355 |       1355 |       1355 |       1355 |     0.0109 |
            initialize/m2n.requestSlavesConnection |          1 |         11 |         11 |         11 |         11 |   8.85e-05 |
     initialize/partition.gatherMesh.OpenFOAM-Mesh |          1 |          1 |          1 |          1 |          1 |   8.05e-06 |
    initialize/partition.prepareMesh.OpenFOAM-Mesh |          1 |          7 |          7 |          7 |          7 |   5.63e-05 |
 initialize/partition.sendGlobalMesh.OpenFOAM-Mesh |          1 |          3 |          3 |          3 |          3 |   2.41e-05 |
                                    initializeData |          1 |          9 |          9 |          9 |          9 |   7.24e-05 |
                                    solver.advance |        204 |      34272 |        243 |        114 |        168 |      0.276 |
                                 solver.initialize |          1 |        216 |        216 |        216 |        216 |    0.00174 |


                                              Name |        Max |  MaxOnRank |        Min |  MinOnRank |    Min/Max |
---------------------------------------------------------------------------------------------------------------------
                                           _GLOBAL |     124268 |          0 |     124268 |          0 |          1 |
                                           advance |        786 |          0 |        385 |          0 |   0.489822 |
                           advance/m2n.receiveData |          3 |          0 |          0 |          0 |          0 |
                              advance/m2n.sendData |         13 |          0 |          0 |          0 |          0 |
                                         configure |          1 |          0 |          1 |          0 |          1 |
                                          finalize |         13 |          0 |         13 |          0 |          1 |
                                        initialize |       1385 |          0 |       1385 |          0 |          1 |
       initialize/m2n.broadcastVertexDistributions |          0 |          0 |          0 |          0 |          0 |
              initialize/m2n.buildCommunicationMap |          0 |          0 |          0 |          0 |          0 |
               initialize/m2n.createCommunications |          3 |          0 |          3 |          0 |          1 |
         initialize/m2n.exchangeVertexDistribution |          6 |          0 |          6 |          0 |          1 |
            initialize/m2n.requestMasterConnection |       1355 |          0 |       1355 |          0 |          1 |
            initialize/m2n.requestSlavesConnection |         11 |          0 |         11 |          0 |          1 |
     initialize/partition.gatherMesh.OpenFOAM-Mesh |          1 |          0 |          1 |          0 |          1 |
    initialize/partition.prepareMesh.OpenFOAM-Mesh |          7 |          0 |          7 |          0 |          1 |
 initialize/partition.sendGlobalMesh.OpenFOAM-Mesh |          3 |          0 |          3 |          0 |          1 |
                                    initializeData |          9 |          0 |          9 |          0 |          1 |
                                    solver.advance |        243 |          0 |        114 |          0 |   0.469136 |
                                 solver.initialize |        216 |          0 |        216 |          0 |          1 |
