Run finished at Thu Oct 22 09:15:22 2020
Global runtime       = 143521ms / 143.521s
Number of processors = 1
# Rank: 0

                                             Event |      Count |  Total[ms] |    Max[ms] |    Min[ms] |    Avg[ms] | Time Ratio |
----------------------------------------------------------------------------------------------------------------------------------
                                           _GLOBAL |          1 |     143521 |     143521 |     143521 |     143521 |          1 |
                                           advance |        195 |     134829 |       1689 |        184 |        691 |      0.939 |
              advance/cpl.computeQuasiNewtonUpdate |        145 |       8090 |        106 |          1 |         55 |     0.0564 |
                           advance/m2n.receiveData |        195 |     124997 |       1606 |        157 |        641 |      0.871 |
                              advance/m2n.sendData |        195 |        284 |         13 |          0 |          1 |    0.00198 |
                                         configure |          1 |          0 |          0 |          0 |          0 |          0 |
                                          finalize |          1 |         17 |         17 |         17 |         17 |   0.000118 |
                                        initialize |          1 |       1314 |       1314 |       1314 |       1314 |    0.00916 |
             initialize/m2n.acceptMasterConnection |          1 |       1283 |       1283 |       1283 |       1283 |    0.00894 |
             initialize/m2n.acceptSlavesConnection |          1 |         23 |         23 |         23 |         23 |    0.00016 |
       initialize/m2n.broadcastVertexDistributions |          1 |          0 |          0 |          0 |          0 |          0 |
              initialize/m2n.buildCommunicationMap |          1 |          0 |          0 |          0 |          0 |          0 |
               initialize/m2n.createCommunications |          1 |          7 |          7 |          7 |          7 |   4.88e-05 |
         initialize/m2n.exchangeVertexDistribution |          1 |         14 |         14 |         14 |         14 |   9.75e-05 |
     initialize/partition.gatherMesh.Calculix_Mesh |          1 |          0 |          0 |          0 |          0 |          0 |
    initialize/partition.prepareMesh.Calculix_Mesh |          1 |          0 |          0 |          0 |          0 |          0 |
 initialize/partition.sendGlobalMesh.Calculix_Mesh |          1 |          0 |          0 |          0 |          0 |          0 |
                                    initializeData |          1 |         15 |         15 |         15 |         15 |   0.000105 |
                                    solver.advance |        195 |       7240 |         90 |          1 |         37 |     0.0504 |
                                 solver.initialize |          1 |         76 |         76 |         76 |         76 |    0.00053 |


                                              Name |        Max |  MaxOnRank |        Min |  MinOnRank |    Min/Max |
---------------------------------------------------------------------------------------------------------------------
                                           _GLOBAL |     143521 |          0 |     143521 |          0 |          1 |
                                           advance |       1689 |          0 |        184 |          0 |    0.10894 |
              advance/cpl.computeQuasiNewtonUpdate |        106 |          0 |          1 |          0 | 0.00943396 |
                           advance/m2n.receiveData |       1606 |          0 |        157 |          0 |  0.0977584 |
                              advance/m2n.sendData |         13 |          0 |          0 |          0 |          0 |
                                         configure |          0 |          0 |          0 |          0 |          0 |
                                          finalize |         17 |          0 |         17 |          0 |          1 |
                                        initialize |       1314 |          0 |       1314 |          0 |          1 |
             initialize/m2n.acceptMasterConnection |       1283 |          0 |       1283 |          0 |          1 |
             initialize/m2n.acceptSlavesConnection |         23 |          0 |         23 |          0 |          1 |
       initialize/m2n.broadcastVertexDistributions |          0 |          0 |          0 |          0 |          0 |
              initialize/m2n.buildCommunicationMap |          0 |          0 |          0 |          0 |          0 |
               initialize/m2n.createCommunications |          7 |          0 |          7 |          0 |          1 |
         initialize/m2n.exchangeVertexDistribution |         14 |          0 |         14 |          0 |          1 |
     initialize/partition.gatherMesh.Calculix_Mesh |          0 |          0 |          0 |          0 |          0 |
    initialize/partition.prepareMesh.Calculix_Mesh |          0 |          0 |          0 |          0 |          0 |
 initialize/partition.sendGlobalMesh.Calculix_Mesh |          0 |          0 |          0 |          0 |          0 |
                                    initializeData |         15 |          0 |         15 |          0 |          1 |
                                    solver.advance |         90 |          0 |          1 |          0 |  0.0111111 |
                                 solver.initialize |         76 |          0 |         76 |          0 |          1 |
