Run finished at Thu Oct 22 09:15:40 2020
Global runtime       = 146885ms / 146.885s
Number of processors = 1
# Rank: 0

                                             Event |      Count |  Total[ms] |    Max[ms] |    Min[ms] |    Avg[ms] | Time Ratio |
----------------------------------------------------------------------------------------------------------------------------------
                                           _GLOBAL |          1 |     146885 |     146885 |     146885 |     146885 |          1 |
                                           advance |        195 |     138406 |       1687 |        202 |        709 |      0.942 |
              advance/cpl.computeQuasiNewtonUpdate |        145 |       8168 |         96 |          0 |         56 |     0.0556 |
                           advance/m2n.receiveData |        195 |     128469 |       1601 |        165 |        658 |      0.875 |
                              advance/m2n.sendData |        195 |        238 |         13 |          0 |          1 |    0.00162 |
                                         configure |          1 |          1 |          1 |          1 |          1 |   6.81e-06 |
                                          finalize |          1 |          9 |          9 |          9 |          9 |   6.13e-05 |
                                        initialize |          1 |        320 |        320 |        320 |        320 |    0.00218 |
             initialize/m2n.acceptMasterConnection |          1 |        281 |        281 |        281 |        281 |    0.00191 |
             initialize/m2n.acceptSlavesConnection |          1 |         18 |         18 |         18 |         18 |   0.000123 |
       initialize/m2n.broadcastVertexDistributions |          1 |          0 |          0 |          0 |          0 |          0 |
              initialize/m2n.buildCommunicationMap |          1 |          0 |          0 |          0 |          0 |          0 |
               initialize/m2n.createCommunications |          1 |          3 |          3 |          3 |          3 |   2.04e-05 |
         initialize/m2n.exchangeVertexDistribution |          1 |         14 |         14 |         14 |         14 |   9.53e-05 |
     initialize/partition.gatherMesh.Calculix_Mesh |          1 |          0 |          0 |          0 |          0 |          0 |
    initialize/partition.prepareMesh.Calculix_Mesh |          1 |          0 |          0 |          0 |          0 |          0 |
 initialize/partition.sendGlobalMesh.Calculix_Mesh |          1 |          0 |          0 |          0 |          0 |          0 |
                                    initializeData |          1 |          2 |          2 |          2 |          2 |   1.36e-05 |
                                    solver.advance |        195 |       8049 |         99 |          8 |         41 |     0.0548 |
                                 solver.initialize |          1 |         61 |         61 |         61 |         61 |   0.000415 |


                                              Name |        Max |  MaxOnRank |        Min |  MinOnRank |    Min/Max |
---------------------------------------------------------------------------------------------------------------------
                                           _GLOBAL |     146885 |          0 |     146885 |          0 |          1 |
                                           advance |       1687 |          0 |        202 |          0 |   0.119739 |
              advance/cpl.computeQuasiNewtonUpdate |         96 |          0 |          0 |          0 |          0 |
                           advance/m2n.receiveData |       1601 |          0 |        165 |          0 |   0.103061 |
                              advance/m2n.sendData |         13 |          0 |          0 |          0 |          0 |
                                         configure |          1 |          0 |          1 |          0 |          1 |
                                          finalize |          9 |          0 |          9 |          0 |          1 |
                                        initialize |        320 |          0 |        320 |          0 |          1 |
             initialize/m2n.acceptMasterConnection |        281 |          0 |        281 |          0 |          1 |
             initialize/m2n.acceptSlavesConnection |         18 |          0 |         18 |          0 |          1 |
       initialize/m2n.broadcastVertexDistributions |          0 |          0 |          0 |          0 |          0 |
              initialize/m2n.buildCommunicationMap |          0 |          0 |          0 |          0 |          0 |
               initialize/m2n.createCommunications |          3 |          0 |          3 |          0 |          1 |
         initialize/m2n.exchangeVertexDistribution |         14 |          0 |         14 |          0 |          1 |
     initialize/partition.gatherMesh.Calculix_Mesh |          0 |          0 |          0 |          0 |          0 |
    initialize/partition.prepareMesh.Calculix_Mesh |          0 |          0 |          0 |          0 |          0 |
 initialize/partition.sendGlobalMesh.Calculix_Mesh |          0 |          0 |          0 |          0 |          0 |
                                    initializeData |          2 |          0 |          2 |          0 |          1 |
                                    solver.advance |         99 |          0 |          8 |          0 |  0.0808081 |
                                 solver.initialize |         61 |          0 |         61 |          0 |          1 |
