	linux-vdso.so.1 =>  (0x00007ffeeb1aa000)
	libfiniteVolume.so => /opt/openfoam5/platforms/linux64GccDPInt32Opt/lib/libfiniteVolume.so (0x00007f18bf781000)
	libmeshTools.so => /opt/openfoam5/platforms/linux64GccDPInt32Opt/lib/libmeshTools.so (0x00007f18bf0f2000)
	libcompressibleTurbulenceModels.so => /opt/openfoam5/platforms/linux64GccDPInt32Opt/lib/libcompressibleTurbulenceModels.so (0x00007f18bec2a000)
	libincompressibleTurbulenceModels.so => /opt/openfoam5/platforms/linux64GccDPInt32Opt/lib/libincompressibleTurbulenceModels.so (0x00007f18be73b000)
	libimmiscibleIncompressibleTwoPhaseMixture.so => /opt/openfoam5/platforms/linux64GccDPInt32Opt/lib/libimmiscibleIncompressibleTwoPhaseMixture.so (0x00007f18be51a000)
	libprecice.so.2 => /home/precice/precice-install/lib/libprecice.so.2 (0x00007f18bd041000)
	libstdc++.so.6 => /usr/lib/x86_64-linux-gnu/libstdc++.so.6 (0x00007f18bccbf000)
	libm.so.6 => /lib/x86_64-linux-gnu/libm.so.6 (0x00007f18bc9b6000)
	libgcc_s.so.1 => /lib/x86_64-linux-gnu/libgcc_s.so.1 (0x00007f18bc7a0000)
	libc.so.6 => /lib/x86_64-linux-gnu/libc.so.6 (0x00007f18bc3d6000)
	libOpenFOAM.so => /opt/openfoam5/platforms/linux64GccDPInt32Opt/lib/libOpenFOAM.so (0x00007f18bb85b000)
	libtriSurface.so => /opt/openfoam5/platforms/linux64GccDPInt32Opt/lib/libtriSurface.so (0x00007f18bb5bc000)
	libPstream.so => /opt/openfoam5/platforms/linux64GccDPInt32Opt/lib/openmpi-system/libPstream.so (0x00007f18bb3ad000)
	libturbulenceModels.so => /opt/openfoam5/platforms/linux64GccDPInt32Opt/lib/libturbulenceModels.so (0x00007f18baf45000)
	libincompressibleTransportModels.so => /opt/openfoam5/platforms/linux64GccDPInt32Opt/lib/libincompressibleTransportModels.so (0x00007f18bac86000)
	libsurfMesh.so => /opt/openfoam5/platforms/linux64GccDPInt32Opt/lib/libsurfMesh.so (0x00007f18ba977000)
	libfileFormats.so => /opt/openfoam5/platforms/linux64GccDPInt32Opt/lib/libfileFormats.so (0x00007f18ba6e1000)
	libcompressibleTransportModels.so => /opt/openfoam5/platforms/linux64GccDPInt32Opt/lib/libcompressibleTransportModels.so (0x00007f18ba4dd000)
	libfluidThermophysicalModels.so => /opt/openfoam5/platforms/linux64GccDPInt32Opt/lib/libfluidThermophysicalModels.so (0x00007f18b9f72000)
	libsolidThermo.so => /opt/openfoam5/platforms/linux64GccDPInt32Opt/lib/libsolidThermo.so (0x00007f18b9c71000)
	libsolidSpecie.so => /opt/openfoam5/platforms/linux64GccDPInt32Opt/lib/libsolidSpecie.so (0x00007f18b9a41000)
	libspecie.so => /opt/openfoam5/platforms/linux64GccDPInt32Opt/lib/libspecie.so (0x00007f18b9551000)
	libtwoPhaseMixture.so => /opt/openfoam5/platforms/linux64GccDPInt32Opt/lib/libtwoPhaseMixture.so (0x00007f18b9329000)
	libinterfaceProperties.so => /opt/openfoam5/platforms/linux64GccDPInt32Opt/lib/libinterfaceProperties.so (0x00007f18b909a000)
	libtwoPhaseProperties.so => /opt/openfoam5/platforms/linux64GccDPInt32Opt/lib/libtwoPhaseProperties.so (0x00007f18b8e49000)
	libboost_filesystem.so.1.65.1 => /usr/local/lib/libboost_filesystem.so.1.65.1 (0x00007f18b8c2e000)
	libboost_log.so.1.65.1 => /usr/local/lib/libboost_log.so.1.65.1 (0x00007f18b8954000)
	libboost_log_setup.so.1.65.1 => /usr/local/lib/libboost_log_setup.so.1.65.1 (0x00007f18b86aa000)
	libboost_program_options.so.1.65.1 => /usr/local/lib/libboost_program_options.so.1.65.1 (0x00007f18b842a000)
	libboost_system.so.1.65.1 => /usr/local/lib/libboost_system.so.1.65.1 (0x00007f18b8226000)
	libboost_thread.so.1.65.1 => /usr/local/lib/libboost_thread.so.1.65.1 (0x00007f18b7ffd000)
	libdl.so.2 => /lib/x86_64-linux-gnu/libdl.so.2 (0x00007f18b7df9000)
	libxml2.so.2 => /usr/lib/x86_64-linux-gnu/libxml2.so.2 (0x00007f18b7a3e000)
	libpthread.so.0 => /lib/x86_64-linux-gnu/libpthread.so.0 (0x00007f18b7821000)
	libmpi_cxx.so.1 => /usr/lib/libmpi_cxx.so.1 (0x00007f18b7606000)
	libmpi.so.12 => /usr/lib/libmpi.so.12 (0x00007f18b7330000)
	/lib64/ld-linux-x86-64.so.2 (0x00007f18c1aa2000)
	libz.so.1 => /lib/x86_64-linux-gnu/libz.so.1 (0x00007f18b7116000)
	libmpi.so.20 => not found
	libthermophysicalProperties.so => /opt/openfoam5/platforms/linux64GccDPInt32Opt/lib/libthermophysicalProperties.so (0x00007f18b6e08000)
	libreactionThermophysicalModels.so => /opt/openfoam5/platforms/linux64GccDPInt32Opt/lib/libreactionThermophysicalModels.so (0x00007f18b64e3000)
	librt.so.1 => /lib/x86_64-linux-gnu/librt.so.1 (0x00007f18b62db000)
	libboost_regex.so.1.65.1 => /usr/local/lib/libboost_regex.so.1.65.1 (0x00007f18b5fba000)
	libicuuc.so.55 => /usr/lib/x86_64-linux-gnu/libicuuc.so.55 (0x00007f18b5c26000)
	liblzma.so.5 => /lib/x86_64-linux-gnu/liblzma.so.5 (0x00007f18b5a04000)
	libibverbs.so.1 => /usr/lib/libibverbs.so.1 (0x00007f18b57f5000)
	libopen-rte.so.12 => /usr/lib/libopen-rte.so.12 (0x00007f18b557b000)
	libopen-pal.so.13 => /usr/lib/libopen-pal.so.13 (0x00007f18b52de000)
	libicui18n.so.55 => /usr/lib/x86_64-linux-gnu/libicui18n.so.55 (0x00007f18b4e7c000)
	libicudata.so.55 => /usr/lib/x86_64-linux-gnu/libicudata.so.55 (0x00007f18b33c5000)
	libhwloc.so.5 => /usr/lib/x86_64-linux-gnu/libhwloc.so.5 (0x00007f18b318b000)
	libutil.so.1 => /lib/x86_64-linux-gnu/libutil.so.1 (0x00007f18b2f88000)
	libnuma.so.1 => /usr/lib/x86_64-linux-gnu/libnuma.so.1 (0x00007f18b2d7d000)
	libltdl.so.7 => /usr/lib/x86_64-linux-gnu/libltdl.so.7 (0x00007f18b2b73000)
