	linux-vdso.so.1 (0x00007ffe813cc000)
	libfiniteVolume.so => /usr/lib/openfoam/openfoam2006/platforms/linux64GccDPInt32Opt/lib/libfiniteVolume.so (0x00007fc6c1f17000)
	libmeshTools.so => /usr/lib/openfoam/openfoam2006/platforms/linux64GccDPInt32Opt/lib/libmeshTools.so (0x00007fc6c15c3000)
	libcompressibleTurbulenceModels.so => /usr/lib/openfoam/openfoam2006/platforms/linux64GccDPInt32Opt/lib/libcompressibleTurbulenceModels.so (0x00007fc6c10a5000)
	libincompressibleTurbulenceModels.so => /usr/lib/openfoam/openfoam2006/platforms/linux64GccDPInt32Opt/lib/libincompressibleTurbulenceModels.so (0x00007fc6c0b84000)
	libimmiscibleIncompressibleTwoPhaseMixture.so => /usr/lib/openfoam/openfoam2006/platforms/linux64GccDPInt32Opt/lib/libimmiscibleIncompressibleTwoPhaseMixture.so (0x00007fc6c0962000)
	libprecice.so.2 => /home/precice/precice-install/lib/libprecice.so.2 (0x00007fc6bf450000)
	libstdc++.so.6 => /usr/lib/x86_64-linux-gnu/libstdc++.so.6 (0x00007fc6bf0c7000)
	libm.so.6 => /lib/x86_64-linux-gnu/libm.so.6 (0x00007fc6bed29000)
	libgcc_s.so.1 => /lib/x86_64-linux-gnu/libgcc_s.so.1 (0x00007fc6beb11000)
	libpthread.so.0 => /lib/x86_64-linux-gnu/libpthread.so.0 (0x00007fc6be8f2000)
	libc.so.6 => /lib/x86_64-linux-gnu/libc.so.6 (0x00007fc6be501000)
	libOpenFOAM.so => /usr/lib/openfoam/openfoam2006/platforms/linux64GccDPInt32Opt/lib/libOpenFOAM.so (0x00007fc6bd77d000)
	libPstream.so => /usr/lib/openfoam/openfoam2006/platforms/linux64GccDPInt32Opt/lib/openmpi-system/libPstream.so (0x00007fc6bd56c000)
	libturbulenceModels.so => /usr/lib/openfoam/openfoam2006/platforms/linux64GccDPInt32Opt/lib/libturbulenceModels.so (0x00007fc6bd0ee000)
	libincompressibleTransportModels.so => /usr/lib/openfoam/openfoam2006/platforms/linux64GccDPInt32Opt/lib/libincompressibleTransportModels.so (0x00007fc6bce0b000)
	libfileFormats.so => /usr/lib/openfoam/openfoam2006/platforms/linux64GccDPInt32Opt/lib/libfileFormats.so (0x00007fc6bca64000)
	libsurfMesh.so => /usr/lib/openfoam/openfoam2006/platforms/linux64GccDPInt32Opt/lib/libsurfMesh.so (0x00007fc6bc617000)
	libcompressibleTransportModels.so => /usr/lib/openfoam/openfoam2006/platforms/linux64GccDPInt32Opt/lib/libcompressibleTransportModels.so (0x00007fc6bc413000)
	libradiationModels.so => /usr/lib/openfoam/openfoam2006/platforms/linux64GccDPInt32Opt/lib/libradiationModels.so (0x00007fc6bc00b000)
	libfluidThermophysicalModels.so => /usr/lib/openfoam/openfoam2006/platforms/linux64GccDPInt32Opt/lib/libfluidThermophysicalModels.so (0x00007fc6bb934000)
	libsolidThermo.so => /usr/lib/openfoam/openfoam2006/platforms/linux64GccDPInt32Opt/lib/libsolidThermo.so (0x00007fc6bb5f2000)
	libsolidSpecie.so => /usr/lib/openfoam/openfoam2006/platforms/linux64GccDPInt32Opt/lib/libsolidSpecie.so (0x00007fc6bb3c0000)
	libspecie.so => /usr/lib/openfoam/openfoam2006/platforms/linux64GccDPInt32Opt/lib/libspecie.so (0x00007fc6bad31000)
	libtwoPhaseMixture.so => /usr/lib/openfoam/openfoam2006/platforms/linux64GccDPInt32Opt/lib/libtwoPhaseMixture.so (0x00007fc6bab06000)
	libinterfaceProperties.so => /usr/lib/openfoam/openfoam2006/platforms/linux64GccDPInt32Opt/lib/libinterfaceProperties.so (0x00007fc6ba863000)
	libtwoPhaseProperties.so => /usr/lib/openfoam/openfoam2006/platforms/linux64GccDPInt32Opt/lib/libtwoPhaseProperties.so (0x00007fc6ba611000)
	libboost_filesystem.so.1.65.1 => /usr/lib/x86_64-linux-gnu/libboost_filesystem.so.1.65.1 (0x00007fc6ba3f7000)
	libboost_log.so.1.65.1 => /usr/lib/x86_64-linux-gnu/libboost_log.so.1.65.1 (0x00007fc6ba11a000)
	libboost_log_setup.so.1.65.1 => /usr/lib/x86_64-linux-gnu/libboost_log_setup.so.1.65.1 (0x00007fc6b9e74000)
	libboost_program_options.so.1.65.1 => /usr/lib/x86_64-linux-gnu/libboost_program_options.so.1.65.1 (0x00007fc6b9bf3000)
	libboost_system.so.1.65.1 => /usr/lib/x86_64-linux-gnu/libboost_system.so.1.65.1 (0x00007fc6b99ee000)
	libboost_thread.so.1.65.1 => /usr/lib/x86_64-linux-gnu/libboost_thread.so.1.65.1 (0x00007fc6b97c9000)
	libdl.so.2 => /lib/x86_64-linux-gnu/libdl.so.2 (0x00007fc6b95c5000)
	libxml2.so.2 => /usr/lib/x86_64-linux-gnu/libxml2.so.2 (0x00007fc6b9204000)
	libmpi_cxx.so.20 => /usr/lib/x86_64-linux-gnu/libmpi_cxx.so.20 (0x00007fc6b8fea000)
	libmpi.so.20 => /usr/lib/x86_64-linux-gnu/libmpi.so.20 (0x00007fc6b8cf8000)
	libpetsc.so.3.12 => /petsc/petsc-3.12.5/arch-linux2-c-debug/lib/libpetsc.so.3.12 (0x00007fc6b6948000)
	/lib64/ld-linux-x86-64.so.2 (0x00007fc6c4ae4000)
	libz.so.1 => /lib/x86_64-linux-gnu/libz.so.1 (0x00007fc6b672b000)
	libSLGThermo.so => /usr/lib/openfoam/openfoam2006/platforms/linux64GccDPInt32Opt/lib/libSLGThermo.so (0x00007fc6b6522000)
	libthermophysicalProperties.so => /usr/lib/openfoam/openfoam2006/platforms/linux64GccDPInt32Opt/lib/libthermophysicalProperties.so (0x00007fc6b6212000)
	libdistributed.so => /usr/lib/openfoam/openfoam2006/platforms/linux64GccDPInt32Opt/lib/libdistributed.so (0x00007fc6b5f76000)
	libreactionThermophysicalModels.so => /usr/lib/openfoam/openfoam2006/platforms/linux64GccDPInt32Opt/lib/libreactionThermophysicalModels.so (0x00007fc6b50dd000)
	librt.so.1 => /lib/x86_64-linux-gnu/librt.so.1 (0x00007fc6b4ed5000)
	libboost_regex.so.1.65.1 => /usr/lib/x86_64-linux-gnu/libboost_regex.so.1.65.1 (0x00007fc6b4bcd000)
	libicuuc.so.60 => /usr/lib/x86_64-linux-gnu/libicuuc.so.60 (0x00007fc6b4815000)
	liblzma.so.5 => /lib/x86_64-linux-gnu/liblzma.so.5 (0x00007fc6b45ef000)
	libopen-rte.so.20 => /usr/lib/x86_64-linux-gnu/libopen-rte.so.20 (0x00007fc6b4367000)
	libopen-pal.so.20 => /usr/lib/x86_64-linux-gnu/libopen-pal.so.20 (0x00007fc6b40b5000)
	libhwloc.so.5 => /usr/lib/x86_64-linux-gnu/libhwloc.so.5 (0x00007fc6b3e78000)
	liblapack.so.3 => /usr/lib/x86_64-linux-gnu/liblapack.so.3 (0x00007fc6b35da000)
	libblas.so.3 => /usr/lib/x86_64-linux-gnu/libblas.so.3 (0x00007fc6b336d000)
	libmpi_mpifh.so.20 => /usr/lib/x86_64-linux-gnu/libmpi_mpifh.so.20 (0x00007fc6b3116000)
	libgfortran.so.4 => /usr/lib/x86_64-linux-gnu/libgfortran.so.4 (0x00007fc6b2d37000)
	libdecompositionMethods.so => /usr/lib/openfoam/openfoam2006/platforms/linux64GccDPInt32Opt/lib/libdecompositionMethods.so (0x00007fc6b2a76000)
	libicui18n.so.60 => /usr/lib/x86_64-linux-gnu/libicui18n.so.60 (0x00007fc6b25d5000)
	libicudata.so.60 => /usr/lib/x86_64-linux-gnu/libicudata.so.60 (0x00007fc6b0a2c000)
	libutil.so.1 => /lib/x86_64-linux-gnu/libutil.so.1 (0x00007fc6b0829000)
	libnuma.so.1 => /usr/lib/x86_64-linux-gnu/libnuma.so.1 (0x00007fc6b061e000)
	libltdl.so.7 => /usr/lib/x86_64-linux-gnu/libltdl.so.7 (0x00007fc6b0414000)
	libquadmath.so.0 => /usr/lib/x86_64-linux-gnu/libquadmath.so.0 (0x00007fc6b01d4000)
	libdynamicMesh.so => /usr/lib/openfoam/openfoam2006/platforms/linux64GccDPInt32Opt/lib/libdynamicMesh.so (0x00007fc6afa12000)
	libextrudeModel.so => /usr/lib/openfoam/openfoam2006/platforms/linux64GccDPInt32Opt/lib/libextrudeModel.so (0x00007fc6af7e6000)
