Attaching to openfoam-adapter-inner, openfoam-adapter-outer, calculix-adapter-solid, tutorial-data
[33mopenfoam-adapter-outer    |[0m /*---------------------------------------------------------------------------*\
[33mopenfoam-adapter-outer    |[0m | =========                 |                                                 |
[33mopenfoam-adapter-outer    |[0m | \\      /  F ield         | OpenFOAM: The Open Source CFD Toolbox           |
[33mopenfoam-adapter-outer    |[0m |  \\    /   O peration     | Version:  5.x                                   |
[33mopenfoam-adapter-outer    |[0m |   \\  /    A nd           | Web:      www.OpenFOAM.org                      |
[33mopenfoam-adapter-outer    |[0m |    \\/     M anipulation  |                                                 |
[33mopenfoam-adapter-outer    |[0m \*---------------------------------------------------------------------------*/
[33mopenfoam-adapter-outer    |[0m Build  : 5.x-68e8507efb72
[33mopenfoam-adapter-outer    |[0m Exec   : buoyantSimpleFoam -case /home/precice/Data/Input
[33mopenfoam-adapter-outer    |[0m Date   : Oct 23 2020
[33mopenfoam-adapter-outer    |[0m Time   : 20:29:17
[33mopenfoam-adapter-outer    |[0m Host   : "74912770bde9"
[33mopenfoam-adapter-outer    |[0m PID    : 162
[33mopenfoam-adapter-outer    |[0m I/O    : uncollated
[33mopenfoam-adapter-outer    |[0m Case   : /home/precice/Data/Input
[33mopenfoam-adapter-outer    |[0m nProcs : 1
[33mopenfoam-adapter-outer    |[0m sigFpe : Enabling floating point exception trapping (FOAM_SIGFPE).
[33mopenfoam-adapter-outer    |[0m fileModificationChecking : Monitoring run-time modified files using timeStampMaster (fileModificationSkew 10)
[33mopenfoam-adapter-outer    |[0m allowSystemOperations : Allowing user-supplied system call operations
[33mopenfoam-adapter-outer    |[0m 
[33mopenfoam-adapter-outer    |[0m // * * * * * * * * * * * * * * * * * * * * * * * * * * * * * * * * * * * * * //
[33mopenfoam-adapter-outer    |[0m Create time
[33mopenfoam-adapter-outer    |[0m 
[33mopenfoam-adapter-outer    |[0m Create mesh for time = 0
[33mopenfoam-adapter-outer    |[0m 
[33mopenfoam-adapter-outer    |[0m 
[33mopenfoam-adapter-outer    |[0m SIMPLE: no convergence criteria found. Calculations will run for 5 steps.
[33mopenfoam-adapter-outer    |[0m 
[33mopenfoam-adapter-outer    |[0m Reading thermophysical properties
[33mopenfoam-adapter-outer    |[0m 
[33mopenfoam-adapter-outer    |[0m Selecting thermodynamics package 
[33mopenfoam-adapter-outer    |[0m {
[33mopenfoam-adapter-outer    |[0m     type            heRhoThermo;
[33mopenfoam-adapter-outer    |[0m     mixture         pureMixture;
[33mopenfoam-adapter-outer    |[0m     transport       const;
[33mopenfoam-adapter-outer    |[0m     thermo          hConst;
[33mopenfoam-adapter-outer    |[0m     equationOfState perfectFluid;
[33mopenfoam-adapter-outer    |[0m     specie          specie;
[33mopenfoam-adapter-outer    |[0m     energy          sensibleEnthalpy;
[33mopenfoam-adapter-outer    |[0m }
[33mopenfoam-adapter-outer    |[0m 
[33mopenfoam-adapter-outer    |[0m Reading field U
[33mopenfoam-adapter-outer    |[0m 
[33mopenfoam-adapter-outer    |[0m Reading/calculating face flux field phi
[33mopenfoam-adapter-outer    |[0m 
[33mopenfoam-adapter-outer    |[0m Creating turbulence model
[33mopenfoam-adapter-outer    |[0m 
[33mopenfoam-adapter-outer    |[0m Selecting turbulence model type laminar
[33mopenfoam-adapter-outer    |[0m Selecting laminar stress model Stokes
[33mopenfoam-adapter-outer    |[0m 
[33mopenfoam-adapter-outer    |[0m Reading g
[33mopenfoam-adapter-outer    |[0m 
[33mopenfoam-adapter-outer    |[0m Reading hRef
[33mopenfoam-adapter-outer    |[0m Calculating field g.h
[33mopenfoam-adapter-outer    |[0m 
[33mopenfoam-adapter-outer    |[0m Reading field p_rgh
[33mopenfoam-adapter-outer    |[0m 
[33mopenfoam-adapter-outer    |[0m No MRF models present
[33mopenfoam-adapter-outer    |[0m 
[33mopenfoam-adapter-outer    |[0m Selecting radiationModel none
[33mopenfoam-adapter-outer    |[0m Creating finite volume options from "system/fvOptions"
[33mopenfoam-adapter-outer    |[0m 
[33mopenfoam-adapter-outer    |[0m 
[33mopenfoam-adapter-outer    |[0m Starting time loop
[33mopenfoam-adapter-outer    |[0m 
[33mopenfoam-adapter-outer    |[0m --------------------------------------------------------------------------
[33mopenfoam-adapter-outer    |[0m [[35175,1],0]: A high-performance Open MPI point-to-point messaging module
[33mopenfoam-adapter-outer    |[0m was unable to find any relevant network interfaces:
[33mopenfoam-adapter-outer    |[0m 
[33mopenfoam-adapter-outer    |[0m Module: OpenFabrics (openib)
[33mopenfoam-adapter-outer    |[0m   Host: 74912770bde9
[33mopenfoam-adapter-outer    |[0m 
[33mopenfoam-adapter-outer    |[0m Another transport will be used instead, although this may result in
[33mopenfoam-adapter-outer    |[0m lower performance.
[33mopenfoam-adapter-outer    |[0m 
[33mopenfoam-adapter-outer    |[0m NOTE: You can disable this warning by setting the MCA parameter
[33mopenfoam-adapter-outer    |[0m btl_base_warn_component_unused to 0.
[33mopenfoam-adapter-outer    |[0m --------------------------------------------------------------------------
[33mopenfoam-adapter-outer    |[0m ---[preciceAdapter] The preciceAdapter was loaded.
[33mopenfoam-adapter-outer    |[0m ---[preciceAdapter] Reading preciceDict...
[33mopenfoam-adapter-outer    |[0m ---[preciceAdapter] [DEBUG]   precice-config-file : precice-config.xml
[33mopenfoam-adapter-outer    |[0m ---[preciceAdapter] [DEBUG]   participant name    : Outer-Fluid
[33mopenfoam-adapter-outer    |[0m ---[preciceAdapter] [DEBUG]   modules requested   : 
[33mopenfoam-adapter-outer    |[0m ---[preciceAdapter] [DEBUG]   - CHT
[33mopenfoam-adapter-outer    |[0m 
[33mopenfoam-adapter-outer    |[0m ---[preciceAdapter] [DEBUG]   interfaces : 
[33mopenfoam-adapter-outer    |[0m ---[preciceAdapter] [DEBUG]   - mesh         : Outer-Fluid-to-Solid
[33mopenfoam-adapter-outer    |[0m ---[preciceAdapter] [DEBUG]     locations    : faceCenters
[33mopenfoam-adapter-outer    |[0m ---[preciceAdapter] [DEBUG]     connectivity : 0
[33mopenfoam-adapter-outer    |[0m ---[preciceAdapter] [DEBUG]     patches      : 
[33mopenfoam-adapter-outer    |[0m ---[preciceAdapter] [DEBUG]       - interface
[33mopenfoam-adapter-outer    |[0m ---[preciceAdapter] [DEBUG]     writeData    : 
[33mopenfoam-adapter-outer    |[0m ---[preciceAdapter] [DEBUG]       - Sink-Temperature-Outer-Fluid
[33mopenfoam-adapter-outer    |[0m ---[preciceAdapter] [DEBUG]       - Heat-Transfer-Coefficient-Outer-Fluid
[33mopenfoam-adapter-outer    |[0m ---[preciceAdapter] [DEBUG]     readData     : 
[33mopenfoam-adapter-outer    |[0m ---[preciceAdapter] [DEBUG]       - Sink-Temperature-Solid
[33mopenfoam-adapter-outer    |[0m ---[preciceAdapter] [DEBUG]       - Heat-Transfer-Coefficient-Solid
[33mopenfoam-adapter-outer    |[0m ---[preciceAdapter] [DEBUG] Configuring the CHT module...
[33mopenfoam-adapter-outer    |[0m ---[preciceAdapter] [DEBUG]     user-defined solver type : 
[33mopenfoam-adapter-outer    |[0m ---[preciceAdapter] [DEBUG]     temperature field name : T
[33mopenfoam-adapter-outer    |[0m ---[preciceAdapter] [DEBUG]     conductivity name for basic solvers : k
[33mopenfoam-adapter-outer    |[0m ---[preciceAdapter] [DEBUG]     density name for incompressible solvers : rho
[33mopenfoam-adapter-outer    |[0m ---[preciceAdapter] [DEBUG]     heat capacity name for incompressible solvers : Cp
[33mopenfoam-adapter-outer    |[0m ---[preciceAdapter] [DEBUG]     Prandtl number name for incompressible solvers : Pr
[33mopenfoam-adapter-outer    |[0m ---[preciceAdapter] [DEBUG]     Turbulent thermal diffusivity field name for incompressible solvers : alphat
[33mopenfoam-adapter-outer    |[0m ---[preciceAdapter] [DEBUG] Determining the solver type for the CHT module... (override by setting solverType to one of {compressible, incompressible, basic})
[33mopenfoam-adapter-outer    |[0m ---[preciceAdapter] [DEBUG] Automatically determined solver type : compressible
[33mopenfoam-adapter-outer    |[0m ---[preciceAdapter] [DEBUG] Checking the timestep type (fixed vs adjustable)...
[33mopenfoam-adapter-outer    |[0m ---[preciceAdapter] [DEBUG]   Timestep type: fixed.
[33mopenfoam-adapter-outer    |[0m ---[preciceAdapter] [DEBUG] Creating the preCICE solver interface...
[33mopenfoam-adapter-outer    |[0m ---[preciceAdapter] [DEBUG]   Number of processes: 1
[33mopenfoam-adapter-outer    |[0m ---[preciceAdapter] [DEBUG]   MPI rank: 0
[33mopenfoam-adapter-outer    |[0m ---[precice] [0m This is preCICE version 2.1.1
[33mopenfoam-adapter-outer    |[0m ---[precice] [0m Revision info: v2.1.1-47-g623fe0c5
[33mopenfoam-adapter-outer    |[0m ---[precice] [0m Configuring preCICE with configuration "precice-config.xml"
[33mopenfoam-adapter-outer    |[0m ---[precice] [0m I am participant "Outer-Fluid"
[33mopenfoam-adapter-outer    |[0m ---[preciceAdapter] [DEBUG]   preCICE solver interface was created.
[33mopenfoam-adapter-outer    |[0m ---[preciceAdapter] [DEBUG] Creating interfaces...
[33mopenfoam-adapter-outer    |[0m ---[preciceAdapter] [DEBUG] Number of face centres: 52809
[33mopenfoam-adapter-outer    |[0m ---[preciceAdapter] [DEBUG] Interface created on mesh Outer-Fluid-to-Solid
[33mopenfoam-adapter-outer    |[0m ---[preciceAdapter] [DEBUG] Adding coupling data writers...
[33mopenfoam-adapter-outer    |[0m ---[preciceAdapter] [DEBUG] Added writer: Sink Temperature.
[33mopenfoam-adapter-outer    |[0m ---[preciceAdapter] [DEBUG] Constructed KappaEff_Compressible.
[33mopenfoam-adapter-outer    |[0m ---[preciceAdapter] [DEBUG] Added writer: Heat Transfer Coefficient for compressible solvers.
[36mopenfoam-adapter-inner    |[0m /*---------------------------------------------------------------------------*\
[36mopenfoam-adapter-inner    |[0m | =========                 |                                                 |
[36mopenfoam-adapter-inner    |[0m | \\      /  F ield         | OpenFOAM: The Open Source CFD Toolbox           |
[36mopenfoam-adapter-inner    |[0m |  \\    /   O peration     | Version:  5.x                                   |
[36mopenfoam-adapter-inner    |[0m |   \\  /    A nd           | Web:      www.OpenFOAM.org                      |
[36mopenfoam-adapter-inner    |[0m |    \\/     M anipulation  |                                                 |
[36mopenfoam-adapter-inner    |[0m \*---------------------------------------------------------------------------*/
[36mopenfoam-adapter-inner    |[0m Build  : 5.x-68e8507efb72
[36mopenfoam-adapter-inner    |[0m Exec   : buoyantSimpleFoam -case /home/precice/Data/Input
[36mopenfoam-adapter-inner    |[0m Date   : Oct 23 2020
[36mopenfoam-adapter-inner    |[0m Time   : 20:29:16
[36mopenfoam-adapter-inner    |[0m Host   : "2e9486ebcd8b"
[36mopenfoam-adapter-inner    |[0m PID    : 162
[36mopenfoam-adapter-inner    |[0m I/O    : uncollated
[36mopenfoam-adapter-inner    |[0m Case   : /home/precice/Data/Input
[36mopenfoam-adapter-inner    |[0m nProcs : 1
[36mopenfoam-adapter-inner    |[0m sigFpe : Enabling floating point exception trapping (FOAM_SIGFPE).
[36mopenfoam-adapter-inner    |[0m fileModificationChecking : Monitoring run-time modified files using timeStampMaster (fileModificationSkew 10)
[36mopenfoam-adapter-inner    |[0m allowSystemOperations : Allowing user-supplied system call operations
[36mopenfoam-adapter-inner    |[0m 
[36mopenfoam-adapter-inner    |[0m // * * * * * * * * * * * * * * * * * * * * * * * * * * * * * * * * * * * * * //
[36mopenfoam-adapter-inner    |[0m Create time
[36mopenfoam-adapter-inner    |[0m 
[36mopenfoam-adapter-inner    |[0m Create mesh for time = 0
[36mopenfoam-adapter-inner    |[0m 
[36mopenfoam-adapter-inner    |[0m 
[36mopenfoam-adapter-inner    |[0m SIMPLE: no convergence criteria found. Calculations will run for 5 steps.
[36mopenfoam-adapter-inner    |[0m 
[36mopenfoam-adapter-inner    |[0m Reading thermophysical properties
[36mopenfoam-adapter-inner    |[0m 
[36mopenfoam-adapter-inner    |[0m Selecting thermodynamics package 
[36mopenfoam-adapter-inner    |[0m {
[36mopenfoam-adapter-inner    |[0m     type            heRhoThermo;
[36mopenfoam-adapter-inner    |[0m     mixture         pureMixture;
[36mopenfoam-adapter-inner    |[0m     transport       const;
[36mopenfoam-adapter-inner    |[0m     thermo          hConst;
[36mopenfoam-adapter-inner    |[0m     equationOfState perfectFluid;
[36mopenfoam-adapter-inner    |[0m     specie          specie;
[36mopenfoam-adapter-inner    |[0m     energy          sensibleEnthalpy;
[36mopenfoam-adapter-inner    |[0m }
[36mopenfoam-adapter-inner    |[0m 
[36mopenfoam-adapter-inner    |[0m Reading field U
[36mopenfoam-adapter-inner    |[0m 
[36mopenfoam-adapter-inner    |[0m Reading/calculating face flux field phi
[36mopenfoam-adapter-inner    |[0m 
[36mopenfoam-adapter-inner    |[0m Creating turbulence model
[36mopenfoam-adapter-inner    |[0m 
[36mopenfoam-adapter-inner    |[0m Selecting turbulence model type laminar
[36mopenfoam-adapter-inner    |[0m Selecting laminar stress model Stokes
[36mopenfoam-adapter-inner    |[0m 
[36mopenfoam-adapter-inner    |[0m Reading g
[36mopenfoam-adapter-inner    |[0m 
[36mopenfoam-adapter-inner    |[0m Reading hRef
[36mopenfoam-adapter-inner    |[0m Calculating field g.h
[36mopenfoam-adapter-inner    |[0m 
[36mopenfoam-adapter-inner    |[0m Reading field p_rgh
[36mopenfoam-adapter-inner    |[0m 
[36mopenfoam-adapter-inner    |[0m No MRF models present
[36mopenfoam-adapter-inner    |[0m 
[36mopenfoam-adapter-inner    |[0m Selecting radiationModel none
[36mopenfoam-adapter-inner    |[0m Creating finite volume options from "system/fvOptions"
[36mopenfoam-adapter-inner    |[0m 
[36mopenfoam-adapter-inner    |[0m 
[36mopenfoam-adapter-inner    |[0m Starting time loop
[36mopenfoam-adapter-inner    |[0m 
[36mopenfoam-adapter-inner    |[0m --------------------------------------------------------------------------
[36mopenfoam-adapter-inner    |[0m [[42269,1],0]: A high-performance Open MPI point-to-point messaging module
[36mopenfoam-adapter-inner    |[0m was unable to find any relevant network interfaces:
[36mopenfoam-adapter-inner    |[0m 
[36mopenfoam-adapter-inner    |[0m Module: OpenFabrics (openib)
[36mopenfoam-adapter-inner    |[0m   Host: 2e9486ebcd8b
[36mopenfoam-adapter-inner    |[0m 
[36mopenfoam-adapter-inner    |[0m Another transport will be used instead, although this may result in
[36mopenfoam-adapter-inner    |[0m lower performance.
[36mopenfoam-adapter-inner    |[0m 
[36mopenfoam-adapter-inner    |[0m NOTE: You can disable this warning by setting the MCA parameter
[36mopenfoam-adapter-inner    |[0m btl_base_warn_component_unused to 0.
[36mopenfoam-adapter-inner    |[0m --------------------------------------------------------------------------
[36mopenfoam-adapter-inner    |[0m ---[preciceAdapter] The preciceAdapter was loaded.
[36mopenfoam-adapter-inner    |[0m ---[preciceAdapter] Reading preciceDict...
[36mopenfoam-adapter-inner    |[0m ---[preciceAdapter] [DEBUG]   precice-config-file : precice-config.xml
[36mopenfoam-adapter-inner    |[0m ---[preciceAdapter] [DEBUG]   participant name    : Inner-Fluid
[36mopenfoam-adapter-inner    |[0m ---[preciceAdapter] [DEBUG]   modules requested   : 
[36mopenfoam-adapter-inner    |[0m ---[preciceAdapter] [DEBUG]   - CHT
[36mopenfoam-adapter-inner    |[0m 
[36mopenfoam-adapter-inner    |[0m ---[preciceAdapter] [DEBUG]   interfaces : 
[36mopenfoam-adapter-inner    |[0m ---[preciceAdapter] [DEBUG]   - mesh         : Inner-Fluid-to-Solid
[36mopenfoam-adapter-inner    |[0m ---[preciceAdapter] [DEBUG]     locations    : faceCenters
[36mopenfoam-adapter-inner    |[0m ---[preciceAdapter] [DEBUG]     connectivity : 0
[36mopenfoam-adapter-inner    |[0m ---[preciceAdapter] [DEBUG]     patches      : 
[36mopenfoam-adapter-inner    |[0m ---[preciceAdapter] [DEBUG]       - interface
[36mopenfoam-adapter-inner    |[0m ---[preciceAdapter] [DEBUG]     writeData    : 
[36mopenfoam-adapter-inner    |[0m ---[preciceAdapter] [DEBUG]       - Sink-Temperature-Inner-Fluid
[36mopenfoam-adapter-inner    |[0m ---[preciceAdapter] [DEBUG]       - Heat-Transfer-Coefficient-Inner-Fluid
[36mopenfoam-adapter-inner    |[0m ---[preciceAdapter] [DEBUG]     readData     : 
[36mopenfoam-adapter-inner    |[0m ---[preciceAdapter] [DEBUG]       - Sink-Temperature-Solid
[36mopenfoam-adapter-inner    |[0m ---[preciceAdapter] [DEBUG]       - Heat-Transfer-Coefficient-Solid
[36mopenfoam-adapter-inner    |[0m ---[preciceAdapter] [DEBUG] Configuring the CHT module...
[36mopenfoam-adapter-inner    |[0m ---[preciceAdapter] [DEBUG]     user-defined solver type : 
[36mopenfoam-adapter-inner    |[0m ---[preciceAdapter] [DEBUG]     temperature field name : T
[36mopenfoam-adapter-inner    |[0m ---[preciceAdapter] [DEBUG]     conductivity name for basic solvers : k
[36mopenfoam-adapter-inner    |[0m ---[preciceAdapter] [DEBUG]     density name for incompressible solvers : rho
[36mopenfoam-adapter-inner    |[0m ---[preciceAdapter] [DEBUG]     heat capacity name for incompressible solvers : Cp
[36mopenfoam-adapter-inner    |[0m ---[preciceAdapter] [DEBUG]     Prandtl number name for incompressible solvers : Pr
[36mopenfoam-adapter-inner    |[0m ---[preciceAdapter] [DEBUG]     Turbulent thermal diffusivity field name for incompressible solvers : alphat
[36mopenfoam-adapter-inner    |[0m ---[preciceAdapter] [DEBUG] Determining the solver type for the CHT module... (override by setting solverType to one of {compressible, incompressible, basic})
[36mopenfoam-adapter-inner    |[0m ---[preciceAdapter] [DEBUG] Automatically determined solver type : compressible
[36mopenfoam-adapter-inner    |[0m ---[preciceAdapter] [DEBUG] Checking the timestep type (fixed vs adjustable)...
[36mopenfoam-adapter-inner    |[0m ---[preciceAdapter] [DEBUG]   Timestep type: fixed.
[36mopenfoam-adapter-inner    |[0m ---[preciceAdapter] [DEBUG] Creating the preCICE solver interface...
[36mopenfoam-adapter-inner    |[0m ---[preciceAdapter] [DEBUG]   Number of processes: 1
[36mopenfoam-adapter-inner    |[0m ---[preciceAdapter] [DEBUG]   MPI rank: 0
[36mopenfoam-adapter-inner    |[0m ---[precice] [0m This is preCICE version 2.1.1
[36mopenfoam-adapter-inner    |[0m ---[precice] [0m Revision info: v2.1.1-47-g623fe0c5
[36mopenfoam-adapter-inner    |[0m ---[precice] [0m Configuring preCICE with configuration "precice-config.xml"
[36mopenfoam-adapter-inner    |[0m ---[precice] [0m I am participant "Inner-Fluid"
[36mopenfoam-adapter-inner    |[0m ---[preciceAdapter] [DEBUG]   preCICE solver interface was created.
[36mopenfoam-adapter-inner    |[0m ---[preciceAdapter] [DEBUG] Creating interfaces...
[36mopenfoam-adapter-inner    |[0m ---[preciceAdapter] [DEBUG] Number of face centres: 35384
[36mopenfoam-adapter-inner    |[0m ---[preciceAdapter] [DEBUG] Interface created on mesh Inner-Fluid-to-Solid
[36mopenfoam-adapter-inner    |[0m ---[preciceAdapter] [DEBUG] Adding coupling data writers...
[36mopenfoam-adapter-inner    |[0m ---[preciceAdapter] [DEBUG] Added writer: Sink Temperature.
[36mopenfoam-adapter-inner    |[0m ---[preciceAdapter] [DEBUG] Constructed KappaEff_Compressible.
[36mopenfoam-adapter-inner    |[0m ---[preciceAdapter] [DEBUG] Added writer: Heat Transfer Coefficient for compressible solvers.
[36mopenfoam-adapter-inner    |[0m ---[preciceAdapter] [DEBUG] Adding coupling data readers...
[36mopenfoam-adapter-inner    |[0m ---[preciceAdapter] [DEBUG] Added reader: Sink Temperature.
[36mopenfoam-adapter-inner    |[0m ---[preciceAdapter] [DEBUG] Constructed KappaEff_Compressible.
[36mopenfoam-adapter-inner    |[0m ---[preciceAdapter] [DEBUG] Added reader: Heat Transfer Coefficient for compressible solvers.
[36mopenfoam-adapter-inner    |[0m ---[preciceAdapter] [DEBUG] Initalizing the preCICE solver interface...
[36mopenfoam-adapter-inner    |[0m ---[precice] [0m Setting up master communication to coupling partner/s
[36mopenfoam-adapter-inner    |[0m ---[precice] [0m Masters are connected
[36mopenfoam-adapter-inner    |[0m ---[precice] [0m Setting up preliminary slaves communication to coupling partner/s
[36mopenfoam-adapter-inner    |[0m ---[precice] [0m Prepare partition for mesh Inner-Fluid-to-Solid
[36mopenfoam-adapter-inner    |[0m ---[precice] [0m Gather mesh Inner-Fluid-to-Solid
[36mopenfoam-adapter-inner    |[0m ---[precice] [0m Send global mesh Inner-Fluid-to-Solid
[36mopenfoam-adapter-inner    |[0m ---[precice] [0m Receive global mesh Solid-to-Inner-Fluid
[33mopenfoam-adapter-outer    |[0m ---[preciceAdapter] [DEBUG] Adding coupling data readers...
[33mopenfoam-adapter-outer    |[0m ---[preciceAdapter] [DEBUG] Added reader: Sink Temperature.
[33mopenfoam-adapter-outer    |[0m ---[preciceAdapter] [DEBUG] Constructed KappaEff_Compressible.
[33mopenfoam-adapter-outer    |[0m ---[preciceAdapter] [DEBUG] Added reader: Heat Transfer Coefficient for compressible solvers.
[33mopenfoam-adapter-outer    |[0m ---[preciceAdapter] [DEBUG] Initalizing the preCICE solver interface...
[33mopenfoam-adapter-outer    |[0m ---[precice] [0m Setting up master communication to coupling partner/s
[33mopenfoam-adapter-outer    |[0m ---[precice] [0m Masters are connected
[33mopenfoam-adapter-outer    |[0m ---[precice] [0m Setting up preliminary slaves communication to coupling partner/s
[33mopenfoam-adapter-outer    |[0m ---[precice] [0m Prepare partition for mesh Outer-Fluid-to-Solid
[33mopenfoam-adapter-outer    |[0m ---[precice] [0m Gather mesh Outer-Fluid-to-Solid
[33mopenfoam-adapter-outer    |[0m ---[precice] [0m Send global mesh Outer-Fluid-to-Solid
[33mopenfoam-adapter-outer    |[0m ---[precice] [0m Receive global mesh Solid-to-Outer-Fluid
[33mopenfoam-adapter-outer    |[0m ---[precice] [0m Setting up slaves communication to coupling partner/s
[33mopenfoam-adapter-outer    |[0m ---[precice] [0m Slaves are connected
[36mopenfoam-adapter-inner    |[0m ---[precice] [0m Setting up slaves communication to coupling partner/s
[36mopenfoam-adapter-inner    |[0m ---[precice] [0m Slaves are connected
[36mopenfoam-adapter-inner    |[0m ---[precice] [0m it 1 | dt# 1 | t 0 of 5 | dt 1 | max dt 1 | ongoing yes | dt complete no | write-initial-data | 
[36mopenfoam-adapter-inner    |[0m ---[preciceAdapter] [DEBUG] Writing coupling data...
[36mopenfoam-adapter-inner    |[0m ---[preciceAdapter] [DEBUG] Initializing preCICE data...
[36mopenfoam-adapter-inner    |[0m ---[precice] [0m Compute read mapping from mesh "Solid-to-Inner-Fluid" to mesh "Inner-Fluid-to-Solid".
[36mopenfoam-adapter-inner    |[0m ---[precice] [0m Mapping distance min:0.000430952 max:0.0351746 avg: 0.0130161 var: 2.9614e-05 cnt: 35384
[36mopenfoam-adapter-inner    |[0m ---[preciceAdapter] preCICE was configured and initialized
[36mopenfoam-adapter-inner    |[0m ---[preciceAdapter] [DEBUG] Reading coupling data...
[36mopenfoam-adapter-inner    |[0m ---[preciceAdapter] [DEBUG] Adjusting the solver's timestep...
[36mopenfoam-adapter-inner    |[0m ---[preciceAdapter] [DEBUG] The solver's timestep is the same as the coupling timestep.
[36mopenfoam-adapter-inner    |[0m ---[preciceAdapter] Setting the solver's endTime to infinity to prevent early exits. Only preCICE will control the simulation's endTime. Any functionObject's end() method will be triggered by the adapter. You may disable this behavior in the adapter's configuration.
[36mopenfoam-adapter-inner    |[0m Time = 1
[36mopenfoam-adapter-inner    |[0m 
[36mopenfoam-adapter-inner    |[0m DILUPBiCG:  Solving for Ux, Initial residual = 1, Final residual = 0.003, No Iterations 1
[36mopenfoam-adapter-inner    |[0m DILUPBiCG:  Solving for Uy, Initial residual = 1, Final residual = 0.001, No Iterations 1
[36mopenfoam-adapter-inner    |[0m DILUPBiCG:  Solving for Uz, Initial residual = 1, Final residual = 0.002, No Iterations 1
[36mopenfoam-adapter-inner    |[0m DILUPBiCG:  Solving for h, Initial residual = 1, Final residual = 7e-07, No Iterations 26
[36mopenfoam-adapter-inner    |[0m DICPCG:  Solving for p_rgh, Initial residual = 1, Final residual = 0.009, No Iterations 461
[36mopenfoam-adapter-inner    |[0m time step continuity errors : sum local = 0.003, global = -2e-06, cumulative = -2e-06
[36mopenfoam-adapter-inner    |[0m rho max/min : 1e+03 1e+03
[36mopenfoam-adapter-inner    |[0m ExecutionTime = 2e+01 s  ClockTime = 32 s
[36mopenfoam-adapter-inner    |[0m 
[36mopenfoam-adapter-inner    |[0m ---[preciceAdapter] [DEBUG] Writing coupling data...
[36mopenfoam-adapter-inner    |[0m ---[preciceAdapter] [DEBUG] Advancing preCICE...
[36mopenfoam-adapter-inner    |[0m ---[precice] [0m Time window completed
[36mopenfoam-adapter-inner    |[0m ---[precice] [0m it 1 | dt# 2 | t 1 of 5 | dt 1 | max dt 1 | ongoing yes | dt complete yes | 
[36mopenfoam-adapter-inner    |[0m ---[preciceAdapter] [DEBUG] Reading coupling data...
[36mopenfoam-adapter-inner    |[0m ---[preciceAdapter] [DEBUG] Adjusting the solver's timestep...
[36mopenfoam-adapter-inner    |[0m ---[preciceAdapter] [DEBUG] The solver's timestep is the same as the coupling timestep.
[36mopenfoam-adapter-inner    |[0m Time = 2
[36mopenfoam-adapter-inner    |[0m 
[36mopenfoam-adapter-inner    |[0m DILUPBiCG:  Solving for Ux, Initial residual = 0.3, Final residual = 0.004, No Iterations 3
[36mopenfoam-adapter-inner    |[0m DILUPBiCG:  Solving for Uy, Initial residual = 0.4, Final residual = 0.004, No Iterations 3
[36mopenfoam-adapter-inner    |[0m DILUPBiCG:  Solving for Uz, Initial residual = 0.1, Final residual = 0.006, No Iterations 2
[36mopenfoam-adapter-inner    |[0m DILUPBiCG:  Solving for h, Initial residual = 0.8, Final residual = 8e-07, No Iterations 79
[36mopenfoam-adapter-inner    |[0m DICPCG:  Solving for p_rgh, Initial residual = 0.1, Final residual = 0.001, No Iterations 564
[36mopenfoam-adapter-inner    |[0m time step continuity errors : sum local = 0.01, global = -2e-06, cumulative = -4e-06
[36mopenfoam-adapter-inner    |[0m rho max/min : 1e+03 1e+03
[36mopenfoam-adapter-inner    |[0m ExecutionTime = 4e+01 s  ClockTime = 53 s
[36mopenfoam-adapter-inner    |[0m 
[36mopenfoam-adapter-inner    |[0m ---[preciceAdapter] [DEBUG] Writing coupling data...
[36mopenfoam-adapter-inner    |[0m ---[preciceAdapter] [DEBUG] Advancing preCICE...
[36mopenfoam-adapter-inner    |[0m ---[precice] [0m Time window completed
[36mopenfoam-adapter-inner    |[0m ---[precice] [0m it 1 | dt# 3 | t 2 of 5 | dt 1 | max dt 1 | ongoing yes | dt complete yes | 
[36mopenfoam-adapter-inner    |[0m ---[preciceAdapter] [DEBUG] Reading coupling data...
[36mopenfoam-adapter-inner    |[0m ---[preciceAdapter] [DEBUG] Adjusting the solver's timestep...
[36mopenfoam-adapter-inner    |[0m ---[preciceAdapter] [DEBUG] The solver's timestep is the same as the coupling timestep.
[36mopenfoam-adapter-inner    |[0m Time = 3
[36mopenfoam-adapter-inner    |[0m 
[36mopenfoam-adapter-inner    |[0m DILUPBiCG:  Solving for Ux, Initial residual = 0.3, Final residual = 0.02, No Iterations 2
[36mopenfoam-adapter-inner    |[0m DILUPBiCG:  Solving for Uy, Initial residual = 0.3, Final residual = 0.009, No Iterations 3
[36mopenfoam-adapter-inner    |[0m DILUPBiCG:  Solving for Uz, Initial residual = 0.5, Final residual = 0.01, No Iterations 2
[36mopenfoam-adapter-inner    |[0m DILUPBiCG:  Solving for h, Initial residual = 0.7, Final residual = 7e-07, No Iterations 81
[36mopenfoam-adapter-inner    |[0m DICPCG:  Solving for p_rgh, Initial residual = 0.04, Final residual = 0.0004, No Iterations 373
[36mopenfoam-adapter-inner    |[0m time step continuity errors : sum local = 0.02, global = 0.0002, cumulative = 0.0002
[36mopenfoam-adapter-inner    |[0m rho max/min : 1e+03 1e+03
[36mopenfoam-adapter-inner    |[0m ExecutionTime = 6e+01 s  ClockTime = 70 s
[36mopenfoam-adapter-inner    |[0m 
[36mopenfoam-adapter-inner    |[0m ---[preciceAdapter] [DEBUG] Writing coupling data...
[36mopenfoam-adapter-inner    |[0m ---[preciceAdapter] [DEBUG] Advancing preCICE...
[36mopenfoam-adapter-inner    |[0m ---[precice] [0m Time window completed
[36mopenfoam-adapter-inner    |[0m ---[precice] [0m it 1 | dt# 4 | t 3 of 5 | dt 1 | max dt 1 | ongoing yes | dt complete yes | 
[36mopenfoam-adapter-inner    |[0m ---[preciceAdapter] [DEBUG] Reading coupling data...
[36mopenfoam-adapter-inner    |[0m ---[preciceAdapter] [DEBUG] Adjusting the solver's timestep...
[36mopenfoam-adapter-inner    |[0m ---[preciceAdapter] [DEBUG] The solver's timestep is the same as the coupling timestep.
[36mopenfoam-adapter-inner    |[0m Time = 4
[36mopenfoam-adapter-inner    |[0m 
[36mopenfoam-adapter-inner    |[0m DILUPBiCG:  Solving for Ux, Initial residual = 0.2, Final residual = 0.02, No Iterations 2
[36mopenfoam-adapter-inner    |[0m DILUPBiCG:  Solving for Uy, Initial residual = 0.2, Final residual = 0.003, No Iterations 3
[36mopenfoam-adapter-inner    |[0m DILUPBiCG:  Solving for Uz, Initial residual = 0.3, Final residual = 0.007, No Iterations 2
[36mopenfoam-adapter-inner    |[0m DILUPBiCG:  Solving for h, Initial residual = 0.8, Final residual = 3e-07, No Iterations 78
[36mopenfoam-adapter-inner    |[0m DICPCG:  Solving for p_rgh, Initial residual = 0.05, Final residual = 0.0004, No Iterations 441
[36mopenfoam-adapter-inner    |[0m time step continuity errors : sum local = 0.02, global = -5e-05, cumulative = 0.0002
[36mopenfoam-adapter-inner    |[0m rho max/min : 1e+03 1e+03
[36mopenfoam-adapter-inner    |[0m ExecutionTime = 8e+01 s  ClockTime = 99 s
[36mopenfoam-adapter-inner    |[0m 
[36mopenfoam-adapter-inner    |[0m ---[preciceAdapter] [DEBUG] Writing coupling data...
[36mopenfoam-adapter-inner    |[0m ---[preciceAdapter] [DEBUG] Advancing preCICE...
[36mopenfoam-adapter-inner    |[0m ---[precice] [0m Time window completed
[36mopenfoam-adapter-inner    |[0m ---[precice] [0m it 1 | dt# 5 | t 4 of 5 | dt 1 | max dt 1 | ongoing yes | dt complete yes | 
[36mopenfoam-adapter-inner    |[0m ---[preciceAdapter] [DEBUG] Reading coupling data...
[36mopenfoam-adapter-inner    |[0m ---[preciceAdapter] [DEBUG] Adjusting the solver's timestep...
[36mopenfoam-adapter-inner    |[0m ---[preciceAdapter] [DEBUG] The solver's timestep is the same as the coupling timestep.
[36mopenfoam-adapter-inner    |[0m Time = 5
[36mopenfoam-adapter-inner    |[0m 
[36mopenfoam-adapter-inner    |[0m DILUPBiCG:  Solving for Ux, Initial residual = 0.2, Final residual = 0.01, No Iterations 2
[36mopenfoam-adapter-inner    |[0m DILUPBiCG:  Solving for Uy, Initial residual = 0.2, Final residual = 0.003, No Iterations 3
[36mopenfoam-adapter-inner    |[0m DILUPBiCG:  Solving for Uz, Initial residual = 0.06, Final residual = 0.002, No Iterations 2
[36mopenfoam-adapter-inner    |[0m DILUPBiCG:  Solving for h, Initial residual = 0.7, Final residual = 6e-07, No Iterations 84
[36mopenfoam-adapter-inner    |[0m DICPCG:  Solving for p_rgh, Initial residual = 0.3, Final residual = 0.003, No Iterations 426
[36mopenfoam-adapter-inner    |[0m time step continuity errors : sum local = 0.02, global = -5e-05, cumulative = 0.0001
[36mopenfoam-adapter-inner    |[0m rho max/min : 1e+03 1e+03
[36mopenfoam-adapter-inner    |[0m ExecutionTime = 1e+02 s  ClockTime = 128 s
[36mopenfoam-adapter-inner    |[0m 
[36mopenfoam-adapter-inner    |[0m ---[preciceAdapter] [DEBUG] Writing coupling data...
[36mopenfoam-adapter-inner    |[0m ---[preciceAdapter] [DEBUG] Advancing preCICE...
[36mopenfoam-adapter-inner    |[0m ---[precice] [0m Time window completed
[36mopenfoam-adapter-inner    |[0m ---[precice] [0m it 1 | dt# 6 | t 5 of 5 | dt 1 | max dt 1 | ongoing no | dt complete yes | 
[36mopenfoam-adapter-inner    |[0m ---[preciceAdapter] [DEBUG] Reading coupling data...
[36mopenfoam-adapter-inner    |[0m ---[preciceAdapter] [DEBUG] Adjusting the solver's timestep...
[36mopenfoam-adapter-inner    |[0m ---[preciceAdapter] [DEBUG] The solver's timestep is the same as the coupling timestep.
[36mopenfoam-adapter-inner    |[0m ---[preciceAdapter] The coupling completed.
[36mopenfoam-adapter-inner    |[0m ---[preciceAdapter] [DEBUG] Finalizing the preCICE solver interface...
[36mopenfoam-adapter-inner    |[0m ---[preciceAdapter] [DEBUG] Destroying the preCICE solver interface...
[36mopenfoam-adapter-inner    |[0m ---[preciceAdapter] [DEBUG] Deleting the interfaces...
[36mopenfoam-adapter-inner    |[0m ---[preciceAdapter] [DEBUG] Destroying the CHT module...
[33mopenfoam-adapter-outer    |[0m ---[precice] [0m it 1 | dt# 1 | t 0 of 5 | dt 1 | max dt 1 | ongoing yes | dt complete no | write-initial-data | 
[33mopenfoam-adapter-outer    |[0m ---[preciceAdapter] [DEBUG] Writing coupling data...
[33mopenfoam-adapter-outer    |[0m ---[preciceAdapter] [DEBUG] Initializing preCICE data...
[33mopenfoam-adapter-outer    |[0m ---[precice] [0m Compute read mapping from mesh "Solid-to-Outer-Fluid" to mesh "Outer-Fluid-to-Solid".
[33mopenfoam-adapter-outer    |[0m ---[precice] [0m Mapping distance min:0.000112137 max:0.0359417 avg: 0.0131496 var: 3.11294e-05 cnt: 52809
[33mopenfoam-adapter-outer    |[0m ---[preciceAdapter] preCICE was configured and initialized
[33mopenfoam-adapter-outer    |[0m ---[preciceAdapter] [DEBUG] Reading coupling data...
[33mopenfoam-adapter-outer    |[0m ---[preciceAdapter] [DEBUG] Adjusting the solver's timestep...
[33mopenfoam-adapter-outer    |[0m ---[preciceAdapter] [DEBUG] The solver's timestep is the same as the coupling timestep.
[33mopenfoam-adapter-outer    |[0m ---[preciceAdapter] Setting the solver's endTime to infinity to prevent early exits. Only preCICE will control the simulation's endTime. Any functionObject's end() method will be triggered by the adapter. You may disable this behavior in the adapter's configuration.
[33mopenfoam-adapter-outer    |[0m Time = 1
[33mopenfoam-adapter-outer    |[0m 
[33mopenfoam-adapter-outer    |[0m DILUPBiCG:  Solving for Ux, Initial residual = 0, Final residual = 0, No Iterations 0
[33mopenfoam-adapter-outer    |[0m DILUPBiCG:  Solving for Uy, Initial residual = 1, Final residual = 0.0007, No Iterations 1
[33mopenfoam-adapter-outer    |[0m DILUPBiCG:  Solving for Uz, Initial residual = 0, Final residual = 0, No Iterations 0
[33mopenfoam-adapter-outer    |[0m DILUPBiCG:  Solving for h, Initial residual = 1, Final residual = 7e-07, No Iterations 23
[33mopenfoam-adapter-outer    |[0m DICPCG:  Solving for p_rgh, Initial residual = 1, Final residual = 0.009, No Iterations 369
[33mopenfoam-adapter-outer    |[0m time step continuity errors : sum local = 0.0009, global = -3e-07, cumulative = -3e-07
[33mopenfoam-adapter-outer    |[0m rho max/min : 1e+03 1e+03
[33mopenfoam-adapter-outer    |[0m ExecutionTime = 4e+01 s  ClockTime = 45 s
[33mopenfoam-adapter-outer    |[0m 
[33mopenfoam-adapter-outer    |[0m ---[preciceAdapter] [DEBUG] Writing coupling data...
[33mopenfoam-adapter-outer    |[0m ---[preciceAdapter] [DEBUG] Advancing preCICE...
[33mopenfoam-adapter-outer    |[0m ---[precice] [0m Time window completed
[33mopenfoam-adapter-outer    |[0m ---[precice] [0m it 1 | dt# 2 | t 1 of 5 | dt 1 | max dt 1 | ongoing yes | dt complete yes | 
[33mopenfoam-adapter-outer    |[0m ---[preciceAdapter] [DEBUG] Reading coupling data...
[33mopenfoam-adapter-outer    |[0m ---[preciceAdapter] [DEBUG] Adjusting the solver's timestep...
[33mopenfoam-adapter-outer    |[0m ---[preciceAdapter] [DEBUG] The solver's timestep is the same as the coupling timestep.
[33mopenfoam-adapter-outer    |[0m Time = 2
[33mopenfoam-adapter-outer    |[0m 
[33mopenfoam-adapter-outer    |[0m DILUPBiCG:  Solving for Ux, Initial residual = 0.3, Final residual = 0.02, No Iterations 2
[33mopenfoam-adapter-outer    |[0m DILUPBiCG:  Solving for Uy, Initial residual = 0.2, Final residual = 0.01, No Iterations 2
[33mopenfoam-adapter-outer    |[0m DILUPBiCG:  Solving for Uz, Initial residual = 0.2, Final residual = 0.006, No Iterations 2
[33mopenfoam-adapter-outer    |[0m DILUPBiCG:  Solving for h, Initial residual = 0.9, Final residual = 7e-07, No Iterations 92
[33mopenfoam-adapter-outer    |[0m DICPCG:  Solving for p_rgh, Initial residual = 0.7, Final residual = 0.007, No Iterations 471
[33mopenfoam-adapter-outer    |[0m time step continuity errors : sum local = 0.01, global = 2e-07, cumulative = -6e-08
[33mopenfoam-adapter-outer    |[0m rho max/min : 1e+03 1e+03
[33mopenfoam-adapter-outer    |[0m ExecutionTime = 7e+01 s  ClockTime = 78 s
[33mopenfoam-adapter-outer    |[0m 
[33mopenfoam-adapter-outer    |[0m ---[preciceAdapter] [DEBUG] Writing coupling data...
[33mopenfoam-adapter-outer    |[0m ---[preciceAdapter] [DEBUG] Advancing preCICE...
[33mopenfoam-adapter-outer    |[0m ---[precice] [0m Time window completed
[33mopenfoam-adapter-outer    |[0m ---[precice] [0m it 1 | dt# 3 | t 2 of 5 | dt 1 | max dt 1 | ongoing yes | dt complete yes | 
[33mopenfoam-adapter-outer    |[0m ---[preciceAdapter] [DEBUG] Reading coupling data...
[33mopenfoam-adapter-outer    |[0m ---[preciceAdapter] [DEBUG] Adjusting the solver's timestep...
[33mopenfoam-adapter-outer    |[0m ---[preciceAdapter] [DEBUG] The solver's timestep is the same as the coupling timestep.
[33mopenfoam-adapter-outer    |[0m Time = 3
[33mopenfoam-adapter-outer    |[0m 
[33mopenfoam-adapter-outer    |[0m DILUPBiCG:  Solving for Ux, Initial residual = 0.3, Final residual = 0.02, No Iterations 2
[33mopenfoam-adapter-outer    |[0m DILUPBiCG:  Solving for Uy, Initial residual = 0.3, Final residual = 0.01, No Iterations 2
[33mopenfoam-adapter-outer    |[0m DILUPBiCG:  Solving for Uz, Initial residual = 0.3, Final residual = 0.01, No Iterations 2
[33mopenfoam-adapter-outer    |[0m DILUPBiCG:  Solving for h, Initial residual = 0.9, Final residual = 6e-07, No Iterations 89
[33mopenfoam-adapter-outer    |[0m DICPCG:  Solving for p_rgh, Initial residual = 0.5, Final residual = 0.005, No Iterations 398
[33mopenfoam-adapter-outer    |[0m time step continuity errors : sum local = 0.02, global = -5e-07, cumulative = -6e-07
[33mopenfoam-adapter-outer    |[0m rho max/min : 1e+03 1e+03
[33mopenfoam-adapter-outer    |[0m ExecutionTime = 1e+02 s  ClockTime = 107 s
[33mopenfoam-adapter-outer    |[0m 
[33mopenfoam-adapter-outer    |[0m ---[preciceAdapter] [DEBUG] Writing coupling data...
[33mopenfoam-adapter-outer    |[0m ---[preciceAdapter] [DEBUG] Advancing preCICE...
[33mopenfoam-adapter-outer    |[0m ---[precice] [0m Time window completed
[33mopenfoam-adapter-outer    |[0m ---[precice] [0m it 1 | dt# 4 | t 3 of 5 | dt 1 | max dt 1 | ongoing yes | dt complete yes | 
[33mopenfoam-adapter-outer    |[0m ---[preciceAdapter] [DEBUG] Reading coupling data...
[33mopenfoam-adapter-outer    |[0m ---[preciceAdapter] [DEBUG] Adjusting the solver's timestep...
[33mopenfoam-adapter-outer    |[0m ---[preciceAdapter] [DEBUG] The solver's timestep is the same as the coupling timestep.
[33mopenfoam-adapter-outer    |[0m Time = 4
[33mopenfoam-adapter-outer    |[0m 
[33mopenfoam-adapter-outer    |[0m DILUPBiCG:  Solving for Ux, Initial residual = 0.2, Final residual = 0.008, No Iterations 2
[33mopenfoam-adapter-outer    |[0m DILUPBiCG:  Solving for Uy, Initial residual = 0.1, Final residual = 0.006, No Iterations 2
[33mopenfoam-adapter-outer    |[0m DILUPBiCG:  Solving for Uz, Initial residual = 0.1, Final residual = 0.009, No Iterations 2
[33mopenfoam-adapter-outer    |[0m DILUPBiCG:  Solving for h, Initial residual = 0.9, Final residual = 8e-07, No Iterations 84
[33mopenfoam-adapter-outer    |[0m DICPCG:  Solving for p_rgh, Initial residual = 0.4, Final residual = 0.004, No Iterations 423
[33mopenfoam-adapter-outer    |[0m time step continuity errors : sum local = 0.02, global = 6e-06, cumulative = 6e-06
[33mopenfoam-adapter-outer    |[0m rho max/min : 1e+03 1e+03
[33mopenfoam-adapter-outer    |[0m ExecutionTime = 1e+02 s  ClockTime = 136 s
[33mopenfoam-adapter-outer    |[0m 
[33mopenfoam-adapter-outer    |[0m ---[preciceAdapter] [DEBUG] Writing coupling data...
[33mopenfoam-adapter-outer    |[0m ---[preciceAdapter] [DEBUG] Advancing preCICE...
[33mopenfoam-adapter-outer    |[0m ---[precice] [0m Time window completed
[33mopenfoam-adapter-outer    |[0m ---[precice] [0m it 1 | dt# 5 | t 4 of 5 | dt 1 | max dt 1 | ongoing yes | dt complete yes | 
[33mopenfoam-adapter-outer    |[0m ---[preciceAdapter] [DEBUG] Reading coupling data...
[33mopenfoam-adapter-outer    |[0m ---[preciceAdapter] [DEBUG] Adjusting the solver's timestep...
[33mopenfoam-adapter-outer    |[0m ---[preciceAdapter] [DEBUG] The solver's timestep is the same as the coupling timestep.
[33mopenfoam-adapter-outer    |[0m Time = 5
[33mopenfoam-adapter-outer    |[0m 
[33mopenfoam-adapter-outer    |[0m DILUPBiCG:  Solving for Ux, Initial residual = 0.09, Final residual = 0.006, No Iterations 2
[33mopenfoam-adapter-outer    |[0m DILUPBiCG:  Solving for Uy, Initial residual = 0.05, Final residual = 0.0006, No Iterations 3
[33mopenfoam-adapter-outer    |[0m DILUPBiCG:  Solving for Uz, Initial residual = 0.05, Final residual = 0.0007, No Iterations 3
[33mopenfoam-adapter-outer    |[0m DILUPBiCG:  Solving for h, Initial residual = 0.8, Final residual = 8e-07, No Iterations 85
[33mopenfoam-adapter-outer    |[0m DICPCG:  Solving for p_rgh, Initial residual = 0.5, Final residual = 0.004, No Iterations 433
[33mopenfoam-adapter-outer    |[0m time step continuity errors : sum local = 0.02, global = -3e-05, cumulative = -2e-05
[33mopenfoam-adapter-outer    |[0m rho max/min : 1e+03 1e+03
[33mopenfoam-adapter-outer    |[0m ExecutionTime = 2e+02 s  ClockTime = 159 s
[33mopenfoam-adapter-outer    |[0m 
[33mopenfoam-adapter-outer    |[0m ---[preciceAdapter] [DEBUG] Writing coupling data...
[33mopenfoam-adapter-outer    |[0m ---[preciceAdapter] [DEBUG] Advancing preCICE...
[33mopenfoam-adapter-outer    |[0m ---[precice] [0m Time window completed
[33mopenfoam-adapter-outer    |[0m ---[precice] [0m it 1 | dt# 6 | t 5 of 5 | dt 1 | max dt 1 | ongoing no | dt complete yes | 
[33mopenfoam-adapter-outer    |[0m ---[preciceAdapter] [DEBUG] Reading coupling data...
[33mopenfoam-adapter-outer    |[0m ---[preciceAdapter] [DEBUG] Adjusting the solver's timestep...
[33mopenfoam-adapter-outer    |[0m ---[preciceAdapter] [DEBUG] The solver's timestep is the same as the coupling timestep.
[33mopenfoam-adapter-outer    |[0m ---[preciceAdapter] The coupling completed.
[33mopenfoam-adapter-outer    |[0m ---[preciceAdapter] [DEBUG] Finalizing the preCICE solver interface...
[33mopenfoam-adapter-outer    |[0m ---[preciceAdapter] [DEBUG] Destroying the preCICE solver interface...
[33mopenfoam-adapter-outer    |[0m ---[preciceAdapter] [DEBUG] Deleting the interfaces...
[33mopenfoam-adapter-outer    |[0m ---[preciceAdapter] [DEBUG] Destroying the CHT module...
[33mopenfoam-adapter-outer    |[0m ---[preciceAdapter] The simulation was ended by preCICE. Calling the end() methods of any functionObject explicitly.
[33mopenfoam-adapter-outer    |[0m End
[33mopenfoam-adapter-outer    |[0m 
[36mopenfoam-adapter-inner    |[0m ---[preciceAdapter] The simulation was ended by preCICE. Calling the end() methods of any functionObject explicitly.
[36mopenfoam-adapter-inner    |[0m End
[36mopenfoam-adapter-inner    |[0m 
[32mcalculix-adapter-solid    |[0m 
[32mcalculix-adapter-solid    |[0m ************************************************************
[32mcalculix-adapter-solid    |[0m 
[32mcalculix-adapter-solid    |[0m CalculiX Version 2.16, Copyright(C) 1998-2019 Guido Dhondt
[32mcalculix-adapter-solid    |[0m CalculiX comes with ABSOLUTELY NO WARRANTY. This is free
[32mcalculix-adapter-solid    |[0m software, and you are welcome to redistribute it under
[32mcalculix-adapter-solid    |[0m certain conditions, see gpl.htm
[32mcalculix-adapter-solid    |[0m 
[32mcalculix-adapter-solid    |[0m ************************************************************
[32mcalculix-adapter-solid    |[0m 
[32mcalculix-adapter-solid    |[0m You are using an executable made on Mo 25. Nov 18:56:47 CET 2019
[32mcalculix-adapter-solid    |[0m 
[32mcalculix-adapter-solid    |[0m   The numbers below are estimated upper bounds
[32mcalculix-adapter-solid    |[0m 
[32mcalculix-adapter-solid    |[0m   number of:
[32mcalculix-adapter-solid    |[0m 
[32mcalculix-adapter-solid    |[0m    nodes:        21153
[32mcalculix-adapter-solid    |[0m    elements:       106550
[32mcalculix-adapter-solid    |[0m    one-dimensional elements:            0
[32mcalculix-adapter-solid    |[0m    two-dimensional elements:            0
[32mcalculix-adapter-solid    |[0m    integration points per element:            1
[32mcalculix-adapter-solid    |[0m    degrees of freedom per node:            3
[32mcalculix-adapter-solid    |[0m    layers per element:            1
[32mcalculix-adapter-solid    |[0m 
[32mcalculix-adapter-solid    |[0m    distributed facial loads:        42172
[32mcalculix-adapter-solid    |[0m    distributed volumetric loads:            0
[32mcalculix-adapter-solid    |[0m    concentrated loads:            0
[32mcalculix-adapter-solid    |[0m    single point constraints:            0
[32mcalculix-adapter-solid    |[0m    multiple point constraints:            1
[32mcalculix-adapter-solid    |[0m    terms in all multiple point constraints:            1
[32mcalculix-adapter-solid    |[0m    tie constraints:            0
[32mcalculix-adapter-solid    |[0m    dependent nodes tied by cyclic constraints:            0
[32mcalculix-adapter-solid    |[0m    dependent nodes in pre-tension constraints:            0
[32mcalculix-adapter-solid    |[0m 
[32mcalculix-adapter-solid    |[0m    sets:            6
[32mcalculix-adapter-solid    |[0m    terms in all sets:       212183
[32mcalculix-adapter-solid    |[0m 
[32mcalculix-adapter-solid    |[0m    materials:            1
[32mcalculix-adapter-solid    |[0m    constants per material and temperature:            0
[32mcalculix-adapter-solid    |[0m    temperature points per material:            1
[32mcalculix-adapter-solid    |[0m    plastic data points per material:            0
[32mcalculix-adapter-solid    |[0m 
[32mcalculix-adapter-solid    |[0m    orientations:            0
[32mcalculix-adapter-solid    |[0m    amplitudes:            3
[32mcalculix-adapter-solid    |[0m    data points in all amplitudes:            3
[32mcalculix-adapter-solid    |[0m    print requests:            0
[32mcalculix-adapter-solid    |[0m    transformations:            0
[32mcalculix-adapter-solid    |[0m    property cards:            0
[32mcalculix-adapter-solid    |[0m 
[32mcalculix-adapter-solid    |[0m 
[32mcalculix-adapter-solid    |[0m  STEP            1
[32mcalculix-adapter-solid    |[0m 
[32mcalculix-adapter-solid    |[0m  Static analysis was selected
[32mcalculix-adapter-solid    |[0m 
[32mcalculix-adapter-solid    |[0m  Newton-Raphson iterative procedure is active
[32mcalculix-adapter-solid    |[0m 
[32mcalculix-adapter-solid    |[0m  Decascading the MPC's
[32mcalculix-adapter-solid    |[0m 
[32mcalculix-adapter-solid    |[0m  Determining the structure of the matrix:
[32mcalculix-adapter-solid    |[0m  number of equations
[32mcalculix-adapter-solid    |[0m  21153
[32mcalculix-adapter-solid    |[0m  number of nonzero lower triangular matrix elements
[32mcalculix-adapter-solid    |[0m  106662
[32mcalculix-adapter-solid    |[0m 
[32mcalculix-adapter-solid    |[0m Starting CHT analysis via preCICE...
[32mcalculix-adapter-solid    |[0m Setting up preCICE participant Solid, using config file: config.yml
[32mcalculix-adapter-solid    |[0m --------------------------------------------------------------------------
[32mcalculix-adapter-solid    |[0m [[8850,1],0]: A high-performance Open MPI point-to-point messaging module
[32mcalculix-adapter-solid    |[0m was unable to find any relevant network interfaces:
[32mcalculix-adapter-solid    |[0m 
[32mcalculix-adapter-solid    |[0m Module: OpenFabrics (openib)
[32mcalculix-adapter-solid    |[0m   Host: c587e330ca7e
[32mcalculix-adapter-solid    |[0m 
[32mcalculix-adapter-solid    |[0m Another transport will be used instead, although this may result in
[32mcalculix-adapter-solid    |[0m lower performance.
[32mcalculix-adapter-solid    |[0m 
[32mcalculix-adapter-solid    |[0m NOTE: You can disable this warning by setting the MCA parameter
[32mcalculix-adapter-solid    |[0m btl_base_warn_component_unused to 0.
[32mcalculix-adapter-solid    |[0m --------------------------------------------------------------------------
[32mcalculix-adapter-solid    |[0m ---[precice] [0m This is preCICE version 2.1.1
[32mcalculix-adapter-solid    |[0m ---[precice] [0m Revision info: v2.1.1-47-g623fe0c5
[32mcalculix-adapter-solid    |[0m ---[precice] [0m Configuring preCICE with configuration "precice-config.xml"
[32mcalculix-adapter-solid    |[0m ---[precice] [0m I am participant "Solid"
[32mcalculix-adapter-solid    |[0m Set ID Found 
[32mcalculix-adapter-solid    |[0m Setting node connectivity for nearest projection mapping: 
[32mcalculix-adapter-solid    |[0m Read data 'Sink-Temperature-Inner-Fluid' found with ID # '2'.
[32mcalculix-adapter-solid    |[0m Read data 'Heat-Transfer-Coefficient-Inner-Fluid' found with ID # '3'.
[32mcalculix-adapter-solid    |[0m Write data 'Sink-Temperature-Solid' found with ID # '0'.
[32mcalculix-adapter-solid    |[0m Write data 'Heat-Transfer-Coefficient-Solid' found with ID # '1'.
[32mcalculix-adapter-solid    |[0m Set ID Found 
[32mcalculix-adapter-solid    |[0m Setting node connectivity for nearest projection mapping: 
[32mcalculix-adapter-solid    |[0m Read data 'Sink-Temperature-Outer-Fluid' found with ID # '6'.
[32mcalculix-adapter-solid    |[0m Read data 'Heat-Transfer-Coefficient-Outer-Fluid' found with ID # '7'.
[32mcalculix-adapter-solid    |[0m Write data 'Sink-Temperature-Solid' found with ID # '4'.
[32mcalculix-adapter-solid    |[0m Write data 'Heat-Transfer-Coefficient-Solid' found with ID # '5'.
[32mcalculix-adapter-solid    |[0m ---[precice] [0m Setting up master communication to coupling partner/s
[32mcalculix-adapter-solid    |[0m ---[precice] [0m Masters are connected
[32mcalculix-adapter-solid    |[0m ---[precice] [0m Setting up preliminary slaves communication to coupling partner/s
[32mcalculix-adapter-solid    |[0m ---[precice] [0m Receive global mesh Inner-Fluid-to-Solid
[32mcalculix-adapter-solid    |[0m ---[precice] [0m Receive global mesh Outer-Fluid-to-Solid
[32mcalculix-adapter-solid    |[0m ---[precice] [0m Prepare partition for mesh Solid-to-Inner-Fluid
[32mcalculix-adapter-solid    |[0m ---[precice] [0m Gather mesh Solid-to-Inner-Fluid
[32mcalculix-adapter-solid    |[0m ---[precice] [0m Send global mesh Solid-to-Inner-Fluid
[32mcalculix-adapter-solid    |[0m ---[precice] [0m Prepare partition for mesh Solid-to-Outer-Fluid
[32mcalculix-adapter-solid    |[0m ---[precice] [0m Gather mesh Solid-to-Outer-Fluid
[32mcalculix-adapter-solid    |[0m ---[precice] [0m Send global mesh Solid-to-Outer-Fluid
[32mcalculix-adapter-solid    |[0m ---[precice] [0m Setting up slaves communication to coupling partner/s
[32mcalculix-adapter-solid    |[0m ---[precice] [0m Slaves are connected
[32mcalculix-adapter-solid    |[0m ---[precice] [0m Inner-Fluid: it 1 | dt# 1 | t 0 of 5 | dt 1 | max dt 1 | ongoing yes | dt complete no | write-initial-data | 
[32mcalculix-adapter-solid    |[0m Outer-Fluid: it 1 | dt# 1 | t 0 of 5 | dt 1 | max dt 1 | ongoing yes | dt complete no | write-initial-data | 
[32mcalculix-adapter-solid    |[0m Initializing coupling data
[32mcalculix-adapter-solid    |[0m Adapter writing coupling data...
[32mcalculix-adapter-solid    |[0m Writing SINK_TEMPERATURE coupling data with ID '0'. 
[32mcalculix-adapter-solid    |[0m Writing HEAT_TRANSFER_COEFF coupling data with ID '1'. 
[32mcalculix-adapter-solid    |[0m Writing SINK_TEMPERATURE coupling data with ID '4'. 
[32mcalculix-adapter-solid    |[0m Writing HEAT_TRANSFER_COEFF coupling data with ID '5'. 
[32mcalculix-adapter-solid    |[0m ---[precice] [0m Compute read mapping from mesh "Inner-Fluid-to-Solid" to mesh "Solid-to-Inner-Fluid".
[32mcalculix-adapter-solid    |[0m ---[precice] [0m Mapping distance min:0.000430952 max:0.0192511 avg: 0.00878207 var: 1.06099e-05 cnt: 17226
[32mcalculix-adapter-solid    |[0m ---[precice] [0m Compute read mapping from mesh "Outer-Fluid-to-Solid" to mesh "Solid-to-Outer-Fluid".
[32mcalculix-adapter-solid    |[0m ---[precice] [0m Mapping distance min:0.000112137 max:0.0196877 avg: 0.00852088 var: 9.49287e-06 cnt: 24176
[32mcalculix-adapter-solid    |[0m Adapter reading coupling data...
[32mcalculix-adapter-solid    |[0m Reading SINK_TEMPERATURE coupling data with ID '2'. 
[32mcalculix-adapter-solid    |[0m Reading HEAT_TRANSFER_COEFF coupling data with ID '3'. 
[32mcalculix-adapter-solid    |[0m Reading SINK_TEMPERATURE coupling data with ID '6'. 
[32mcalculix-adapter-solid    |[0m Reading HEAT_TRANSFER_COEFF coupling data with ID '7'. 
[32mcalculix-adapter-solid    |[0m Adjusting time step for steady-state step
[32mcalculix-adapter-solid    |[0m Adapter reading coupling data...
[32mcalculix-adapter-solid    |[0m Reading SINK_TEMPERATURE coupling data with ID '2'. 
[32mcalculix-adapter-solid    |[0m Reading HEAT_TRANSFER_COEFF coupling data with ID '3'. 
[32mcalculix-adapter-solid    |[0m Reading SINK_TEMPERATURE coupling data with ID '6'. 
[32mcalculix-adapter-solid    |[0m Reading HEAT_TRANSFER_COEFF coupling data with ID '7'. 
[32mcalculix-adapter-solid    |[0m  increment 1 attempt 1 
[32mcalculix-adapter-solid    |[0m  increment size= 1.000000e+00
[32mcalculix-adapter-solid    |[0m  sum of previous increments=0.000000e+00
[32mcalculix-adapter-solid    |[0m  actual step time=1.000000e+00
[32mcalculix-adapter-solid    |[0m  actual total time=1.000000e+00
[32mcalculix-adapter-solid    |[0m 
[32mcalculix-adapter-solid    |[0m  iteration 1
[32mcalculix-adapter-solid    |[0m 
[32mcalculix-adapter-solid    |[0m  Using up to 1 cpu(s) for the heat flux calculation.
[32mcalculix-adapter-solid    |[0m 
[32mcalculix-adapter-solid    |[0m  Using up to 1 cpu(s) for the symmetric stiffness/mass contributions.
[32mcalculix-adapter-solid    |[0m 
[32mcalculix-adapter-solid    |[0m  Factoring the system of equations using the symmetric spooles solver
[32mcalculix-adapter-solid    |[0m  Using 1 cpu for spooles.
[32mcalculix-adapter-solid    |[0m 
[32mcalculix-adapter-solid    |[0m  Using up to 1 cpu(s) for the heat flux calculation.
[32mcalculix-adapter-solid    |[0m 
[32mcalculix-adapter-solid    |[0m  average flux= 5.108361
[32mcalculix-adapter-solid    |[0m  time avg. flux= 5.108361
[32mcalculix-adapter-solid    |[0m  largest residual flux= 226.735266 in node 13966 and dof 0
[32mcalculix-adapter-solid    |[0m  largest increment of temp= 5.689586e+01
[32mcalculix-adapter-solid    |[0m  largest correction to temp= 5.689586e+01 in node 985 and dof 0
[32mcalculix-adapter-solid    |[0m 
[32mcalculix-adapter-solid    |[0m  no convergence
[32mcalculix-adapter-solid    |[0m 
[32mcalculix-adapter-solid    |[0m  iteration 2
[32mcalculix-adapter-solid    |[0m 
[32mcalculix-adapter-solid    |[0m  Using up to 1 cpu(s) for the symmetric stiffness/mass contributions.
[32mcalculix-adapter-solid    |[0m 
[32mcalculix-adapter-solid    |[0m  Factoring the system of equations using the symmetric spooles solver
[32mcalculix-adapter-solid    |[0m  Using 1 cpu for spooles.
[32mcalculix-adapter-solid    |[0m 
[32mcalculix-adapter-solid    |[0m  Using up to 1 cpu(s) for the heat flux calculation.
[32mcalculix-adapter-solid    |[0m 
[32mcalculix-adapter-solid    |[0m  average flux= 5.108361
[32mcalculix-adapter-solid    |[0m  time avg. flux= 5.108361
[32mcalculix-adapter-solid    |[0m  largest residual flux= 0.000000 in node 21126 and dof 0
[32mcalculix-adapter-solid    |[0m  largest increment of temp= 5.689586e+01
[32mcalculix-adapter-solid    |[0m  largest correction to temp= 1.586061e-13 in node 9660 and dof 0
[32mcalculix-adapter-solid    |[0m 
[32mcalculix-adapter-solid    |[0m  convergence
[32mcalculix-adapter-solid    |[0m 
[32mcalculix-adapter-solid    |[0m  the increment size exceeds the remainder of the step and is decreased to 0.000000e+00
[32mcalculix-adapter-solid    |[0m 
[32mcalculix-adapter-solid    |[0m Adapter writing coupling data...
[32mcalculix-adapter-solid    |[0m Writing SINK_TEMPERATURE coupling data with ID '0'. 
[32mcalculix-adapter-solid    |[0m Writing HEAT_TRANSFER_COEFF coupling data with ID '1'. 
[32mcalculix-adapter-solid    |[0m Writing SINK_TEMPERATURE coupling data with ID '4'. 
[32mcalculix-adapter-solid    |[0m Writing HEAT_TRANSFER_COEFF coupling data with ID '5'. 
[32mcalculix-adapter-solid    |[0m Adapter calling advance()...
[32mcalculix-adapter-solid    |[0m ---[precice] [0m Time window completed
[32mcalculix-adapter-solid    |[0m ---[precice] [0m Time window completed
[32mcalculix-adapter-solid    |[0m ---[precice] [0m Inner-Fluid: it 1 | dt# 2 | t 1 of 5 | dt 1 | max dt 1 | ongoing yes | dt complete yes | 
[32mcalculix-adapter-solid    |[0m Outer-Fluid: it 1 | dt# 2 | t 1 of 5 | dt 1 | max dt 1 | ongoing yes | dt complete yes | 
[32mcalculix-adapter-solid    |[0m Adjusting time step for steady-state step
[32mcalculix-adapter-solid    |[0m Adapter reading coupling data...
[32mcalculix-adapter-solid    |[0m Reading SINK_TEMPERATURE coupling data with ID '2'. 
[32mcalculix-adapter-solid    |[0m Reading HEAT_TRANSFER_COEFF coupling data with ID '3'. 
[32mcalculix-adapter-solid    |[0m Reading SINK_TEMPERATURE coupling data with ID '6'. 
[32mcalculix-adapter-solid    |[0m Reading HEAT_TRANSFER_COEFF coupling data with ID '7'. 
[32mcalculix-adapter-solid    |[0m  increment 2 attempt 1 
[32mcalculix-adapter-solid    |[0m  increment size= 1.000000e+00
[32mcalculix-adapter-solid    |[0m  sum of previous increments=0.000000e+00
[32mcalculix-adapter-solid    |[0m  actual step time=1.000000e+00
[32mcalculix-adapter-solid    |[0m  actual total time=1.000000e+00
[32mcalculix-adapter-solid    |[0m 
[32mcalculix-adapter-solid    |[0m  iteration 1
[32mcalculix-adapter-solid    |[0m 
[32mcalculix-adapter-solid    |[0m  Using up to 1 cpu(s) for the heat flux calculation.
[32mcalculix-adapter-solid    |[0m 
[32mcalculix-adapter-solid    |[0m  Using up to 1 cpu(s) for the symmetric stiffness/mass contributions.
[32mcalculix-adapter-solid    |[0m 
[32mcalculix-adapter-solid    |[0m  Factoring the system of equations using the symmetric spooles solver
[32mcalculix-adapter-solid    |[0m  Using 1 cpu for spooles.
[32mcalculix-adapter-solid    |[0m 
[32mcalculix-adapter-solid    |[0m  Using up to 1 cpu(s) for the heat flux calculation.
[32mcalculix-adapter-solid    |[0m 
[32mcalculix-adapter-solid    |[0m  average flux= 0.195386
[32mcalculix-adapter-solid    |[0m  time avg. flux= 2.651873
[32mcalculix-adapter-solid    |[0m  largest residual flux= 218.803266 in node 13966 and dof 0
[32mcalculix-adapter-solid    |[0m  largest increment of temp= 2.940572e+02
[32mcalculix-adapter-solid    |[0m  largest correction to temp= 2.940572e+02
[32mcalculix-adapter-solid    |[0m 
[32mcalculix-adapter-solid    |[0m  no convergence
[32mcalculix-adapter-solid    |[0m 
[32mcalculix-adapter-solid    |[0m  iteration 2
[32mcalculix-adapter-solid    |[0m 
[32mcalculix-adapter-solid    |[0m  Using up to 1 cpu(s) for the symmetric stiffness/mass contributions.
[32mcalculix-adapter-solid    |[0m 
[32mcalculix-adapter-solid    |[0m  Factoring the system of equations using the symmetric spooles solver
[32mcalculix-adapter-solid    |[0m  Using 1 cpu for spooles.
[32mcalculix-adapter-solid    |[0m 
[32mcalculix-adapter-solid    |[0m  Using up to 1 cpu(s) for the heat flux calculation.
[32mcalculix-adapter-solid    |[0m 
[32mcalculix-adapter-solid    |[0m  average flux= 0.195386
[32mcalculix-adapter-solid    |[0m  time avg. flux= 2.651873
[32mcalculix-adapter-solid    |[0m  largest residual flux= 0.000000 in node 21086 and dof 0
[32mcalculix-adapter-solid    |[0m  largest increment of temp= 2.940572e+02
[32mcalculix-adapter-solid    |[0m  largest correction to temp= 1.753220e-13 in node 2495 and dof 0
[32mcalculix-adapter-solid    |[0m 
[32mcalculix-adapter-solid    |[0m  convergence
[32mcalculix-adapter-solid    |[0m 
[32mcalculix-adapter-solid    |[0m Adapter writing coupling data...
[32mcalculix-adapter-solid    |[0m Writing SINK_TEMPERATURE coupling data with ID '0'. 
[32mcalculix-adapter-solid    |[0m Writing HEAT_TRANSFER_COEFF coupling data with ID '1'. 
[32mcalculix-adapter-solid    |[0m Writing SINK_TEMPERATURE coupling data with ID '4'. 
[32mcalculix-adapter-solid    |[0m Writing HEAT_TRANSFER_COEFF coupling data with ID '5'. 
[32mcalculix-adapter-solid    |[0m Adapter calling advance()...
[32mcalculix-adapter-solid    |[0m ---[precice] [0m Time window completed
[32mcalculix-adapter-solid    |[0m ---[precice] [0m Time window completed
[32mcalculix-adapter-solid    |[0m ---[precice] [0m Inner-Fluid: it 1 | dt# 3 | t 2 of 5 | dt 1 | max dt 1 | ongoing yes | dt complete yes | 
[32mcalculix-adapter-solid    |[0m Outer-Fluid: it 1 | dt# 3 | t 2 of 5 | dt 1 | max dt 1 | ongoing yes | dt complete yes | 
[32mcalculix-adapter-solid    |[0m Adjusting time step for steady-state step
[32mcalculix-adapter-solid    |[0m Adapter reading coupling data...
[32mcalculix-adapter-solid    |[0m Reading SINK_TEMPERATURE coupling data with ID '2'. 
[32mcalculix-adapter-solid    |[0m Reading HEAT_TRANSFER_COEFF coupling data with ID '3'. 
[32mcalculix-adapter-solid    |[0m Reading SINK_TEMPERATURE coupling data with ID '6'. 
[32mcalculix-adapter-solid    |[0m Reading HEAT_TRANSFER_COEFF coupling data with ID '7'. 
[32mcalculix-adapter-solid    |[0m  increment 3 attempt 1 
[32mcalculix-adapter-solid    |[0m  increment size= 1.000000e+00
[32mcalculix-adapter-solid    |[0m  sum of previous increments=0.000000e+00
[32mcalculix-adapter-solid    |[0m  actual step time=1.000000e+00
[32mcalculix-adapter-solid    |[0m  actual total time=1.000000e+00
[32mcalculix-adapter-solid    |[0m 
[32mcalculix-adapter-solid    |[0m  iteration 1
[32mcalculix-adapter-solid    |[0m 
[32mcalculix-adapter-solid    |[0m  Using up to 1 cpu(s) for the heat flux calculation.
[32mcalculix-adapter-solid    |[0m 
[32mcalculix-adapter-solid    |[0m  Using up to 1 cpu(s) for the symmetric stiffness/mass contributions.
[32mcalculix-adapter-solid    |[0m 
[32mcalculix-adapter-solid    |[0m  Factoring the system of equations using the symmetric spooles solver
[32mcalculix-adapter-solid    |[0m  Using 1 cpu for spooles.
[32mcalculix-adapter-solid    |[0m 
[32mcalculix-adapter-solid    |[0m  Using up to 1 cpu(s) for the heat flux calculation.
[32mcalculix-adapter-solid    |[0m 
[32mcalculix-adapter-solid    |[0m  average flux= 0.912176
[32mcalculix-adapter-solid    |[0m  time avg. flux= 2.071974
[32mcalculix-adapter-solid    |[0m  largest residual flux= 200.653817 in node 13966 and dof 0
[32mcalculix-adapter-solid    |[0m  largest increment of temp= 3.095528e+02
[32mcalculix-adapter-solid    |[0m  largest correction to temp= 3.095528e+02
[32mcalculix-adapter-solid    |[0m 
[32mcalculix-adapter-solid    |[0m  no convergence
[32mcalculix-adapter-solid    |[0m 
[32mcalculix-adapter-solid    |[0m  iteration 2
[32mcalculix-adapter-solid    |[0m 
[32mcalculix-adapter-solid    |[0m  Using up to 1 cpu(s) for the symmetric stiffness/mass contributions.
[32mcalculix-adapter-solid    |[0m 
[32mcalculix-adapter-solid    |[0m  Factoring the system of equations using the symmetric spooles solver
[32mcalculix-adapter-solid    |[0m  Using 1 cpu for spooles.
[32mcalculix-adapter-solid    |[0m 
[32mcalculix-adapter-solid    |[0m  Using up to 1 cpu(s) for the heat flux calculation.
[32mcalculix-adapter-solid    |[0m 
[32mcalculix-adapter-solid    |[0m  average flux= 0.912176
[32mcalculix-adapter-solid    |[0m  time avg. flux= 2.071974
[32mcalculix-adapter-solid    |[0m  largest residual flux= 0.000000 in node 13966 and dof 0
[32mcalculix-adapter-solid    |[0m  largest increment of temp= 3.095528e+02
[32mcalculix-adapter-solid    |[0m  largest correction to temp= 1.296025e-13 in node 4906 and dof 0
[32mcalculix-adapter-solid    |[0m 
[32mcalculix-adapter-solid    |[0m  convergence
[32mcalculix-adapter-solid    |[0m 
[32mcalculix-adapter-solid    |[0m Adapter writing coupling data...
[32mcalculix-adapter-solid    |[0m Writing SINK_TEMPERATURE coupling data with ID '0'. 
[32mcalculix-adapter-solid    |[0m Writing HEAT_TRANSFER_COEFF coupling data with ID '1'. 
[32mcalculix-adapter-solid    |[0m Writing SINK_TEMPERATURE coupling data with ID '4'. 
[32mcalculix-adapter-solid    |[0m Writing HEAT_TRANSFER_COEFF coupling data with ID '5'. 
[32mcalculix-adapter-solid    |[0m Adapter calling advance()...
[32mcalculix-adapter-solid    |[0m ---[precice] [0m Time window completed
[32mcalculix-adapter-solid    |[0m ---[precice] [0m Time window completed
[32mcalculix-adapter-solid    |[0m ---[precice] [0m Inner-Fluid: it 1 | dt# 4 | t 3 of 5 | dt 1 | max dt 1 | ongoing yes | dt complete yes | 
[32mcalculix-adapter-solid    |[0m Outer-Fluid: it 1 | dt# 4 | t 3 of 5 | dt 1 | max dt 1 | ongoing yes | dt complete yes | 
[32mcalculix-adapter-solid    |[0m Adjusting time step for steady-state step
[32mcalculix-adapter-solid    |[0m Adapter reading coupling data...
[32mcalculix-adapter-solid    |[0m Reading SINK_TEMPERATURE coupling data with ID '2'. 
[32mcalculix-adapter-solid    |[0m Reading HEAT_TRANSFER_COEFF coupling data with ID '3'. 
[32mcalculix-adapter-solid    |[0m Reading SINK_TEMPERATURE coupling data with ID '6'. 
[32mcalculix-adapter-solid    |[0m Reading HEAT_TRANSFER_COEFF coupling data with ID '7'. 
[32mcalculix-adapter-solid    |[0m  increment 4 attempt 1 
[32mcalculix-adapter-solid    |[0m  increment size= 1.000000e+00
[32mcalculix-adapter-solid    |[0m  sum of previous increments=0.000000e+00
[32mcalculix-adapter-solid    |[0m  actual step time=1.000000e+00
[32mcalculix-adapter-solid    |[0m  actual total time=1.000000e+00
[32mcalculix-adapter-solid    |[0m 
[32mcalculix-adapter-solid    |[0m  iteration 1
[32mcalculix-adapter-solid    |[0m 
[32mcalculix-adapter-solid    |[0m  Using up to 1 cpu(s) for the heat flux calculation.
[32mcalculix-adapter-solid    |[0m 
[32mcalculix-adapter-solid    |[0m  Using up to 1 cpu(s) for the symmetric stiffness/mass contributions.
[32mcalculix-adapter-solid    |[0m 
[32mcalculix-adapter-solid    |[0m  Factoring the system of equations using the symmetric spooles solver
[32mcalculix-adapter-solid    |[0m  Using 1 cpu for spooles.
[32mcalculix-adapter-solid    |[0m 
[32mcalculix-adapter-solid    |[0m  Using up to 1 cpu(s) for the heat flux calculation.
[32mcalculix-adapter-solid    |[0m 
[32mcalculix-adapter-solid    |[0m  average flux= 0.203637
[32mcalculix-adapter-solid    |[0m  time avg. flux= 1.604890
[32mcalculix-adapter-solid    |[0m  largest residual flux= 190.199309 in node 13966 and dof 0
[32mcalculix-adapter-solid    |[0m  largest increment of temp= 2.871898e+02
[32mcalculix-adapter-solid    |[0m  largest correction to temp= 2.871898e+02
[32mcalculix-adapter-solid    |[0m 
[32mcalculix-adapter-solid    |[0m  no convergence
[32mcalculix-adapter-solid    |[0m 
[32mcalculix-adapter-solid    |[0m  iteration 2
[32mcalculix-adapter-solid    |[0m 
[32mcalculix-adapter-solid    |[0m  Using up to 1 cpu(s) for the symmetric stiffness/mass contributions.
[32mcalculix-adapter-solid    |[0m 
[32mcalculix-adapter-solid    |[0m  Factoring the system of equations using the symmetric spooles solver
[32mcalculix-adapter-solid    |[0m  Using 1 cpu for spooles.
[32mcalculix-adapter-solid    |[0m 
[32mcalculix-adapter-solid    |[0m  Using up to 1 cpu(s) for the heat flux calculation.
[32mcalculix-adapter-solid    |[0m 
[32mcalculix-adapter-solid    |[0m  average flux= 0.203637
[32mcalculix-adapter-solid    |[0m  time avg. flux= 1.604890
[32mcalculix-adapter-solid    |[0m  largest residual flux= 0.000000 in node 798 and dof 0
[32mcalculix-adapter-solid    |[0m  largest increment of temp= 2.871898e+02
[32mcalculix-adapter-solid    |[0m  largest correction to temp= 1.366456e-13 in node 9601 and dof 0
[32mcalculix-adapter-solid    |[0m 
[32mcalculix-adapter-solid    |[0m  convergence
[32mcalculix-adapter-solid    |[0m 
[32mcalculix-adapter-solid    |[0m Adapter writing coupling data...
[32mcalculix-adapter-solid    |[0m Writing SINK_TEMPERATURE coupling data with ID '0'. 
[32mcalculix-adapter-solid    |[0m Writing HEAT_TRANSFER_COEFF coupling data with ID '1'. 
[32mcalculix-adapter-solid    |[0m Writing SINK_TEMPERATURE coupling data with ID '4'. 
[32mcalculix-adapter-solid    |[0m Writing HEAT_TRANSFER_COEFF coupling data with ID '5'. 
[32mcalculix-adapter-solid    |[0m Adapter calling advance()...
[32mcalculix-adapter-solid    |[0m ---[precice] [0m Time window completed
[32mcalculix-adapter-solid    |[0m ---[precice] [0m Time window completed
[32mcalculix-adapter-solid    |[0m ---[precice] [0m Inner-Fluid: it 1 | dt# 5 | t 4 of 5 | dt 1 | max dt 1 | ongoing yes | dt complete yes | 
[32mcalculix-adapter-solid    |[0m Outer-Fluid: it 1 | dt# 5 | t 4 of 5 | dt 1 | max dt 1 | ongoing yes | dt complete yes | 
[32mcalculix-adapter-solid    |[0m Adjusting time step for steady-state step
[32mcalculix-adapter-solid    |[0m Adapter reading coupling data...
[32mcalculix-adapter-solid    |[0m Reading SINK_TEMPERATURE coupling data with ID '2'. 
[32mcalculix-adapter-solid    |[0m Reading HEAT_TRANSFER_COEFF coupling data with ID '3'. 
[32mcalculix-adapter-solid    |[0m Reading SINK_TEMPERATURE coupling data with ID '6'. 
[32mcalculix-adapter-solid    |[0m Reading HEAT_TRANSFER_COEFF coupling data with ID '7'. 
[32mcalculix-adapter-solid    |[0m  increment 5 attempt 1 
[32mcalculix-adapter-solid    |[0m  increment size= 1.000000e+00
[32mcalculix-adapter-solid    |[0m  sum of previous increments=0.000000e+00
[32mcalculix-adapter-solid    |[0m  actual step time=1.000000e+00
[32mcalculix-adapter-solid    |[0m  actual total time=1.000000e+00
[32mcalculix-adapter-solid    |[0m 
[32mcalculix-adapter-solid    |[0m  iteration 1
[32mcalculix-adapter-solid    |[0m 
[32mcalculix-adapter-solid    |[0m  Using up to 1 cpu(s) for the heat flux calculation.
[32mcalculix-adapter-solid    |[0m 
[32mcalculix-adapter-solid    |[0m  Using up to 1 cpu(s) for the symmetric stiffness/mass contributions.
[32mcalculix-adapter-solid    |[0m 
[32mcalculix-adapter-solid    |[0m  Factoring the system of equations using the symmetric spooles solver
[32mcalculix-adapter-solid    |[0m  Using 1 cpu for spooles.
[32mcalculix-adapter-solid    |[0m 
[32mcalculix-adapter-solid    |[0m  Using up to 1 cpu(s) for the heat flux calculation.
[32mcalculix-adapter-solid    |[0m 
[32mcalculix-adapter-solid    |[0m  average flux= 0.722329
[32mcalculix-adapter-solid    |[0m  time avg. flux= 1.428377
[32mcalculix-adapter-solid    |[0m  largest residual flux= 181.541911 in node 26 and dof 0
[32mcalculix-adapter-solid    |[0m  largest increment of temp= 3.088063e+02
[32mcalculix-adapter-solid    |[0m  largest correction to temp= 3.088063e+02
[32mcalculix-adapter-solid    |[0m 
[32mcalculix-adapter-solid    |[0m  no convergence
[32mcalculix-adapter-solid    |[0m 
[32mcalculix-adapter-solid    |[0m  iteration 2
[32mcalculix-adapter-solid    |[0m 
[32mcalculix-adapter-solid    |[0m  Using up to 1 cpu(s) for the symmetric stiffness/mass contributions.
[32mcalculix-adapter-solid    |[0m 
[32mcalculix-adapter-solid    |[0m  Factoring the system of equations using the symmetric spooles solver
[32mcalculix-adapter-solid    |[0m  Using 1 cpu for spooles.
[32mcalculix-adapter-solid    |[0m 
[32mcalculix-adapter-solid    |[0m  Using up to 1 cpu(s) for the heat flux calculation.
[32mcalculix-adapter-solid    |[0m 
[32mcalculix-adapter-solid    |[0m  average flux= 0.722329
[32mcalculix-adapter-solid    |[0m  time avg. flux= 1.428377
[32mcalculix-adapter-solid    |[0m  largest residual flux= 0.000000 in node 21129 and dof 0
[32mcalculix-adapter-solid    |[0m  largest increment of temp= 3.088063e+02
[32mcalculix-adapter-solid    |[0m  largest correction to temp= 2.198446e-13
[32mcalculix-adapter-solid    |[0m 
[32mcalculix-adapter-solid    |[0m  convergence
[32mcalculix-adapter-solid    |[0m 
[32mcalculix-adapter-solid    |[0m Adapter writing coupling data...
[32mcalculix-adapter-solid    |[0m Writing SINK_TEMPERATURE coupling data with ID '0'. 
[32mcalculix-adapter-solid    |[0m Writing HEAT_TRANSFER_COEFF coupling data with ID '1'. 
[32mcalculix-adapter-solid    |[0m Writing SINK_TEMPERATURE coupling data with ID '4'. 
[32mcalculix-adapter-solid    |[0m Writing HEAT_TRANSFER_COEFF coupling data with ID '5'. 
[32mcalculix-adapter-solid    |[0m Adapter calling advance()...
[32mcalculix-adapter-solid    |[0m ---[precice] [0m Time window completed
[32mcalculix-adapter-solid    |[0m ---[precice] [0m Time window completed
[32mcalculix-adapter-solid    |[0m ---[precice] [0m Inner-Fluid: it 1 | dt# 6 | t 5 of 5 | dt 1 | max dt 1 | ongoing no | dt complete yes | 
[32mcalculix-adapter-solid    |[0m Outer-Fluid: it 1 | dt# 6 | t 5 of 5 | dt 1 | max dt 1 | ongoing no | dt complete yes | 
[32mcalculix-adapter-solid    |[0m  Using up to 1 cpu(s) for the heat flux calculation.
[32mcalculix-adapter-solid    |[0m 
[32mcalculix-adapter-solid    |[0m 
[32mcalculix-adapter-solid    |[0m  Job finished
[32mcalculix-adapter-solid    |[0m 
