Run finished at Thu Oct 22 09:18:24 2020
Global runtime       = 20231ms / 20.231s
Number of processors = 1
# Rank: 0

                                       Event |      Count |  Total[ms] |    Max[ms] |    Min[ms] |    Avg[ms] | Time Ratio |
----------------------------------------------------------------------------------------------------------------------------
                                     _GLOBAL |          1 |      20231 |      20231 |      20231 |      20231 |          1 |
                                     advance |        100 |      17435 |        296 |          2 |        174 |      0.862 |
                     advance/m2n.receiveData |         99 |      16170 |        294 |        114 |        163 |      0.799 |
                        advance/m2n.sendData |        100 |        812 |         28 |          0 |          8 |     0.0401 |
                                   configure |          1 |          3 |          3 |          3 |          3 |   0.000148 |
                                    finalize |          1 |         93 |         93 |         93 |         93 |     0.0046 |
                                  initialize |          1 |        323 |        323 |        323 |        323 |      0.016 |
       initialize/m2n.acceptMasterConnection |          1 |          6 |          6 |          6 |          6 |   0.000297 |
       initialize/m2n.acceptSlavesConnection |          1 |          8 |          8 |          8 |          8 |   0.000395 |
 initialize/m2n.broadcastVertexDistributions |          1 |          0 |          0 |          0 |          0 |          0 |
        initialize/m2n.buildCommunicationMap |          1 |          0 |          0 |          0 |          0 |          0 |
         initialize/m2n.createCommunications |          1 |          2 |          2 |          2 |          2 |   9.89e-05 |
   initialize/m2n.exchangeVertexDistribution |          1 |          4 |          4 |          4 |          4 |   0.000198 |
                  initialize/m2n.receiveData |          1 |        294 |        294 |        294 |        294 |     0.0145 |
       initialize/partition.gatherMesh.Solid |          1 |          3 |          3 |          3 |          3 |   0.000148 |
      initialize/partition.prepareMesh.Solid |          1 |          0 |          0 |          0 |          0 |          0 |
   initialize/partition.sendGlobalMesh.Solid |          1 |          1 |          1 |          1 |          1 |   4.94e-05 |
                              initializeData |          1 |          2 |          2 |          2 |          2 |   9.89e-05 |
                              solver.advance |        100 |       2330 |         82 |          9 |         23 |      0.115 |
                           solver.initialize |          1 |         35 |         35 |         35 |         35 |    0.00173 |


                                        Name |        Max |  MaxOnRank |        Min |  MinOnRank |    Min/Max |
---------------------------------------------------------------------------------------------------------------
                                     _GLOBAL |      20231 |          0 |      20231 |          0 |          1 |
                                     advance |        296 |          0 |          2 |          0 | 0.00675676 |
                     advance/m2n.receiveData |        294 |          0 |        114 |          0 |   0.387755 |
                        advance/m2n.sendData |         28 |          0 |          0 |          0 |          0 |
                                   configure |          3 |          0 |          3 |          0 |          1 |
                                    finalize |         93 |          0 |         93 |          0 |          1 |
                                  initialize |        323 |          0 |        323 |          0 |          1 |
       initialize/m2n.acceptMasterConnection |          6 |          0 |          6 |          0 |          1 |
       initialize/m2n.acceptSlavesConnection |          8 |          0 |          8 |          0 |          1 |
 initialize/m2n.broadcastVertexDistributions |          0 |          0 |          0 |          0 |          0 |
        initialize/m2n.buildCommunicationMap |          0 |          0 |          0 |          0 |          0 |
         initialize/m2n.createCommunications |          2 |          0 |          2 |          0 |          1 |
   initialize/m2n.exchangeVertexDistribution |          4 |          0 |          4 |          0 |          1 |
                  initialize/m2n.receiveData |        294 |          0 |        294 |          0 |          1 |
       initialize/partition.gatherMesh.Solid |          3 |          0 |          3 |          0 |          1 |
      initialize/partition.prepareMesh.Solid |          0 |          0 |          0 |          0 |          0 |
   initialize/partition.sendGlobalMesh.Solid |          1 |          0 |          1 |          0 |          1 |
                              initializeData |          2 |          0 |          2 |          0 |          1 |
                              solver.advance |         82 |          0 |          9 |          0 |   0.109756 |
                           solver.initialize |         35 |          0 |         35 |          0 |          1 |
