Attaching to openfoam-adapter-outer, nutils-adapter, tutorial-data
[36mopenfoam-adapter-outer    |[0m /*---------------------------------------------------------------------------*\
[36mopenfoam-adapter-outer    |[0m | =========                 |                                                 |
[36mopenfoam-adapter-outer    |[0m | \\      /  F ield         | OpenFOAM: The Open Source CFD Toolbox           |
[36mopenfoam-adapter-outer    |[0m |  \\    /   O peration     | Version:  2006                                  |
[36mopenfoam-adapter-outer    |[0m |   \\  /    A nd           | Website:  www.openfoam.com                      |
[36mopenfoam-adapter-outer    |[0m |    \\/     M anipulation  |                                                 |
[36mopenfoam-adapter-outer    |[0m \*---------------------------------------------------------------------------*/
[36mopenfoam-adapter-outer    |[0m Build  : 295eef47-20201012 OPENFOAM=2006 patch=201012
[36mopenfoam-adapter-outer    |[0m Arch   : "LSB;label=32;scalar=64"
[36mopenfoam-adapter-outer    |[0m Exec   : blockMesh -case /home/precice/Data/Input
[36mopenfoam-adapter-outer    |[0m Date   : Jan 04 2021
[36mopenfoam-adapter-outer    |[0m Time   : 16:59:36
[36mopenfoam-adapter-outer    |[0m Host   : abfba101edfe
[36mopenfoam-adapter-outer    |[0m PID    : 258
[36mopenfoam-adapter-outer    |[0m I/O    : uncollated
[36mopenfoam-adapter-outer    |[0m Case   : /home/precice/Data/Input
[36mopenfoam-adapter-outer    |[0m nProcs : 1
[36mopenfoam-adapter-outer    |[0m trapFpe: Floating point exception trapping enabled (FOAM_SIGFPE).
[36mopenfoam-adapter-outer    |[0m fileModificationChecking : Monitoring run-time modified files using timeStampMaster (fileModificationSkew 5, maxFileModificationPolls 20)
[36mopenfoam-adapter-outer    |[0m allowSystemOperations : Allowing user-supplied system call operations
[36mopenfoam-adapter-outer    |[0m 
[36mopenfoam-adapter-outer    |[0m // * * * * * * * * * * * * * * * * * * * * * * * * * * * * * * * * * * * * * //
[36mopenfoam-adapter-outer    |[0m Create time
[36mopenfoam-adapter-outer    |[0m 
[36mopenfoam-adapter-outer    |[0m Creating block mesh from "system/blockMeshDict"
[36mopenfoam-adapter-outer    |[0m --> FOAM IOWarning :
[36mopenfoam-adapter-outer    |[0m     Found [v1012] 'convertToMeters' entry instead of 'scale' in dictionary "/home/precice/Data/Input/system/blockMeshDict" 
[36mopenfoam-adapter-outer    |[0m 
[36mopenfoam-adapter-outer    |[0m Creating block edges
[36mopenfoam-adapter-outer    |[0m No non-planar block faces defined
[36mopenfoam-adapter-outer    |[0m Creating topology blocks
[36mopenfoam-adapter-outer    |[0m     This keyword is deemed to be 114 months old.
[36mopenfoam-adapter-outer    |[0m 
[36mopenfoam-adapter-outer    |[0m Creating topology patches
[36mopenfoam-adapter-outer    |[0m 
[36mopenfoam-adapter-outer    |[0m Creating block mesh topology
[36mopenfoam-adapter-outer    |[0m --> FOAM Warning : 
[36mopenfoam-adapter-outer    |[0m     From Foam::polyMesh::polyMesh(const Foam::IOobject&, Foam::pointField&&, const cellShapeList&, const faceListList&, const wordList&, const Foam::PtrList<Foam::dictionary>&, const Foam::word&, const Foam::word&, bool)
[36mopenfoam-adapter-outer    |[0m     in file meshes/polyMesh/polyMeshFromShapeMesh.C at line 915
[36mopenfoam-adapter-outer    |[0m     Found 6 undefined faces in mesh; adding to default patch defaultFaces
[36mopenfoam-adapter-outer    |[0m 
[36mopenfoam-adapter-outer    |[0m Check topology
[36mopenfoam-adapter-outer    |[0m 
[36mopenfoam-adapter-outer    |[0m 	Basic statistics
[36mopenfoam-adapter-outer    |[0m 		Number of internal faces : 2
[36mopenfoam-adapter-outer    |[0m 		Number of boundary faces : 14
[36mopenfoam-adapter-outer    |[0m 		Number of defined boundary faces : 14
[36mopenfoam-adapter-outer    |[0m 		Number of undefined boundary faces : 0
[36mopenfoam-adapter-outer    |[0m 	Checking patch -> block consistency
[36mopenfoam-adapter-outer    |[0m 
[36mopenfoam-adapter-outer    |[0m Creating block offsets
[36mopenfoam-adapter-outer    |[0m Creating merge list (topological search)...
[36mopenfoam-adapter-outer    |[0m 
[36mopenfoam-adapter-outer    |[0m Creating polyMesh from blockMesh
[36mopenfoam-adapter-outer    |[0m Creating patches
[36mopenfoam-adapter-outer    |[0m Creating cells
[36mopenfoam-adapter-outer    |[0m Creating points with scale 1
[36mopenfoam-adapter-outer    |[0m     Block 0 cell size :
[36mopenfoam-adapter-outer    |[0m         i : 0.0123864 .. 0.00247728
[36mopenfoam-adapter-outer    |[0m         j : 0.00232699 .. 0.0349049
[36mopenfoam-adapter-outer    |[0m         k : 0.05 .. 0.05
[36mopenfoam-adapter-outer    |[0m 
[36mopenfoam-adapter-outer    |[0m     Block 1 cell size :
[36mopenfoam-adapter-outer    |[0m         i : 0.0024959 .. 0.0124795
[36mopenfoam-adapter-outer    |[0m         j : 0.00232699 .. 0.0349049
[36mopenfoam-adapter-outer    |[0m         k : 0.05 .. 0.05
[36mopenfoam-adapter-outer    |[0m 
[36mopenfoam-adapter-outer    |[0m     Block 2 cell size :
[36mopenfoam-adapter-outer    |[0m         i : 0.0392157 .. 0.0392157
[36mopenfoam-adapter-outer    |[0m         j : 0.00232699 .. 0.0349049
[36mopenfoam-adapter-outer    |[0m         k : 0.05 .. 0.05
[36mopenfoam-adapter-outer    |[0m 
[36mopenfoam-adapter-outer    |[0m 
[36mopenfoam-adapter-outer    |[0m There are no merge patch pairs
[36mopenfoam-adapter-outer    |[0m 
[36mopenfoam-adapter-outer    |[0m Writing polyMesh with 0 cellZones
[36mopenfoam-adapter-outer    |[0m ----------------
[36mopenfoam-adapter-outer    |[0m Mesh Information
[36mopenfoam-adapter-outer    |[0m ----------------
[36mopenfoam-adapter-outer    |[0m   boundingBox: (-0.5 0 0) (3 0.5 0.05)
[36mopenfoam-adapter-outer    |[0m   nPoints: 24696
[36mopenfoam-adapter-outer    |[0m   nCells: 12013
[36mopenfoam-adapter-outer    |[0m   nFaces: 48386
[36mopenfoam-adapter-outer    |[0m   nInternalFaces: 23692
[36mopenfoam-adapter-outer    |[0m ----------------
[36mopenfoam-adapter-outer    |[0m Patches
[36mopenfoam-adapter-outer    |[0m ----------------
[36mopenfoam-adapter-outer    |[0m   patch 0 (start: 23692 size: 41) name: inlet
[36mopenfoam-adapter-outer    |[0m   patch 1 (start: 23733 size: 41) name: outlet
[36mopenfoam-adapter-outer    |[0m   patch 2 (start: 23774 size: 293) name: top
[36mopenfoam-adapter-outer    |[0m   patch 3 (start: 24067 size: 81) name: slip-bottom
[36mopenfoam-adapter-outer    |[0m   patch 4 (start: 24148 size: 51) name: bottom
[36mopenfoam-adapter-outer    |[0m   patch 5 (start: 24199 size: 161) name: interface
[36mopenfoam-adapter-outer    |[0m   patch 6 (start: 24360 size: 24026) name: defaultFaces
[36mopenfoam-adapter-outer    |[0m 
[36mopenfoam-adapter-outer    |[0m End
[36mopenfoam-adapter-outer    |[0m 
[36mopenfoam-adapter-outer    |[0m /*---------------------------------------------------------------------------*\
[36mopenfoam-adapter-outer    |[0m | =========                 |                                                 |
[36mopenfoam-adapter-outer    |[0m | \\      /  F ield         | OpenFOAM: The Open Source CFD Toolbox           |
[36mopenfoam-adapter-outer    |[0m |  \\    /   O peration     | Version:  2006                                  |
[36mopenfoam-adapter-outer    |[0m |   \\  /    A nd           | Website:  www.openfoam.com                      |
[36mopenfoam-adapter-outer    |[0m |    \\/     M anipulation  |                                                 |
[36mopenfoam-adapter-outer    |[0m \*---------------------------------------------------------------------------*/
[36mopenfoam-adapter-outer    |[0m Build  : 295eef47-20201012 OPENFOAM=2006 patch=201012
[36mopenfoam-adapter-outer    |[0m Arch   : "LSB;label=32;scalar=64"
[36mopenfoam-adapter-outer    |[0m Exec   : buoyantPimpleFoam -case /home/precice/Data/Input
[36mopenfoam-adapter-outer    |[0m Date   : Jan 04 2021
[36mopenfoam-adapter-outer    |[0m Time   : 16:59:37
[36mopenfoam-adapter-outer    |[0m Host   : abfba101edfe
[36mopenfoam-adapter-outer    |[0m PID    : 259
[36mopenfoam-adapter-outer    |[0m I/O    : uncollated
[36mopenfoam-adapter-outer    |[0m Case   : /home/precice/Data/Input
[36mopenfoam-adapter-outer    |[0m nProcs : 1
[36mopenfoam-adapter-outer    |[0m trapFpe: Floating point exception trapping enabled (FOAM_SIGFPE).
[36mopenfoam-adapter-outer    |[0m fileModificationChecking : Monitoring run-time modified files using timeStampMaster (fileModificationSkew 5, maxFileModificationPolls 20)
[36mopenfoam-adapter-outer    |[0m allowSystemOperations : Allowing user-supplied system call operations
[36mopenfoam-adapter-outer    |[0m 
[36mopenfoam-adapter-outer    |[0m // * * * * * * * * * * * * * * * * * * * * * * * * * * * * * * * * * * * * * //
[36mopenfoam-adapter-outer    |[0m Create time
[36mopenfoam-adapter-outer    |[0m 
[36mopenfoam-adapter-outer    |[0m Create mesh for time = 0
[36mopenfoam-adapter-outer    |[0m 
[36mopenfoam-adapter-outer    |[0m 
[36mopenfoam-adapter-outer    |[0m PIMPLE: Operating solver in PISO mode
[36mopenfoam-adapter-outer    |[0m 
[36mopenfoam-adapter-outer    |[0m Reading thermophysical properties
[36mopenfoam-adapter-outer    |[0m 
[36mopenfoam-adapter-outer    |[0m Selecting thermodynamics package 
[36mopenfoam-adapter-outer    |[0m {
[36mopenfoam-adapter-outer    |[0m     type            heRhoThermo;
[36mopenfoam-adapter-outer    |[0m     mixture         pureMixture;
[36mopenfoam-adapter-outer    |[0m     transport       const;
[36mopenfoam-adapter-outer    |[0m     thermo          hConst;
[36mopenfoam-adapter-outer    |[0m     equationOfState perfectGas;
[36mopenfoam-adapter-outer    |[0m     specie          specie;
[36mopenfoam-adapter-outer    |[0m     energy          sensibleEnthalpy;
[36mopenfoam-adapter-outer    |[0m }
[36mopenfoam-adapter-outer    |[0m 
[36mopenfoam-adapter-outer    |[0m Reading field U
[36mopenfoam-adapter-outer    |[0m 
[36mopenfoam-adapter-outer    |[0m Reading/calculating face flux field phi
[36mopenfoam-adapter-outer    |[0m 
[36mopenfoam-adapter-outer    |[0m Creating turbulence model
[36mopenfoam-adapter-outer    |[0m 
[36mopenfoam-adapter-outer    |[0m Selecting turbulence model type laminar
[36mopenfoam-adapter-outer    |[0m Selecting laminar stress model Stokes
[36mopenfoam-adapter-outer    |[0m 
[36mopenfoam-adapter-outer    |[0m Reading g
[36mopenfoam-adapter-outer    |[0m 
[36mopenfoam-adapter-outer    |[0m Reading hRef
[36mopenfoam-adapter-outer    |[0m Calculating field g.h
[36mopenfoam-adapter-outer    |[0m 
[36mopenfoam-adapter-outer    |[0m Reading field p_rgh
[36mopenfoam-adapter-outer    |[0m 
[36mopenfoam-adapter-outer    |[0m Creating field dpdt
[36mopenfoam-adapter-outer    |[0m 
[36mopenfoam-adapter-outer    |[0m Creating field kinetic energy K
[36mopenfoam-adapter-outer    |[0m 
[36mopenfoam-adapter-outer    |[0m No MRF models present
[36mopenfoam-adapter-outer    |[0m 
[36mopenfoam-adapter-outer    |[0m Radiation model not active: radiationProperties not found
[36mopenfoam-adapter-outer    |[0m Selecting radiationModel none
[36mopenfoam-adapter-outer    |[0m No finite volume options present
[36mopenfoam-adapter-outer    |[0m Courant Number mean: 0.0837143 max: 0.403668
[36mopenfoam-adapter-outer    |[0m 
[36mopenfoam-adapter-outer    |[0m Starting time loop
[36mopenfoam-adapter-outer    |[0m 
[36mopenfoam-adapter-outer    |[0m --------------------------------------------------------------------------
[36mopenfoam-adapter-outer    |[0m [[39156,1],0]: A high-performance Open MPI point-to-point messaging module
[36mopenfoam-adapter-outer    |[0m was unable to find any relevant network interfaces:
[36mopenfoam-adapter-outer    |[0m 
[36mopenfoam-adapter-outer    |[0m Module: OpenFabrics (openib)
[36mopenfoam-adapter-outer    |[0m   Host: abfba101edfe
[36mopenfoam-adapter-outer    |[0m 
[36mopenfoam-adapter-outer    |[0m Another transport will be used instead, although this may result in
[36mopenfoam-adapter-outer    |[0m lower performance.
[36mopenfoam-adapter-outer    |[0m 
[36mopenfoam-adapter-outer    |[0m NOTE: You can disable this warning by setting the MCA parameter
[36mopenfoam-adapter-outer    |[0m btl_base_warn_component_unused to 0.
[36mopenfoam-adapter-outer    |[0m --------------------------------------------------------------------------
[36mopenfoam-adapter-outer    |[0m ASSERTION FAILED
[36mopenfoam-adapter-outer    |[0m   Location:          bool precice::xml::XMLTag::getBooleanAttributeValue(const string&) const
[36mopenfoam-adapter-outer    |[0m   File:              /home/precice/precice/src/xml/XMLTag.cpp:133
[36mopenfoam-adapter-outer    |[0m ---[preciceAdapter] The preciceAdapter was loaded.
[36mopenfoam-adapter-outer    |[0m ---[preciceAdapter] Reading preciceDict...
[36mopenfoam-adapter-outer    |[0m ---[preciceAdapter] [DEBUG]   precice-config-file : configs/precice-config.xml
[36mopenfoam-adapter-outer    |[0m ---[preciceAdapter] [DEBUG]   participant name    : OpenFOAM
[36mopenfoam-adapter-outer    |[0m ---[preciceAdapter] [DEBUG]   modules requested   : 
[36mopenfoam-adapter-outer    |[0m ---[preciceAdapter] [DEBUG]   - CHT
[36mopenfoam-adapter-outer    |[0m 
[36mopenfoam-adapter-outer    |[0m ---[preciceAdapter] [DEBUG]   interfaces : 
[36mopenfoam-adapter-outer    |[0m ---[preciceAdapter] [DEBUG]   - mesh         : OpenFOAM-Mesh
[36mopenfoam-adapter-outer    |[0m ---[preciceAdapter] [DEBUG]     locations    : faceCenters
[36mopenfoam-adapter-outer    |[0m ---[preciceAdapter] [DEBUG]     connectivity : 0
[36mopenfoam-adapter-outer    |[0m ---[preciceAdapter] [DEBUG]     patches      : 
[36mopenfoam-adapter-outer    |[0m ---[preciceAdapter] [DEBUG]       - interface
[36mopenfoam-adapter-outer    |[0m ---[preciceAdapter] [DEBUG]     writeData    : 
[36mopenfoam-adapter-outer    |[0m ---[preciceAdapter] [DEBUG]       - Temperature
[36mopenfoam-adapter-outer    |[0m ---[preciceAdapter] [DEBUG]     readData     : 
[36mopenfoam-adapter-outer    |[0m ---[preciceAdapter] [DEBUG]       - Heat-Flux
[36mopenfoam-adapter-outer    |[0m ---[preciceAdapter] [DEBUG] Configuring the CHT module...
[36mopenfoam-adapter-outer    |[0m ---[preciceAdapter] [DEBUG]     user-defined solver type : 
[36mopenfoam-adapter-outer    |[0m ---[preciceAdapter] [DEBUG]     temperature field name : T
[36mopenfoam-adapter-outer    |[0m ---[preciceAdapter] [DEBUG]     conductivity name for basic solvers : k
[36mopenfoam-adapter-outer    |[0m ---[preciceAdapter] [DEBUG]     density name for incompressible solvers : rho
[36mopenfoam-adapter-outer    |[0m ---[preciceAdapter] [DEBUG]     heat capacity name for incompressible solvers : Cp
[36mopenfoam-adapter-outer    |[0m ---[preciceAdapter] [DEBUG]     Prandtl number name for incompressible solvers : Pr
[36mopenfoam-adapter-outer    |[0m ---[preciceAdapter] [DEBUG]     Turbulent thermal diffusivity field name for incompressible solvers : alphat
[36mopenfoam-adapter-outer    |[0m ---[preciceAdapter] [DEBUG] Determining the solver type for the CHT module... (override by setting solverType to one of {compressible, incompressible, basic})
[36mopenfoam-adapter-outer    |[0m ---[preciceAdapter] [DEBUG] Automatically determined solver type : compressible
[36mopenfoam-adapter-outer    |[0m ---[preciceAdapter] [DEBUG] Checking the timestep type (fixed vs adjustable)...
[36mopenfoam-adapter-outer    |[0m ---[preciceAdapter] [DEBUG]   Timestep type: fixed.
[36mopenfoam-adapter-outer    |[0m ---[preciceAdapter] [DEBUG] Creating the preCICE solver interface...
[36mopenfoam-adapter-outer    |[0m ---[preciceAdapter] [DEBUG]   Number of processes: 1
[36mopenfoam-adapter-outer    |[0m ---[preciceAdapter] [DEBUG]   MPI rank: 0
[36mopenfoam-adapter-outer    |[0m   Rank:              0
[36mopenfoam-adapter-outer    |[0m   Failed expression: iter != _booleanAttributes.end()
[36mopenfoam-adapter-outer    |[0m [abfba101edfe:00259] *** Process received signal ***
[36mopenfoam-adapter-outer    |[0m [abfba101edfe:00259] Signal: Aborted (6)
[36mopenfoam-adapter-outer    |[0m [abfba101edfe:00259] Signal code:  (-6)
[36mopenfoam-adapter-outer    |[0m  0# getStacktrace[abi:cxx11]() in /usr/lib/x86_64-linux-gnu/libprecice.so.2
[36mopenfoam-adapter-outer    |[0m  1# precice::xml::XMLTag::getBooleanAttributeValue(std::__cxx11::basic_string<char, std::char_traits<char>, std::allocator<char> > const&) const in /usr/lib/x86_64-linux-gnu/libprecice.so.2
[36mopenfoam-adapter-outer    |[0m  2# precice::acceleration::AccelerationConfiguration::xmlTagCallback(precice::xml::ConfigurationContext const&, precice::xml::XMLTag&) in /usr/lib/x86_64-linux-gnu/libprecice.so.2
[36mopenfoam-adapter-outer    |[0m  3# precice::xml::ConfigParser::connectTags(precice::xml::ConfigurationContext const&, std::vector<std::shared_ptr<precice::xml::XMLTag>, std::allocator<std::shared_ptr<precice::xml::XMLTag> > >&, std::vector<std::shared_ptr<precice::xml::ConfigParser::CTag>, std::allocator<std::shared_ptr<precice::xml::ConfigParser::CTag> > >&) in /usr/lib/x86_64-linux-gnu/libprecice.so.2
[36mopenfoam-adapter-outer    |[0m  4# precice::xml::ConfigParser::connectTags(precice::xml::ConfigurationContext const&, std::vector<std::shared_ptr<precice::xml::XMLTag>, std::allocator<std::shared_ptr<precice::xml::XMLTag> > >&, std::vector<std::shared_ptr<precice::xml::ConfigParser::CTag>, std::allocator<std::shared_ptr<precice::xml::ConfigParser::CTag> > >&) in /usr/lib/x86_64-linux-gnu/libprecice.so.2
[36mopenfoam-adapter-outer    |[0m  5# precice::xml::ConfigParser::connectTags(precice::xml::ConfigurationContext const&, std::vector<std::shared_ptr<precice::xml::XMLTag>, std::allocator<std::shared_ptr<precice::xml::XMLTag> > >&, std::vector<std::shared_ptr<precice::xml::ConfigParser::CTag>, std::allocator<std::shared_ptr<precice::xml::ConfigParser::CTag> > >&) in /usr/lib/x86_64-linux-gnu/libprecice.so.2
[36mopenfoam-adapter-outer    |[0m  6# precice::xml::ConfigParser::connectTags(precice::xml::ConfigurationContext const&, std::vector<std::shared_ptr<precice::xml::XMLTag>, std::allocator<std::shared_ptr<precice::xml::XMLTag> > >&, std::vector<std::shared_ptr<precice::xml::ConfigParser::CTag>, std::allocator<std::shared_ptr<precice::xml::ConfigParser::CTag> > >&) in /usr/lib/x86_64-linux-gnu/libprecice.so.2
[36mopenfoam-adapter-outer    |[0m  7# precice::xml::ConfigParser::connectTags(precice::xml::ConfigurationContext const&, std::vector<std::shared_ptr<precice::xml::XMLTag>, std::allocator<std::shared_ptr<precice::xml::XMLTag> > >&, std::vector<std::shared_ptr<precice::xml::ConfigParser::CTag>, std::allocator<std::shared_ptr<precice::xml::ConfigParser::CTag> > >&) in /usr/lib/x86_64-linux-gnu/libprecice.so.2
[36mopenfoam-adapter-outer    |[0m  8# precice::xml::ConfigParser::ConfigParser(std::__cxx11::basic_string<char, std::char_traits<char>, std::allocator<char> > const&, precice::xml::ConfigurationContext const&, std::shared_ptr<precice::xml::XMLTag>) in /usr/lib/x86_64-linux-gnu/libprecice.so.2
[36mopenfoam-adapter-outer    |[0m  9# precice::xml::configure(precice::xml::XMLTag&, precice::xml::ConfigurationContext const&, std::__cxx11::basic_string<char, std::char_traits<char>, std::allocator<char> > const&) in /usr/lib/x86_64-linux-gnu/libprecice.so.2
[36mopenfoam-adapter-outer    |[0m 10# precice::impl::SolverInterfaceImpl::configure(std::__cxx11::basic_string<char, std::char_traits<char>, std::allocator<char> > const&) in /usr/lib/x86_64-linux-gnu/libprecice.so.2
[36mopenfoam-adapter-outer    |[0m 11# precice::impl::SolverInterfaceImpl::SolverInterfaceImpl(std::__cxx11::basic_string<char, std::char_traits<char>, std::allocator<char> >, std::__cxx11::basic_string<char, std::char_traits<char>, std::allocator<char> > const&, int, int, void*) in /usr/lib/x86_64-linux-gnu/libprecice.so.2
[36mopenfoam-adapter-outer    |[0m 12# precice::impl::SolverInterfaceImpl::SolverInterfaceImpl(std::__cxx11::basic_string<char, std::char_traits<char>, std::allocator<char> >, std::__cxx11::basic_string<char, std::char_traits<char>, std::allocator<char> > const&, int, int) in /usr/lib/x86_64-linux-gnu/libprecice.so.2
[36mopenfoam-adapter-outer    |[0m 13# precice::SolverInterface::SolverInterface(std::__cxx11::basic_string<char, std::char_traits<char>, std::allocator<char> > const&, std::__cxx11::basic_string<char, std::char_traits<char>, std::allocator<char> > const&, int, int) in /usr/lib/x86_64-linux-gnu/libprecice.so.2
[36mopenfoam-adapter-outer    |[0m 14# preciceAdapter::Adapter::configure() in /home/precice/OpenFOAM/root-v2006/platforms/linux64GccDPInt32Opt/lib/libpreciceAdapterFunctionObject.so
[36mopenfoam-adapter-outer    |[0m 15# Foam::functionObjects::preciceAdapterFunctionObject::read(Foam::dictionary const&) in /home/precice/OpenFOAM/root-v2006/platforms/linux64GccDPInt32Opt/lib/libpreciceAdapterFunctionObject.so
[36mopenfoam-adapter-outer    |[0m 16# Foam::functionObjects::preciceAdapterFunctionObject::preciceAdapterFunctionObject(Foam::word const&, Foam::Time const&, Foam::dictionary const&) in /home/precice/OpenFOAM/root-v2006/platforms/linux64GccDPInt32Opt/lib/libpreciceAdapterFunctionObject.so
[36mopenfoam-adapter-outer    |[0m 17# Foam::functionObject::adddictionaryConstructorToTable<Foam::functionObjects::preciceAdapterFunctionObject>::New(Foam::word const&, Foam::Time const&, Foam::dictionary const&) in /home/precice/OpenFOAM/root-v2006/platforms/linux64GccDPInt32Opt/lib/libpreciceAdapterFunctionObject.so
[33mnutils-adapter            |[0m --------------------------------------------------------------------------
[33mnutils-adapter            |[0m [[34609,1],0]: A high-performance Open MPI point-to-point messaging module
[33mnutils-adapter            |[0m was unable to find any relevant network interfaces:
[33mnutils-adapter            |[0m 
[33mnutils-adapter            |[0m Module: OpenFabrics (openib)
[33mnutils-adapter            |[0m   Host: 963126ab86e1
[33mnutils-adapter            |[0m 
[33mnutils-adapter            |[0m Another transport will be used instead, although this may result in
[33mnutils-adapter            |[0m lower performance.
[33mnutils-adapter            |[0m 
[33mnutils-adapter            |[0m NOTE: You can disable this warning by setting the MCA parameter
[33mnutils-adapter            |[0m btl_base_warn_component_unused to 0.
[33mnutils-adapter            |[0m --------------------------------------------------------------------------
[33mnutils-adapter            |[0m ASSERTION FAILED
[33mnutils-adapter            |[0m   Location:          bool precice::xml::XMLTag::getBooleanAttributeValue(const string&) const
[33mnutils-adapter            |[0m   File:              /home/precice/precice/src/xml/XMLTag.cpp:133
[33mnutils-adapter            |[0m   Rank:              0
[33mnutils-adapter            |[0m   Failed expression: iter != _booleanAttributes.end()
[33mnutils-adapter            |[0m [963126ab86e1:00007] *** Process received signal ***
[33mnutils-adapter            |[0m [963126ab86e1:00007] Signal: Aborted (6)
[33mnutils-adapter            |[0m [963126ab86e1:00007] Signal code:  (-6)
[33mnutils-adapter            |[0m  0# getStacktrace[abi:cxx11]() in /home/precice/precice-install/lib/libprecice.so.2
[33mnutils-adapter            |[0m  1# precice::xml::XMLTag::getBooleanAttributeValue(std::__cxx11::basic_string<char, std::char_traits<char>, std::allocator<char> > const&) const in /home/precice/precice-install/lib/libprecice.so.2
[33mnutils-adapter            |[0m  2# precice::acceleration::AccelerationConfiguration::xmlTagCallback(precice::xml::ConfigurationContext const&, precice::xml::XMLTag&) in /home/precice/precice-install/lib/libprecice.so.2
[33mnutils-adapter            |[0m  3# precice::xml::ConfigParser::connectTags(precice::xml::ConfigurationContext const&, std::vector<std::shared_ptr<precice::xml::XMLTag>, std::allocator<std::shared_ptr<precice::xml::XMLTag> > >&, std::vector<std::shared_ptr<precice::xml::ConfigParser::CTag>, std::allocator<std::shared_ptr<precice::xml::ConfigParser::CTag> > >&) in /home/precice/precice-install/lib/libprecice.so.2
[33mnutils-adapter            |[0m  4# precice::xml::ConfigParser::connectTags(precice::xml::ConfigurationContext const&, std::vector<std::shared_ptr<precice::xml::XMLTag>, std::allocator<std::shared_ptr<precice::xml::XMLTag> > >&, std::vector<std::shared_ptr<precice::xml::ConfigParser::CTag>, std::allocator<std::shared_ptr<precice::xml::ConfigParser::CTag> > >&) in /home/precice/precice-install/lib/libprecice.so.2
[33mnutils-adapter            |[0m  5# precice::xml::ConfigParser::connectTags(precice::xml::ConfigurationContext const&, std::vector<std::shared_ptr<precice::xml::XMLTag>, std::allocator<std::shared_ptr<precice::xml::XMLTag> > >&, std::vector<std::shared_ptr<precice::xml::ConfigParser::CTag>, std::allocator<std::shared_ptr<precice::xml::ConfigParser::CTag> > >&) in /home/precice/precice-install/lib/libprecice.so.2
[33mnutils-adapter            |[0m  6# precice::xml::ConfigParser::connectTags(precice::xml::ConfigurationContext const&, std::vector<std::shared_ptr<precice::xml::XMLTag>, std::allocator<std::shared_ptr<precice::xml::XMLTag> > >&, std::vector<std::shared_ptr<precice::xml::ConfigParser::CTag>, std::allocator<std::shared_ptr<precice::xml::ConfigParser::CTag> > >&) in /home/precice/precice-install/lib/libprecice.so.2
[33mnutils-adapter            |[0m  7# precice::xml::ConfigParser::connectTags(precice::xml::ConfigurationContext const&, std::vector<std::shared_ptr<precice::xml::XMLTag>, std::allocator<std::shared_ptr<precice::xml::XMLTag> > >&, std::vector<std::shared_ptr<precice::xml::ConfigParser::CTag>, std::allocator<std::shared_ptr<precice::xml::ConfigParser::CTag> > >&) in /home/precice/precice-install/lib/libprecice.so.2
[33mnutils-adapter            |[0m  8# precice::xml::ConfigParser::ConfigParser(std::__cxx11::basic_string<char, std::char_traits<char>, std::allocator<char> > const&, precice::xml::ConfigurationContext const&, std::shared_ptr<precice::xml::XMLTag>) in /home/precice/precice-install/lib/libprecice.so.2
[33mnutils-adapter            |[0m  9# precice::xml::configure(precice::xml::XMLTag&, precice::xml::ConfigurationContext const&, std::__cxx11::basic_string<char, std::char_traits<char>, std::allocator<char> > const&) in /home/precice/precice-install/lib/libprecice.so.2
[33mnutils-adapter            |[0m 10# precice::impl::SolverInterfaceImpl::configure(std::__cxx11::basic_string<char, std::char_traits<char>, std::allocator<char> > const&) in /home/precice/precice-install/lib/libprecice.so.2
[33mnutils-adapter            |[0m 11# precice::impl::SolverInterfaceImpl::SolverInterfaceImpl(std::__cxx11::basic_string<char, std::char_traits<char>, std::allocator<char> >, std::__cxx11::basic_string<char, std::char_traits<char>, std::allocator<char> > const&, int, int, void*) in /home/precice/precice-install/lib/libprecice.so.2
[33mnutils-adapter            |[0m 12# precice::impl::SolverInterfaceImpl::SolverInterfaceImpl(std::__cxx11::basic_string<char, std::char_traits<char>, std::allocator<char> >, std::__cxx11::basic_string<char, std::char_traits<char>, std::allocator<char> > const&, int, int) in /home/precice/precice-install/lib/libprecice.so.2
[33mnutils-adapter            |[0m 13# precice::SolverInterface::SolverInterface(std::__cxx11::basic_string<char, std::char_traits<char>, std::allocator<char> > const&, std::__cxx11::basic_string<char, std::char_traits<char>, std::allocator<char> > const&, int, int) in /home/precice/precice-install/lib/libprecice.so.2
[33mnutils-adapter            |[0m 14# 0x00007F9832B12DE3 in /home/precice/.local/lib/python3.6/site-packages/cyprecice.cpython-36m-x86_64-linux-gnu.so
[33mnutils-adapter            |[0m 15# 0x0000000000551555 in python3
[33mnutils-adapter            |[0m 16# _PyObject_FastCallKeywords in python3
[33mnutils-adapter            |[0m 17# 0x000000000050A433 in python3
[33mnutils-adapter            |[0m 18# _PyEval_EvalFrameDefault in python3
[33mnutils-adapter            |[0m 19# 0x0000000000507BE4 in python3
[33mnutils-adapter            |[0m 20# 0x0000000000588D41 in python3
[33mnutils-adapter            |[0m 21# PyObject_Call in python3
[33mnutils-adapter            |[0m 22# _PyEval_EvalFrameDefault in python3
[33mnutils-adapter            |[0m 23# 0x0000000000507BE4 in python3
[33mnutils-adapter            |[0m 24# 0x0000000000509900 in python3
[33mnutils-adapter            |[0m 25# 0x000000000050A2FD in python3
[33mnutils-adapter            |[0m 26# _PyEval_EvalFrameDefault in python3
[33mnutils-adapter            |[0m 27# 0x0000000000507BE4 in python3
[33mnutils-adapter            |[0m 28# PyEval_EvalCode in python3
[33mnutils-adapter            |[0m 29# 0x0000000000634E72 in python3
[33mnutils-adapter            |[0m 30# PyRun_FileExFlags in python3
[33mnutils-adapter            |[0m 31# PyRun_SimpleFileExFlags in python3
[33mnutils-adapter            |[0m 32# Py_Main in python3
[33mnutils-adapter            |[0m 33# main in python3
[33mnutils-adapter            |[0m 34# __libc_start_main in /lib/x86_64-linux-gnu/libc.so.6
[33mnutils-adapter            |[0m 35# _start in python3
[33mnutils-adapter            |[0m 
[33mnutils-adapter            |[0m python3: /home/precice/precice/src/xml/XMLTag.cpp:133: bool precice::xml::XMLTag::getBooleanAttributeValue(const string&) const: Assertion `false' failed.
[33mnutils-adapter            |[0m [963126ab86e1:00007] [ 0] /lib/x86_64-linux-gnu/libc.so.6(+0x3f040)[0x7f983de40040]
[33mnutils-adapter            |[0m [963126ab86e1:00007] [ 1] /lib/x86_64-linux-gnu/libc.so.6(gsignal+0xc7)[0x7f983de3ffb7]
[33mnutils-adapter            |[0m [963126ab86e1:00007] [ 2] /lib/x86_64-linux-gnu/libc.so.6(abort+0x141)[0x7f983de41921]
[33mnutils-adapter            |[0m [963126ab86e1:00007] [ 3] /lib/x86_64-linux-gnu/libc.so.6(+0x3048a)[0x7f983de3148a]
[33mnutils-adapter            |[0m [963126ab86e1:00007] [ 4] /lib/x86_64-linux-gnu/libc.so.6(+0x30502)[0x7f983de31502]
[33mnutils-adapter            |[0m [963126ab86e1:00007] [ 5] /home/precice/precice-install/lib/libprecice.so.2(_ZNK7precice3xml6XMLTag24getBooleanAttributeValueERKNSt7__cxx1112basic_stringIcSt11char_traitsIcESaIcEEE+0x1d7)[0x7f98325de349]
[33mnutils-adapter            |[0m [963126ab86e1:00007] [ 6] /home/precice/precice-install/lib/libprecice.so.2(_ZN7precice12acceleration25AccelerationConfiguration14xmlTagCallbackERKNS_3xml20ConfigurationContextERNS2_6XMLTagE+0x95b)[0x7f98322307f3]
[33mnutils-adapter            |[0m [963126ab86e1:00007] [ 7] /home/precice/precice-install/lib/libprecice.so.2(_ZN7precice3xml12ConfigParser11connectTagsERKNS0_20ConfigurationContextERSt6vectorISt10shared_ptrINS0_6XMLTagEESaIS8_EERS5_IS6_INS1_4CTagEESaISD_EE+0x4ad)[0x7f98325a3399]
[33mnutils-adapter            |[0m [963126ab86e1:00007] [ 8] /home/precice/precice-install/lib/libprecice.so.2(_ZN7precice3xml12ConfigParser11connectTagsERKNS0_20ConfigurationContextERSt6vectorISt10shared_ptrINS0_6XMLTagEESaIS8_EERS5_IS6_INS1_4CTagEESaISD_EE+0x505)[0x7f98325a33f1]
[36mopenfoam-adapter-outer    |[0m 18# Foam::functionObject::New(Foam::word const&, Foam::Time const&, Foam::dictionary const&) in /usr/lib/openfoam/openfoam2006/platforms/linux64GccDPInt32Opt/lib/libOpenFOAM.so
[36mopenfoam-adapter-outer    |[0m 19# Foam::functionObjectList::read() in /usr/lib/openfoam/openfoam2006/platforms/linux64GccDPInt32Opt/lib/libOpenFOAM.so
[36mopenfoam-adapter-outer    |[0m 20# Foam::Time::run() const in /usr/lib/openfoam/openfoam2006/platforms/linux64GccDPInt32Opt/lib/libOpenFOAM.so
[36mopenfoam-adapter-outer    |[0m 21# 0x0000563A5D6E3F19 in buoyantPimpleFoam
[36mopenfoam-adapter-outer    |[0m 22# __libc_start_main in /lib/x86_64-linux-gnu/libc.so.6
[36mopenfoam-adapter-outer    |[0m 23# 0x0000563A5D6E9C5A in buoyantPimpleFoam
[36mopenfoam-adapter-outer    |[0m 
[36mopenfoam-adapter-outer    |[0m buoyantPimpleFoam: /home/precice/precice/src/xml/XMLTag.cpp:133: bool precice::xml::XMLTag::getBooleanAttributeValue(const string&) const: Assertion `false' failed.
[36mopenfoam-adapter-outer    |[0m [abfba101edfe:00259] [ 0] /lib/x86_64-linux-gnu/libpthread.so.0(+0x12980)[0x7f1c08d06980]
[36mopenfoam-adapter-outer    |[0m [abfba101edfe:00259] [ 1] /lib/x86_64-linux-gnu/libc.so.6(gsignal+0xc7)[0x7f1c08941fb7]
[36mopenfoam-adapter-outer    |[0m [abfba101edfe:00259] [ 2] /lib/x86_64-linux-gnu/libc.so.6(abort+0x141)[0x7f1c08943921]
[36mopenfoam-adapter-outer    |[0m [abfba101edfe:00259] [ 3] /lib/x86_64-linux-gnu/libc.so.6(+0x3048a)[0x7f1c0893348a]
[36mopenfoam-adapter-outer    |[0m [abfba101edfe:00259] [ 4] /lib/x86_64-linux-gnu/libc.so.6(+0x30502)[0x7f1c08933502]
[36mopenfoam-adapter-outer    |[0m [abfba101edfe:00259] [ 5] /usr/lib/x86_64-linux-gnu/libprecice.so.2(_ZNK7precice3xml6XMLTag24getBooleanAttributeValueERKNSt7__cxx1112basic_stringIcSt11char_traitsIcESaIcEEE+0x1d7)[0x7f1c0202eea5]
[36mopenfoam-adapter-outer    |[0m [abfba101edfe:00259] [ 6] /usr/lib/x86_64-linux-gnu/libprecice.so.2(_ZN7precice12acceleration25AccelerationConfiguration14xmlTagCallbackERKNS_3xml20ConfigurationContextERNS2_6XMLTagE+0x95b)[0x7f1c01c7b5fd]
[36mopenfoam-adapter-outer    |[0m [abfba101edfe:00259] [ 7] /usr/lib/x86_64-linux-gnu/libprecice.so.2(_ZN7precice3xml12ConfigParser11connectTagsERKNS0_20ConfigurationContextERSt6vectorISt10shared_ptrINS0_6XMLTagEESaIS8_EERS5_IS6_INS1_4CTagEESaISD_EE+0x4ad)[0x7f1c01ff3ec1]
[36mopenfoam-adapter-outer    |[0m [abfba101edfe:00259] [ 8] /usr/lib/x86_64-linux-gnu/libprecice.so.2(_ZN7precice3xml12ConfigParser11connectTagsERKNS0_20ConfigurationContextERSt6vectorISt10shared_ptrINS0_6XMLTagEESaIS8_EERS5_IS6_INS1_4CTagEESaISD_EE+0x505)[0x7f1c01ff3f19]
[36mopenfoam-adapter-outer    |[0m [abfba101edfe:00259] [ 9] /usr/lib/x86_64-linux-gnu/libprecice.so.2(_ZN7precice3xml12ConfigParser11connectTagsERKNS0_20ConfigurationContextERSt6vectorISt10shared_ptrINS0_6XMLTagEESaIS8_EERS5_IS6_INS1_4CTagEESaISD_EE+0x505)[0x7f1c01ff3f19]
[36mopenfoam-adapter-outer    |[0m [abfba101edfe:00259] [10] /usr/lib/x86_64-linux-gnu/libprecice.so.2(_ZN7precice3xml12ConfigParser11connectTagsERKNS0_20ConfigurationContextERSt6vectorISt10shared_ptrINS0_6XMLTagEESaIS8_EERS5_IS6_INS1_4CTagEESaISD_EE+0x505)[0x7f1c01ff3f19]
[36mopenfoam-adapter-outer    |[0m [abfba101edfe:00259] [11] /usr/lib/x86_64-linux-gnu/libprecice.so.2(_ZN7precice3xml12ConfigParser11connectTagsERKNS0_20ConfigurationContextERSt6vectorISt10shared_ptrINS0_6XMLTagEESaIS8_EERS5_IS6_INS1_4CTagEESaISD_EE+0x505)[0x7f1c01ff3f19]
[36mopenfoam-adapter-outer    |[0m [abfba101edfe:00259] [12] /usr/lib/x86_64-linux-gnu/libprecice.so.2(_ZN7precice3xml12ConfigParserC1ERKNSt7__cxx1112basic_stringIcSt11char_traitsIcESaIcEEERKNS0_20ConfigurationContextESt10shared_ptrINS0_6XMLTagEE+0x193)[0x7f1c01ff2cf7]
[36mopenfoam-adapter-outer    |[0m [abfba101edfe:00259] [13] /usr/lib/x86_64-linux-gnu/libprecice.so.2(_ZN7precice3xml9configureERNS0_6XMLTagERKNS0_20ConfigurationContextERKNSt7__cxx1112basic_stringIcSt11char_traitsIcESaIcEEE+0x298)[0x7f1c02031135]
[36mopenfoam-adapter-outer    |[0m [abfba101edfe:00259] [14] /usr/lib/x86_64-linux-gnu/libprecice.so.2(_ZN7precice4impl19SolverInterfaceImpl9configureERKNSt7__cxx1112basic_stringIcSt11char_traitsIcESaIcEEE+0xeb)[0x7f1c01f5e94b]
[36mopenfoam-adapter-outer    |[0m [abfba101edfe:00259] [15] /usr/lib/x86_64-linux-gnu/libprecice.so.2(_ZN7precice4impl19SolverInterfaceImplC2ENSt7__cxx1112basic_stringIcSt11char_traitsIcESaIcEEERKS7_iiPv+0x4ad)[0x7f1c01f5df0b]
[36mopenfoam-adapter-outer    |[0m [abfba101edfe:00259] [16] /usr/lib/x86_64-linux-gnu/libprecice.so.2(_ZN7precice4impl19SolverInterfaceImplC2ENSt7__cxx1112basic_stringIcSt11char_traitsIcESaIcEEERKS7_ii+0x6c)[0x7f1c01f5e296]
[36mopenfoam-adapter-outer    |[0m [abfba101edfe:00259] [17] /usr/lib/x86_64-linux-gnu/libprecice.so.2(_ZN7precice15SolverInterfaceC2ERKNSt7__cxx1112basic_stringIcSt11char_traitsIcESaIcEEES8_ii+0x74)[0x7f1c01f3ac50]
[36mopenfoam-adapter-outer    |[0m [abfba101edfe:00259] [18] /home/precice/OpenFOAM/root-v2006/platforms/linux64GccDPInt32Opt/lib/libpreciceAdapterFunctionObject.so(_ZN14preciceAdapter7Adapter9configureEv+0x351)[0x7f1c02840ce1]
[36mopenfoam-adapter-outer    |[0m [abfba101edfe:00259] [19] /home/precice/OpenFOAM/root-v2006/platforms/linux64GccDPInt32Opt/lib/libpreciceAdapterFunctionObject.so(_ZN4Foam15functionObjects28preciceAdapterFunctionObject4readERKNS_10dictionaryE+0xd)[0x7f1c0287639d]
[36mopenfoam-adapter-outer    |[0m [abfba101edfe:00259] [20] /home/precice/OpenFOAM/root-v2006/platforms/linux64GccDPInt32Opt/lib/libpreciceAdapterFunctionObject.so(_ZN4Foam15functionObjects28preciceAdapterFunctionObjectC2ERKNS_4wordERKNS_4TimeERKNS_10dictionaryE+0x49)[0x7f1c028764e9]
[36mopenfoam-adapter-outer    |[0m [abfba101edfe:00259] [21] /home/precice/OpenFOAM/root-v2006/platforms/linux64GccDPInt32Opt/lib/libpreciceAdapterFunctionObject.so(_ZN4Foam14functionObject31adddictionaryConstructorToTableINS_15functionObjects28preciceAdapterFunctionObjectEE3NewERKNS_4wordERKNS_4TimeERKNS_10dictionaryE+0x32)[0x7f1c02876992]
[36mopenfoam-adapter-outer    |[0m [abfba101edfe:00259] [22] /usr/lib/openfoam/openfoam2006/platforms/linux64GccDPInt32Opt/lib/libOpenFOAM.so(_ZN4Foam14functionObject3NewERKNS_4wordERKNS_4TimeERKNS_10dictionaryE+0x68e)[0x7f1c09fd66be]
[36mopenfoam-adapter-outer    |[0m [abfba101edfe:00259] [23] /usr/lib/openfoam/openfoam2006/platforms/linux64GccDPInt32Opt/lib/libOpenFOAM.so(_ZN4Foam18functionObjectList4readEv+0xae1)[0x7f1c09fd9651]
[36mopenfoam-adapter-outer    |[0m [abfba101edfe:00259] [24] /usr/lib/openfoam/openfoam2006/platforms/linux64GccDPInt32Opt/lib/libOpenFOAM.so(_ZNK4Foam4Time3runEv+0x2df)[0x7f1c09ff3c1f]
[36mopenfoam-adapter-outer    |[0m [abfba101edfe:00259] [25] buoyantPimpleFoam(+0x39f19)[0x563a5d6e3f19]
[36mopenfoam-adapter-outer    |[0m [abfba101edfe:00259] [26] /lib/x86_64-linux-gnu/libc.so.6(__libc_start_main+0xe7)[0x7f1c08924bf7]
[36mopenfoam-adapter-outer    |[0m [abfba101edfe:00259] [27] buoyantPimpleFoam(+0x3fc5a)[0x563a5d6e9c5a]
[36mopenfoam-adapter-outer    |[0m [abfba101edfe:00259] *** End of error message ***
[36mopenfoam-adapter-outer    |[0m /bin/bash: line 1:   259 Aborted                 (core dumped) buoyantPimpleFoam -case /home/precice/Data/Input
[33mnutils-adapter            |[0m [963126ab86e1:00007] [ 9] /home/precice/precice-install/lib/libprecice.so.2(_ZN7precice3xml12ConfigParser11connectTagsERKNS0_20ConfigurationContextERSt6vectorISt10shared_ptrINS0_6XMLTagEESaIS8_EERS5_IS6_INS1_4CTagEESaISD_EE+0x505)[0x7f98325a33f1]
[33mnutils-adapter            |[0m [963126ab86e1:00007] [10] /home/precice/precice-install/lib/libprecice.so.2(_ZN7precice3xml12ConfigParser11connectTagsERKNS0_20ConfigurationContextERSt6vectorISt10shared_ptrINS0_6XMLTagEESaIS8_EERS5_IS6_INS1_4CTagEESaISD_EE+0x505)[0x7f98325a33f1]
[33mnutils-adapter            |[0m [963126ab86e1:00007] [11] /home/precice/precice-install/lib/libprecice.so.2(_ZN7precice3xml12ConfigParser11connectTagsERKNS0_20ConfigurationContextERSt6vectorISt10shared_ptrINS0_6XMLTagEESaIS8_EERS5_IS6_INS1_4CTagEESaISD_EE+0x505)[0x7f98325a33f1]
[33mnutils-adapter            |[0m [963126ab86e1:00007] [12] /home/precice/precice-install/lib/libprecice.so.2(_ZN7precice3xml12ConfigParserC1ERKNSt7__cxx1112basic_stringIcSt11char_traitsIcESaIcEEERKNS0_20ConfigurationContextESt10shared_ptrINS0_6XMLTagEE+0x193)[0x7f98325a21dd]
[33mnutils-adapter            |[0m [963126ab86e1:00007] [13] /home/precice/precice-install/lib/libprecice.so.2(_ZN7precice3xml9configureERNS0_6XMLTagERKNS0_20ConfigurationContextERKNSt7__cxx1112basic_stringIcSt11char_traitsIcESaIcEEE+0x298)[0x7f98325e05d9]
[33mnutils-adapter            |[0m [963126ab86e1:00007] [14] /home/precice/precice-install/lib/libprecice.so.2(_ZN7precice4impl19SolverInterfaceImpl9configureERKNSt7__cxx1112basic_stringIcSt11char_traitsIcESaIcEEE+0xeb)[0x7f983250ff0d]
[33mnutils-adapter            |[0m [963126ab86e1:00007] [15] /home/precice/precice-install/lib/libprecice.so.2(_ZN7precice4impl19SolverInterfaceImplC2ENSt7__cxx1112basic_stringIcSt11char_traitsIcESaIcEEERKS7_iiPv+0x4ad)[0x7f983250f4cd]
[33mnutils-adapter            |[0m [963126ab86e1:00007] [16] /home/precice/precice-install/lib/libprecice.so.2(_ZN7precice4impl19SolverInterfaceImplC2ENSt7__cxx1112basic_stringIcSt11char_traitsIcESaIcEEERKS7_ii+0x6c)[0x7f983250f858]
[33mnutils-adapter            |[0m [963126ab86e1:00007] [17] /home/precice/precice-install/lib/libprecice.so.2(_ZN7precice15SolverInterfaceC2ERKNSt7__cxx1112basic_stringIcSt11char_traitsIcESaIcEEES8_ii+0x74)[0x7f98324ef79a]
[33mnutils-adapter            |[0m [963126ab86e1:00007] [18] /home/precice/.local/lib/python3.6/site-packages/cyprecice.cpython-36m-x86_64-linux-gnu.so(+0xdde3)[0x7f9832b12de3]
[33mnutils-adapter            |[0m [963126ab86e1:00007] [19] python3[0x551555]
[33mnutils-adapter            |[0m [963126ab86e1:00007] [20] python3(_PyObject_FastCallKeywords+0x19c)[0x5a9dac]
[33mnutils-adapter            |[0m [963126ab86e1:00007] [21] python3[0x50a433]
[33mnutils-adapter            |[0m [963126ab86e1:00007] [22] python3(_PyEval_EvalFrameDefault+0x444)[0x50beb4]
[33mnutils-adapter            |[0m [963126ab86e1:00007] [23] python3[0x507be4]
[33mnutils-adapter            |[0m [963126ab86e1:00007] [24] python3[0x588d41]
[33mnutils-adapter            |[0m [963126ab86e1:00007] [25] python3(PyObject_Call+0x3e)[0x59fd0e]
[33mnutils-adapter            |[0m [963126ab86e1:00007] [26] python3(_PyEval_EvalFrameDefault+0x17e6)[0x50d256]
[33mnutils-adapter            |[0m [963126ab86e1:00007] [27] python3[0x507be4]
[33mnutils-adapter            |[0m [963126ab86e1:00007] [28] python3[0x509900]
[33mnutils-adapter            |[0m [963126ab86e1:00007] [29] python3[0x50a2fd]
[33mnutils-adapter            |[0m [963126ab86e1:00007] *** End of error message ***
[33mnutils-adapter            |[0m /bin/bash: line 1:     7 Aborted                 (core dumped) python3 cht.py
