Attaching to calculix-adapter, su2-adapter, tutorial-data
[33msu2-adapter         |[0m Preparing and running the Fluid participant...
[33msu2-adapter         |[0m 
[33msu2-adapter         |[0m -------------------------------------------------------------------------
[33msu2-adapter         |[0m |    ___ _   _ ___                                                      |
[33msu2-adapter         |[0m |   / __| | | |_  )   Release 6.0.0  "Falcon"                           |
[33msu2-adapter         |[0m |   \__ \ |_| |/ /                                                      |
[33msu2-adapter         |[0m |   |___/\___//___|   Suite (Computational Fluid Dynamics Code)         |
[33msu2-adapter         |[0m |                                                                       |
[33msu2-adapter         |[0m -------------------------------------------------------------------------
[33msu2-adapter         |[0m | The current SU2 release has been coordinated by the                   |
[33msu2-adapter         |[0m | SU2 International Developers Society <www.su2devsociety.org>          |
[33msu2-adapter         |[0m | with selected contributions from the open-source community.           |
[33msu2-adapter         |[0m -------------------------------------------------------------------------
[33msu2-adapter         |[0m | The main research teams contributing to the current release are:      |
[33msu2-adapter         |[0m | - Prof. Juan J. Alonso's group at Stanford University.                |
[33msu2-adapter         |[0m | - Prof. Piero Colonna's group at Delft University of Technology.      |
[33msu2-adapter         |[0m | - Prof. Nicolas R. Gauger's group at Kaiserslautern U. of Technology. |
[33msu2-adapter         |[0m | - Prof. Alberto Guardone's group at Polytechnic University of Milan.  |
[33msu2-adapter         |[0m | - Prof. Rafael Palacios' group at Imperial College London.            |
[33msu2-adapter         |[0m | - Prof. Vincent Terrapon's group at the University of Liege.          |
[33msu2-adapter         |[0m | - Prof. Edwin van der Weide's group at the University of Twente.      |
[33msu2-adapter         |[0m | - Lab. of New Concepts in Aeronautics at Tech. Inst. of Aeronautics.  |
[33msu2-adapter         |[0m -------------------------------------------------------------------------
[33msu2-adapter         |[0m | Copyright 2012-2018, Francisco D. Palacios, Thomas D. Economon,       |
[33msu2-adapter         |[0m |                      Tim Albring, and the SU2 contributors.           |
[33msu2-adapter         |[0m |                                                                       |
[33msu2-adapter         |[0m | SU2 is free software; you can redistribute it and/or                  |
[33msu2-adapter         |[0m | modify it under the terms of the GNU Lesser General Public            |
[33msu2-adapter         |[0m | License as published by the Free Software Foundation; either          |
[33msu2-adapter         |[0m | version 2.1 of the License, or (at your option) any later version.    |
[33msu2-adapter         |[0m |                                                                       |
[33msu2-adapter         |[0m | SU2 is distributed in the hope that it will be useful,                |
[33msu2-adapter         |[0m | but WITHOUT ANY WARRANTY; without even the implied warranty of        |
[33msu2-adapter         |[0m | MERCHANTABILITY or FITNESS FOR A PARTICULAR PURPOSE. See the GNU      |
[33msu2-adapter         |[0m | Lesser General Public License for more details.                       |
[33msu2-adapter         |[0m |                                                                       |
[33msu2-adapter         |[0m | You should have received a copy of the GNU Lesser General Public      |
[33msu2-adapter         |[0m | License along with SU2. If not, see <http://www.gnu.org/licenses/>.   |
[33msu2-adapter         |[0m -------------------------------------------------------------------------
[33msu2-adapter         |[0m 
[33msu2-adapter         |[0m ------------------------ Physical Case Definition -----------------------
[33msu2-adapter         |[0m Compressible Euler equations.
[33msu2-adapter         |[0m Mach number: 0.01.
[33msu2-adapter         |[0m Angle of attack (AoA): 0 deg, and angle of sideslip (AoS): 0 deg.
[33msu2-adapter         |[0m Performing a dynamic mesh simulation: Reading and writing ASCII SU2 native restart files.
[33msu2-adapter         |[0m Read flow solution from: Fluid/initial_flow.dat.
[33msu2-adapter         |[0m Dimensional simulation.
[33msu2-adapter         |[0m The reference area is 1 m^2.
[33msu2-adapter         |[0m The semi-span will be computed using the max y(3D) value.
[33msu2-adapter         |[0m The reference length is 1 m.
[33msu2-adapter         |[0m Reference origin for moment evaluation is (4.67118e-310, 4.67118e-310, 0).
[33msu2-adapter         |[0m Surface(s) where the force coefficients are evaluated: 
[33msu2-adapter         |[0m Input mesh file name: Fluid/fluidMesh.su2
[33msu2-adapter         |[0m 
[33msu2-adapter         |[0m ---------------------- Space Numerical Integration ----------------------
[33msu2-adapter         |[0m Jameson-Schmidt-Turkel scheme (2nd order in space) for the flow inviscid terms.
[33msu2-adapter         |[0m JST viscous coefficients (2nd & 4th): 0.5, 0.02.
[33msu2-adapter         |[0m The method includes a grid stretching correction (p = 0.3).
[33msu2-adapter         |[0m Gradient computation using Green-Gauss theorem.
[33msu2-adapter         |[0m 
[33msu2-adapter         |[0m ---------------------- Time Numerical Integration -----------------------
[33msu2-adapter         |[0m Unsteady simulation, dual time stepping strategy (first order in time).
[33msu2-adapter         |[0m Unsteady time step provided by the user (s): 0.01.
[33msu2-adapter         |[0m Total number of internal Dual Time iterations: 200.
[33msu2-adapter         |[0m Euler implicit method for the flow equations.
[33msu2-adapter         |[0m FGMRES is used for solving the linear system.
[33msu2-adapter         |[0m Using a LU-SGS preconditioning.
[33msu2-adapter         |[0m Convergence criteria of the linear solver: 0.0001.
[33msu2-adapter         |[0m Max number of linear iterations: 20.
[33msu2-adapter         |[0m V Multigrid Cycle, with 3 multigrid levels.
[33msu2-adapter         |[0m Damping factor for the residual restriction: 0.9.
[33msu2-adapter         |[0m Damping factor for the correction prolongation: 0.9.
[33msu2-adapter         |[0m No CFL adaptation.
[33msu2-adapter         |[0m Multigrid Level:                       0     1     2     3
[33msu2-adapter         |[0m Courant-Friedrichs-Lewy number:        2
[33msu2-adapter         |[0m MG PreSmooth coefficients:             1     2     3     3
[33msu2-adapter         |[0m MG PostSmooth coefficients:            0     0     0     0
[33msu2-adapter         |[0m MG CorrecSmooth coefficients:          0     0     0     0
[33msu2-adapter         |[0m 
[33msu2-adapter         |[0m ------------------------- Convergence Criteria --------------------------
[33msu2-adapter         |[0m Maximum number of iterations: 999999.
[33msu2-adapter         |[0m Reduce the density residual 1 orders of magnitude.
[33msu2-adapter         |[0m The minimum bound for the density residual is 10^(-3.5).
[33msu2-adapter         |[0m Start convergence criteria at iteration 10.
[33msu2-adapter         |[0m 
[33msu2-adapter         |[0m -------------------------- Output Information ---------------------------
[33msu2-adapter         |[0m Writing a flow solution every 1 iterations.
[33msu2-adapter         |[0m Writing the convergence history every 1 iterations.
[33msu2-adapter         |[0m Writing the dual time flow solution every 1 iterations.
[33msu2-adapter         |[0m Writing the dual time convergence history every 1 iterations.
[33msu2-adapter         |[0m The output file format is Paraview ASCII (.vtk).
[33msu2-adapter         |[0m Convergence history file name: Fluid/history.
[33msu2-adapter         |[0m Forces breakdown file name: Fluid/forces_breakdown.dat.
[33msu2-adapter         |[0m Surface flow coefficients file name: Fluid/surface_flow.
[33msu2-adapter         |[0m Flow variables file name: Fluid/flow.
[33msu2-adapter         |[0m Restart flow file name: Fluid/restart_flow.dat.
[33msu2-adapter         |[0m 
[33msu2-adapter         |[0m ------------------- Config File Boundary Information --------------------
[33msu2-adapter         |[0m Euler wall boundary marker(s): upper_wall, lower_wall, wetSurface0.
[33msu2-adapter         |[0m Symmetry plane boundary marker(s): symmetry.
[33msu2-adapter         |[0m Inlet boundary marker(s): inlet.
[33msu2-adapter         |[0m Outlet boundary marker(s): outlet.
[33msu2-adapter         |[0m 
[33msu2-adapter         |[0m ---------------------- Read Grid File Information -----------------------
[33msu2-adapter         |[0m Three dimensional problem.
[33msu2-adapter         |[0m 286 points.
[33msu2-adapter         |[0m 6 surface markers.
[33msu2-adapter         |[0m 4 boundary elements in index 0 (Marker = inlet).
[33msu2-adapter         |[0m 4 boundary elements in index 1 (Marker = outlet).
[33msu2-adapter         |[0m 12 boundary elements in index 2 (Marker = lower_wall).
[33msu2-adapter         |[0m 6 boundary elements in index 3 (Marker = upper_wall).
[33msu2-adapter         |[0m 11 boundary elements in index 4 (Marker = wetSurface0).
[33msu2-adapter         |[0m 494 boundary elements in index 5 (Marker = symmetry).
[33msu2-adapter         |[0m 247 prisms.
[33msu2-adapter         |[0m 
[33msu2-adapter         |[0m ------------------------- Geometry Preprocessing ------------------------
[33msu2-adapter         |[0m Setting point connectivity.
[33msu2-adapter         |[0m Renumbering points (Reverse Cuthill McKee Ordering).
[33msu2-adapter         |[0m Recomputing point connectivity.
[33msu2-adapter         |[0m Setting element connectivity.
[33msu2-adapter         |[0m Checking the numerical grid orientation.
[33msu2-adapter         |[0m There has been a re-orientation of the PRISM volume elements.
[33msu2-adapter         |[0m There has been a re-orientation of the TRIANGLE surface elements.
[33msu2-adapter         |[0m Identifying edges and vertices.
[33msu2-adapter         |[0m Computing centers of gravity.
[33msu2-adapter         |[0m Setting the control volume structure.
[33msu2-adapter         |[0m Volume of the computational grid: 7.17.
[33msu2-adapter         |[0m Searching for the closest normal neighbors to the surfaces.
[33msu2-adapter         |[0m Storing a mapping from global to local point index.
[33msu2-adapter         |[0m Compute the surface curvature.
[33msu2-adapter         |[0m Max K: 54.7. Mean K: 11.2. Standard deviation K: 16.6.
[33msu2-adapter         |[0m Checking for periodicity.
[33msu2-adapter         |[0m Setting the multigrid structure.
[33msu2-adapter         |[0m Computing wall distances.
[33msu2-adapter         |[0m Semi-span length = -1e+10 m.
[33msu2-adapter         |[0m Wetted area = 0 m^2.
[33msu2-adapter         |[0m Area projection in the x-plane = 0 m^2, y-plane = 0 m^2, z-plane = 0 m^2.
[33msu2-adapter         |[0m Max. coordinate in the x-direction = -1e+10 m, y-direction = -1e+10 m, z-direction = -1e+10 m.
[33msu2-adapter         |[0m Min coordinate in the x-direction = 1e+10 m, y-direction = 1e+10 m,, z-direction = 1e+10 m.
[33msu2-adapter         |[0m 
[33msu2-adapter         |[0m ------------------------- Driver information --------------------------
[33msu2-adapter         |[0m A Fluid driver has been instantiated.
[33msu2-adapter         |[0m 
[33msu2-adapter         |[0m ------------------------ Iteration Preprocessing ------------------------
[33msu2-adapter         |[0m Zone 1: Euler/Navier-Stokes/RANS fluid iteration.
[33msu2-adapter         |[0m 
[33msu2-adapter         |[0m ------------------------- Solver Preprocessing --------------------------
[33msu2-adapter         |[0m Inviscid flow: Computing density based on free-stream
[33msu2-adapter         |[0m temperature and pressure using the ideal gas law.
[33msu2-adapter         |[0m Force coefficients computed using MACH_MOTION.
[33msu2-adapter         |[0m -- Input conditions:
[33msu2-adapter         |[0m Fluid Model: STANDARD_AIR 
[33msu2-adapter         |[0m Specific gas constant: 287.058 N.m/kg.K.
[33msu2-adapter         |[0m Specific gas constant (non-dim): 287.058
[33msu2-adapter         |[0m Specific Heat Ratio: 1.4
[33msu2-adapter         |[0m Free-stream static pressure: 101300 Pa.
[33msu2-adapter         |[0m Free-stream total pressure: 101307 Pa.
[33msu2-adapter         |[0m Free-stream temperature: 288 K.
[33msu2-adapter         |[0m Free-stream density: 1.22531 kg/m^3.
[33msu2-adapter         |[0m Free-stream velocity: (3.40208, 0, 0) m/s. Magnitude: 3.40208 m/s (6.61311 KTS).
[33msu2-adapter         |[0m Free-stream total energy per unit mass: 206688 m^2/s^2.
[33msu2-adapter         |[0m Total time: 6 s. Time step: 0.01 s.
[33msu2-adapter         |[0m -- Reference values:
[33msu2-adapter         |[0m Reference specific gas constant: 1 N.m/kg.K.
[33msu2-adapter         |[0m Reference pressure: 1 Pa.
[33msu2-adapter         |[0m Reference temperature: 1 K.
[33msu2-adapter         |[0m Reference density: 1 kg/m^3.
[33msu2-adapter         |[0m Reference velocity: 1 m/s.
[33msu2-adapter         |[0m Reference energy per unit mass: 1 m^2/s^2.
[33msu2-adapter         |[0m Reference time: 1 s.
[33msu2-adapter         |[0m -- Resulting non-dimensional state:
[33msu2-adapter         |[0m Mach number (non-dim): 0.01
[33msu2-adapter         |[0m Specific gas constant (non-dim): 287.058
[33msu2-adapter         |[0m Free-stream temperature (non-dim): 288
[33msu2-adapter         |[0m Free-stream pressure (non-dim): 101300
[33msu2-adapter         |[0m Free-stream density (non-dim): 1.22531
[33msu2-adapter         |[0m Free-stream velocity (non-dim): (3.40208, 0, 0). Magnitude: 3.40208
[33msu2-adapter         |[0m Free-stream total energy per unit mass (non-dim): 206688
[33msu2-adapter         |[0m Total time (non-dim): 6
[33msu2-adapter         |[0m Time step (non-dim): 0.01
[33msu2-adapter         |[0m 
[33msu2-adapter         |[0m Initialize Jacobian structure (Euler). MG level: 0.
[33msu2-adapter         |[0m 
[33msu2-adapter         |[0m ----------------- Integration and Numerics Preprocessing ----------------
[33msu2-adapter         |[0m Integration Preprocessing.
[33msu2-adapter         |[0m Numerics Preprocessing.
[33msu2-adapter         |[0m Setting dynamic mesh structure for zone 0.
[33msu2-adapter         |[0m 
[33msu2-adapter         |[0m ---------------------- Python Interface Preprocessing ---------------------
[33msu2-adapter         |[0m Setting customized boundary conditions for zone 0
[33msu2-adapter         |[0m --------------------------------------------------------------------------
[33msu2-adapter         |[0m [[14030,1],0]: A high-performance Open MPI point-to-point messaging module
[33msu2-adapter         |[0m was unable to find any relevant network interfaces:
[33msu2-adapter         |[0m 
[33msu2-adapter         |[0m Module: OpenFabrics (openib)
[33msu2-adapter         |[0m   Host: 7b92069797e9
[33msu2-adapter         |[0m 
[33msu2-adapter         |[0m Another transport will be used instead, although this may result in
[33msu2-adapter         |[0m lower performance.
[33msu2-adapter         |[0m 
[33msu2-adapter         |[0m NOTE: You can disable this warning by setting the MCA parameter
[33msu2-adapter         |[0m btl_base_warn_component_unused to 0.
[33msu2-adapter         |[0m --------------------------------------------------------------------------
[33msu2-adapter         |[0m ---[precice] [0m This is preCICE version 2.2.0
[33msu2-adapter         |[0m ---[precice] [0m Revision info: no-info [Git failed/Not a repository]
[33msu2-adapter         |[0m ---[precice] [0m Configuration: Debug
[33msu2-adapter         |[0m ---[precice] [0m Configuring preCICE with configuration "./precice-config.xml"
[33msu2-adapter         |[0m ---[precice] [0m I am participant "SU2"
[33msu2-adapter         |[0m ---[precice] [31mERROR: [0m This participant's name, which was specified in the constructor of the preCICE interface as "SU2", is not defined in the preCICE configuration. Please double-check the correct spelling.
[33msu2-adapter         |[0m cp: cannot stat 'precice-output': No such file or directory
[36mcalculix-adapter    |[0m Running the Solid participant...
[36mcalculix-adapter    |[0m 
[36mcalculix-adapter    |[0m ************************************************************
[36mcalculix-adapter    |[0m 
[36mcalculix-adapter    |[0m CalculiX Version 2.16, Copyright(C) 1998-2019 Guido Dhondt
[36mcalculix-adapter    |[0m CalculiX comes with ABSOLUTELY NO WARRANTY. This is free
[36mcalculix-adapter    |[0m software, and you are welcome to redistribute it under
[36mcalculix-adapter    |[0m certain conditions, see gpl.htm
[36mcalculix-adapter    |[0m 
[36mcalculix-adapter    |[0m ************************************************************
[36mcalculix-adapter    |[0m 
[36mcalculix-adapter    |[0m You are using an executable made on Mo 25. Nov 18:56:47 CET 2019
[36mcalculix-adapter    |[0m 
[36mcalculix-adapter    |[0m   The numbers below are estimated upper bounds
[36mcalculix-adapter    |[0m 
[36mcalculix-adapter    |[0m   number of:
[36mcalculix-adapter    |[0m 
[36mcalculix-adapter    |[0m    nodes:           68
[36mcalculix-adapter    |[0m    elements:            5
[36mcalculix-adapter    |[0m    one-dimensional elements:            0
[36mcalculix-adapter    |[0m    two-dimensional elements:            0
[36mcalculix-adapter    |[0m    integration points per element:           27
[36mcalculix-adapter    |[0m    degrees of freedom per node:            3
[36mcalculix-adapter    |[0m    layers per element:            1
[36mcalculix-adapter    |[0m 
[36mcalculix-adapter    |[0m    distributed facial loads:            0
[36mcalculix-adapter    |[0m    distributed volumetric loads:            0
[36mcalculix-adapter    |[0m    concentrated loads:          174
[36mcalculix-adapter    |[0m    single point constraints:           92
[36mcalculix-adapter    |[0m    multiple point constraints:            1
[36mcalculix-adapter    |[0m    terms in all multiple point constraints:            1
[36mcalculix-adapter    |[0m    tie constraints:            0
[36mcalculix-adapter    |[0m    dependent nodes tied by cyclic constraints:            0
[36mcalculix-adapter    |[0m    dependent nodes in pre-tension constraints:            0
[36mcalculix-adapter    |[0m 
[36mcalculix-adapter    |[0m    sets:            4
[36mcalculix-adapter    |[0m    terms in all sets:          207
[36mcalculix-adapter    |[0m 
[36mcalculix-adapter    |[0m    materials:            1
[36mcalculix-adapter    |[0m    constants per material and temperature:            2
[36mcalculix-adapter    |[0m    temperature points per material:            1
[36mcalculix-adapter    |[0m    plastic data points per material:            0
[36mcalculix-adapter    |[0m 
[36mcalculix-adapter    |[0m    orientations:            0
[36mcalculix-adapter    |[0m    amplitudes:            3
[36mcalculix-adapter    |[0m    data points in all amplitudes:            3
[36mcalculix-adapter    |[0m    print requests:            0
[36mcalculix-adapter    |[0m    transformations:            0
[36mcalculix-adapter    |[0m    property cards:            0
[36mcalculix-adapter    |[0m 
[36mcalculix-adapter    |[0m  *INFO reading *STEP: nonlinear geometric
[36mcalculix-adapter    |[0m        effects are turned on
[36mcalculix-adapter    |[0m 
[36mcalculix-adapter    |[0m 
[36mcalculix-adapter    |[0m  STEP            1
[36mcalculix-adapter    |[0m 
[36mcalculix-adapter    |[0m  Dynamic analysis was selected
[36mcalculix-adapter    |[0m 
[36mcalculix-adapter    |[0m  Newton-Raphson iterative procedure is active
[36mcalculix-adapter    |[0m 
[36mcalculix-adapter    |[0m  Nonlinear geometric effects are taken into account
[36mcalculix-adapter    |[0m 
[36mcalculix-adapter    |[0m  Decascading the MPC's
[36mcalculix-adapter    |[0m 
[36mcalculix-adapter    |[0m  Determining the structure of the matrix:
[36mcalculix-adapter    |[0m  number of equations
[36mcalculix-adapter    |[0m  120
[36mcalculix-adapter    |[0m  number of nonzero lower triangular matrix elements
[36mcalculix-adapter    |[0m  2916
[36mcalculix-adapter    |[0m 
[36mcalculix-adapter    |[0m Starting FSI analysis via preCICE using the geometrically non-linear CalculiX solver...
[36mcalculix-adapter    |[0m  Using up to 1 cpu(s) for the stress calculation.
[36mcalculix-adapter    |[0m 
[36mcalculix-adapter    |[0m  Using up to 1 cpu(s) for the energy calculation.
[36mcalculix-adapter    |[0m 
[36mcalculix-adapter    |[0m  Using up to 1 cpu(s) for the symmetric stiffness/mass contributions.
[36mcalculix-adapter    |[0m 
[36mcalculix-adapter    |[0m  Factoring the system of equations using the symmetric spooles solver
[36mcalculix-adapter    |[0m  Using 1 cpu for spooles.
[36mcalculix-adapter    |[0m 
[36mcalculix-adapter    |[0m  Using up to 1 cpu(s) for the stress calculation.
[36mcalculix-adapter    |[0m 
[36mcalculix-adapter    |[0m  Using up to 1 cpu(s) for the energy calculation.
[36mcalculix-adapter    |[0m 
[36mcalculix-adapter    |[0m Setting up preCICE participant Calculix, using config file: config.yml
[36mcalculix-adapter    |[0m --------------------------------------------------------------------------
[36mcalculix-adapter    |[0m [[54175,1],0]: A high-performance Open MPI point-to-point messaging module
[36mcalculix-adapter    |[0m was unable to find any relevant network interfaces:
[36mcalculix-adapter    |[0m 
[36mcalculix-adapter    |[0m Module: OpenFabrics (openib)
[36mcalculix-adapter    |[0m   Host: d654947b64e3
[36mcalculix-adapter    |[0m 
[36mcalculix-adapter    |[0m Another transport will be used instead, although this may result in
[36mcalculix-adapter    |[0m lower performance.
[36mcalculix-adapter    |[0m 
[36mcalculix-adapter    |[0m NOTE: You can disable this warning by setting the MCA parameter
[36mcalculix-adapter    |[0m btl_base_warn_component_unused to 0.
[36mcalculix-adapter    |[0m --------------------------------------------------------------------------
[36mcalculix-adapter    |[0m ---[precice] [0m This is preCICE version 2.2.0
[36mcalculix-adapter    |[0m ---[precice] [0m Revision info: no-info [Git failed/Not a repository]
[36mcalculix-adapter    |[0m ---[precice] [0m Configuration: Debug
[36mcalculix-adapter    |[0m ---[precice] [0m Configuring preCICE with configuration "./precice-config.xml"
[36mcalculix-adapter    |[0m ---[precice] [0m I am participant "Calculix"
[36mcalculix-adapter    |[0m [d654947b64e3:00008] *** Process received signal ***
[36mcalculix-adapter    |[0m [d654947b64e3:00008] Signal: Segmentation fault (11)
[36mcalculix-adapter    |[0m [d654947b64e3:00008] Signal code: Address not mapped (1)
[36mcalculix-adapter    |[0m [d654947b64e3:00008] Failing at address: (nil)
[36mcalculix-adapter    |[0m [d654947b64e3:00008] [ 0] /lib/x86_64-linux-gnu/libpthread.so.0(+0x12980)[0x7f8155488980]
[36mcalculix-adapter    |[0m [d654947b64e3:00008] [ 1] ccx_preCICE(+0x1dda83)[0x5603361b2a83]
[36mcalculix-adapter    |[0m [d654947b64e3:00008] [ 2] ccx_preCICE(+0x1de53f)[0x5603361b353f]
[36mcalculix-adapter    |[0m [d654947b64e3:00008] [ 3] ccx_preCICE(+0x1c606f)[0x56033619b06f]
[36mcalculix-adapter    |[0m [d654947b64e3:00008] [ 4] ccx_preCICE(+0xca89)[0x560335fe1a89]
[36mcalculix-adapter    |[0m [d654947b64e3:00008] [ 5] /lib/x86_64-linux-gnu/libc.so.6(__libc_start_main+0xe7)[0x7f8154929bf7]
[36mcalculix-adapter    |[0m [d654947b64e3:00008] [ 6] ccx_preCICE(+0x14f2a)[0x560335fe9f2a]
[36mcalculix-adapter    |[0m [d654947b64e3:00008] *** End of error message ***
[36mcalculix-adapter    |[0m cp: cannot stat 'precice-output': No such file or directory
