	linux-vdso.so.1 (0x00007fff76cec000)
	libfiniteVolume.so => /opt/openfoam5/platforms/linux64GccDPInt32Opt/lib/libfiniteVolume.so (0x00007f8fd6e07000)
	libmeshTools.so => /opt/openfoam5/platforms/linux64GccDPInt32Opt/lib/libmeshTools.so (0x00007f8fd6778000)
	libcompressibleTurbulenceModels.so => /opt/openfoam5/platforms/linux64GccDPInt32Opt/lib/libcompressibleTurbulenceModels.so (0x00007f8fd62b0000)
	libincompressibleTurbulenceModels.so => /opt/openfoam5/platforms/linux64GccDPInt32Opt/lib/libincompressibleTurbulenceModels.so (0x00007f8fd5dc1000)
	libimmiscibleIncompressibleTwoPhaseMixture.so => /opt/openfoam5/platforms/linux64GccDPInt32Opt/lib/libimmiscibleIncompressibleTwoPhaseMixture.so (0x00007f8fd5ba0000)
	libprecice.so.2 => /home/precice/precice-install/lib/libprecice.so.2 (0x00007f8fd46a2000)
	libstdc++.so.6 => /usr/lib/x86_64-linux-gnu/libstdc++.so.6 (0x00007f8fd4319000)
	libm.so.6 => /lib/x86_64-linux-gnu/libm.so.6 (0x00007f8fd3f7b000)
	libgcc_s.so.1 => /lib/x86_64-linux-gnu/libgcc_s.so.1 (0x00007f8fd3d63000)
	libc.so.6 => /lib/x86_64-linux-gnu/libc.so.6 (0x00007f8fd3972000)
	libOpenFOAM.so => /opt/openfoam5/platforms/linux64GccDPInt32Opt/lib/libOpenFOAM.so (0x00007f8fd2df7000)
	libtriSurface.so => /opt/openfoam5/platforms/linux64GccDPInt32Opt/lib/libtriSurface.so (0x00007f8fd2b58000)
	libPstream.so => /opt/openfoam5/platforms/linux64GccDPInt32Opt/lib/openmpi-system/libPstream.so (0x00007f8fd2949000)
	libturbulenceModels.so => /opt/openfoam5/platforms/linux64GccDPInt32Opt/lib/libturbulenceModels.so (0x00007f8fd24e1000)
	libincompressibleTransportModels.so => /opt/openfoam5/platforms/linux64GccDPInt32Opt/lib/libincompressibleTransportModels.so (0x00007f8fd2222000)
	libsurfMesh.so => /opt/openfoam5/platforms/linux64GccDPInt32Opt/lib/libsurfMesh.so (0x00007f8fd1f13000)
	libfileFormats.so => /opt/openfoam5/platforms/linux64GccDPInt32Opt/lib/libfileFormats.so (0x00007f8fd1c7d000)
	libcompressibleTransportModels.so => /opt/openfoam5/platforms/linux64GccDPInt32Opt/lib/libcompressibleTransportModels.so (0x00007f8fd1a79000)
	libfluidThermophysicalModels.so => /opt/openfoam5/platforms/linux64GccDPInt32Opt/lib/libfluidThermophysicalModels.so (0x00007f8fd150e000)
	libsolidThermo.so => /opt/openfoam5/platforms/linux64GccDPInt32Opt/lib/libsolidThermo.so (0x00007f8fd120d000)
	libsolidSpecie.so => /opt/openfoam5/platforms/linux64GccDPInt32Opt/lib/libsolidSpecie.so (0x00007f8fd0fdd000)
	libspecie.so => /opt/openfoam5/platforms/linux64GccDPInt32Opt/lib/libspecie.so (0x00007f8fd0aed000)
	libtwoPhaseMixture.so => /opt/openfoam5/platforms/linux64GccDPInt32Opt/lib/libtwoPhaseMixture.so (0x00007f8fd08c5000)
	libinterfaceProperties.so => /opt/openfoam5/platforms/linux64GccDPInt32Opt/lib/libinterfaceProperties.so (0x00007f8fd0636000)
	libtwoPhaseProperties.so => /opt/openfoam5/platforms/linux64GccDPInt32Opt/lib/libtwoPhaseProperties.so (0x00007f8fd03e5000)
	libboost_filesystem.so.1.65.1 => /usr/lib/x86_64-linux-gnu/libboost_filesystem.so.1.65.1 (0x00007f8fd01cb000)
	libboost_log.so.1.65.1 => /usr/lib/x86_64-linux-gnu/libboost_log.so.1.65.1 (0x00007f8fcfeee000)
	libboost_log_setup.so.1.65.1 => /usr/lib/x86_64-linux-gnu/libboost_log_setup.so.1.65.1 (0x00007f8fcfc48000)
	libboost_program_options.so.1.65.1 => /usr/lib/x86_64-linux-gnu/libboost_program_options.so.1.65.1 (0x00007f8fcf9c7000)
	libboost_system.so.1.65.1 => /usr/lib/x86_64-linux-gnu/libboost_system.so.1.65.1 (0x00007f8fcf7c2000)
	libboost_thread.so.1.65.1 => /usr/lib/x86_64-linux-gnu/libboost_thread.so.1.65.1 (0x00007f8fcf59d000)
	libdl.so.2 => /lib/x86_64-linux-gnu/libdl.so.2 (0x00007f8fcf399000)
	libxml2.so.2 => /usr/lib/x86_64-linux-gnu/libxml2.so.2 (0x00007f8fcefd8000)
	libpthread.so.0 => /lib/x86_64-linux-gnu/libpthread.so.0 (0x00007f8fcedb9000)
	libmpi_cxx.so.20 => /usr/lib/x86_64-linux-gnu/libmpi_cxx.so.20 (0x00007f8fceb9f000)
	libmpi.so.20 => /usr/lib/x86_64-linux-gnu/libmpi.so.20 (0x00007f8fce8ad000)
	libpetsc.so.3.12 => /petsc/petsc-3.12.5/arch-linux2-c-debug/lib/libpetsc.so.3.12 (0x00007f8fcc4fd000)
	/lib64/ld-linux-x86-64.so.2 (0x00007f8fd912b000)
	libz.so.1 => /lib/x86_64-linux-gnu/libz.so.1 (0x00007f8fcc2e0000)
	libthermophysicalProperties.so => /opt/openfoam5/platforms/linux64GccDPInt32Opt/lib/libthermophysicalProperties.so (0x00007f8fcbfd2000)
	libreactionThermophysicalModels.so => /opt/openfoam5/platforms/linux64GccDPInt32Opt/lib/libreactionThermophysicalModels.so (0x00007f8fcb6ad000)
	librt.so.1 => /lib/x86_64-linux-gnu/librt.so.1 (0x00007f8fcb4a5000)
	libboost_regex.so.1.65.1 => /usr/lib/x86_64-linux-gnu/libboost_regex.so.1.65.1 (0x00007f8fcb19d000)
	libicuuc.so.60 => /usr/lib/x86_64-linux-gnu/libicuuc.so.60 (0x00007f8fcade5000)
	liblzma.so.5 => /lib/x86_64-linux-gnu/liblzma.so.5 (0x00007f8fcabbf000)
	libopen-rte.so.20 => /usr/lib/x86_64-linux-gnu/libopen-rte.so.20 (0x00007f8fca937000)
	libopen-pal.so.20 => /usr/lib/x86_64-linux-gnu/libopen-pal.so.20 (0x00007f8fca685000)
	libhwloc.so.5 => /usr/lib/x86_64-linux-gnu/libhwloc.so.5 (0x00007f8fca448000)
	liblapack.so.3 => /usr/lib/x86_64-linux-gnu/liblapack.so.3 (0x00007f8fc9baa000)
	libblas.so.3 => /usr/lib/x86_64-linux-gnu/libblas.so.3 (0x00007f8fc993d000)
	libmpi_mpifh.so.20 => /usr/lib/x86_64-linux-gnu/libmpi_mpifh.so.20 (0x00007f8fc96e6000)
	libgfortran.so.4 => /usr/lib/x86_64-linux-gnu/libgfortran.so.4 (0x00007f8fc9307000)
	libicui18n.so.60 => /usr/lib/x86_64-linux-gnu/libicui18n.so.60 (0x00007f8fc8e66000)
	libicudata.so.60 => /usr/lib/x86_64-linux-gnu/libicudata.so.60 (0x00007f8fc72bd000)
	libutil.so.1 => /lib/x86_64-linux-gnu/libutil.so.1 (0x00007f8fc70ba000)
	libnuma.so.1 => /usr/lib/x86_64-linux-gnu/libnuma.so.1 (0x00007f8fc6eaf000)
	libltdl.so.7 => /usr/lib/x86_64-linux-gnu/libltdl.so.7 (0x00007f8fc6ca5000)
	libquadmath.so.0 => /usr/lib/x86_64-linux-gnu/libquadmath.so.0 (0x00007f8fc6a65000)
