	linux-vdso.so.1 (0x00007ffebd746000)
	libfiniteVolume.so => /usr/lib/openfoam/openfoam2006/platforms/linux64GccDPInt32Opt/lib/libfiniteVolume.so (0x00007fa453b4e000)
	libmeshTools.so => /usr/lib/openfoam/openfoam2006/platforms/linux64GccDPInt32Opt/lib/libmeshTools.so (0x00007fa453450000)
	libcompressibleTurbulenceModels.so => /usr/lib/openfoam/openfoam2006/platforms/linux64GccDPInt32Opt/lib/libcompressibleTurbulenceModels.so (0x00007fa453119000)
	libincompressibleTurbulenceModels.so => /usr/lib/openfoam/openfoam2006/platforms/linux64GccDPInt32Opt/lib/libincompressibleTurbulenceModels.so (0x00007fa452e38000)
	libimmiscibleIncompressibleTwoPhaseMixture.so => /usr/lib/openfoam/openfoam2006/platforms/linux64GccDPInt32Opt/lib/libimmiscibleIncompressibleTwoPhaseMixture.so (0x00007fa452e11000)
	libprecice.so.2 => /lib/x86_64-linux-gnu/libprecice.so.2 (0x00007fa45191a000)
	libstdc++.so.6 => /lib/x86_64-linux-gnu/libstdc++.so.6 (0x00007fa451739000)
	libm.so.6 => /lib/x86_64-linux-gnu/libm.so.6 (0x00007fa4515ea000)
	libgcc_s.so.1 => /lib/x86_64-linux-gnu/libgcc_s.so.1 (0x00007fa4515cf000)
	libpthread.so.0 => /lib/x86_64-linux-gnu/libpthread.so.0 (0x00007fa4515ac000)
	libc.so.6 => /lib/x86_64-linux-gnu/libc.so.6 (0x00007fa4513b8000)
	libOpenFOAM.so => /usr/lib/openfoam/openfoam2006/platforms/linux64GccDPInt32Opt/lib/libOpenFOAM.so (0x00007fa450878000)
	libPstream.so => /usr/lib/openfoam/openfoam2006/platforms/linux64GccDPInt32Opt/lib/openmpi-system/libPstream.so (0x00007fa450865000)
	libturbulenceModels.so => /usr/lib/openfoam/openfoam2006/platforms/linux64GccDPInt32Opt/lib/libturbulenceModels.so (0x00007fa450612000)
	libincompressibleTransportModels.so => /usr/lib/openfoam/openfoam2006/platforms/linux64GccDPInt32Opt/lib/libincompressibleTransportModels.so (0x00007fa45053e000)
	libfileFormats.so => /usr/lib/openfoam/openfoam2006/platforms/linux64GccDPInt32Opt/lib/libfileFormats.so (0x00007fa45039a000)
	libsurfMesh.so => /usr/lib/openfoam/openfoam2006/platforms/linux64GccDPInt32Opt/lib/libsurfMesh.so (0x00007fa45016b000)
	libcompressibleTransportModels.so => /usr/lib/openfoam/openfoam2006/platforms/linux64GccDPInt32Opt/lib/libcompressibleTransportModels.so (0x00007fa450165000)
	libradiationModels.so => /usr/lib/openfoam/openfoam2006/platforms/linux64GccDPInt32Opt/lib/libradiationModels.so (0x00007fa44ff9a000)
	libfluidThermophysicalModels.so => /usr/lib/openfoam/openfoam2006/platforms/linux64GccDPInt32Opt/lib/libfluidThermophysicalModels.so (0x00007fa44fa6a000)
	libsolidThermo.so => /usr/lib/openfoam/openfoam2006/platforms/linux64GccDPInt32Opt/lib/libsolidThermo.so (0x00007fa44f919000)
	libsolidSpecie.so => /usr/lib/openfoam/openfoam2006/platforms/linux64GccDPInt32Opt/lib/libsolidSpecie.so (0x00007fa44f8df000)
	libspecie.so => /usr/lib/openfoam/openfoam2006/platforms/linux64GccDPInt32Opt/lib/libspecie.so (0x00007fa44f410000)
	libtwoPhaseMixture.so => /usr/lib/openfoam/openfoam2006/platforms/linux64GccDPInt32Opt/lib/libtwoPhaseMixture.so (0x00007fa44f3e0000)
	libinterfaceProperties.so => /usr/lib/openfoam/openfoam2006/platforms/linux64GccDPInt32Opt/lib/libinterfaceProperties.so (0x00007fa44f338000)
	libtwoPhaseProperties.so => /usr/lib/openfoam/openfoam2006/platforms/linux64GccDPInt32Opt/lib/libtwoPhaseProperties.so (0x00007fa44f2e7000)
	libboost_filesystem.so.1.71.0 => /lib/x86_64-linux-gnu/libboost_filesystem.so.1.71.0 (0x00007fa44f2c7000)
	libboost_log.so.1.71.0 => /lib/x86_64-linux-gnu/libboost_log.so.1.71.0 (0x00007fa44f1cd000)
	libboost_log_setup.so.1.71.0 => /lib/x86_64-linux-gnu/libboost_log_setup.so.1.71.0 (0x00007fa44f10e000)
	libboost_program_options.so.1.71.0 => /lib/x86_64-linux-gnu/libboost_program_options.so.1.71.0 (0x00007fa44f07f000)
	libboost_thread.so.1.71.0 => /lib/x86_64-linux-gnu/libboost_thread.so.1.71.0 (0x00007fa44f053000)
	libdl.so.2 => /lib/x86_64-linux-gnu/libdl.so.2 (0x00007fa44f04d000)
	libxml2.so.2 => /lib/x86_64-linux-gnu/libxml2.so.2 (0x00007fa44ee91000)
	libmpi_cxx.so.40 => /lib/x86_64-linux-gnu/libmpi_cxx.so.40 (0x00007fa44ee73000)
	libmpi.so.40 => /lib/x86_64-linux-gnu/libmpi.so.40 (0x00007fa44ed4e000)
	libpetsc_real.so.3.12 => /lib/x86_64-linux-gnu/libpetsc_real.so.3.12 (0x00007fa44da19000)
	/lib64/ld-linux-x86-64.so.2 (0x00007fa455ab3000)
	libz.so.1 => /lib/x86_64-linux-gnu/libz.so.1 (0x00007fa44d9fd000)
	libSLGThermo.so => /usr/lib/openfoam/openfoam2006/platforms/linux64GccDPInt32Opt/lib/libSLGThermo.so (0x00007fa44d9ef000)
	libthermophysicalProperties.so => /usr/lib/openfoam/openfoam2006/platforms/linux64GccDPInt32Opt/lib/libthermophysicalProperties.so (0x00007fa44d90f000)
	libdistributed.so => /usr/lib/openfoam/openfoam2006/platforms/linux64GccDPInt32Opt/lib/libdistributed.so (0x00007fa44d868000)
	libreactionThermophysicalModels.so => /usr/lib/openfoam/openfoam2006/platforms/linux64GccDPInt32Opt/lib/libreactionThermophysicalModels.so (0x00007fa44cb14000)
	librt.so.1 => /lib/x86_64-linux-gnu/librt.so.1 (0x00007fa44cb07000)
	libboost_regex.so.1.71.0 => /lib/x86_64-linux-gnu/libboost_regex.so.1.71.0 (0x00007fa44ca07000)
	libicuuc.so.66 => /lib/x86_64-linux-gnu/libicuuc.so.66 (0x00007fa44c821000)
	liblzma.so.5 => /lib/x86_64-linux-gnu/liblzma.so.5 (0x00007fa44c7f8000)
	libopen-rte.so.40 => /lib/x86_64-linux-gnu/libopen-rte.so.40 (0x00007fa44c73e000)
	libopen-pal.so.40 => /lib/x86_64-linux-gnu/libopen-pal.so.40 (0x00007fa44c68e000)
	libhwloc.so.15 => /lib/x86_64-linux-gnu/libhwloc.so.15 (0x00007fa44c63d000)
	libHYPRE_core-2.18.2.so => /lib/x86_64-linux-gnu/libHYPRE_core-2.18.2.so (0x00007fa44c266000)
	libdmumps-5.2.1.so => /lib/x86_64-linux-gnu/libdmumps-5.2.1.so (0x00007fa44c058000)
	libumfpack.so.5 => /lib/x86_64-linux-gnu/libumfpack.so.5 (0x00007fa44bfab000)
	libamd.so.2 => /lib/x86_64-linux-gnu/libamd.so.2 (0x00007fa44bfa0000)
	libcholmod.so.3 => /lib/x86_64-linux-gnu/libcholmod.so.3 (0x00007fa44bebb000)
	libklu.so.1 => /lib/x86_64-linux-gnu/libklu.so.1 (0x00007fa44be8c000)
	libsuperlu.so.5 => /lib/x86_64-linux-gnu/libsuperlu.so.5 (0x00007fa44be1c000)
	libsuperlu_dist.so.6 => /lib/x86_64-linux-gnu/libsuperlu_dist.so.6 (0x00007fa44bce3000)
	libfftw3.so.3 => /lib/x86_64-linux-gnu/libfftw3.so.3 (0x00007fa44badd000)
	libfftw3_mpi.so.3 => /lib/x86_64-linux-gnu/libfftw3_mpi.so.3 (0x00007fa44bac5000)
	liblapack.so.3 => /lib/x86_64-linux-gnu/liblapack.so.3 (0x00007fa44b41f000)
	libblas.so.3 => /lib/x86_64-linux-gnu/libblas.so.3 (0x00007fa44b3b2000)
	libptscotch-6.so => /lib/x86_64-linux-gnu/libptscotch-6.so (0x00007fa44b2d5000)
	libhdf5_openmpi.so.103 => /lib/x86_64-linux-gnu/libhdf5_openmpi.so.103 (0x00007fa44af38000)
	libOpenCL.so.1 => /lib/x86_64-linux-gnu/libOpenCL.so.1 (0x00007fa44ad2d000)
	libmpi_mpifh.so.40 => /lib/x86_64-linux-gnu/libmpi_mpifh.so.40 (0x00007fa44acc8000)
	libgfortran.so.5 => /lib/x86_64-linux-gnu/libgfortran.so.5 (0x00007fa44a9fe000)
	libdecompositionMethods.so => /usr/lib/openfoam/openfoam2006/platforms/linux64GccDPInt32Opt/lib/libdecompositionMethods.so (0x00007fa44a93c000)
	libicui18n.so.66 => /lib/x86_64-linux-gnu/libicui18n.so.66 (0x00007fa44a63d000)
	libicudata.so.66 => /lib/x86_64-linux-gnu/libicudata.so.66 (0x00007fa448b7c000)
	libevent-2.1.so.7 => /lib/x86_64-linux-gnu/libevent-2.1.so.7 (0x00007fa448b24000)
	libutil.so.1 => /lib/x86_64-linux-gnu/libutil.so.1 (0x00007fa448b1f000)
	libevent_pthreads-2.1.so.7 => /lib/x86_64-linux-gnu/libevent_pthreads-2.1.so.7 (0x00007fa448b1a000)
	libudev.so.1 => /lib/x86_64-linux-gnu/libudev.so.1 (0x00007fa448aed000)
	libltdl.so.7 => /lib/x86_64-linux-gnu/libltdl.so.7 (0x00007fa448ae2000)
	libmumps_common-5.2.1.so => /lib/x86_64-linux-gnu/libmumps_common-5.2.1.so (0x00007fa448a90000)
	libscalapack-openmpi.so.2.1 => /lib/x86_64-linux-gnu/libscalapack-openmpi.so.2.1 (0x00007fa4484b3000)
	libsuitesparseconfig.so.5 => /lib/x86_64-linux-gnu/libsuitesparseconfig.so.5 (0x00007fa4484ae000)
	libcolamd.so.2 => /lib/x86_64-linux-gnu/libcolamd.so.2 (0x00007fa4484a5000)
	libccolamd.so.2 => /lib/x86_64-linux-gnu/libccolamd.so.2 (0x00007fa448498000)
	libcamd.so.2 => /lib/x86_64-linux-gnu/libcamd.so.2 (0x00007fa44848c000)
	libmetis.so.5 => /lib/x86_64-linux-gnu/libmetis.so.5 (0x00007fa44821c000)
	libgomp.so.1 => /lib/x86_64-linux-gnu/libgomp.so.1 (0x00007fa4481da000)
	libbtf.so.1 => /lib/x86_64-linux-gnu/libbtf.so.1 (0x00007fa4481d4000)
	libCombBLAS.so.1.16.0 => /lib/x86_64-linux-gnu/libCombBLAS.so.1.16.0 (0x00007fa4481b7000)
	libptscotcherr-6.so => /lib/x86_64-linux-gnu/libptscotcherr-6.so (0x00007fa4481b2000)
	libbz2.so.1.0 => /lib/x86_64-linux-gnu/libbz2.so.1.0 (0x00007fa44819d000)
	libsz.so.2 => /lib/x86_64-linux-gnu/libsz.so.2 (0x00007fa448198000)
	libquadmath.so.0 => /lib/x86_64-linux-gnu/libquadmath.so.0 (0x00007fa44814e000)
	libdynamicMesh.so => /usr/lib/openfoam/openfoam2006/platforms/linux64GccDPInt32Opt/lib/libdynamicMesh.so (0x00007fa447be2000)
	libpord-5.2.1.so => /lib/x86_64-linux-gnu/libpord-5.2.1.so (0x00007fa447bc9000)
	libaec.so.0 => /lib/x86_64-linux-gnu/libaec.so.0 (0x00007fa447bbe000)
	libextrudeModel.so => /usr/lib/openfoam/openfoam2006/platforms/linux64GccDPInt32Opt/lib/libextrudeModel.so (0x00007fa447b91000)
