	linux-vdso.so.1 (0x00007ffedf387000)
	libfiniteVolume.so => /usr/lib/openfoam/openfoam2006/platforms/linux64GccDPInt32Opt/lib/libfiniteVolume.so (0x00007f3d83be0000)
	libmeshTools.so => /usr/lib/openfoam/openfoam2006/platforms/linux64GccDPInt32Opt/lib/libmeshTools.so (0x00007f3d834e2000)
	libcompressibleTurbulenceModels.so => /usr/lib/openfoam/openfoam2006/platforms/linux64GccDPInt32Opt/lib/libcompressibleTurbulenceModels.so (0x00007f3d831ab000)
	libincompressibleTurbulenceModels.so => /usr/lib/openfoam/openfoam2006/platforms/linux64GccDPInt32Opt/lib/libincompressibleTurbulenceModels.so (0x00007f3d82eca000)
	libimmiscibleIncompressibleTwoPhaseMixture.so => /usr/lib/openfoam/openfoam2006/platforms/linux64GccDPInt32Opt/lib/libimmiscibleIncompressibleTwoPhaseMixture.so (0x00007f3d82ea3000)
	libprecice.so.2 => /lib/x86_64-linux-gnu/libprecice.so.2 (0x00007f3d819e4000)
	libstdc++.so.6 => /lib/x86_64-linux-gnu/libstdc++.so.6 (0x00007f3d81803000)
	libm.so.6 => /lib/x86_64-linux-gnu/libm.so.6 (0x00007f3d816b4000)
	libgcc_s.so.1 => /lib/x86_64-linux-gnu/libgcc_s.so.1 (0x00007f3d81699000)
	libpthread.so.0 => /lib/x86_64-linux-gnu/libpthread.so.0 (0x00007f3d81676000)
	libc.so.6 => /lib/x86_64-linux-gnu/libc.so.6 (0x00007f3d81482000)
	libOpenFOAM.so => /usr/lib/openfoam/openfoam2006/platforms/linux64GccDPInt32Opt/lib/libOpenFOAM.so (0x00007f3d80942000)
	libPstream.so => /usr/lib/openfoam/openfoam2006/platforms/linux64GccDPInt32Opt/lib/openmpi-system/libPstream.so (0x00007f3d8092f000)
	libturbulenceModels.so => /usr/lib/openfoam/openfoam2006/platforms/linux64GccDPInt32Opt/lib/libturbulenceModels.so (0x00007f3d806dc000)
	libincompressibleTransportModels.so => /usr/lib/openfoam/openfoam2006/platforms/linux64GccDPInt32Opt/lib/libincompressibleTransportModels.so (0x00007f3d80608000)
	libfileFormats.so => /usr/lib/openfoam/openfoam2006/platforms/linux64GccDPInt32Opt/lib/libfileFormats.so (0x00007f3d80464000)
	libsurfMesh.so => /usr/lib/openfoam/openfoam2006/platforms/linux64GccDPInt32Opt/lib/libsurfMesh.so (0x00007f3d80235000)
	libcompressibleTransportModels.so => /usr/lib/openfoam/openfoam2006/platforms/linux64GccDPInt32Opt/lib/libcompressibleTransportModels.so (0x00007f3d8022f000)
	libradiationModels.so => /usr/lib/openfoam/openfoam2006/platforms/linux64GccDPInt32Opt/lib/libradiationModels.so (0x00007f3d80064000)
	libfluidThermophysicalModels.so => /usr/lib/openfoam/openfoam2006/platforms/linux64GccDPInt32Opt/lib/libfluidThermophysicalModels.so (0x00007f3d7fb34000)
	libsolidThermo.so => /usr/lib/openfoam/openfoam2006/platforms/linux64GccDPInt32Opt/lib/libsolidThermo.so (0x00007f3d7f9e3000)
	libsolidSpecie.so => /usr/lib/openfoam/openfoam2006/platforms/linux64GccDPInt32Opt/lib/libsolidSpecie.so (0x00007f3d7f9a9000)
	libspecie.so => /usr/lib/openfoam/openfoam2006/platforms/linux64GccDPInt32Opt/lib/libspecie.so (0x00007f3d7f4da000)
	libtwoPhaseMixture.so => /usr/lib/openfoam/openfoam2006/platforms/linux64GccDPInt32Opt/lib/libtwoPhaseMixture.so (0x00007f3d7f4aa000)
	libinterfaceProperties.so => /usr/lib/openfoam/openfoam2006/platforms/linux64GccDPInt32Opt/lib/libinterfaceProperties.so (0x00007f3d7f402000)
	libtwoPhaseProperties.so => /usr/lib/openfoam/openfoam2006/platforms/linux64GccDPInt32Opt/lib/libtwoPhaseProperties.so (0x00007f3d7f3b1000)
	libboost_filesystem.so.1.71.0 => /lib/x86_64-linux-gnu/libboost_filesystem.so.1.71.0 (0x00007f3d7f391000)
	libboost_log.so.1.71.0 => /lib/x86_64-linux-gnu/libboost_log.so.1.71.0 (0x00007f3d7f297000)
	libboost_log_setup.so.1.71.0 => /lib/x86_64-linux-gnu/libboost_log_setup.so.1.71.0 (0x00007f3d7f1d8000)
	libboost_program_options.so.1.71.0 => /lib/x86_64-linux-gnu/libboost_program_options.so.1.71.0 (0x00007f3d7f149000)
	libboost_thread.so.1.71.0 => /lib/x86_64-linux-gnu/libboost_thread.so.1.71.0 (0x00007f3d7f11d000)
	libdl.so.2 => /lib/x86_64-linux-gnu/libdl.so.2 (0x00007f3d7f117000)
	libxml2.so.2 => /lib/x86_64-linux-gnu/libxml2.so.2 (0x00007f3d7ef5b000)
	libmpi_cxx.so.40 => /lib/x86_64-linux-gnu/libmpi_cxx.so.40 (0x00007f3d7ef3d000)
	libmpi.so.40 => /lib/x86_64-linux-gnu/libmpi.so.40 (0x00007f3d7ee18000)
	libpetsc_real.so.3.12 => /lib/x86_64-linux-gnu/libpetsc_real.so.3.12 (0x00007f3d7dae3000)
	/lib64/ld-linux-x86-64.so.2 (0x00007f3d85b42000)
	libz.so.1 => /lib/x86_64-linux-gnu/libz.so.1 (0x00007f3d7dac7000)
	libSLGThermo.so => /usr/lib/openfoam/openfoam2006/platforms/linux64GccDPInt32Opt/lib/libSLGThermo.so (0x00007f3d7dab9000)
	libthermophysicalProperties.so => /usr/lib/openfoam/openfoam2006/platforms/linux64GccDPInt32Opt/lib/libthermophysicalProperties.so (0x00007f3d7d9d9000)
	libdistributed.so => /usr/lib/openfoam/openfoam2006/platforms/linux64GccDPInt32Opt/lib/libdistributed.so (0x00007f3d7d932000)
	libreactionThermophysicalModels.so => /usr/lib/openfoam/openfoam2006/platforms/linux64GccDPInt32Opt/lib/libreactionThermophysicalModels.so (0x00007f3d7cbde000)
	librt.so.1 => /lib/x86_64-linux-gnu/librt.so.1 (0x00007f3d7cbd1000)
	libboost_regex.so.1.71.0 => /lib/x86_64-linux-gnu/libboost_regex.so.1.71.0 (0x00007f3d7cad1000)
	libicuuc.so.66 => /lib/x86_64-linux-gnu/libicuuc.so.66 (0x00007f3d7c8eb000)
	liblzma.so.5 => /lib/x86_64-linux-gnu/liblzma.so.5 (0x00007f3d7c8c2000)
	libopen-rte.so.40 => /lib/x86_64-linux-gnu/libopen-rte.so.40 (0x00007f3d7c808000)
	libopen-pal.so.40 => /lib/x86_64-linux-gnu/libopen-pal.so.40 (0x00007f3d7c758000)
	libhwloc.so.15 => /lib/x86_64-linux-gnu/libhwloc.so.15 (0x00007f3d7c707000)
	libHYPRE_core-2.18.2.so => /lib/x86_64-linux-gnu/libHYPRE_core-2.18.2.so (0x00007f3d7c330000)
	libdmumps-5.2.1.so => /lib/x86_64-linux-gnu/libdmumps-5.2.1.so (0x00007f3d7c122000)
	libumfpack.so.5 => /lib/x86_64-linux-gnu/libumfpack.so.5 (0x00007f3d7c075000)
	libamd.so.2 => /lib/x86_64-linux-gnu/libamd.so.2 (0x00007f3d7c06a000)
	libcholmod.so.3 => /lib/x86_64-linux-gnu/libcholmod.so.3 (0x00007f3d7bf85000)
	libklu.so.1 => /lib/x86_64-linux-gnu/libklu.so.1 (0x00007f3d7bf56000)
	libsuperlu.so.5 => /lib/x86_64-linux-gnu/libsuperlu.so.5 (0x00007f3d7bee6000)
	libsuperlu_dist.so.6 => /lib/x86_64-linux-gnu/libsuperlu_dist.so.6 (0x00007f3d7bdad000)
	libfftw3.so.3 => /lib/x86_64-linux-gnu/libfftw3.so.3 (0x00007f3d7bba7000)
	libfftw3_mpi.so.3 => /lib/x86_64-linux-gnu/libfftw3_mpi.so.3 (0x00007f3d7bb8f000)
	liblapack.so.3 => /lib/x86_64-linux-gnu/liblapack.so.3 (0x00007f3d7b4e9000)
	libblas.so.3 => /lib/x86_64-linux-gnu/libblas.so.3 (0x00007f3d7b47c000)
	libptscotch-6.so => /lib/x86_64-linux-gnu/libptscotch-6.so (0x00007f3d7b39f000)
	libhdf5_openmpi.so.103 => /lib/x86_64-linux-gnu/libhdf5_openmpi.so.103 (0x00007f3d7b002000)
	libOpenCL.so.1 => /lib/x86_64-linux-gnu/libOpenCL.so.1 (0x00007f3d7adf7000)
	libmpi_mpifh.so.40 => /lib/x86_64-linux-gnu/libmpi_mpifh.so.40 (0x00007f3d7ad92000)
	libgfortran.so.5 => /lib/x86_64-linux-gnu/libgfortran.so.5 (0x00007f3d7aac8000)
	libdecompositionMethods.so => /usr/lib/openfoam/openfoam2006/platforms/linux64GccDPInt32Opt/lib/libdecompositionMethods.so (0x00007f3d7aa06000)
	libicui18n.so.66 => /lib/x86_64-linux-gnu/libicui18n.so.66 (0x00007f3d7a707000)
	libicudata.so.66 => /lib/x86_64-linux-gnu/libicudata.so.66 (0x00007f3d78c46000)
	libevent-2.1.so.7 => /lib/x86_64-linux-gnu/libevent-2.1.so.7 (0x00007f3d78bee000)
	libutil.so.1 => /lib/x86_64-linux-gnu/libutil.so.1 (0x00007f3d78be9000)
	libevent_pthreads-2.1.so.7 => /lib/x86_64-linux-gnu/libevent_pthreads-2.1.so.7 (0x00007f3d78be4000)
	libudev.so.1 => /lib/x86_64-linux-gnu/libudev.so.1 (0x00007f3d78bb7000)
	libltdl.so.7 => /lib/x86_64-linux-gnu/libltdl.so.7 (0x00007f3d78bac000)
	libmumps_common-5.2.1.so => /lib/x86_64-linux-gnu/libmumps_common-5.2.1.so (0x00007f3d78b5a000)
	libscalapack-openmpi.so.2.1 => /lib/x86_64-linux-gnu/libscalapack-openmpi.so.2.1 (0x00007f3d7857d000)
	libsuitesparseconfig.so.5 => /lib/x86_64-linux-gnu/libsuitesparseconfig.so.5 (0x00007f3d78578000)
	libcolamd.so.2 => /lib/x86_64-linux-gnu/libcolamd.so.2 (0x00007f3d7856f000)
	libccolamd.so.2 => /lib/x86_64-linux-gnu/libccolamd.so.2 (0x00007f3d78562000)
	libcamd.so.2 => /lib/x86_64-linux-gnu/libcamd.so.2 (0x00007f3d78556000)
	libmetis.so.5 => /lib/x86_64-linux-gnu/libmetis.so.5 (0x00007f3d782e6000)
	libgomp.so.1 => /lib/x86_64-linux-gnu/libgomp.so.1 (0x00007f3d782a4000)
	libbtf.so.1 => /lib/x86_64-linux-gnu/libbtf.so.1 (0x00007f3d7829e000)
	libCombBLAS.so.1.16.0 => /lib/x86_64-linux-gnu/libCombBLAS.so.1.16.0 (0x00007f3d78281000)
	libptscotcherr-6.so => /lib/x86_64-linux-gnu/libptscotcherr-6.so (0x00007f3d7827c000)
	libbz2.so.1.0 => /lib/x86_64-linux-gnu/libbz2.so.1.0 (0x00007f3d78267000)
	libsz.so.2 => /lib/x86_64-linux-gnu/libsz.so.2 (0x00007f3d78262000)
	libquadmath.so.0 => /lib/x86_64-linux-gnu/libquadmath.so.0 (0x00007f3d78218000)
	libdynamicMesh.so => /usr/lib/openfoam/openfoam2006/platforms/linux64GccDPInt32Opt/lib/libdynamicMesh.so (0x00007f3d77cac000)
	libpord-5.2.1.so => /lib/x86_64-linux-gnu/libpord-5.2.1.so (0x00007f3d77c93000)
	libaec.so.0 => /lib/x86_64-linux-gnu/libaec.so.0 (0x00007f3d77c88000)
	libextrudeModel.so => /usr/lib/openfoam/openfoam2006/platforms/linux64GccDPInt32Opt/lib/libextrudeModel.so (0x00007f3d77c5b000)
