	linux-vdso.so.1 (0x00007ffe557ff000)
	libfiniteVolume.so => /usr/lib/openfoam/openfoam2006/platforms/linux64GccDPInt32Opt/lib/libfiniteVolume.so (0x00007fd21ff5e000)
	libmeshTools.so => /usr/lib/openfoam/openfoam2006/platforms/linux64GccDPInt32Opt/lib/libmeshTools.so (0x00007fd21f60a000)
	libcompressibleTurbulenceModels.so => /usr/lib/openfoam/openfoam2006/platforms/linux64GccDPInt32Opt/lib/libcompressibleTurbulenceModels.so (0x00007fd21f0ec000)
	libincompressibleTurbulenceModels.so => /usr/lib/openfoam/openfoam2006/platforms/linux64GccDPInt32Opt/lib/libincompressibleTurbulenceModels.so (0x00007fd21ebcb000)
	libimmiscibleIncompressibleTwoPhaseMixture.so => /usr/lib/openfoam/openfoam2006/platforms/linux64GccDPInt32Opt/lib/libimmiscibleIncompressibleTwoPhaseMixture.so (0x00007fd21e9a9000)
	libprecice.so.2 => /home/precice/precice-install/lib/libprecice.so.2 (0x00007fd21d497000)
	libstdc++.so.6 => /usr/lib/x86_64-linux-gnu/libstdc++.so.6 (0x00007fd21d10e000)
	libm.so.6 => /lib/x86_64-linux-gnu/libm.so.6 (0x00007fd21cd70000)
	libgcc_s.so.1 => /lib/x86_64-linux-gnu/libgcc_s.so.1 (0x00007fd21cb58000)
	libpthread.so.0 => /lib/x86_64-linux-gnu/libpthread.so.0 (0x00007fd21c939000)
	libc.so.6 => /lib/x86_64-linux-gnu/libc.so.6 (0x00007fd21c548000)
	libOpenFOAM.so => /usr/lib/openfoam/openfoam2006/platforms/linux64GccDPInt32Opt/lib/libOpenFOAM.so (0x00007fd21b7c4000)
	libPstream.so => /usr/lib/openfoam/openfoam2006/platforms/linux64GccDPInt32Opt/lib/openmpi-system/libPstream.so (0x00007fd21b5b3000)
	libturbulenceModels.so => /usr/lib/openfoam/openfoam2006/platforms/linux64GccDPInt32Opt/lib/libturbulenceModels.so (0x00007fd21b135000)
	libincompressibleTransportModels.so => /usr/lib/openfoam/openfoam2006/platforms/linux64GccDPInt32Opt/lib/libincompressibleTransportModels.so (0x00007fd21ae52000)
	libfileFormats.so => /usr/lib/openfoam/openfoam2006/platforms/linux64GccDPInt32Opt/lib/libfileFormats.so (0x00007fd21aaab000)
	libsurfMesh.so => /usr/lib/openfoam/openfoam2006/platforms/linux64GccDPInt32Opt/lib/libsurfMesh.so (0x00007fd21a65e000)
	libcompressibleTransportModels.so => /usr/lib/openfoam/openfoam2006/platforms/linux64GccDPInt32Opt/lib/libcompressibleTransportModels.so (0x00007fd21a45a000)
	libradiationModels.so => /usr/lib/openfoam/openfoam2006/platforms/linux64GccDPInt32Opt/lib/libradiationModels.so (0x00007fd21a052000)
	libfluidThermophysicalModels.so => /usr/lib/openfoam/openfoam2006/platforms/linux64GccDPInt32Opt/lib/libfluidThermophysicalModels.so (0x00007fd21997b000)
	libsolidThermo.so => /usr/lib/openfoam/openfoam2006/platforms/linux64GccDPInt32Opt/lib/libsolidThermo.so (0x00007fd219639000)
	libsolidSpecie.so => /usr/lib/openfoam/openfoam2006/platforms/linux64GccDPInt32Opt/lib/libsolidSpecie.so (0x00007fd219407000)
	libspecie.so => /usr/lib/openfoam/openfoam2006/platforms/linux64GccDPInt32Opt/lib/libspecie.so (0x00007fd218d78000)
	libtwoPhaseMixture.so => /usr/lib/openfoam/openfoam2006/platforms/linux64GccDPInt32Opt/lib/libtwoPhaseMixture.so (0x00007fd218b4d000)
	libinterfaceProperties.so => /usr/lib/openfoam/openfoam2006/platforms/linux64GccDPInt32Opt/lib/libinterfaceProperties.so (0x00007fd2188aa000)
	libtwoPhaseProperties.so => /usr/lib/openfoam/openfoam2006/platforms/linux64GccDPInt32Opt/lib/libtwoPhaseProperties.so (0x00007fd218658000)
	libboost_filesystem.so.1.65.1 => /usr/lib/x86_64-linux-gnu/libboost_filesystem.so.1.65.1 (0x00007fd21843e000)
	libboost_log.so.1.65.1 => /usr/lib/x86_64-linux-gnu/libboost_log.so.1.65.1 (0x00007fd218161000)
	libboost_log_setup.so.1.65.1 => /usr/lib/x86_64-linux-gnu/libboost_log_setup.so.1.65.1 (0x00007fd217ebb000)
	libboost_program_options.so.1.65.1 => /usr/lib/x86_64-linux-gnu/libboost_program_options.so.1.65.1 (0x00007fd217c3a000)
	libboost_system.so.1.65.1 => /usr/lib/x86_64-linux-gnu/libboost_system.so.1.65.1 (0x00007fd217a35000)
	libboost_thread.so.1.65.1 => /usr/lib/x86_64-linux-gnu/libboost_thread.so.1.65.1 (0x00007fd217810000)
	libdl.so.2 => /lib/x86_64-linux-gnu/libdl.so.2 (0x00007fd21760c000)
	libxml2.so.2 => /usr/lib/x86_64-linux-gnu/libxml2.so.2 (0x00007fd21724b000)
	libmpi_cxx.so.20 => /usr/lib/x86_64-linux-gnu/libmpi_cxx.so.20 (0x00007fd217031000)
	libmpi.so.20 => /usr/lib/x86_64-linux-gnu/libmpi.so.20 (0x00007fd216d3f000)
	libpetsc.so.3.12 => /petsc/petsc-3.12.5/arch-linux2-c-debug/lib/libpetsc.so.3.12 (0x00007fd21498f000)
	/lib64/ld-linux-x86-64.so.2 (0x00007fd222b23000)
	libz.so.1 => /lib/x86_64-linux-gnu/libz.so.1 (0x00007fd214772000)
	libSLGThermo.so => /usr/lib/openfoam/openfoam2006/platforms/linux64GccDPInt32Opt/lib/libSLGThermo.so (0x00007fd214569000)
	libthermophysicalProperties.so => /usr/lib/openfoam/openfoam2006/platforms/linux64GccDPInt32Opt/lib/libthermophysicalProperties.so (0x00007fd214259000)
	libdistributed.so => /usr/lib/openfoam/openfoam2006/platforms/linux64GccDPInt32Opt/lib/libdistributed.so (0x00007fd213fbd000)
	libreactionThermophysicalModels.so => /usr/lib/openfoam/openfoam2006/platforms/linux64GccDPInt32Opt/lib/libreactionThermophysicalModels.so (0x00007fd213124000)
	librt.so.1 => /lib/x86_64-linux-gnu/librt.so.1 (0x00007fd212f1c000)
	libboost_regex.so.1.65.1 => /usr/lib/x86_64-linux-gnu/libboost_regex.so.1.65.1 (0x00007fd212c14000)
	libicuuc.so.60 => /usr/lib/x86_64-linux-gnu/libicuuc.so.60 (0x00007fd21285c000)
	liblzma.so.5 => /lib/x86_64-linux-gnu/liblzma.so.5 (0x00007fd212636000)
	libopen-rte.so.20 => /usr/lib/x86_64-linux-gnu/libopen-rte.so.20 (0x00007fd2123ae000)
	libopen-pal.so.20 => /usr/lib/x86_64-linux-gnu/libopen-pal.so.20 (0x00007fd2120fc000)
	libhwloc.so.5 => /usr/lib/x86_64-linux-gnu/libhwloc.so.5 (0x00007fd211ebf000)
	liblapack.so.3 => /usr/lib/x86_64-linux-gnu/liblapack.so.3 (0x00007fd211621000)
	libblas.so.3 => /usr/lib/x86_64-linux-gnu/libblas.so.3 (0x00007fd2113b4000)
	libmpi_mpifh.so.20 => /usr/lib/x86_64-linux-gnu/libmpi_mpifh.so.20 (0x00007fd21115d000)
	libgfortran.so.4 => /usr/lib/x86_64-linux-gnu/libgfortran.so.4 (0x00007fd210d7e000)
	libdecompositionMethods.so => /usr/lib/openfoam/openfoam2006/platforms/linux64GccDPInt32Opt/lib/libdecompositionMethods.so (0x00007fd210abd000)
	libicui18n.so.60 => /usr/lib/x86_64-linux-gnu/libicui18n.so.60 (0x00007fd21061c000)
	libicudata.so.60 => /usr/lib/x86_64-linux-gnu/libicudata.so.60 (0x00007fd20ea73000)
	libutil.so.1 => /lib/x86_64-linux-gnu/libutil.so.1 (0x00007fd20e870000)
	libnuma.so.1 => /usr/lib/x86_64-linux-gnu/libnuma.so.1 (0x00007fd20e665000)
	libltdl.so.7 => /usr/lib/x86_64-linux-gnu/libltdl.so.7 (0x00007fd20e45b000)
	libquadmath.so.0 => /usr/lib/x86_64-linux-gnu/libquadmath.so.0 (0x00007fd20e21b000)
	libdynamicMesh.so => /usr/lib/openfoam/openfoam2006/platforms/linux64GccDPInt32Opt/lib/libdynamicMesh.so (0x00007fd20da59000)
	libextrudeModel.so => /usr/lib/openfoam/openfoam2006/platforms/linux64GccDPInt32Opt/lib/libextrudeModel.so (0x00007fd20d82d000)
