	linux-vdso.so.1 (0x00007ffec999d000)
	libfiniteVolume.so => /usr/lib/openfoam/openfoam2006/platforms/linux64GccDPInt32Opt/lib/libfiniteVolume.so (0x00007fa5ae387000)
	libmeshTools.so => /usr/lib/openfoam/openfoam2006/platforms/linux64GccDPInt32Opt/lib/libmeshTools.so (0x00007fa5ada33000)
	libcompressibleTurbulenceModels.so => /usr/lib/openfoam/openfoam2006/platforms/linux64GccDPInt32Opt/lib/libcompressibleTurbulenceModels.so (0x00007fa5ad515000)
	libincompressibleTurbulenceModels.so => /usr/lib/openfoam/openfoam2006/platforms/linux64GccDPInt32Opt/lib/libincompressibleTurbulenceModels.so (0x00007fa5acff4000)
	libimmiscibleIncompressibleTwoPhaseMixture.so => /usr/lib/openfoam/openfoam2006/platforms/linux64GccDPInt32Opt/lib/libimmiscibleIncompressibleTwoPhaseMixture.so (0x00007fa5acdd2000)
	libprecice.so.2 => /home/precice/precice-install/lib/libprecice.so.2 (0x00007fa5abad0000)
	libstdc++.so.6 => /usr/lib/x86_64-linux-gnu/libstdc++.so.6 (0x00007fa5ab747000)
	libm.so.6 => /lib/x86_64-linux-gnu/libm.so.6 (0x00007fa5ab3a9000)
	libgcc_s.so.1 => /lib/x86_64-linux-gnu/libgcc_s.so.1 (0x00007fa5ab191000)
	libpthread.so.0 => /lib/x86_64-linux-gnu/libpthread.so.0 (0x00007fa5aaf72000)
	libc.so.6 => /lib/x86_64-linux-gnu/libc.so.6 (0x00007fa5aab81000)
	libOpenFOAM.so => /usr/lib/openfoam/openfoam2006/platforms/linux64GccDPInt32Opt/lib/libOpenFOAM.so (0x00007fa5a9dfd000)
	libPstream.so => /usr/lib/openfoam/openfoam2006/platforms/linux64GccDPInt32Opt/lib/openmpi-system/libPstream.so (0x00007fa5a9bec000)
	libturbulenceModels.so => /usr/lib/openfoam/openfoam2006/platforms/linux64GccDPInt32Opt/lib/libturbulenceModels.so (0x00007fa5a976e000)
	libincompressibleTransportModels.so => /usr/lib/openfoam/openfoam2006/platforms/linux64GccDPInt32Opt/lib/libincompressibleTransportModels.so (0x00007fa5a948b000)
	libfileFormats.so => /usr/lib/openfoam/openfoam2006/platforms/linux64GccDPInt32Opt/lib/libfileFormats.so (0x00007fa5a90e4000)
	libsurfMesh.so => /usr/lib/openfoam/openfoam2006/platforms/linux64GccDPInt32Opt/lib/libsurfMesh.so (0x00007fa5a8c97000)
	libcompressibleTransportModels.so => /usr/lib/openfoam/openfoam2006/platforms/linux64GccDPInt32Opt/lib/libcompressibleTransportModels.so (0x00007fa5a8a93000)
	libradiationModels.so => /usr/lib/openfoam/openfoam2006/platforms/linux64GccDPInt32Opt/lib/libradiationModels.so (0x00007fa5a868b000)
	libfluidThermophysicalModels.so => /usr/lib/openfoam/openfoam2006/platforms/linux64GccDPInt32Opt/lib/libfluidThermophysicalModels.so (0x00007fa5a7fb4000)
	libsolidThermo.so => /usr/lib/openfoam/openfoam2006/platforms/linux64GccDPInt32Opt/lib/libsolidThermo.so (0x00007fa5a7c72000)
	libsolidSpecie.so => /usr/lib/openfoam/openfoam2006/platforms/linux64GccDPInt32Opt/lib/libsolidSpecie.so (0x00007fa5a7a40000)
	libspecie.so => /usr/lib/openfoam/openfoam2006/platforms/linux64GccDPInt32Opt/lib/libspecie.so (0x00007fa5a73b1000)
	libtwoPhaseMixture.so => /usr/lib/openfoam/openfoam2006/platforms/linux64GccDPInt32Opt/lib/libtwoPhaseMixture.so (0x00007fa5a7186000)
	libinterfaceProperties.so => /usr/lib/openfoam/openfoam2006/platforms/linux64GccDPInt32Opt/lib/libinterfaceProperties.so (0x00007fa5a6ee3000)
	libtwoPhaseProperties.so => /usr/lib/openfoam/openfoam2006/platforms/linux64GccDPInt32Opt/lib/libtwoPhaseProperties.so (0x00007fa5a6c91000)
	libboost_filesystem.so.1.65.1 => /usr/lib/x86_64-linux-gnu/libboost_filesystem.so.1.65.1 (0x00007fa5a6a77000)
	libboost_log.so.1.65.1 => /usr/lib/x86_64-linux-gnu/libboost_log.so.1.65.1 (0x00007fa5a679a000)
	libboost_log_setup.so.1.65.1 => /usr/lib/x86_64-linux-gnu/libboost_log_setup.so.1.65.1 (0x00007fa5a64f4000)
	libboost_program_options.so.1.65.1 => /usr/lib/x86_64-linux-gnu/libboost_program_options.so.1.65.1 (0x00007fa5a6273000)
	libboost_system.so.1.65.1 => /usr/lib/x86_64-linux-gnu/libboost_system.so.1.65.1 (0x00007fa5a606e000)
	libboost_thread.so.1.65.1 => /usr/lib/x86_64-linux-gnu/libboost_thread.so.1.65.1 (0x00007fa5a5e49000)
	libdl.so.2 => /lib/x86_64-linux-gnu/libdl.so.2 (0x00007fa5a5c45000)
	libxml2.so.2 => /usr/lib/x86_64-linux-gnu/libxml2.so.2 (0x00007fa5a5884000)
	libmpi_cxx.so.20 => /usr/lib/x86_64-linux-gnu/libmpi_cxx.so.20 (0x00007fa5a566a000)
	libmpi.so.20 => /usr/lib/x86_64-linux-gnu/libmpi.so.20 (0x00007fa5a5378000)
	/lib64/ld-linux-x86-64.so.2 (0x00007fa5b0f4c000)
	libz.so.1 => /lib/x86_64-linux-gnu/libz.so.1 (0x00007fa5a515b000)
	libSLGThermo.so => /usr/lib/openfoam/openfoam2006/platforms/linux64GccDPInt32Opt/lib/libSLGThermo.so (0x00007fa5a4f52000)
	libthermophysicalProperties.so => /usr/lib/openfoam/openfoam2006/platforms/linux64GccDPInt32Opt/lib/libthermophysicalProperties.so (0x00007fa5a4c42000)
	libdistributed.so => /usr/lib/openfoam/openfoam2006/platforms/linux64GccDPInt32Opt/lib/libdistributed.so (0x00007fa5a49a6000)
	libreactionThermophysicalModels.so => /usr/lib/openfoam/openfoam2006/platforms/linux64GccDPInt32Opt/lib/libreactionThermophysicalModels.so (0x00007fa5a3b0d000)
	librt.so.1 => /lib/x86_64-linux-gnu/librt.so.1 (0x00007fa5a3905000)
	libboost_regex.so.1.65.1 => /usr/lib/x86_64-linux-gnu/libboost_regex.so.1.65.1 (0x00007fa5a35fd000)
	libicuuc.so.60 => /usr/lib/x86_64-linux-gnu/libicuuc.so.60 (0x00007fa5a3245000)
	liblzma.so.5 => /lib/x86_64-linux-gnu/liblzma.so.5 (0x00007fa5a301f000)
	libopen-rte.so.20 => /usr/lib/x86_64-linux-gnu/libopen-rte.so.20 (0x00007fa5a2d97000)
	libopen-pal.so.20 => /usr/lib/x86_64-linux-gnu/libopen-pal.so.20 (0x00007fa5a2ae5000)
	libhwloc.so.5 => /usr/lib/x86_64-linux-gnu/libhwloc.so.5 (0x00007fa5a28a8000)
	libdecompositionMethods.so => /usr/lib/openfoam/openfoam2006/platforms/linux64GccDPInt32Opt/lib/libdecompositionMethods.so (0x00007fa5a25e7000)
	libicui18n.so.60 => /usr/lib/x86_64-linux-gnu/libicui18n.so.60 (0x00007fa5a2146000)
	libicudata.so.60 => /usr/lib/x86_64-linux-gnu/libicudata.so.60 (0x00007fa5a059d000)
	libutil.so.1 => /lib/x86_64-linux-gnu/libutil.so.1 (0x00007fa5a039a000)
	libnuma.so.1 => /usr/lib/x86_64-linux-gnu/libnuma.so.1 (0x00007fa5a018f000)
	libltdl.so.7 => /usr/lib/x86_64-linux-gnu/libltdl.so.7 (0x00007fa59ff85000)
	libdynamicMesh.so => /usr/lib/openfoam/openfoam2006/platforms/linux64GccDPInt32Opt/lib/libdynamicMesh.so (0x00007fa59f7c3000)
	libextrudeModel.so => /usr/lib/openfoam/openfoam2006/platforms/linux64GccDPInt32Opt/lib/libextrudeModel.so (0x00007fa59f597000)
