	linux-vdso.so.1 (0x00007ffe5aa8d000)
	libfiniteVolume.so => /usr/lib/openfoam/openfoam2006/platforms/linux64GccDPInt32Opt/lib/libfiniteVolume.so (0x00007f0dc8332000)
	libmeshTools.so => /usr/lib/openfoam/openfoam2006/platforms/linux64GccDPInt32Opt/lib/libmeshTools.so (0x00007f0dc7c34000)
	libcompressibleTurbulenceModels.so => /usr/lib/openfoam/openfoam2006/platforms/linux64GccDPInt32Opt/lib/libcompressibleTurbulenceModels.so (0x00007f0dc78fd000)
	libincompressibleTurbulenceModels.so => /usr/lib/openfoam/openfoam2006/platforms/linux64GccDPInt32Opt/lib/libincompressibleTurbulenceModels.so (0x00007f0dc761c000)
	libimmiscibleIncompressibleTwoPhaseMixture.so => /usr/lib/openfoam/openfoam2006/platforms/linux64GccDPInt32Opt/lib/libimmiscibleIncompressibleTwoPhaseMixture.so (0x00007f0dc75f5000)
	libprecice.so.2 => /lib/x86_64-linux-gnu/libprecice.so.2 (0x00007f0dc60fe000)
	libstdc++.so.6 => /lib/x86_64-linux-gnu/libstdc++.so.6 (0x00007f0dc5f1d000)
	libm.so.6 => /lib/x86_64-linux-gnu/libm.so.6 (0x00007f0dc5dce000)
	libgcc_s.so.1 => /lib/x86_64-linux-gnu/libgcc_s.so.1 (0x00007f0dc5db3000)
	libpthread.so.0 => /lib/x86_64-linux-gnu/libpthread.so.0 (0x00007f0dc5d90000)
	libc.so.6 => /lib/x86_64-linux-gnu/libc.so.6 (0x00007f0dc5b9c000)
	libOpenFOAM.so => /usr/lib/openfoam/openfoam2006/platforms/linux64GccDPInt32Opt/lib/libOpenFOAM.so (0x00007f0dc505c000)
	libPstream.so => /usr/lib/openfoam/openfoam2006/platforms/linux64GccDPInt32Opt/lib/openmpi-system/libPstream.so (0x00007f0dc5049000)
	libturbulenceModels.so => /usr/lib/openfoam/openfoam2006/platforms/linux64GccDPInt32Opt/lib/libturbulenceModels.so (0x00007f0dc4df6000)
	libincompressibleTransportModels.so => /usr/lib/openfoam/openfoam2006/platforms/linux64GccDPInt32Opt/lib/libincompressibleTransportModels.so (0x00007f0dc4d22000)
	libfileFormats.so => /usr/lib/openfoam/openfoam2006/platforms/linux64GccDPInt32Opt/lib/libfileFormats.so (0x00007f0dc4b7e000)
	libsurfMesh.so => /usr/lib/openfoam/openfoam2006/platforms/linux64GccDPInt32Opt/lib/libsurfMesh.so (0x00007f0dc494f000)
	libcompressibleTransportModels.so => /usr/lib/openfoam/openfoam2006/platforms/linux64GccDPInt32Opt/lib/libcompressibleTransportModels.so (0x00007f0dc4949000)
	libradiationModels.so => /usr/lib/openfoam/openfoam2006/platforms/linux64GccDPInt32Opt/lib/libradiationModels.so (0x00007f0dc477e000)
	libfluidThermophysicalModels.so => /usr/lib/openfoam/openfoam2006/platforms/linux64GccDPInt32Opt/lib/libfluidThermophysicalModels.so (0x00007f0dc424e000)
	libsolidThermo.so => /usr/lib/openfoam/openfoam2006/platforms/linux64GccDPInt32Opt/lib/libsolidThermo.so (0x00007f0dc40fd000)
	libsolidSpecie.so => /usr/lib/openfoam/openfoam2006/platforms/linux64GccDPInt32Opt/lib/libsolidSpecie.so (0x00007f0dc40c3000)
	libspecie.so => /usr/lib/openfoam/openfoam2006/platforms/linux64GccDPInt32Opt/lib/libspecie.so (0x00007f0dc3bf4000)
	libtwoPhaseMixture.so => /usr/lib/openfoam/openfoam2006/platforms/linux64GccDPInt32Opt/lib/libtwoPhaseMixture.so (0x00007f0dc3bc4000)
	libinterfaceProperties.so => /usr/lib/openfoam/openfoam2006/platforms/linux64GccDPInt32Opt/lib/libinterfaceProperties.so (0x00007f0dc3b1c000)
	libtwoPhaseProperties.so => /usr/lib/openfoam/openfoam2006/platforms/linux64GccDPInt32Opt/lib/libtwoPhaseProperties.so (0x00007f0dc3acb000)
	libboost_filesystem.so.1.71.0 => /lib/x86_64-linux-gnu/libboost_filesystem.so.1.71.0 (0x00007f0dc3aab000)
	libboost_log.so.1.71.0 => /lib/x86_64-linux-gnu/libboost_log.so.1.71.0 (0x00007f0dc39b1000)
	libboost_log_setup.so.1.71.0 => /lib/x86_64-linux-gnu/libboost_log_setup.so.1.71.0 (0x00007f0dc38f2000)
	libboost_program_options.so.1.71.0 => /lib/x86_64-linux-gnu/libboost_program_options.so.1.71.0 (0x00007f0dc3863000)
	libboost_thread.so.1.71.0 => /lib/x86_64-linux-gnu/libboost_thread.so.1.71.0 (0x00007f0dc3837000)
	libdl.so.2 => /lib/x86_64-linux-gnu/libdl.so.2 (0x00007f0dc3831000)
	libxml2.so.2 => /lib/x86_64-linux-gnu/libxml2.so.2 (0x00007f0dc3675000)
	libmpi_cxx.so.40 => /lib/x86_64-linux-gnu/libmpi_cxx.so.40 (0x00007f0dc3657000)
	libmpi.so.40 => /lib/x86_64-linux-gnu/libmpi.so.40 (0x00007f0dc3532000)
	libpetsc_real.so.3.12 => /lib/x86_64-linux-gnu/libpetsc_real.so.3.12 (0x00007f0dc21fd000)
	/lib64/ld-linux-x86-64.so.2 (0x00007f0dca297000)
	libz.so.1 => /lib/x86_64-linux-gnu/libz.so.1 (0x00007f0dc21e1000)
	libSLGThermo.so => /usr/lib/openfoam/openfoam2006/platforms/linux64GccDPInt32Opt/lib/libSLGThermo.so (0x00007f0dc21d3000)
	libthermophysicalProperties.so => /usr/lib/openfoam/openfoam2006/platforms/linux64GccDPInt32Opt/lib/libthermophysicalProperties.so (0x00007f0dc20f3000)
	libdistributed.so => /usr/lib/openfoam/openfoam2006/platforms/linux64GccDPInt32Opt/lib/libdistributed.so (0x00007f0dc204c000)
	libreactionThermophysicalModels.so => /usr/lib/openfoam/openfoam2006/platforms/linux64GccDPInt32Opt/lib/libreactionThermophysicalModels.so (0x00007f0dc12f8000)
	librt.so.1 => /lib/x86_64-linux-gnu/librt.so.1 (0x00007f0dc12eb000)
	libboost_regex.so.1.71.0 => /lib/x86_64-linux-gnu/libboost_regex.so.1.71.0 (0x00007f0dc11eb000)
	libicuuc.so.66 => /lib/x86_64-linux-gnu/libicuuc.so.66 (0x00007f0dc1005000)
	liblzma.so.5 => /lib/x86_64-linux-gnu/liblzma.so.5 (0x00007f0dc0fdc000)
	libopen-rte.so.40 => /lib/x86_64-linux-gnu/libopen-rte.so.40 (0x00007f0dc0f22000)
	libopen-pal.so.40 => /lib/x86_64-linux-gnu/libopen-pal.so.40 (0x00007f0dc0e72000)
	libhwloc.so.15 => /lib/x86_64-linux-gnu/libhwloc.so.15 (0x00007f0dc0e21000)
	libHYPRE_core-2.18.2.so => /lib/x86_64-linux-gnu/libHYPRE_core-2.18.2.so (0x00007f0dc0a4a000)
	libdmumps-5.2.1.so => /lib/x86_64-linux-gnu/libdmumps-5.2.1.so (0x00007f0dc083c000)
	libumfpack.so.5 => /lib/x86_64-linux-gnu/libumfpack.so.5 (0x00007f0dc078f000)
	libamd.so.2 => /lib/x86_64-linux-gnu/libamd.so.2 (0x00007f0dc0784000)
	libcholmod.so.3 => /lib/x86_64-linux-gnu/libcholmod.so.3 (0x00007f0dc069f000)
	libklu.so.1 => /lib/x86_64-linux-gnu/libklu.so.1 (0x00007f0dc0670000)
	libsuperlu.so.5 => /lib/x86_64-linux-gnu/libsuperlu.so.5 (0x00007f0dc0600000)
	libsuperlu_dist.so.6 => /lib/x86_64-linux-gnu/libsuperlu_dist.so.6 (0x00007f0dc04c7000)
	libfftw3.so.3 => /lib/x86_64-linux-gnu/libfftw3.so.3 (0x00007f0dc02c1000)
	libfftw3_mpi.so.3 => /lib/x86_64-linux-gnu/libfftw3_mpi.so.3 (0x00007f0dc02a9000)
	liblapack.so.3 => /lib/x86_64-linux-gnu/liblapack.so.3 (0x00007f0dbfc03000)
	libblas.so.3 => /lib/x86_64-linux-gnu/libblas.so.3 (0x00007f0dbfb96000)
	libptscotch-6.so => /lib/x86_64-linux-gnu/libptscotch-6.so (0x00007f0dbfab9000)
	libhdf5_openmpi.so.103 => /lib/x86_64-linux-gnu/libhdf5_openmpi.so.103 (0x00007f0dbf71c000)
	libOpenCL.so.1 => /lib/x86_64-linux-gnu/libOpenCL.so.1 (0x00007f0dbf511000)
	libmpi_mpifh.so.40 => /lib/x86_64-linux-gnu/libmpi_mpifh.so.40 (0x00007f0dbf4ac000)
	libgfortran.so.5 => /lib/x86_64-linux-gnu/libgfortran.so.5 (0x00007f0dbf1e2000)
	libdecompositionMethods.so => /usr/lib/openfoam/openfoam2006/platforms/linux64GccDPInt32Opt/lib/libdecompositionMethods.so (0x00007f0dbf120000)
	libicui18n.so.66 => /lib/x86_64-linux-gnu/libicui18n.so.66 (0x00007f0dbee21000)
	libicudata.so.66 => /lib/x86_64-linux-gnu/libicudata.so.66 (0x00007f0dbd360000)
	libevent-2.1.so.7 => /lib/x86_64-linux-gnu/libevent-2.1.so.7 (0x00007f0dbd308000)
	libutil.so.1 => /lib/x86_64-linux-gnu/libutil.so.1 (0x00007f0dbd303000)
	libevent_pthreads-2.1.so.7 => /lib/x86_64-linux-gnu/libevent_pthreads-2.1.so.7 (0x00007f0dbd2fe000)
	libudev.so.1 => /lib/x86_64-linux-gnu/libudev.so.1 (0x00007f0dbd2d1000)
	libltdl.so.7 => /lib/x86_64-linux-gnu/libltdl.so.7 (0x00007f0dbd2c6000)
	libmumps_common-5.2.1.so => /lib/x86_64-linux-gnu/libmumps_common-5.2.1.so (0x00007f0dbd274000)
	libscalapack-openmpi.so.2.1 => /lib/x86_64-linux-gnu/libscalapack-openmpi.so.2.1 (0x00007f0dbcc97000)
	libsuitesparseconfig.so.5 => /lib/x86_64-linux-gnu/libsuitesparseconfig.so.5 (0x00007f0dbcc92000)
	libcolamd.so.2 => /lib/x86_64-linux-gnu/libcolamd.so.2 (0x00007f0dbcc89000)
	libccolamd.so.2 => /lib/x86_64-linux-gnu/libccolamd.so.2 (0x00007f0dbcc7c000)
	libcamd.so.2 => /lib/x86_64-linux-gnu/libcamd.so.2 (0x00007f0dbcc70000)
	libmetis.so.5 => /lib/x86_64-linux-gnu/libmetis.so.5 (0x00007f0dbca00000)
	libgomp.so.1 => /lib/x86_64-linux-gnu/libgomp.so.1 (0x00007f0dbc9be000)
	libbtf.so.1 => /lib/x86_64-linux-gnu/libbtf.so.1 (0x00007f0dbc9b8000)
	libCombBLAS.so.1.16.0 => /lib/x86_64-linux-gnu/libCombBLAS.so.1.16.0 (0x00007f0dbc99b000)
	libptscotcherr-6.so => /lib/x86_64-linux-gnu/libptscotcherr-6.so (0x00007f0dbc996000)
	libbz2.so.1.0 => /lib/x86_64-linux-gnu/libbz2.so.1.0 (0x00007f0dbc981000)
	libsz.so.2 => /lib/x86_64-linux-gnu/libsz.so.2 (0x00007f0dbc97c000)
	libquadmath.so.0 => /lib/x86_64-linux-gnu/libquadmath.so.0 (0x00007f0dbc932000)
	libdynamicMesh.so => /usr/lib/openfoam/openfoam2006/platforms/linux64GccDPInt32Opt/lib/libdynamicMesh.so (0x00007f0dbc3c6000)
	libpord-5.2.1.so => /lib/x86_64-linux-gnu/libpord-5.2.1.so (0x00007f0dbc3ad000)
	libaec.so.0 => /lib/x86_64-linux-gnu/libaec.so.0 (0x00007f0dbc3a2000)
	libextrudeModel.so => /usr/lib/openfoam/openfoam2006/platforms/linux64GccDPInt32Opt/lib/libextrudeModel.so (0x00007f0dbc375000)
