	linux-vdso.so.1 (0x00007ffd37df5000)
	libfiniteVolume.so => /opt/openfoam5/platforms/linux64GccDPInt32Opt/lib/libfiniteVolume.so (0x00007f68fb196000)
	libmeshTools.so => /opt/openfoam5/platforms/linux64GccDPInt32Opt/lib/libmeshTools.so (0x00007f68fab07000)
	libcompressibleTurbulenceModels.so => /opt/openfoam5/platforms/linux64GccDPInt32Opt/lib/libcompressibleTurbulenceModels.so (0x00007f68fa63f000)
	libincompressibleTurbulenceModels.so => /opt/openfoam5/platforms/linux64GccDPInt32Opt/lib/libincompressibleTurbulenceModels.so (0x00007f68fa150000)
	libimmiscibleIncompressibleTwoPhaseMixture.so => /opt/openfoam5/platforms/linux64GccDPInt32Opt/lib/libimmiscibleIncompressibleTwoPhaseMixture.so (0x00007f68f9f2f000)
	libprecice.so.2 => /home/precice/precice-install/lib/libprecice.so.2 (0x00007f68f8a31000)
	libstdc++.so.6 => /usr/lib/x86_64-linux-gnu/libstdc++.so.6 (0x00007f68f86a8000)
	libm.so.6 => /lib/x86_64-linux-gnu/libm.so.6 (0x00007f68f830a000)
	libgcc_s.so.1 => /lib/x86_64-linux-gnu/libgcc_s.so.1 (0x00007f68f80f2000)
	libc.so.6 => /lib/x86_64-linux-gnu/libc.so.6 (0x00007f68f7d01000)
	libOpenFOAM.so => /opt/openfoam5/platforms/linux64GccDPInt32Opt/lib/libOpenFOAM.so (0x00007f68f7186000)
	libtriSurface.so => /opt/openfoam5/platforms/linux64GccDPInt32Opt/lib/libtriSurface.so (0x00007f68f6ee7000)
	libPstream.so => /opt/openfoam5/platforms/linux64GccDPInt32Opt/lib/openmpi-system/libPstream.so (0x00007f68f6cd8000)
	libturbulenceModels.so => /opt/openfoam5/platforms/linux64GccDPInt32Opt/lib/libturbulenceModels.so (0x00007f68f6870000)
	libincompressibleTransportModels.so => /opt/openfoam5/platforms/linux64GccDPInt32Opt/lib/libincompressibleTransportModels.so (0x00007f68f65b1000)
	libsurfMesh.so => /opt/openfoam5/platforms/linux64GccDPInt32Opt/lib/libsurfMesh.so (0x00007f68f62a2000)
	libfileFormats.so => /opt/openfoam5/platforms/linux64GccDPInt32Opt/lib/libfileFormats.so (0x00007f68f600c000)
	libcompressibleTransportModels.so => /opt/openfoam5/platforms/linux64GccDPInt32Opt/lib/libcompressibleTransportModels.so (0x00007f68f5e08000)
	libfluidThermophysicalModels.so => /opt/openfoam5/platforms/linux64GccDPInt32Opt/lib/libfluidThermophysicalModels.so (0x00007f68f589d000)
	libsolidThermo.so => /opt/openfoam5/platforms/linux64GccDPInt32Opt/lib/libsolidThermo.so (0x00007f68f559c000)
	libsolidSpecie.so => /opt/openfoam5/platforms/linux64GccDPInt32Opt/lib/libsolidSpecie.so (0x00007f68f536c000)
	libspecie.so => /opt/openfoam5/platforms/linux64GccDPInt32Opt/lib/libspecie.so (0x00007f68f4e7c000)
	libtwoPhaseMixture.so => /opt/openfoam5/platforms/linux64GccDPInt32Opt/lib/libtwoPhaseMixture.so (0x00007f68f4c54000)
	libinterfaceProperties.so => /opt/openfoam5/platforms/linux64GccDPInt32Opt/lib/libinterfaceProperties.so (0x00007f68f49c5000)
	libtwoPhaseProperties.so => /opt/openfoam5/platforms/linux64GccDPInt32Opt/lib/libtwoPhaseProperties.so (0x00007f68f4774000)
	libboost_filesystem.so.1.65.1 => /usr/lib/x86_64-linux-gnu/libboost_filesystem.so.1.65.1 (0x00007f68f455a000)
	libboost_log.so.1.65.1 => /usr/lib/x86_64-linux-gnu/libboost_log.so.1.65.1 (0x00007f68f427d000)
	libboost_log_setup.so.1.65.1 => /usr/lib/x86_64-linux-gnu/libboost_log_setup.so.1.65.1 (0x00007f68f3fd7000)
	libboost_program_options.so.1.65.1 => /usr/lib/x86_64-linux-gnu/libboost_program_options.so.1.65.1 (0x00007f68f3d56000)
	libboost_system.so.1.65.1 => /usr/lib/x86_64-linux-gnu/libboost_system.so.1.65.1 (0x00007f68f3b51000)
	libboost_thread.so.1.65.1 => /usr/lib/x86_64-linux-gnu/libboost_thread.so.1.65.1 (0x00007f68f392c000)
	libdl.so.2 => /lib/x86_64-linux-gnu/libdl.so.2 (0x00007f68f3728000)
	libxml2.so.2 => /usr/lib/x86_64-linux-gnu/libxml2.so.2 (0x00007f68f3367000)
	libpthread.so.0 => /lib/x86_64-linux-gnu/libpthread.so.0 (0x00007f68f3148000)
	libmpi_cxx.so.20 => /usr/lib/x86_64-linux-gnu/libmpi_cxx.so.20 (0x00007f68f2f2e000)
	libmpi.so.20 => /usr/lib/x86_64-linux-gnu/libmpi.so.20 (0x00007f68f2c3c000)
	libpetsc.so.3.12 => /petsc/petsc-3.12.5/arch-linux2-c-debug/lib/libpetsc.so.3.12 (0x00007f68f088c000)
	/lib64/ld-linux-x86-64.so.2 (0x00007f68fd4ba000)
	libz.so.1 => /lib/x86_64-linux-gnu/libz.so.1 (0x00007f68f066f000)
	libthermophysicalProperties.so => /opt/openfoam5/platforms/linux64GccDPInt32Opt/lib/libthermophysicalProperties.so (0x00007f68f0361000)
	libreactionThermophysicalModels.so => /opt/openfoam5/platforms/linux64GccDPInt32Opt/lib/libreactionThermophysicalModels.so (0x00007f68efa3c000)
	librt.so.1 => /lib/x86_64-linux-gnu/librt.so.1 (0x00007f68ef834000)
	libboost_regex.so.1.65.1 => /usr/lib/x86_64-linux-gnu/libboost_regex.so.1.65.1 (0x00007f68ef52c000)
	libicuuc.so.60 => /usr/lib/x86_64-linux-gnu/libicuuc.so.60 (0x00007f68ef174000)
	liblzma.so.5 => /lib/x86_64-linux-gnu/liblzma.so.5 (0x00007f68eef4e000)
	libopen-rte.so.20 => /usr/lib/x86_64-linux-gnu/libopen-rte.so.20 (0x00007f68eecc6000)
	libopen-pal.so.20 => /usr/lib/x86_64-linux-gnu/libopen-pal.so.20 (0x00007f68eea14000)
	libhwloc.so.5 => /usr/lib/x86_64-linux-gnu/libhwloc.so.5 (0x00007f68ee7d7000)
	liblapack.so.3 => /usr/lib/x86_64-linux-gnu/liblapack.so.3 (0x00007f68edf39000)
	libblas.so.3 => /usr/lib/x86_64-linux-gnu/libblas.so.3 (0x00007f68edccc000)
	libmpi_mpifh.so.20 => /usr/lib/x86_64-linux-gnu/libmpi_mpifh.so.20 (0x00007f68eda75000)
	libgfortran.so.4 => /usr/lib/x86_64-linux-gnu/libgfortran.so.4 (0x00007f68ed696000)
	libicui18n.so.60 => /usr/lib/x86_64-linux-gnu/libicui18n.so.60 (0x00007f68ed1f5000)
	libicudata.so.60 => /usr/lib/x86_64-linux-gnu/libicudata.so.60 (0x00007f68eb64c000)
	libutil.so.1 => /lib/x86_64-linux-gnu/libutil.so.1 (0x00007f68eb449000)
	libnuma.so.1 => /usr/lib/x86_64-linux-gnu/libnuma.so.1 (0x00007f68eb23e000)
	libltdl.so.7 => /usr/lib/x86_64-linux-gnu/libltdl.so.7 (0x00007f68eb034000)
	libquadmath.so.0 => /usr/lib/x86_64-linux-gnu/libquadmath.so.0 (0x00007f68eadf4000)
