Run finished at Thu Oct 22 20:40:06 2020
Global runtime       = 123494ms / 123.494s
Number of processors = 1
# Rank: 0

                                             Event |      Count |  Total[ms] |    Max[ms] |    Min[ms] |    Avg[ms] | Time Ratio |
----------------------------------------------------------------------------------------------------------------------------------
                                           _GLOBAL |          1 |     123494 |     123494 |     123494 |     123494 |          1 |
                                           advance |        204 |      88508 |        702 |        389 |        433 |      0.717 |
                           advance/m2n.receiveData |        204 |        136 |          6 |          0 |          0 |     0.0011 |
                              advance/m2n.sendData |        204 |       1574 |         14 |          0 |          7 |     0.0127 |
                                         configure |          1 |          2 |          2 |          2 |          2 |   1.62e-05 |
                                          finalize |          1 |         11 |         11 |         11 |         11 |   8.91e-05 |
                                        initialize |          1 |        423 |        423 |        423 |        423 |    0.00343 |
       initialize/m2n.broadcastVertexDistributions |          1 |          0 |          0 |          0 |          0 |          0 |
              initialize/m2n.buildCommunicationMap |          1 |          0 |          0 |          0 |          0 |          0 |
               initialize/m2n.createCommunications |          1 |          3 |          3 |          3 |          3 |   2.43e-05 |
         initialize/m2n.exchangeVertexDistribution |          1 |         12 |         12 |         12 |         12 |   9.72e-05 |
            initialize/m2n.requestMasterConnection |          1 |        391 |        391 |        391 |        391 |    0.00317 |
            initialize/m2n.requestSlavesConnection |          1 |         17 |         17 |         17 |         17 |   0.000138 |
     initialize/partition.gatherMesh.OpenFOAM-Mesh |          1 |          2 |          2 |          2 |          2 |   1.62e-05 |
    initialize/partition.prepareMesh.OpenFOAM-Mesh |          1 |          0 |          0 |          0 |          0 |          0 |
 initialize/partition.sendGlobalMesh.OpenFOAM-Mesh |          1 |          3 |          3 |          3 |          3 |   2.43e-05 |
                                    initializeData |          1 |          5 |          5 |          5 |          5 |   4.05e-05 |
                                    solver.advance |        204 |      34292 |        284 |        112 |        168 |      0.278 |
                                 solver.initialize |          1 |        226 |        226 |        226 |        226 |    0.00183 |


                                              Name |        Max |  MaxOnRank |        Min |  MinOnRank |    Min/Max |
---------------------------------------------------------------------------------------------------------------------
                                           _GLOBAL |     123494 |          0 |     123494 |          0 |          1 |
                                           advance |        702 |          0 |        389 |          0 |   0.554131 |
                           advance/m2n.receiveData |          6 |          0 |          0 |          0 |          0 |
                              advance/m2n.sendData |         14 |          0 |          0 |          0 |          0 |
                                         configure |          2 |          0 |          2 |          0 |          1 |
                                          finalize |         11 |          0 |         11 |          0 |          1 |
                                        initialize |        423 |          0 |        423 |          0 |          1 |
       initialize/m2n.broadcastVertexDistributions |          0 |          0 |          0 |          0 |          0 |
              initialize/m2n.buildCommunicationMap |          0 |          0 |          0 |          0 |          0 |
               initialize/m2n.createCommunications |          3 |          0 |          3 |          0 |          1 |
         initialize/m2n.exchangeVertexDistribution |         12 |          0 |         12 |          0 |          1 |
            initialize/m2n.requestMasterConnection |        391 |          0 |        391 |          0 |          1 |
            initialize/m2n.requestSlavesConnection |         17 |          0 |         17 |          0 |          1 |
     initialize/partition.gatherMesh.OpenFOAM-Mesh |          2 |          0 |          2 |          0 |          1 |
    initialize/partition.prepareMesh.OpenFOAM-Mesh |          0 |          0 |          0 |          0 |          0 |
 initialize/partition.sendGlobalMesh.OpenFOAM-Mesh |          3 |          0 |          3 |          0 |          1 |
                                    initializeData |          5 |          0 |          5 |          0 |          1 |
                                    solver.advance |        284 |          0 |        112 |          0 |   0.394366 |
                                 solver.initialize |        226 |          0 |        226 |          0 |          1 |
