	linux-vdso.so.1 (0x00007ffd4a1e3000)
	libfiniteVolume.so => /usr/lib/openfoam/openfoam2006/platforms/linux64GccDPInt32Opt/lib/libfiniteVolume.so (0x00007f3f27ac1000)
	libmeshTools.so => /usr/lib/openfoam/openfoam2006/platforms/linux64GccDPInt32Opt/lib/libmeshTools.so (0x00007f3f2716d000)
	libcompressibleTurbulenceModels.so => /usr/lib/openfoam/openfoam2006/platforms/linux64GccDPInt32Opt/lib/libcompressibleTurbulenceModels.so (0x00007f3f26c4f000)
	libincompressibleTurbulenceModels.so => /usr/lib/openfoam/openfoam2006/platforms/linux64GccDPInt32Opt/lib/libincompressibleTurbulenceModels.so (0x00007f3f2672e000)
	libimmiscibleIncompressibleTwoPhaseMixture.so => /usr/lib/openfoam/openfoam2006/platforms/linux64GccDPInt32Opt/lib/libimmiscibleIncompressibleTwoPhaseMixture.so (0x00007f3f2650c000)
	libprecice.so.2 => /home/precice/precice-install/lib/libprecice.so.2 (0x00007f3f2500e000)
	libstdc++.so.6 => /usr/lib/x86_64-linux-gnu/libstdc++.so.6 (0x00007f3f24c85000)
	libm.so.6 => /lib/x86_64-linux-gnu/libm.so.6 (0x00007f3f248e7000)
	libgcc_s.so.1 => /lib/x86_64-linux-gnu/libgcc_s.so.1 (0x00007f3f246cf000)
	libpthread.so.0 => /lib/x86_64-linux-gnu/libpthread.so.0 (0x00007f3f244b0000)
	libc.so.6 => /lib/x86_64-linux-gnu/libc.so.6 (0x00007f3f240bf000)
	libOpenFOAM.so => /usr/lib/openfoam/openfoam2006/platforms/linux64GccDPInt32Opt/lib/libOpenFOAM.so (0x00007f3f2333b000)
	libPstream.so => /usr/lib/openfoam/openfoam2006/platforms/linux64GccDPInt32Opt/lib/openmpi-system/libPstream.so (0x00007f3f2312a000)
	libturbulenceModels.so => /usr/lib/openfoam/openfoam2006/platforms/linux64GccDPInt32Opt/lib/libturbulenceModels.so (0x00007f3f22cac000)
	libincompressibleTransportModels.so => /usr/lib/openfoam/openfoam2006/platforms/linux64GccDPInt32Opt/lib/libincompressibleTransportModels.so (0x00007f3f229c9000)
	libfileFormats.so => /usr/lib/openfoam/openfoam2006/platforms/linux64GccDPInt32Opt/lib/libfileFormats.so (0x00007f3f22622000)
	libsurfMesh.so => /usr/lib/openfoam/openfoam2006/platforms/linux64GccDPInt32Opt/lib/libsurfMesh.so (0x00007f3f221d5000)
	libcompressibleTransportModels.so => /usr/lib/openfoam/openfoam2006/platforms/linux64GccDPInt32Opt/lib/libcompressibleTransportModels.so (0x00007f3f21fd1000)
	libradiationModels.so => /usr/lib/openfoam/openfoam2006/platforms/linux64GccDPInt32Opt/lib/libradiationModels.so (0x00007f3f21bc9000)
	libfluidThermophysicalModels.so => /usr/lib/openfoam/openfoam2006/platforms/linux64GccDPInt32Opt/lib/libfluidThermophysicalModels.so (0x00007f3f214f2000)
	libsolidThermo.so => /usr/lib/openfoam/openfoam2006/platforms/linux64GccDPInt32Opt/lib/libsolidThermo.so (0x00007f3f211b0000)
	libsolidSpecie.so => /usr/lib/openfoam/openfoam2006/platforms/linux64GccDPInt32Opt/lib/libsolidSpecie.so (0x00007f3f20f7e000)
	libspecie.so => /usr/lib/openfoam/openfoam2006/platforms/linux64GccDPInt32Opt/lib/libspecie.so (0x00007f3f208ef000)
	libtwoPhaseMixture.so => /usr/lib/openfoam/openfoam2006/platforms/linux64GccDPInt32Opt/lib/libtwoPhaseMixture.so (0x00007f3f206c4000)
	libinterfaceProperties.so => /usr/lib/openfoam/openfoam2006/platforms/linux64GccDPInt32Opt/lib/libinterfaceProperties.so (0x00007f3f20421000)
	libtwoPhaseProperties.so => /usr/lib/openfoam/openfoam2006/platforms/linux64GccDPInt32Opt/lib/libtwoPhaseProperties.so (0x00007f3f201cf000)
	libboost_filesystem.so.1.65.1 => /usr/lib/x86_64-linux-gnu/libboost_filesystem.so.1.65.1 (0x00007f3f1ffb5000)
	libboost_log.so.1.65.1 => /usr/lib/x86_64-linux-gnu/libboost_log.so.1.65.1 (0x00007f3f1fcd8000)
	libboost_log_setup.so.1.65.1 => /usr/lib/x86_64-linux-gnu/libboost_log_setup.so.1.65.1 (0x00007f3f1fa32000)
	libboost_program_options.so.1.65.1 => /usr/lib/x86_64-linux-gnu/libboost_program_options.so.1.65.1 (0x00007f3f1f7b1000)
	libboost_system.so.1.65.1 => /usr/lib/x86_64-linux-gnu/libboost_system.so.1.65.1 (0x00007f3f1f5ac000)
	libboost_thread.so.1.65.1 => /usr/lib/x86_64-linux-gnu/libboost_thread.so.1.65.1 (0x00007f3f1f387000)
	libdl.so.2 => /lib/x86_64-linux-gnu/libdl.so.2 (0x00007f3f1f183000)
	libxml2.so.2 => /usr/lib/x86_64-linux-gnu/libxml2.so.2 (0x00007f3f1edc2000)
	libmpi_cxx.so.20 => /usr/lib/x86_64-linux-gnu/libmpi_cxx.so.20 (0x00007f3f1eba8000)
	libmpi.so.20 => /usr/lib/x86_64-linux-gnu/libmpi.so.20 (0x00007f3f1e8b6000)
	libpetsc.so.3.12 => /petsc/petsc-3.12.5/arch-linux2-c-debug/lib/libpetsc.so.3.12 (0x00007f3f1c506000)
	/lib64/ld-linux-x86-64.so.2 (0x00007f3f2a686000)
	libz.so.1 => /lib/x86_64-linux-gnu/libz.so.1 (0x00007f3f1c2e9000)
	libSLGThermo.so => /usr/lib/openfoam/openfoam2006/platforms/linux64GccDPInt32Opt/lib/libSLGThermo.so (0x00007f3f1c0e0000)
	libthermophysicalProperties.so => /usr/lib/openfoam/openfoam2006/platforms/linux64GccDPInt32Opt/lib/libthermophysicalProperties.so (0x00007f3f1bdd0000)
	libdistributed.so => /usr/lib/openfoam/openfoam2006/platforms/linux64GccDPInt32Opt/lib/libdistributed.so (0x00007f3f1bb34000)
	libreactionThermophysicalModels.so => /usr/lib/openfoam/openfoam2006/platforms/linux64GccDPInt32Opt/lib/libreactionThermophysicalModels.so (0x00007f3f1ac9b000)
	librt.so.1 => /lib/x86_64-linux-gnu/librt.so.1 (0x00007f3f1aa93000)
	libboost_regex.so.1.65.1 => /usr/lib/x86_64-linux-gnu/libboost_regex.so.1.65.1 (0x00007f3f1a78b000)
	libicuuc.so.60 => /usr/lib/x86_64-linux-gnu/libicuuc.so.60 (0x00007f3f1a3d3000)
	liblzma.so.5 => /lib/x86_64-linux-gnu/liblzma.so.5 (0x00007f3f1a1ad000)
	libopen-rte.so.20 => /usr/lib/x86_64-linux-gnu/libopen-rte.so.20 (0x00007f3f19f25000)
	libopen-pal.so.20 => /usr/lib/x86_64-linux-gnu/libopen-pal.so.20 (0x00007f3f19c73000)
	libhwloc.so.5 => /usr/lib/x86_64-linux-gnu/libhwloc.so.5 (0x00007f3f19a36000)
	liblapack.so.3 => /usr/lib/x86_64-linux-gnu/liblapack.so.3 (0x00007f3f19198000)
	libblas.so.3 => /usr/lib/x86_64-linux-gnu/libblas.so.3 (0x00007f3f18f2b000)
	libmpi_mpifh.so.20 => /usr/lib/x86_64-linux-gnu/libmpi_mpifh.so.20 (0x00007f3f18cd4000)
	libgfortran.so.4 => /usr/lib/x86_64-linux-gnu/libgfortran.so.4 (0x00007f3f188f5000)
	libdecompositionMethods.so => /usr/lib/openfoam/openfoam2006/platforms/linux64GccDPInt32Opt/lib/libdecompositionMethods.so (0x00007f3f18634000)
	libicui18n.so.60 => /usr/lib/x86_64-linux-gnu/libicui18n.so.60 (0x00007f3f18193000)
	libicudata.so.60 => /usr/lib/x86_64-linux-gnu/libicudata.so.60 (0x00007f3f165ea000)
	libutil.so.1 => /lib/x86_64-linux-gnu/libutil.so.1 (0x00007f3f163e7000)
	libnuma.so.1 => /usr/lib/x86_64-linux-gnu/libnuma.so.1 (0x00007f3f161dc000)
	libltdl.so.7 => /usr/lib/x86_64-linux-gnu/libltdl.so.7 (0x00007f3f15fd2000)
	libquadmath.so.0 => /usr/lib/x86_64-linux-gnu/libquadmath.so.0 (0x00007f3f15d92000)
	libdynamicMesh.so => /usr/lib/openfoam/openfoam2006/platforms/linux64GccDPInt32Opt/lib/libdynamicMesh.so (0x00007f3f155d0000)
	libextrudeModel.so => /usr/lib/openfoam/openfoam2006/platforms/linux64GccDPInt32Opt/lib/libextrudeModel.so (0x00007f3f153a4000)
