Attaching to fenics-adapter-neumann, fenics-adapter-dirichlet, tutorial-data
[36mfenics-adapter-neumann      |[0m --------------------------------------------------------------------------
[36mfenics-adapter-neumann      |[0m [[44136,1],0]: A high-performance Open MPI point-to-point messaging module
[36mfenics-adapter-neumann      |[0m was unable to find any relevant network interfaces:
[36mfenics-adapter-neumann      |[0m 
[36mfenics-adapter-neumann      |[0m Module: OpenFabrics (openib)
[36mfenics-adapter-neumann      |[0m   Host: cafaab83d42f
[36mfenics-adapter-neumann      |[0m 
[36mfenics-adapter-neumann      |[0m Another transport will be used instead, although this may result in
[36mfenics-adapter-neumann      |[0m lower performance.
[36mfenics-adapter-neumann      |[0m 
[36mfenics-adapter-neumann      |[0m NOTE: You can disable this warning by setting the MCA parameter
[36mfenics-adapter-neumann      |[0m btl_base_warn_component_unused to 0.
[36mfenics-adapter-neumann      |[0m --------------------------------------------------------------------------
[36mfenics-adapter-neumann      |[0m Calling FFC just-in-time (JIT) compiler, this may take some time.
[36mfenics-adapter-neumann      |[0m Calling FFC just-in-time (JIT) compiler, this may take some time.
[36mfenics-adapter-neumann      |[0m Calling FFC just-in-time (JIT) compiler, this may take some time.
[36mfenics-adapter-neumann      |[0m (0) 18:11:47 [xml::XMLParser]:152 in readXmlFile: [31mERROR: [0mXML parser was unable to open configuration file "/home/precice/Data/Input/../precice-config.xml"
[33mfenics-adapter-dirichlet    |[0m --------------------------------------------------------------------------
[33mfenics-adapter-dirichlet    |[0m [[23966,1],0]: A high-performance Open MPI point-to-point messaging module
[33mfenics-adapter-dirichlet    |[0m was unable to find any relevant network interfaces:
[33mfenics-adapter-dirichlet    |[0m 
[33mfenics-adapter-dirichlet    |[0m Module: OpenFabrics (openib)
[33mfenics-adapter-dirichlet    |[0m   Host: 522d29c27e19
[33mfenics-adapter-dirichlet    |[0m 
[33mfenics-adapter-dirichlet    |[0m Another transport will be used instead, although this may result in
[33mfenics-adapter-dirichlet    |[0m lower performance.
[33mfenics-adapter-dirichlet    |[0m 
[33mfenics-adapter-dirichlet    |[0m NOTE: You can disable this warning by setting the MCA parameter
[33mfenics-adapter-dirichlet    |[0m btl_base_warn_component_unused to 0.
[33mfenics-adapter-dirichlet    |[0m --------------------------------------------------------------------------
[33mfenics-adapter-dirichlet    |[0m Calling FFC just-in-time (JIT) compiler, this may take some time.
[33mfenics-adapter-dirichlet    |[0m Calling FFC just-in-time (JIT) compiler, this may take some time.
[33mfenics-adapter-dirichlet    |[0m Calling FFC just-in-time (JIT) compiler, this may take some time.
[33mfenics-adapter-dirichlet    |[0m (0) 18:11:47 [xml::XMLParser]:152 in readXmlFile: [31mERROR: [0mXML parser was unable to open configuration file "/home/precice/Data/Input/../precice-config.xml"
