Run finished at Sat Nov  7 02:19:04 2020
Global runtime       = 142598ms / 142.598s
Number of processors = 1
# Rank: 0

                                             Event |      Count |  Total[ms] |    Max[ms] |    Min[ms] |    Avg[ms] | Time Ratio |
----------------------------------------------------------------------------------------------------------------------------------
                                           _GLOBAL |          1 |     142598 |     142598 |     142598 |     142598 |          1 |
                                           advance |        195 |     134166 |       1613 |        190 |        688 |      0.941 |
              advance/cpl.computeQuasiNewtonUpdate |        145 |       8058 |         97 |          0 |         55 |     0.0565 |
                           advance/m2n.receiveData |        195 |     124577 |       1535 |        168 |        638 |      0.874 |
                              advance/m2n.sendData |        195 |        261 |         12 |          0 |          1 |    0.00183 |
                                         configure |          1 |          0 |          0 |          0 |          0 |          0 |
                                          finalize |          1 |         13 |         13 |         13 |         13 |   9.12e-05 |
                                        initialize |          1 |       1320 |       1320 |       1320 |       1320 |    0.00926 |
             initialize/m2n.acceptMasterConnection |          1 |       1299 |       1299 |       1299 |       1299 |    0.00911 |
             initialize/m2n.acceptSlavesConnection |          1 |         15 |         15 |         15 |         15 |   0.000105 |
       initialize/m2n.broadcastVertexDistributions |          1 |          0 |          0 |          0 |          0 |          0 |
              initialize/m2n.buildCommunicationMap |          1 |          0 |          0 |          0 |          0 |          0 |
               initialize/m2n.createCommunications |          1 |          3 |          3 |          3 |          3 |    2.1e-05 |
         initialize/m2n.exchangeVertexDistribution |          1 |          9 |          9 |          9 |          9 |   6.31e-05 |
     initialize/partition.gatherMesh.Calculix_Mesh |          1 |          0 |          0 |          0 |          0 |          0 |
    initialize/partition.prepareMesh.Calculix_Mesh |          1 |          0 |          0 |          0 |          0 |          0 |
 initialize/partition.sendGlobalMesh.Calculix_Mesh |          1 |          1 |          1 |          1 |          1 |   7.01e-06 |
                                    initializeData |          1 |          3 |          3 |          3 |          3 |    2.1e-05 |
                                    solver.advance |        195 |       7037 |         80 |          8 |         36 |     0.0493 |
                                 solver.initialize |          1 |         35 |         35 |         35 |         35 |   0.000245 |


                                              Name |        Max |  MaxOnRank |        Min |  MinOnRank |    Min/Max |
---------------------------------------------------------------------------------------------------------------------
                                           _GLOBAL |     142598 |          0 |     142598 |          0 |          1 |
                                           advance |       1613 |          0 |        190 |          0 |   0.117793 |
              advance/cpl.computeQuasiNewtonUpdate |         97 |          0 |          0 |          0 |          0 |
                           advance/m2n.receiveData |       1535 |          0 |        168 |          0 |   0.109446 |
                              advance/m2n.sendData |         12 |          0 |          0 |          0 |          0 |
                                         configure |          0 |          0 |          0 |          0 |          0 |
                                          finalize |         13 |          0 |         13 |          0 |          1 |
                                        initialize |       1320 |          0 |       1320 |          0 |          1 |
             initialize/m2n.acceptMasterConnection |       1299 |          0 |       1299 |          0 |          1 |
             initialize/m2n.acceptSlavesConnection |         15 |          0 |         15 |          0 |          1 |
       initialize/m2n.broadcastVertexDistributions |          0 |          0 |          0 |          0 |          0 |
              initialize/m2n.buildCommunicationMap |          0 |          0 |          0 |          0 |          0 |
               initialize/m2n.createCommunications |          3 |          0 |          3 |          0 |          1 |
         initialize/m2n.exchangeVertexDistribution |          9 |          0 |          9 |          0 |          1 |
     initialize/partition.gatherMesh.Calculix_Mesh |          0 |          0 |          0 |          0 |          0 |
    initialize/partition.prepareMesh.Calculix_Mesh |          0 |          0 |          0 |          0 |          0 |
 initialize/partition.sendGlobalMesh.Calculix_Mesh |          1 |          0 |          1 |          0 |          1 |
                                    initializeData |          3 |          0 |          3 |          0 |          1 |
                                    solver.advance |         80 |          0 |          8 |          0 |        0.1 |
                                 solver.initialize |         35 |          0 |         35 |          0 |          1 |
