Run finished at Thu Oct 22 09:08:00 2020
Global runtime       = 125247ms / 125.247s
Number of processors = 1
# Rank: 0

                                             Event |      Count |  Total[ms] |    Max[ms] |    Min[ms] |    Avg[ms] | Time Ratio |
----------------------------------------------------------------------------------------------------------------------------------
                                           _GLOBAL |          1 |     125247 |     125247 |     125247 |     125247 |          1 |
                                           advance |        204 |      89459 |        699 |        390 |        438 |      0.714 |
                           advance/m2n.receiveData |        204 |        122 |          2 |          0 |          0 |   0.000974 |
                              advance/m2n.sendData |        204 |       1500 |         16 |          0 |          7 |      0.012 |
                                         configure |          1 |         10 |         10 |         10 |         10 |   7.98e-05 |
                                          finalize |          1 |         15 |         15 |         15 |         15 |    0.00012 |
                                        initialize |          1 |        151 |        151 |        151 |        151 |    0.00121 |
       initialize/m2n.broadcastVertexDistributions |          1 |          0 |          0 |          0 |          0 |          0 |
              initialize/m2n.buildCommunicationMap |          1 |          0 |          0 |          0 |          0 |          0 |
               initialize/m2n.createCommunications |          1 |          3 |          3 |          3 |          3 |    2.4e-05 |
         initialize/m2n.exchangeVertexDistribution |          1 |         16 |         16 |         16 |         16 |   0.000128 |
            initialize/m2n.requestMasterConnection |          1 |        120 |        120 |        120 |        120 |   0.000958 |
            initialize/m2n.requestSlavesConnection |          1 |         20 |         20 |         20 |         20 |    0.00016 |
     initialize/partition.gatherMesh.OpenFOAM-Mesh |          1 |          1 |          1 |          1 |          1 |   7.98e-06 |
    initialize/partition.prepareMesh.OpenFOAM-Mesh |          1 |          0 |          0 |          0 |          0 |          0 |
 initialize/partition.sendGlobalMesh.OpenFOAM-Mesh |          1 |          1 |          1 |          1 |          1 |   7.98e-06 |
                                    initializeData |          1 |          6 |          6 |          6 |          6 |   4.79e-05 |
                                    solver.advance |        204 |      35328 |        256 |        112 |        173 |      0.282 |
                                 solver.initialize |          1 |        253 |        253 |        253 |        253 |    0.00202 |


                                              Name |        Max |  MaxOnRank |        Min |  MinOnRank |    Min/Max |
---------------------------------------------------------------------------------------------------------------------
                                           _GLOBAL |     125247 |          0 |     125247 |          0 |          1 |
                                           advance |        699 |          0 |        390 |          0 |    0.55794 |
                           advance/m2n.receiveData |          2 |          0 |          0 |          0 |          0 |
                              advance/m2n.sendData |         16 |          0 |          0 |          0 |          0 |
                                         configure |         10 |          0 |         10 |          0 |          1 |
                                          finalize |         15 |          0 |         15 |          0 |          1 |
                                        initialize |        151 |          0 |        151 |          0 |          1 |
       initialize/m2n.broadcastVertexDistributions |          0 |          0 |          0 |          0 |          0 |
              initialize/m2n.buildCommunicationMap |          0 |          0 |          0 |          0 |          0 |
               initialize/m2n.createCommunications |          3 |          0 |          3 |          0 |          1 |
         initialize/m2n.exchangeVertexDistribution |         16 |          0 |         16 |          0 |          1 |
            initialize/m2n.requestMasterConnection |        120 |          0 |        120 |          0 |          1 |
            initialize/m2n.requestSlavesConnection |         20 |          0 |         20 |          0 |          1 |
     initialize/partition.gatherMesh.OpenFOAM-Mesh |          1 |          0 |          1 |          0 |          1 |
    initialize/partition.prepareMesh.OpenFOAM-Mesh |          0 |          0 |          0 |          0 |          0 |
 initialize/partition.sendGlobalMesh.OpenFOAM-Mesh |          1 |          0 |          1 |          0 |          1 |
                                    initializeData |          6 |          0 |          6 |          0 |          1 |
                                    solver.advance |        256 |          0 |        112 |          0 |     0.4375 |
                                 solver.initialize |        253 |          0 |        253 |          0 |          1 |
